2017-06-07 14:48:26 脚本开启
2017-06-07 14:48:26 检查【重庆时时彩】是否有近七日数据
2017-06-07 14:48:26 2017-06-06 : no
2017-06-07 14:48:26 2017-06-07 : no
2017-06-07 14:48:26 2017-06-08 : no
2017-06-07 14:48:26 2017-06-09 : no
2017-06-07 14:48:27 2017-06-10 : no
2017-06-07 14:48:27 2017-06-11 : no
2017-06-07 14:48:27 2017-06-12 : no
2017-06-07 14:48:27 【重庆时时彩】第52期，需要开奖
2017-06-07 14:48:27 {"id":"33397","periods":"52","from_lottery":"22","time":"14:39","timestamp":"52740"}
2017-06-07 14:48:27 {"id":"25029","byid":"2017060752","periods":"52","from_time_id":"33397","from_lottery":"22","day":"2017-06-07 00:00:00","data":"59361","state":"0","lottery_time":null,"order_count":"0","send_lottery_count":"0","winning_count":"0","participate_count":"0","betting_money":"0","winning_money":"0","rebate_money":"0","profit_loss":"0"}
2017-06-07 14:48:27 【重庆时时彩】第52期，正在摇奖中
2017-06-07 14:48:28 【重庆时时彩】第52期，已成功开奖
2017-06-07 14:49:00 【重庆时时彩】第53期，需要开奖
2017-06-07 14:49:00 {"id":"33398","periods":"53","from_lottery":"22","time":"14:49","timestamp":"53340"}
2017-06-07 14:49:00 {"id":"25028","byid":"2017060753","periods":"53","from_time_id":"33398","from_lottery":"22","day":"2017-06-07 00:00:00","data":"24784","state":"0","lottery_time":null,"order_count":"0","send_lottery_count":"0","winning_count":"0","participate_count":"0","betting_money":"0","winning_money":"0","rebate_money":"0","profit_loss":"0"}
2017-06-07 14:49:00 【重庆时时彩】第53期，正在摇奖中
2017-06-07 14:50:00 【重庆时时彩】第53期，已成功开奖
2017-06-07 14:59:00 【重庆时时彩】第54期，需要开奖
2017-06-07 14:59:00 {"id":"33399","periods":"54","from_lottery":"22","time":"14:59","timestamp":"53940"}
2017-06-07 14:59:00 {"id":"25027","byid":"2017060754","periods":"54","from_time_id":"33399","from_lottery":"22","day":"2017-06-07 00:00:00","data":"76989","state":"0","lottery_time":null,"order_count":"0","send_lottery_count":"0","winning_count":"0","participate_count":"0","betting_money":"0","winning_money":"0","rebate_money":"0","profit_loss":"0"}
2017-06-07 14:59:00 【重庆时时彩】第54期，正在摇奖中
2017-06-07 15:00:00 【重庆时时彩】第54期，已成功开奖
2017-06-07 15:09:00 【重庆时时彩】第55期，需要开奖
2017-06-07 15:09:00 {"id":"33400","periods":"55","from_lottery":"22","time":"15:09","timestamp":"54540"}
2017-06-07 15:09:00 {"id":"25026","byid":"2017060755","periods":"55","from_time_id":"33400","from_lottery":"22","day":"2017-06-07 00:00:00","data":"99387","state":"0","lottery_time":null,"order_count":"0","send_lottery_count":"0","winning_count":"0","participate_count":"0","betting_money":"0","winning_money":"0","rebate_money":"0","profit_loss":"0"}
2017-06-07 15:09:00 【重庆时时彩】第55期，正在摇奖中
2017-06-07 15:10:00 【重庆时时彩】第55期，已成功开奖
2017-06-07 15:19:00 【重庆时时彩】第56期，需要开奖
2017-06-07 15:19:00 {"id":"33401","periods":"56","from_lottery":"22","time":"15:19","timestamp":"55140"}
2017-06-07 15:19:00 {"id":"25025","byid":"2017060756","periods":"56","from_time_id":"33401","from_lottery":"22","day":"2017-06-07 00:00:00","data":"27951","state":"0","lottery_time":null,"order_count":"0","send_lottery_count":"0","winning_count":"0","participate_count":"0","betting_money":"0","winning_money":"0","rebate_money":"0","profit_loss":"0"}
2017-06-07 15:19:00 【重庆时时彩】第56期，正在摇奖中
2017-06-07 15:20:00 【重庆时时彩】第56期，已成功开奖
2017-06-07 15:29:00 【重庆时时彩】第57期，需要开奖
2017-06-07 15:29:00 {"id":"33402","periods":"57","from_lottery":"22","time":"15:29","timestamp":"55740"}
2017-06-07 15:29:00 {"id":"25024","byid":"2017060757","periods":"57","from_time_id":"33402","from_lottery":"22","day":"2017-06-07 00:00:00","data":"22071","state":"0","lottery_time":null,"order_count":"0","send_lottery_count":"0","winning_count":"0","participate_count":"0","betting_money":"0","winning_money":"0","rebate_money":"0","profit_loss":"0"}
2017-06-07 15:29:00 【重庆时时彩】第57期，正在摇奖中
2017-06-07 15:30:00 【重庆时时彩】第57期，已成功开奖
2017-06-07 15:39:00 【重庆时时彩】第58期，需要开奖
2017-06-07 15:39:00 {"id":"33403","periods":"58","from_lottery":"22","time":"15:39","timestamp":"56340"}
2017-06-07 15:39:00 {"id":"25023","byid":"2017060758","periods":"58","from_time_id":"33403","from_lottery":"22","day":"2017-06-07 00:00:00","data":"81350","state":"0","lottery_time":null,"order_count":"0","send_lottery_count":"0","winning_count":"0","participate_count":"0","betting_money":"0","winning_money":"0","rebate_money":"0","profit_loss":"0"}
2017-06-07 15:39:00 【重庆时时彩】第58期，正在摇奖中
2017-06-07 15:40:00 【重庆时时彩】第58期，已成功开奖
2017-06-07 15:49:00 【重庆时时彩】第59期，需要开奖
2017-06-07 15:49:00 {"id":"33404","periods":"59","from_lottery":"22","time":"15:49","timestamp":"56940"}
2017-06-07 15:49:00 {"id":"25022","byid":"2017060759","periods":"59","from_time_id":"33404","from_lottery":"22","day":"2017-06-07 00:00:00","data":"42093","state":"0","lottery_time":null,"order_count":"0","send_lottery_count":"0","winning_count":"0","participate_count":"0","betting_money":"0","winning_money":"0","rebate_money":"0","profit_loss":"0"}
2017-06-07 15:49:00 【重庆时时彩】第59期，正在摇奖中
2017-06-07 15:50:00 【重庆时时彩】第59期，已成功开奖
2017-06-07 15:59:00 【重庆时时彩】第60期，需要开奖
2017-06-07 15:59:00 {"id":"33405","periods":"60","from_lottery":"22","time":"15:59","timestamp":"57540"}
2017-06-07 15:59:00 {"id":"25021","byid":"2017060760","periods":"60","from_time_id":"33405","from_lottery":"22","day":"2017-06-07 00:00:00","data":"32225","state":"0","lottery_time":null,"order_count":"0","send_lottery_count":"0","winning_count":"0","participate_count":"0","betting_money":"0","winning_money":"0","rebate_money":"0","profit_loss":"0"}
2017-06-07 15:59:01 【重庆时时彩】第60期，正在摇奖中
2017-06-07 16:00:00 【重庆时时彩】第60期，已成功开奖
2017-06-07 16:09:00 【重庆时时彩】第61期，需要开奖
2017-06-07 16:09:00 {"id":"33406","periods":"61","from_lottery":"22","time":"16:09","timestamp":"58140"}
2017-06-07 16:09:00 {"id":"25020","byid":"2017060761","periods":"61","from_time_id":"33406","from_lottery":"22","day":"2017-06-07 00:00:00","data":"68400","state":"0","lottery_time":null,"order_count":"0","send_lottery_count":"0","winning_count":"0","participate_count":"0","betting_money":"0","winning_money":"0","rebate_money":"0","profit_loss":"0"}
2017-06-07 16:09:00 【重庆时时彩】第61期，正在摇奖中
2017-06-07 16:10:00 【重庆时时彩】第61期，已成功开奖
2017-06-07 16:19:00 【重庆时时彩】第62期，需要开奖
2017-06-07 16:19:00 {"id":"33407","periods":"62","from_lottery":"22","time":"16:19","timestamp":"58740"}
2017-06-07 16:19:00 {"id":"25019","byid":"2017060762","periods":"62","from_time_id":"33407","from_lottery":"22","day":"2017-06-07 00:00:00","data":"44052","state":"0","lottery_time":null,"order_count":"0","send_lottery_count":"0","winning_count":"0","participate_count":"0","betting_money":"0","winning_money":"0","rebate_money":"0","profit_loss":"0"}
2017-06-07 16:19:00 【重庆时时彩】第62期，正在摇奖中
2017-06-07 16:20:00 【重庆时时彩】第62期，已成功开奖
2017-06-07 16:29:00 【重庆时时彩】第63期，需要开奖
2017-06-07 16:29:00 {"id":"33408","periods":"63","from_lottery":"22","time":"16:29","timestamp":"59340"}
2017-06-07 16:29:00 {"id":"25018","byid":"2017060763","periods":"63","from_time_id":"33408","from_lottery":"22","day":"2017-06-07 00:00:00","data":"52124","state":"0","lottery_time":null,"order_count":"0","send_lottery_count":"0","winning_count":"0","participate_count":"0","betting_money":"0","winning_money":"0","rebate_money":"0","profit_loss":"0"}
2017-06-07 16:29:01 【重庆时时彩】第63期，正在摇奖中
2017-06-07 16:30:00 【重庆时时彩】第63期，已成功开奖
2017-06-07 16:39:00 【重庆时时彩】第64期，需要开奖
2017-06-07 16:39:00 {"id":"33409","periods":"64","from_lottery":"22","time":"16:39","timestamp":"59940"}
2017-06-07 16:39:00 {"id":"25017","byid":"2017060764","periods":"64","from_time_id":"33409","from_lottery":"22","day":"2017-06-07 00:00:00","data":"41245","state":"0","lottery_time":null,"order_count":"0","send_lottery_count":"0","winning_count":"0","participate_count":"0","betting_money":"0","winning_money":"0","rebate_money":"0","profit_loss":"0"}
2017-06-07 16:39:00 【重庆时时彩】第64期，正在摇奖中
2017-06-07 16:40:00 【重庆时时彩】第64期，已成功开奖
2017-06-07 16:49:00 【重庆时时彩】第65期，需要开奖
2017-06-07 16:49:00 {"id":"33410","periods":"65","from_lottery":"22","time":"16:49","timestamp":"60540"}
2017-06-07 16:49:00 {"id":"25016","byid":"2017060765","periods":"65","from_time_id":"33410","from_lottery":"22","day":"2017-06-07 00:00:00","data":"99085","state":"0","lottery_time":null,"order_count":"0","send_lottery_count":"0","winning_count":"0","participate_count":"0","betting_money":"0","winning_money":"0","rebate_money":"0","profit_loss":"0"}
2017-06-07 16:49:00 【重庆时时彩】第65期，正在摇奖中
2017-06-07 16:49:02 检查【重庆时时彩】是否有近七日数据
2017-06-07 16:49:02 2017-06-06 : yes
2017-06-07 16:49:02 2017-06-07 : yes
2017-06-07 16:49:02 2017-06-08 : yes
2017-06-07 16:49:02 2017-06-09 : yes
2017-06-07 16:49:02 2017-06-10 : yes
2017-06-07 16:49:02 2017-06-11 : yes
2017-06-07 16:49:02 2017-06-12 : yes
2017-06-07 16:50:00 【重庆时时彩】第65期，已成功开奖
2017-06-07 16:59:00 【重庆时时彩】第66期，需要开奖
2017-06-07 16:59:00 {"id":"33411","periods":"66","from_lottery":"22","time":"16:59","timestamp":"61140"}
2017-06-07 16:59:00 {"id":"25015","byid":"2017060766","periods":"66","from_time_id":"33411","from_lottery":"22","day":"2017-06-07 00:00:00","data":"91655","state":"0","lottery_time":null,"order_count":"0","send_lottery_count":"0","winning_count":"0","participate_count":"0","betting_money":"0","winning_money":"0","rebate_money":"0","profit_loss":"0"}
2017-06-07 16:59:00 【重庆时时彩】第66期，正在摇奖中
2017-06-07 17:00:00 【重庆时时彩】第66期，已成功开奖
2017-06-07 17:09:00 【重庆时时彩】第67期，需要开奖
2017-06-07 17:09:00 {"id":"33412","periods":"67","from_lottery":"22","time":"17:09","timestamp":"61740"}
2017-06-07 17:09:00 {"id":"25014","byid":"2017060767","periods":"67","from_time_id":"33412","from_lottery":"22","day":"2017-06-07 00:00:00","data":"42291","state":"0","lottery_time":null,"order_count":"0","send_lottery_count":"0","winning_count":"0","participate_count":"0","betting_money":"0","winning_money":"0","rebate_money":"0","profit_loss":"0"}
2017-06-07 17:09:00 【重庆时时彩】第67期，正在摇奖中
2017-06-07 17:10:00 【重庆时时彩】第67期，已成功开奖
2017-06-07 17:19:00 【重庆时时彩】第68期，需要开奖
2017-06-07 17:19:00 {"id":"33413","periods":"68","from_lottery":"22","time":"17:19","timestamp":"62340"}
2017-06-07 17:19:00 {"id":"25013","byid":"2017060768","periods":"68","from_time_id":"33413","from_lottery":"22","day":"2017-06-07 00:00:00","data":"69073","state":"0","lottery_time":null,"order_count":"0","send_lottery_count":"0","winning_count":"0","participate_count":"0","betting_money":"0","winning_money":"0","rebate_money":"0","profit_loss":"0"}
2017-06-07 17:19:00 【重庆时时彩】第68期，正在摇奖中
2017-06-07 17:20:00 【重庆时时彩】第68期，已成功开奖
2017-06-07 17:29:00 【重庆时时彩】第69期，需要开奖
2017-06-07 17:29:00 {"id":"33414","periods":"69","from_lottery":"22","time":"17:29","timestamp":"62940"}
2017-06-07 17:29:00 {"id":"25012","byid":"2017060769","periods":"69","from_time_id":"33414","from_lottery":"22","day":"2017-06-07 00:00:00","data":"94438","state":"0","lottery_time":null,"order_count":"0","send_lottery_count":"0","winning_count":"0","participate_count":"0","betting_money":"0","winning_money":"0","rebate_money":"0","profit_loss":"0"}
2017-06-07 17:29:00 【重庆时时彩】第69期，正在摇奖中
2017-06-07 17:30:00 【重庆时时彩】第69期，已成功开奖
2017-06-07 17:39:00 【重庆时时彩】第70期，需要开奖
2017-06-07 17:39:00 {"id":"33415","periods":"70","from_lottery":"22","time":"17:39","timestamp":"63540"}
2017-06-07 17:39:00 {"id":"25011","byid":"2017060770","periods":"70","from_time_id":"33415","from_lottery":"22","day":"2017-06-07 00:00:00","data":"35724","state":"0","lottery_time":null,"order_count":"0","send_lottery_count":"0","winning_count":"0","participate_count":"0","betting_money":"0","winning_money":"0","rebate_money":"0","profit_loss":"0"}
2017-06-07 17:39:00 【重庆时时彩】第70期，正在摇奖中
2017-06-07 17:40:00 【重庆时时彩】第70期，已成功开奖
2017-06-07 17:49:00 【重庆时时彩】第71期，需要开奖
2017-06-07 17:49:00 {"id":"33416","periods":"71","from_lottery":"22","time":"17:49","timestamp":"64140"}
2017-06-07 17:49:00 {"id":"25010","byid":"2017060771","periods":"71","from_time_id":"33416","from_lottery":"22","day":"2017-06-07 00:00:00","data":"60408","state":"0","lottery_time":null,"order_count":"0","send_lottery_count":"0","winning_count":"0","participate_count":"0","betting_money":"0","winning_money":"0","rebate_money":"0","profit_loss":"0"}
2017-06-07 17:49:00 【重庆时时彩】第71期，正在摇奖中
2017-06-07 17:50:00 【重庆时时彩】第71期，已成功开奖
2017-06-07 17:59:00 【重庆时时彩】第72期，需要开奖
2017-06-07 17:59:00 {"id":"33417","periods":"72","from_lottery":"22","time":"17:59","timestamp":"64740"}
2017-06-07 17:59:00 {"id":"25009","byid":"2017060772","periods":"72","from_time_id":"33417","from_lottery":"22","day":"2017-06-07 00:00:00","data":"84772","state":"0","lottery_time":null,"order_count":"0","send_lottery_count":"0","winning_count":"0","participate_count":"0","betting_money":"0","winning_money":"0","rebate_money":"0","profit_loss":"0"}
2017-06-07 17:59:00 【重庆时时彩】第72期，正在摇奖中
2017-06-07 18:00:00 【重庆时时彩】第72期，已成功开奖
