2017-05-30 01:24:36 脚本开启
2017-05-30 01:24:36 检查【重庆时时彩】是否有近七日数据
2017-05-30 01:24:36 2017-05-29 : yes
2017-05-30 01:24:36 2017-05-30 : yes
2017-05-30 01:24:36 2017-05-31 : yes
2017-05-30 01:24:36 2017-06-01 : yes
2017-05-30 01:24:36 2017-06-02 : yes
2017-05-30 01:24:36 2017-06-03 : yes
2017-05-30 01:24:36 2017-06-04 : no
2017-05-30 01:24:36 【重庆时时彩】第16期，需要开奖
2017-05-30 01:24:36 {"id":"33061","periods":"16","from_lottery":"20","time":"01:20","timestamp":"4800"}
2017-05-30 01:24:36 {"id":"23385","byid":"2017053016","periods":"16","from_time_id":"33061","from_lottery":"20","day":"2017-05-30 00:00:00","data":"21840","state":"0","lottery_time":null,"order_count":"0","send_lottery_count":"0","winning_count":"0","participate_count":"0","betting_money":"0","winning_money":"0","rebate_money":"0","profit_loss":"0"}
2017-05-30 01:24:36 【重庆时时彩】第16期，正在摇奖中
2017-05-30 01:24:37 【重庆时时彩】第16期，已成功开奖
2017-05-30 01:25:00 【重庆时时彩】第17期，需要开奖
2017-05-30 01:25:00 {"id":"33062","periods":"17","from_lottery":"20","time":"01:25","timestamp":"5100"}
2017-05-30 01:25:00 {"id":"23384","byid":"2017053017","periods":"17","from_time_id":"33062","from_lottery":"20","day":"2017-05-30 00:00:00","data":"38361","state":"0","lottery_time":null,"order_count":"0","send_lottery_count":"0","winning_count":"0","participate_count":"0","betting_money":"0","winning_money":"0","rebate_money":"0","profit_loss":"0"}
2017-05-30 01:25:00 【重庆时时彩】第17期，正在摇奖中
2017-05-30 01:25:20 【重庆时时彩】第17期，已成功开奖
2017-05-30 01:30:00 【重庆时时彩】第18期，需要开奖
2017-05-30 01:30:00 {"id":"33063","periods":"18","from_lottery":"20","time":"01:30","timestamp":"5400"}
2017-05-30 01:30:00 {"id":"23383","byid":"2017053018","periods":"18","from_time_id":"33063","from_lottery":"20","day":"2017-05-30 00:00:00","data":"11716","state":"0","lottery_time":null,"order_count":"0","send_lottery_count":"0","winning_count":"0","participate_count":"0","betting_money":"0","winning_money":"0","rebate_money":"0","profit_loss":"0"}
2017-05-30 01:30:00 【重庆时时彩】第18期，正在摇奖中
2017-05-30 01:30:20 【重庆时时彩】第18期，已成功开奖
2017-05-30 01:35:01 【重庆时时彩】第19期，需要开奖
2017-05-30 01:35:01 {"id":"33064","periods":"19","from_lottery":"20","time":"01:35","timestamp":"5700"}
2017-05-30 01:35:01 {"id":"23382","byid":"2017053019","periods":"19","from_time_id":"33064","from_lottery":"20","day":"2017-05-30 00:00:00","data":"71940","state":"0","lottery_time":null,"order_count":"0","send_lottery_count":"0","winning_count":"0","participate_count":"0","betting_money":"0","winning_money":"0","rebate_money":"0","profit_loss":"0"}
2017-05-30 01:35:01 【重庆时时彩】第19期，正在摇奖中
2017-05-30 01:35:20 【重庆时时彩】第19期，已成功开奖
2017-05-30 01:40:01 【重庆时时彩】第20期，需要开奖
2017-05-30 01:40:01 {"id":"33065","periods":"20","from_lottery":"20","time":"01:40","timestamp":"6000"}
2017-05-30 01:40:01 {"id":"23381","byid":"2017053020","periods":"20","from_time_id":"33065","from_lottery":"20","day":"2017-05-30 00:00:00","data":"88736","state":"0","lottery_time":null,"order_count":"0","send_lottery_count":"0","winning_count":"0","participate_count":"0","betting_money":"0","winning_money":"0","rebate_money":"0","profit_loss":"0"}
2017-05-30 01:40:01 【重庆时时彩】第20期，正在摇奖中
2017-05-30 01:40:20 【重庆时时彩】第20期，已成功开奖
2017-05-30 01:45:00 【重庆时时彩】第21期，需要开奖
2017-05-30 01:45:00 {"id":"33066","periods":"21","from_lottery":"20","time":"01:45","timestamp":"6300"}
2017-05-30 01:45:00 {"id":"23380","byid":"2017053021","periods":"21","from_time_id":"33066","from_lottery":"20","day":"2017-05-30 00:00:00","data":"53269","state":"0","lottery_time":null,"order_count":"0","send_lottery_count":"0","winning_count":"0","participate_count":"0","betting_money":"0","winning_money":"0","rebate_money":"0","profit_loss":"0"}
2017-05-30 01:45:00 【重庆时时彩】第21期，正在摇奖中
2017-05-30 01:45:20 【重庆时时彩】第21期，已成功开奖
2017-05-30 01:50:00 【重庆时时彩】第22期，需要开奖
2017-05-30 01:50:00 {"id":"33067","periods":"22","from_lottery":"20","time":"01:50","timestamp":"6600"}
2017-05-30 01:50:00 {"id":"23379","byid":"2017053022","periods":"22","from_time_id":"33067","from_lottery":"20","day":"2017-05-30 00:00:00","data":"29657","state":"0","lottery_time":null,"order_count":"0","send_lottery_count":"0","winning_count":"0","participate_count":"0","betting_money":"0","winning_money":"0","rebate_money":"0","profit_loss":"0"}
2017-05-30 01:50:00 【重庆时时彩】第22期，正在摇奖中
2017-05-30 01:50:20 【重庆时时彩】第22期，已成功开奖
2017-05-30 01:55:00 【重庆时时彩】第23期，需要开奖
2017-05-30 01:55:00 {"id":"33068","periods":"23","from_lottery":"20","time":"01:55","timestamp":"6900"}
2017-05-30 01:55:00 {"id":"23378","byid":"2017053023","periods":"23","from_time_id":"33068","from_lottery":"20","day":"2017-05-30 00:00:00","data":"24886","state":"0","lottery_time":null,"order_count":"0","send_lottery_count":"0","winning_count":"0","participate_count":"0","betting_money":"0","winning_money":"0","rebate_money":"0","profit_loss":"0"}
2017-05-30 01:55:00 【重庆时时彩】第23期，正在摇奖中
2017-05-30 01:55:20 【重庆时时彩】第23期，已成功开奖
2017-05-30 02:00:00 【重庆时时彩】第24期，需要开奖
2017-05-30 02:00:00 {"id":"33069","periods":"24","from_lottery":"20","time":"02:00","timestamp":"7200"}
2017-05-30 02:00:00 {"id":"23377","byid":"2017053024","periods":"24","from_time_id":"33069","from_lottery":"20","day":"2017-05-30 00:00:00","data":"80924","state":"0","lottery_time":null,"order_count":"0","send_lottery_count":"0","winning_count":"0","participate_count":"0","betting_money":"0","winning_money":"0","rebate_money":"0","profit_loss":"0"}
2017-05-30 02:00:00 【重庆时时彩】第24期，正在摇奖中
2017-05-30 02:00:20 【重庆时时彩】第24期，已成功开奖
2017-05-30 02:05:00 【重庆时时彩】第25期，需要开奖
2017-05-30 02:05:00 {"id":"33070","periods":"25","from_lottery":"20","time":"02:05","timestamp":"7500"}
2017-05-30 02:05:00 {"id":"23376","byid":"2017053025","periods":"25","from_time_id":"33070","from_lottery":"20","day":"2017-05-30 00:00:00","data":"37767","state":"0","lottery_time":null,"order_count":"0","send_lottery_count":"0","winning_count":"0","participate_count":"0","betting_money":"0","winning_money":"0","rebate_money":"0","profit_loss":"0"}
2017-05-30 02:05:00 【重庆时时彩】第25期，正在摇奖中
2017-05-30 02:05:20 【重庆时时彩】第25期，已成功开奖
2017-05-30 02:10:00 【重庆时时彩】第26期，需要开奖
2017-05-30 02:10:00 {"id":"33071","periods":"26","from_lottery":"20","time":"02:10","timestamp":"7800"}
2017-05-30 02:10:00 {"id":"23375","byid":"2017053026","periods":"26","from_time_id":"33071","from_lottery":"20","day":"2017-05-30 00:00:00","data":"81172","state":"0","lottery_time":null,"order_count":"0","send_lottery_count":"0","winning_count":"0","participate_count":"0","betting_money":"0","winning_money":"0","rebate_money":"0","profit_loss":"0"}
2017-05-30 02:10:00 【重庆时时彩】第26期，正在摇奖中
2017-05-30 02:10:20 【重庆时时彩】第26期，已成功开奖
2017-05-30 02:15:00 【重庆时时彩】第27期，需要开奖
2017-05-30 02:15:00 {"id":"33072","periods":"27","from_lottery":"20","time":"02:15","timestamp":"8100"}
2017-05-30 02:15:00 {"id":"23374","byid":"2017053027","periods":"27","from_time_id":"33072","from_lottery":"20","day":"2017-05-30 00:00:00","data":"83828","state":"0","lottery_time":null,"order_count":"0","send_lottery_count":"0","winning_count":"0","participate_count":"0","betting_money":"0","winning_money":"0","rebate_money":"0","profit_loss":"0"}
2017-05-30 02:15:00 【重庆时时彩】第27期，正在摇奖中
2017-05-30 02:15:20 【重庆时时彩】第27期，已成功开奖
2017-05-30 02:20:00 【重庆时时彩】第28期，需要开奖
2017-05-30 02:20:00 {"id":"33073","periods":"28","from_lottery":"20","time":"02:20","timestamp":"8400"}
2017-05-30 02:20:00 {"id":"23373","byid":"2017053028","periods":"28","from_time_id":"33073","from_lottery":"20","day":"2017-05-30 00:00:00","data":"23719","state":"0","lottery_time":null,"order_count":"0","send_lottery_count":"0","winning_count":"0","participate_count":"0","betting_money":"0","winning_money":"0","rebate_money":"0","profit_loss":"0"}
2017-05-30 02:20:00 【重庆时时彩】第28期，正在摇奖中
2017-05-30 02:20:20 【重庆时时彩】第28期，已成功开奖
2017-05-30 02:25:00 【重庆时时彩】第29期，需要开奖
2017-05-30 02:25:00 {"id":"33074","periods":"29","from_lottery":"20","time":"02:25","timestamp":"8700"}
2017-05-30 02:25:00 {"id":"23372","byid":"2017053029","periods":"29","from_time_id":"33074","from_lottery":"20","day":"2017-05-30 00:00:00","data":"28418","state":"0","lottery_time":null,"order_count":"0","send_lottery_count":"0","winning_count":"0","participate_count":"0","betting_money":"0","winning_money":"0","rebate_money":"0","profit_loss":"0"}
2017-05-30 02:25:00 【重庆时时彩】第29期，正在摇奖中
2017-05-30 02:25:20 【重庆时时彩】第29期，已成功开奖
2017-05-30 02:30:00 【重庆时时彩】第30期，需要开奖
2017-05-30 02:30:00 {"id":"33075","periods":"30","from_lottery":"20","time":"02:30","timestamp":"9000"}
2017-05-30 02:30:00 {"id":"23371","byid":"2017053030","periods":"30","from_time_id":"33075","from_lottery":"20","day":"2017-05-30 00:00:00","data":"79073","state":"0","lottery_time":null,"order_count":"0","send_lottery_count":"0","winning_count":"0","participate_count":"0","betting_money":"0","winning_money":"0","rebate_money":"0","profit_loss":"0"}
2017-05-30 02:30:00 【重庆时时彩】第30期，正在摇奖中
2017-05-30 02:30:20 【重庆时时彩】第30期，已成功开奖
2017-05-30 02:35:00 【重庆时时彩】第31期，需要开奖
2017-05-30 02:35:00 {"id":"33076","periods":"31","from_lottery":"20","time":"02:35","timestamp":"9300"}
2017-05-30 02:35:00 {"id":"23370","byid":"2017053031","periods":"31","from_time_id":"33076","from_lottery":"20","day":"2017-05-30 00:00:00","data":"82828","state":"0","lottery_time":null,"order_count":"0","send_lottery_count":"0","winning_count":"0","participate_count":"0","betting_money":"0","winning_money":"0","rebate_money":"0","profit_loss":"0"}
2017-05-30 02:35:01 【重庆时时彩】第31期，正在摇奖中
2017-05-30 02:35:20 【重庆时时彩】第31期，已成功开奖
2017-05-30 02:40:00 【重庆时时彩】第32期，需要开奖
2017-05-30 02:40:00 {"id":"33077","periods":"32","from_lottery":"20","time":"02:40","timestamp":"9600"}
2017-05-30 02:40:00 {"id":"23369","byid":"2017053032","periods":"32","from_time_id":"33077","from_lottery":"20","day":"2017-05-30 00:00:00","data":"77431","state":"0","lottery_time":null,"order_count":"0","send_lottery_count":"0","winning_count":"0","participate_count":"0","betting_money":"0","winning_money":"0","rebate_money":"0","profit_loss":"0"}
2017-05-30 02:40:01 【重庆时时彩】第32期，正在摇奖中
2017-05-30 02:40:20 【重庆时时彩】第32期，已成功开奖
2017-05-30 02:45:00 【重庆时时彩】第33期，需要开奖
2017-05-30 02:45:00 {"id":"33078","periods":"33","from_lottery":"20","time":"02:45","timestamp":"9900"}
2017-05-30 02:45:00 {"id":"23368","byid":"2017053033","periods":"33","from_time_id":"33078","from_lottery":"20","day":"2017-05-30 00:00:00","data":"16784","state":"0","lottery_time":null,"order_count":"0","send_lottery_count":"0","winning_count":"0","participate_count":"0","betting_money":"0","winning_money":"0","rebate_money":"0","profit_loss":"0"}
2017-05-30 02:45:00 【重庆时时彩】第33期，正在摇奖中
2017-05-30 02:45:20 【重庆时时彩】第33期，已成功开奖
2017-05-30 02:50:00 【重庆时时彩】第34期，需要开奖
2017-05-30 02:50:00 {"id":"33079","periods":"34","from_lottery":"20","time":"02:50","timestamp":"10200"}
2017-05-30 02:50:00 {"id":"23367","byid":"2017053034","periods":"34","from_time_id":"33079","from_lottery":"20","day":"2017-05-30 00:00:00","data":"71174","state":"0","lottery_time":null,"order_count":"0","send_lottery_count":"0","winning_count":"0","participate_count":"0","betting_money":"0","winning_money":"0","rebate_money":"0","profit_loss":"0"}
2017-05-30 02:50:00 【重庆时时彩】第34期，正在摇奖中
2017-05-30 02:50:20 【重庆时时彩】第34期，已成功开奖
2017-05-30 02:55:00 【重庆时时彩】第35期，需要开奖
2017-05-30 02:55:00 {"id":"33080","periods":"35","from_lottery":"20","time":"02:55","timestamp":"10500"}
2017-05-30 02:55:00 {"id":"23366","byid":"2017053035","periods":"35","from_time_id":"33080","from_lottery":"20","day":"2017-05-30 00:00:00","data":"80949","state":"0","lottery_time":null,"order_count":"0","send_lottery_count":"0","winning_count":"0","participate_count":"0","betting_money":"0","winning_money":"0","rebate_money":"0","profit_loss":"0"}
2017-05-30 02:55:00 【重庆时时彩】第35期，正在摇奖中
2017-05-30 02:55:21 【重庆时时彩】第35期，已成功开奖
2017-05-30 03:00:00 【重庆时时彩】第36期，需要开奖
2017-05-30 03:00:00 {"id":"33081","periods":"36","from_lottery":"20","time":"03:00","timestamp":"10800"}
2017-05-30 03:00:00 {"id":"23365","byid":"2017053036","periods":"36","from_time_id":"33081","from_lottery":"20","day":"2017-05-30 00:00:00","data":"87373","state":"0","lottery_time":null,"order_count":"0","send_lottery_count":"0","winning_count":"0","participate_count":"0","betting_money":"0","winning_money":"0","rebate_money":"0","profit_loss":"0"}
2017-05-30 03:00:01 【重庆时时彩】第36期，正在摇奖中
2017-05-30 03:00:20 【重庆时时彩】第36期，已成功开奖
2017-05-30 03:05:00 【重庆时时彩】第37期，需要开奖
2017-05-30 03:05:00 {"id":"33082","periods":"37","from_lottery":"20","time":"03:05","timestamp":"11100"}
2017-05-30 03:05:00 {"id":"23364","byid":"2017053037","periods":"37","from_time_id":"33082","from_lottery":"20","day":"2017-05-30 00:00:00","data":"39426","state":"0","lottery_time":null,"order_count":"0","send_lottery_count":"0","winning_count":"0","participate_count":"0","betting_money":"0","winning_money":"0","rebate_money":"0","profit_loss":"0"}
2017-05-30 03:05:00 【重庆时时彩】第37期，正在摇奖中
2017-05-30 03:05:20 【重庆时时彩】第37期，已成功开奖
2017-05-30 03:10:00 【重庆时时彩】第38期，需要开奖
2017-05-30 03:10:00 {"id":"33083","periods":"38","from_lottery":"20","time":"03:10","timestamp":"11400"}
2017-05-30 03:10:00 {"id":"23363","byid":"2017053038","periods":"38","from_time_id":"33083","from_lottery":"20","day":"2017-05-30 00:00:00","data":"60287","state":"0","lottery_time":null,"order_count":"0","send_lottery_count":"0","winning_count":"0","participate_count":"0","betting_money":"0","winning_money":"0","rebate_money":"0","profit_loss":"0"}
2017-05-30 03:10:01 【重庆时时彩】第38期，正在摇奖中
2017-05-30 03:10:20 【重庆时时彩】第38期，已成功开奖
2017-05-30 03:15:01 【重庆时时彩】第39期，需要开奖
2017-05-30 03:15:01 {"id":"33084","periods":"39","from_lottery":"20","time":"03:15","timestamp":"11700"}
2017-05-30 03:15:01 {"id":"23362","byid":"2017053039","periods":"39","from_time_id":"33084","from_lottery":"20","day":"2017-05-30 00:00:00","data":"92254","state":"0","lottery_time":null,"order_count":"0","send_lottery_count":"0","winning_count":"0","participate_count":"0","betting_money":"0","winning_money":"0","rebate_money":"0","profit_loss":"0"}
2017-05-30 03:15:01 【重庆时时彩】第39期，正在摇奖中
2017-05-30 03:15:20 【重庆时时彩】第39期，已成功开奖
2017-05-30 03:20:00 【重庆时时彩】第40期，需要开奖
2017-05-30 03:20:00 {"id":"33085","periods":"40","from_lottery":"20","time":"03:20","timestamp":"12000"}
2017-05-30 03:20:00 {"id":"23361","byid":"2017053040","periods":"40","from_time_id":"33085","from_lottery":"20","day":"2017-05-30 00:00:00","data":"33859","state":"0","lottery_time":null,"order_count":"0","send_lottery_count":"0","winning_count":"0","participate_count":"0","betting_money":"0","winning_money":"0","rebate_money":"0","profit_loss":"0"}
2017-05-30 03:20:01 【重庆时时彩】第40期，正在摇奖中
2017-05-30 03:20:20 【重庆时时彩】第40期，已成功开奖
2017-05-30 03:25:00 【重庆时时彩】第41期，需要开奖
2017-05-30 03:25:00 {"id":"33086","periods":"41","from_lottery":"20","time":"03:25","timestamp":"12300"}
2017-05-30 03:25:00 {"id":"23360","byid":"2017053041","periods":"41","from_time_id":"33086","from_lottery":"20","day":"2017-05-30 00:00:00","data":"87909","state":"0","lottery_time":null,"order_count":"0","send_lottery_count":"0","winning_count":"0","participate_count":"0","betting_money":"0","winning_money":"0","rebate_money":"0","profit_loss":"0"}
2017-05-30 03:25:00 【重庆时时彩】第41期，正在摇奖中
2017-05-30 03:25:20 【重庆时时彩】第41期，已成功开奖
2017-05-30 03:25:28 检查【重庆时时彩】是否有近七日数据
2017-05-30 03:25:28 2017-05-29 : yes
2017-05-30 03:25:28 2017-05-30 : yes
2017-05-30 03:25:28 2017-05-31 : yes
2017-05-30 03:25:28 2017-06-01 : yes
2017-05-30 03:25:28 2017-06-02 : yes
2017-05-30 03:25:28 2017-06-03 : yes
2017-05-30 03:25:28 2017-06-04 : yes
2017-05-30 03:30:00 【重庆时时彩】第42期，需要开奖
2017-05-30 03:30:00 {"id":"33087","periods":"42","from_lottery":"20","time":"03:30","timestamp":"12600"}
2017-05-30 03:30:00 {"id":"23359","byid":"2017053042","periods":"42","from_time_id":"33087","from_lottery":"20","day":"2017-05-30 00:00:00","data":"94223","state":"0","lottery_time":null,"order_count":"0","send_lottery_count":"0","winning_count":"0","participate_count":"0","betting_money":"0","winning_money":"0","rebate_money":"0","profit_loss":"0"}
2017-05-30 03:30:00 【重庆时时彩】第42期，正在摇奖中
2017-05-30 03:30:21 【重庆时时彩】第42期，已成功开奖
2017-05-30 03:35:00 【重庆时时彩】第43期，需要开奖
2017-05-30 03:35:00 {"id":"33088","periods":"43","from_lottery":"20","time":"03:35","timestamp":"12900"}
2017-05-30 03:35:00 {"id":"23358","byid":"2017053043","periods":"43","from_time_id":"33088","from_lottery":"20","day":"2017-05-30 00:00:00","data":"85805","state":"0","lottery_time":null,"order_count":"0","send_lottery_count":"0","winning_count":"0","participate_count":"0","betting_money":"0","winning_money":"0","rebate_money":"0","profit_loss":"0"}
2017-05-30 03:35:00 【重庆时时彩】第43期，正在摇奖中
2017-05-30 03:35:20 【重庆时时彩】第43期，已成功开奖
2017-05-30 03:40:00 【重庆时时彩】第44期，需要开奖
2017-05-30 03:40:00 {"id":"33089","periods":"44","from_lottery":"20","time":"03:40","timestamp":"13200"}
2017-05-30 03:40:00 {"id":"23357","byid":"2017053044","periods":"44","from_time_id":"33089","from_lottery":"20","day":"2017-05-30 00:00:00","data":"32200","state":"0","lottery_time":null,"order_count":"0","send_lottery_count":"0","winning_count":"0","participate_count":"0","betting_money":"0","winning_money":"0","rebate_money":"0","profit_loss":"0"}
2017-05-30 03:40:01 【重庆时时彩】第44期，正在摇奖中
2017-05-30 03:40:20 【重庆时时彩】第44期，已成功开奖
2017-05-30 03:45:00 【重庆时时彩】第45期，需要开奖
2017-05-30 03:45:00 {"id":"33090","periods":"45","from_lottery":"20","time":"03:45","timestamp":"13500"}
2017-05-30 03:45:00 {"id":"23356","byid":"2017053045","periods":"45","from_time_id":"33090","from_lottery":"20","day":"2017-05-30 00:00:00","data":"18794","state":"0","lottery_time":null,"order_count":"0","send_lottery_count":"0","winning_count":"0","participate_count":"0","betting_money":"0","winning_money":"0","rebate_money":"0","profit_loss":"0"}
2017-05-30 03:45:00 【重庆时时彩】第45期，正在摇奖中
2017-05-30 03:45:21 【重庆时时彩】第45期，已成功开奖
2017-05-30 03:50:00 【重庆时时彩】第46期，需要开奖
2017-05-30 03:50:00 {"id":"33091","periods":"46","from_lottery":"20","time":"03:50","timestamp":"13800"}
2017-05-30 03:50:00 {"id":"23355","byid":"2017053046","periods":"46","from_time_id":"33091","from_lottery":"20","day":"2017-05-30 00:00:00","data":"85797","state":"0","lottery_time":null,"order_count":"0","send_lottery_count":"0","winning_count":"0","participate_count":"0","betting_money":"0","winning_money":"0","rebate_money":"0","profit_loss":"0"}
2017-05-30 03:50:01 【重庆时时彩】第46期，正在摇奖中
2017-05-30 03:50:20 【重庆时时彩】第46期，已成功开奖
2017-05-30 03:55:00 【重庆时时彩】第47期，需要开奖
2017-05-30 03:55:00 {"id":"33092","periods":"47","from_lottery":"20","time":"03:55","timestamp":"14100"}
2017-05-30 03:55:00 {"id":"23354","byid":"2017053047","periods":"47","from_time_id":"33092","from_lottery":"20","day":"2017-05-30 00:00:00","data":"75665","state":"0","lottery_time":null,"order_count":"0","send_lottery_count":"0","winning_count":"0","participate_count":"0","betting_money":"0","winning_money":"0","rebate_money":"0","profit_loss":"0"}
2017-05-30 03:55:00 【重庆时时彩】第47期，正在摇奖中
2017-05-30 03:55:20 【重庆时时彩】第47期，已成功开奖
2017-05-30 04:00:00 【重庆时时彩】第48期，需要开奖
2017-05-30 04:00:00 {"id":"33093","periods":"48","from_lottery":"20","time":"04:00","timestamp":"14400"}
2017-05-30 04:00:00 {"id":"23353","byid":"2017053048","periods":"48","from_time_id":"33093","from_lottery":"20","day":"2017-05-30 00:00:00","data":"62709","state":"0","lottery_time":null,"order_count":"0","send_lottery_count":"0","winning_count":"0","participate_count":"0","betting_money":"0","winning_money":"0","rebate_money":"0","profit_loss":"0"}
2017-05-30 04:00:00 【重庆时时彩】第48期，正在摇奖中
2017-05-30 04:00:20 【重庆时时彩】第48期，已成功开奖
2017-05-30 04:05:00 【重庆时时彩】第49期，需要开奖
2017-05-30 04:05:00 {"id":"33094","periods":"49","from_lottery":"20","time":"04:05","timestamp":"14700"}
2017-05-30 04:05:00 {"id":"23352","byid":"2017053049","periods":"49","from_time_id":"33094","from_lottery":"20","day":"2017-05-30 00:00:00","data":"93644","state":"0","lottery_time":null,"order_count":"0","send_lottery_count":"0","winning_count":"0","participate_count":"0","betting_money":"0","winning_money":"0","rebate_money":"0","profit_loss":"0"}
2017-05-30 04:05:01 【重庆时时彩】第49期，正在摇奖中
2017-05-30 04:05:20 【重庆时时彩】第49期，已成功开奖
2017-05-30 04:10:00 【重庆时时彩】第50期，需要开奖
2017-05-30 04:10:00 {"id":"33095","periods":"50","from_lottery":"20","time":"04:10","timestamp":"15000"}
2017-05-30 04:10:00 {"id":"23351","byid":"2017053050","periods":"50","from_time_id":"33095","from_lottery":"20","day":"2017-05-30 00:00:00","data":"82820","state":"0","lottery_time":null,"order_count":"0","send_lottery_count":"0","winning_count":"0","participate_count":"0","betting_money":"0","winning_money":"0","rebate_money":"0","profit_loss":"0"}
2017-05-30 04:10:00 【重庆时时彩】第50期，正在摇奖中
2017-05-30 04:10:20 【重庆时时彩】第50期，已成功开奖
2017-05-30 04:15:00 【重庆时时彩】第51期，需要开奖
2017-05-30 04:15:00 {"id":"33096","periods":"51","from_lottery":"20","time":"04:15","timestamp":"15300"}
2017-05-30 04:15:00 {"id":"23350","byid":"2017053051","periods":"51","from_time_id":"33096","from_lottery":"20","day":"2017-05-30 00:00:00","data":"30895","state":"0","lottery_time":null,"order_count":"0","send_lottery_count":"0","winning_count":"0","participate_count":"0","betting_money":"0","winning_money":"0","rebate_money":"0","profit_loss":"0"}
2017-05-30 04:15:00 【重庆时时彩】第51期，正在摇奖中
2017-05-30 04:15:20 【重庆时时彩】第51期，已成功开奖
2017-05-30 04:20:00 【重庆时时彩】第52期，需要开奖
2017-05-30 04:20:00 {"id":"33097","periods":"52","from_lottery":"20","time":"04:20","timestamp":"15600"}
2017-05-30 04:20:00 {"id":"23349","byid":"2017053052","periods":"52","from_time_id":"33097","from_lottery":"20","day":"2017-05-30 00:00:00","data":"60699","state":"0","lottery_time":null,"order_count":"0","send_lottery_count":"0","winning_count":"0","participate_count":"0","betting_money":"0","winning_money":"0","rebate_money":"0","profit_loss":"0"}
2017-05-30 04:20:00 【重庆时时彩】第52期，正在摇奖中
2017-05-30 04:20:21 【重庆时时彩】第52期，已成功开奖
2017-05-30 05:56:39 【重庆时时彩】第71期，需要开奖
2017-05-30 05:56:39 {"id":"33116","periods":"71","from_lottery":"20","time":"05:55","timestamp":"21300"}
2017-05-30 05:56:39 {"id":"23330","byid":"2017053071","periods":"71","from_time_id":"33116","from_lottery":"20","day":"2017-05-30 00:00:00","data":"94803","state":"0","lottery_time":null,"order_count":"0","send_lottery_count":"0","winning_count":"0","participate_count":"0","betting_money":"0","winning_money":"0","rebate_money":"0","profit_loss":"0"}
2017-05-30 05:56:41 【重庆时时彩】第71期，正在摇奖中
2017-05-30 05:56:42 【重庆时时彩】第71期，已成功开奖
2017-05-30 06:00:00 【重庆时时彩】第72期，需要开奖
2017-05-30 06:00:00 {"id":"33117","periods":"72","from_lottery":"20","time":"06:00","timestamp":"21600"}
2017-05-30 06:00:00 {"id":"23329","byid":"2017053072","periods":"72","from_time_id":"33117","from_lottery":"20","day":"2017-05-30 00:00:00","data":"88791","state":"0","lottery_time":null,"order_count":"0","send_lottery_count":"0","winning_count":"0","participate_count":"0","betting_money":"0","winning_money":"0","rebate_money":"0","profit_loss":"0"}
2017-05-30 06:00:00 【重庆时时彩】第72期，正在摇奖中
2017-05-30 06:00:20 【重庆时时彩】第72期，已成功开奖
2017-05-30 06:05:00 【重庆时时彩】第73期，需要开奖
2017-05-30 06:05:00 {"id":"33118","periods":"73","from_lottery":"20","time":"06:05","timestamp":"21900"}
2017-05-30 06:05:00 {"id":"23328","byid":"2017053073","periods":"73","from_time_id":"33118","from_lottery":"20","day":"2017-05-30 00:00:00","data":"33505","state":"0","lottery_time":null,"order_count":"0","send_lottery_count":"0","winning_count":"0","participate_count":"0","betting_money":"0","winning_money":"0","rebate_money":"0","profit_loss":"0"}
2017-05-30 06:05:01 【重庆时时彩】第73期，正在摇奖中
2017-05-30 06:05:20 【重庆时时彩】第73期，已成功开奖
2017-05-30 06:10:00 【重庆时时彩】第74期，需要开奖
2017-05-30 06:10:00 {"id":"33119","periods":"74","from_lottery":"20","time":"06:10","timestamp":"22200"}
2017-05-30 06:10:00 {"id":"23327","byid":"2017053074","periods":"74","from_time_id":"33119","from_lottery":"20","day":"2017-05-30 00:00:00","data":"66889","state":"0","lottery_time":null,"order_count":"0","send_lottery_count":"0","winning_count":"0","participate_count":"0","betting_money":"0","winning_money":"0","rebate_money":"0","profit_loss":"0"}
2017-05-30 06:10:00 【重庆时时彩】第74期，正在摇奖中
2017-05-30 06:10:20 【重庆时时彩】第74期，已成功开奖
2017-05-30 06:15:00 【重庆时时彩】第75期，需要开奖
2017-05-30 06:15:00 {"id":"33120","periods":"75","from_lottery":"20","time":"06:15","timestamp":"22500"}
2017-05-30 06:15:00 {"id":"23326","byid":"2017053075","periods":"75","from_time_id":"33120","from_lottery":"20","day":"2017-05-30 00:00:00","data":"92573","state":"0","lottery_time":null,"order_count":"0","send_lottery_count":"0","winning_count":"0","participate_count":"0","betting_money":"0","winning_money":"0","rebate_money":"0","profit_loss":"0"}
2017-05-30 06:15:00 【重庆时时彩】第75期，正在摇奖中
2017-05-30 06:15:20 【重庆时时彩】第75期，已成功开奖
2017-05-30 06:20:00 【重庆时时彩】第76期，需要开奖
2017-05-30 06:20:00 {"id":"33121","periods":"76","from_lottery":"20","time":"06:20","timestamp":"22800"}
2017-05-30 06:20:00 {"id":"23325","byid":"2017053076","periods":"76","from_time_id":"33121","from_lottery":"20","day":"2017-05-30 00:00:00","data":"63226","state":"0","lottery_time":null,"order_count":"0","send_lottery_count":"0","winning_count":"0","participate_count":"0","betting_money":"0","winning_money":"0","rebate_money":"0","profit_loss":"0"}
2017-05-30 06:20:00 【重庆时时彩】第76期，正在摇奖中
2017-05-30 06:20:20 【重庆时时彩】第76期，已成功开奖
2017-05-30 06:25:00 【重庆时时彩】第77期，需要开奖
2017-05-30 06:25:00 {"id":"33122","periods":"77","from_lottery":"20","time":"06:25","timestamp":"23100"}
2017-05-30 06:25:00 {"id":"23324","byid":"2017053077","periods":"77","from_time_id":"33122","from_lottery":"20","day":"2017-05-30 00:00:00","data":"69859","state":"0","lottery_time":null,"order_count":"0","send_lottery_count":"0","winning_count":"0","participate_count":"0","betting_money":"0","winning_money":"0","rebate_money":"0","profit_loss":"0"}
2017-05-30 06:25:01 【重庆时时彩】第77期，正在摇奖中
2017-05-30 06:25:20 【重庆时时彩】第77期，已成功开奖
2017-05-30 06:30:01 【重庆时时彩】第78期，需要开奖
2017-05-30 06:30:01 {"id":"33123","periods":"78","from_lottery":"20","time":"06:30","timestamp":"23400"}
2017-05-30 06:30:01 {"id":"23323","byid":"2017053078","periods":"78","from_time_id":"33123","from_lottery":"20","day":"2017-05-30 00:00:00","data":"90807","state":"0","lottery_time":null,"order_count":"0","send_lottery_count":"0","winning_count":"0","participate_count":"0","betting_money":"0","winning_money":"0","rebate_money":"0","profit_loss":"0"}
2017-05-30 06:30:01 【重庆时时彩】第78期，正在摇奖中
2017-05-30 06:30:20 【重庆时时彩】第78期，已成功开奖
2017-05-30 06:35:00 【重庆时时彩】第79期，需要开奖
2017-05-30 06:35:00 {"id":"33124","periods":"79","from_lottery":"20","time":"06:35","timestamp":"23700"}
2017-05-30 06:35:00 {"id":"23322","byid":"2017053079","periods":"79","from_time_id":"33124","from_lottery":"20","day":"2017-05-30 00:00:00","data":"19151","state":"0","lottery_time":null,"order_count":"0","send_lottery_count":"0","winning_count":"0","participate_count":"0","betting_money":"0","winning_money":"0","rebate_money":"0","profit_loss":"0"}
2017-05-30 06:35:01 【重庆时时彩】第79期，正在摇奖中
2017-05-30 06:35:20 【重庆时时彩】第79期，已成功开奖
2017-05-30 06:40:00 【重庆时时彩】第80期，需要开奖
2017-05-30 06:40:00 {"id":"33125","periods":"80","from_lottery":"20","time":"06:40","timestamp":"24000"}
2017-05-30 06:40:00 {"id":"23321","byid":"2017053080","periods":"80","from_time_id":"33125","from_lottery":"20","day":"2017-05-30 00:00:00","data":"92328","state":"0","lottery_time":null,"order_count":"0","send_lottery_count":"0","winning_count":"0","participate_count":"0","betting_money":"0","winning_money":"0","rebate_money":"0","profit_loss":"0"}
2017-05-30 06:40:00 【重庆时时彩】第80期，正在摇奖中
2017-05-30 06:40:20 【重庆时时彩】第80期，已成功开奖
2017-05-30 06:45:00 【重庆时时彩】第81期，需要开奖
2017-05-30 06:45:00 {"id":"33126","periods":"81","from_lottery":"20","time":"06:45","timestamp":"24300"}
2017-05-30 06:45:00 {"id":"23320","byid":"2017053081","periods":"81","from_time_id":"33126","from_lottery":"20","day":"2017-05-30 00:00:00","data":"92677","state":"0","lottery_time":null,"order_count":"0","send_lottery_count":"0","winning_count":"0","participate_count":"0","betting_money":"0","winning_money":"0","rebate_money":"0","profit_loss":"0"}
2017-05-30 06:45:00 【重庆时时彩】第81期，正在摇奖中
2017-05-30 06:45:20 【重庆时时彩】第81期，已成功开奖
2017-05-30 06:50:00 【重庆时时彩】第82期，需要开奖
2017-05-30 06:50:00 {"id":"33127","periods":"82","from_lottery":"20","time":"06:50","timestamp":"24600"}
2017-05-30 06:50:00 {"id":"23319","byid":"2017053082","periods":"82","from_time_id":"33127","from_lottery":"20","day":"2017-05-30 00:00:00","data":"52673","state":"0","lottery_time":null,"order_count":"0","send_lottery_count":"0","winning_count":"0","participate_count":"0","betting_money":"0","winning_money":"0","rebate_money":"0","profit_loss":"0"}
2017-05-30 06:50:01 【重庆时时彩】第82期，正在摇奖中
2017-05-30 06:50:20 【重庆时时彩】第82期，已成功开奖
2017-05-30 06:55:00 【重庆时时彩】第83期，需要开奖
2017-05-30 06:55:00 {"id":"33128","periods":"83","from_lottery":"20","time":"06:55","timestamp":"24900"}
2017-05-30 06:55:00 {"id":"23318","byid":"2017053083","periods":"83","from_time_id":"33128","from_lottery":"20","day":"2017-05-30 00:00:00","data":"23601","state":"0","lottery_time":null,"order_count":"0","send_lottery_count":"0","winning_count":"0","participate_count":"0","betting_money":"0","winning_money":"0","rebate_money":"0","profit_loss":"0"}
2017-05-30 06:55:00 【重庆时时彩】第83期，正在摇奖中
2017-05-30 06:55:20 【重庆时时彩】第83期，已成功开奖
2017-05-30 07:00:00 【重庆时时彩】第84期，需要开奖
2017-05-30 07:00:00 {"id":"33129","periods":"84","from_lottery":"20","time":"07:00","timestamp":"25200"}
2017-05-30 07:00:00 {"id":"23317","byid":"2017053084","periods":"84","from_time_id":"33129","from_lottery":"20","day":"2017-05-30 00:00:00","data":"21412","state":"0","lottery_time":null,"order_count":"0","send_lottery_count":"0","winning_count":"0","participate_count":"0","betting_money":"0","winning_money":"0","rebate_money":"0","profit_loss":"0"}
2017-05-30 07:00:00 【重庆时时彩】第84期，正在摇奖中
2017-05-30 07:00:20 【重庆时时彩】第84期，已成功开奖
2017-05-30 07:01:42 检查【重庆时时彩】是否有近七日数据
2017-05-30 07:01:42 2017-05-29 : yes
2017-05-30 07:01:42 2017-05-30 : yes
2017-05-30 07:01:42 2017-05-31 : yes
2017-05-30 07:01:42 2017-06-01 : yes
2017-05-30 07:01:42 2017-06-02 : yes
2017-05-30 07:01:42 2017-06-03 : yes
2017-05-30 07:01:42 2017-06-04 : yes
2017-05-30 07:05:00 【重庆时时彩】第85期，需要开奖
2017-05-30 07:05:00 {"id":"33130","periods":"85","from_lottery":"20","time":"07:05","timestamp":"25500"}
2017-05-30 07:05:00 {"id":"23316","byid":"2017053085","periods":"85","from_time_id":"33130","from_lottery":"20","day":"2017-05-30 00:00:00","data":"48523","state":"0","lottery_time":null,"order_count":"0","send_lottery_count":"0","winning_count":"0","participate_count":"0","betting_money":"0","winning_money":"0","rebate_money":"0","profit_loss":"0"}
2017-05-30 07:05:00 【重庆时时彩】第85期，正在摇奖中
2017-05-30 07:05:21 【重庆时时彩】第85期，已成功开奖
2017-05-30 07:10:00 【重庆时时彩】第86期，需要开奖
2017-05-30 07:10:00 {"id":"33131","periods":"86","from_lottery":"20","time":"07:10","timestamp":"25800"}
2017-05-30 07:10:00 {"id":"23315","byid":"2017053086","periods":"86","from_time_id":"33131","from_lottery":"20","day":"2017-05-30 00:00:00","data":"45301","state":"0","lottery_time":null,"order_count":"0","send_lottery_count":"0","winning_count":"0","participate_count":"0","betting_money":"0","winning_money":"0","rebate_money":"0","profit_loss":"0"}
2017-05-30 07:10:00 【重庆时时彩】第86期，正在摇奖中
2017-05-30 07:10:20 【重庆时时彩】第86期，已成功开奖
2017-05-30 07:15:00 【重庆时时彩】第87期，需要开奖
2017-05-30 07:15:00 {"id":"33132","periods":"87","from_lottery":"20","time":"07:15","timestamp":"26100"}
2017-05-30 07:15:00 {"id":"23314","byid":"2017053087","periods":"87","from_time_id":"33132","from_lottery":"20","day":"2017-05-30 00:00:00","data":"29984","state":"0","lottery_time":null,"order_count":"0","send_lottery_count":"0","winning_count":"0","participate_count":"0","betting_money":"0","winning_money":"0","rebate_money":"0","profit_loss":"0"}
2017-05-30 07:15:00 【重庆时时彩】第87期，正在摇奖中
2017-05-30 07:15:20 【重庆时时彩】第87期，已成功开奖
2017-05-30 07:20:00 【重庆时时彩】第88期，需要开奖
2017-05-30 07:20:00 {"id":"33133","periods":"88","from_lottery":"20","time":"07:20","timestamp":"26400"}
2017-05-30 07:20:00 {"id":"23313","byid":"2017053088","periods":"88","from_time_id":"33133","from_lottery":"20","day":"2017-05-30 00:00:00","data":"10788","state":"0","lottery_time":null,"order_count":"0","send_lottery_count":"0","winning_count":"0","participate_count":"0","betting_money":"0","winning_money":"0","rebate_money":"0","profit_loss":"0"}
2017-05-30 07:20:00 【重庆时时彩】第88期，正在摇奖中
2017-05-30 07:20:20 【重庆时时彩】第88期，已成功开奖
2017-05-30 07:25:00 【重庆时时彩】第89期，需要开奖
2017-05-30 07:25:00 {"id":"33134","periods":"89","from_lottery":"20","time":"07:25","timestamp":"26700"}
2017-05-30 07:25:00 {"id":"23312","byid":"2017053089","periods":"89","from_time_id":"33134","from_lottery":"20","day":"2017-05-30 00:00:00","data":"18959","state":"0","lottery_time":null,"order_count":"0","send_lottery_count":"0","winning_count":"0","participate_count":"0","betting_money":"0","winning_money":"0","rebate_money":"0","profit_loss":"0"}
2017-05-30 07:25:00 【重庆时时彩】第89期，正在摇奖中
2017-05-30 07:25:20 【重庆时时彩】第89期，已成功开奖
2017-05-30 07:30:00 【重庆时时彩】第90期，需要开奖
2017-05-30 07:30:00 {"id":"33135","periods":"90","from_lottery":"20","time":"07:30","timestamp":"27000"}
2017-05-30 07:30:00 {"id":"23311","byid":"2017053090","periods":"90","from_time_id":"33135","from_lottery":"20","day":"2017-05-30 00:00:00","data":"26504","state":"0","lottery_time":null,"order_count":"0","send_lottery_count":"0","winning_count":"0","participate_count":"0","betting_money":"0","winning_money":"0","rebate_money":"0","profit_loss":"0"}
2017-05-30 07:30:00 【重庆时时彩】第90期，正在摇奖中
2017-05-30 07:30:20 【重庆时时彩】第90期，已成功开奖
2017-05-30 07:35:00 【重庆时时彩】第91期，需要开奖
2017-05-30 07:35:00 {"id":"33136","periods":"91","from_lottery":"20","time":"07:35","timestamp":"27300"}
2017-05-30 07:35:00 {"id":"23310","byid":"2017053091","periods":"91","from_time_id":"33136","from_lottery":"20","day":"2017-05-30 00:00:00","data":"97363","state":"0","lottery_time":null,"order_count":"0","send_lottery_count":"0","winning_count":"0","participate_count":"0","betting_money":"0","winning_money":"0","rebate_money":"0","profit_loss":"0"}
2017-05-30 07:35:00 【重庆时时彩】第91期，正在摇奖中
2017-05-30 07:35:20 【重庆时时彩】第91期，已成功开奖
2017-05-30 07:40:00 【重庆时时彩】第92期，需要开奖
2017-05-30 07:40:00 {"id":"33137","periods":"92","from_lottery":"20","time":"07:40","timestamp":"27600"}
2017-05-30 07:40:00 {"id":"23309","byid":"2017053092","periods":"92","from_time_id":"33137","from_lottery":"20","day":"2017-05-30 00:00:00","data":"85769","state":"0","lottery_time":null,"order_count":"0","send_lottery_count":"0","winning_count":"0","participate_count":"0","betting_money":"0","winning_money":"0","rebate_money":"0","profit_loss":"0"}
2017-05-30 07:40:00 【重庆时时彩】第92期，正在摇奖中
2017-05-30 07:40:20 【重庆时时彩】第92期，已成功开奖
2017-05-30 07:45:00 【重庆时时彩】第93期，需要开奖
2017-05-30 07:45:00 {"id":"33138","periods":"93","from_lottery":"20","time":"07:45","timestamp":"27900"}
2017-05-30 07:45:00 {"id":"23308","byid":"2017053093","periods":"93","from_time_id":"33138","from_lottery":"20","day":"2017-05-30 00:00:00","data":"40547","state":"0","lottery_time":null,"order_count":"0","send_lottery_count":"0","winning_count":"0","participate_count":"0","betting_money":"0","winning_money":"0","rebate_money":"0","profit_loss":"0"}
2017-05-30 07:45:00 【重庆时时彩】第93期，正在摇奖中
2017-05-30 07:45:20 【重庆时时彩】第93期，已成功开奖
2017-05-30 08:00:21 脚本开启
2017-05-30 08:00:21 检查【重庆时时彩】是否有近七日数据
2017-05-30 08:00:21 2017-05-29 : yes
2017-05-30 08:00:21 2017-05-30 : yes
2017-05-30 08:00:21 2017-05-31 : yes
2017-05-30 08:00:21 2017-06-01 : yes
2017-05-30 08:00:21 2017-06-02 : yes
2017-05-30 08:00:21 2017-06-03 : yes
2017-05-30 08:00:21 2017-06-04 : yes
2017-05-30 08:00:21 【重庆时时彩】第96期，需要开奖
2017-05-30 08:00:21 {"id":"33141","periods":"96","from_lottery":"20","time":"08:00","timestamp":"28800"}
2017-05-30 08:00:21 {"id":"23305","byid":"2017053096","periods":"96","from_time_id":"33141","from_lottery":"20","day":"2017-05-30 00:00:00","data":"46669","state":"0","lottery_time":null,"order_count":"0","send_lottery_count":"0","winning_count":"0","participate_count":"0","betting_money":"0","winning_money":"0","rebate_money":"0","profit_loss":"0"}
2017-05-30 08:00:22 【重庆时时彩】第96期，正在摇奖中
2017-05-30 08:00:23 【重庆时时彩】第96期，已成功开奖
2017-05-30 08:05:00 【重庆时时彩】第97期，需要开奖
2017-05-30 08:05:00 {"id":"33142","periods":"97","from_lottery":"20","time":"08:05","timestamp":"29100"}
2017-05-30 08:05:00 {"id":"23304","byid":"2017053097","periods":"97","from_time_id":"33142","from_lottery":"20","day":"2017-05-30 00:00:00","data":"14850","state":"0","lottery_time":null,"order_count":"0","send_lottery_count":"0","winning_count":"0","participate_count":"0","betting_money":"0","winning_money":"0","rebate_money":"0","profit_loss":"0"}
2017-05-30 08:05:00 【重庆时时彩】第97期，正在摇奖中
2017-05-30 08:05:20 【重庆时时彩】第97期，已成功开奖
2017-05-30 08:10:00 【重庆时时彩】第98期，需要开奖
2017-05-30 08:10:00 {"id":"33143","periods":"98","from_lottery":"20","time":"08:10","timestamp":"29400"}
2017-05-30 08:10:00 {"id":"23303","byid":"2017053098","periods":"98","from_time_id":"33143","from_lottery":"20","day":"2017-05-30 00:00:00","data":"10881","state":"0","lottery_time":null,"order_count":"0","send_lottery_count":"0","winning_count":"0","participate_count":"0","betting_money":"0","winning_money":"0","rebate_money":"0","profit_loss":"0"}
2017-05-30 08:10:00 【重庆时时彩】第98期，正在摇奖中
2017-05-30 08:10:20 【重庆时时彩】第98期，已成功开奖
2017-05-30 08:15:00 【重庆时时彩】第99期，需要开奖
2017-05-30 08:15:00 {"id":"33144","periods":"99","from_lottery":"20","time":"08:15","timestamp":"29700"}
2017-05-30 08:15:00 {"id":"23302","byid":"2017053099","periods":"99","from_time_id":"33144","from_lottery":"20","day":"2017-05-30 00:00:00","data":"66359","state":"0","lottery_time":null,"order_count":"0","send_lottery_count":"0","winning_count":"0","participate_count":"0","betting_money":"0","winning_money":"0","rebate_money":"0","profit_loss":"0"}
2017-05-30 08:15:00 【重庆时时彩】第99期，正在摇奖中
2017-05-30 08:15:20 【重庆时时彩】第99期，已成功开奖
2017-05-30 08:20:00 【重庆时时彩】第100期，需要开奖
2017-05-30 08:20:00 {"id":"33145","periods":"100","from_lottery":"20","time":"08:20","timestamp":"30000"}
2017-05-30 08:20:00 {"id":"23301","byid":"20170530100","periods":"100","from_time_id":"33145","from_lottery":"20","day":"2017-05-30 00:00:00","data":"98799","state":"0","lottery_time":null,"order_count":"0","send_lottery_count":"0","winning_count":"0","participate_count":"0","betting_money":"0","winning_money":"0","rebate_money":"0","profit_loss":"0"}
2017-05-30 08:20:00 【重庆时时彩】第100期，正在摇奖中
2017-05-30 08:20:20 【重庆时时彩】第100期，已成功开奖
2017-05-30 08:25:00 【重庆时时彩】第101期，需要开奖
2017-05-30 08:25:00 {"id":"33146","periods":"101","from_lottery":"20","time":"08:25","timestamp":"30300"}
2017-05-30 08:25:00 {"id":"23300","byid":"20170530101","periods":"101","from_time_id":"33146","from_lottery":"20","day":"2017-05-30 00:00:00","data":"68430","state":"0","lottery_time":null,"order_count":"0","send_lottery_count":"0","winning_count":"0","participate_count":"0","betting_money":"0","winning_money":"0","rebate_money":"0","profit_loss":"0"}
2017-05-30 08:25:00 【重庆时时彩】第101期，正在摇奖中
2017-05-30 08:25:20 【重庆时时彩】第101期，已成功开奖
2017-05-30 08:30:00 【重庆时时彩】第102期，需要开奖
2017-05-30 08:30:00 {"id":"33147","periods":"102","from_lottery":"20","time":"08:30","timestamp":"30600"}
2017-05-30 08:30:00 {"id":"23299","byid":"20170530102","periods":"102","from_time_id":"33147","from_lottery":"20","day":"2017-05-30 00:00:00","data":"64681","state":"0","lottery_time":null,"order_count":"0","send_lottery_count":"0","winning_count":"0","participate_count":"0","betting_money":"0","winning_money":"0","rebate_money":"0","profit_loss":"0"}
2017-05-30 08:30:00 【重庆时时彩】第102期，正在摇奖中
2017-05-30 08:30:20 【重庆时时彩】第102期，已成功开奖
2017-05-30 08:35:00 【重庆时时彩】第103期，需要开奖
2017-05-30 08:35:00 {"id":"33148","periods":"103","from_lottery":"20","time":"08:35","timestamp":"30900"}
2017-05-30 08:35:00 {"id":"23298","byid":"20170530103","periods":"103","from_time_id":"33148","from_lottery":"20","day":"2017-05-30 00:00:00","data":"41102","state":"0","lottery_time":null,"order_count":"0","send_lottery_count":"0","winning_count":"0","participate_count":"0","betting_money":"0","winning_money":"0","rebate_money":"0","profit_loss":"0"}
2017-05-30 08:35:00 【重庆时时彩】第103期，正在摇奖中
2017-05-30 08:35:20 【重庆时时彩】第103期，已成功开奖
2017-05-30 08:40:00 【重庆时时彩】第104期，需要开奖
2017-05-30 08:40:00 {"id":"33149","periods":"104","from_lottery":"20","time":"08:40","timestamp":"31200"}
2017-05-30 08:40:00 {"id":"23297","byid":"20170530104","periods":"104","from_time_id":"33149","from_lottery":"20","day":"2017-05-30 00:00:00","data":"42472","state":"0","lottery_time":null,"order_count":"0","send_lottery_count":"0","winning_count":"0","participate_count":"0","betting_money":"0","winning_money":"0","rebate_money":"0","profit_loss":"0"}
2017-05-30 08:40:00 【重庆时时彩】第104期，正在摇奖中
2017-05-30 08:40:21 【重庆时时彩】第104期，已成功开奖
2017-05-30 08:45:00 【重庆时时彩】第105期，需要开奖
2017-05-30 08:45:00 {"id":"33150","periods":"105","from_lottery":"20","time":"08:45","timestamp":"31500"}
2017-05-30 08:45:00 {"id":"23296","byid":"20170530105","periods":"105","from_time_id":"33150","from_lottery":"20","day":"2017-05-30 00:00:00","data":"12850","state":"0","lottery_time":null,"order_count":"0","send_lottery_count":"0","winning_count":"0","participate_count":"0","betting_money":"0","winning_money":"0","rebate_money":"0","profit_loss":"0"}
2017-05-30 08:45:00 【重庆时时彩】第105期，正在摇奖中
2017-05-30 08:45:20 【重庆时时彩】第105期，已成功开奖
2017-05-30 08:50:00 【重庆时时彩】第106期，需要开奖
2017-05-30 08:50:00 {"id":"33151","periods":"106","from_lottery":"20","time":"08:50","timestamp":"31800"}
2017-05-30 08:50:00 {"id":"23295","byid":"20170530106","periods":"106","from_time_id":"33151","from_lottery":"20","day":"2017-05-30 00:00:00","data":"28305","state":"0","lottery_time":null,"order_count":"0","send_lottery_count":"0","winning_count":"0","participate_count":"0","betting_money":"0","winning_money":"0","rebate_money":"0","profit_loss":"0"}
2017-05-30 08:50:00 【重庆时时彩】第106期，正在摇奖中
2017-05-30 08:50:20 【重庆时时彩】第106期，已成功开奖
2017-05-30 08:55:00 【重庆时时彩】第107期，需要开奖
2017-05-30 08:55:00 {"id":"33152","periods":"107","from_lottery":"20","time":"08:55","timestamp":"32100"}
2017-05-30 08:55:00 {"id":"23294","byid":"20170530107","periods":"107","from_time_id":"33152","from_lottery":"20","day":"2017-05-30 00:00:00","data":"43090","state":"0","lottery_time":null,"order_count":"0","send_lottery_count":"0","winning_count":"0","participate_count":"0","betting_money":"0","winning_money":"0","rebate_money":"0","profit_loss":"0"}
2017-05-30 08:55:00 【重庆时时彩】第107期，正在摇奖中
2017-05-30 08:55:20 【重庆时时彩】第107期，已成功开奖
2017-05-30 09:00:00 【重庆时时彩】第108期，需要开奖
2017-05-30 09:00:00 {"id":"33153","periods":"108","from_lottery":"20","time":"09:00","timestamp":"32400"}
2017-05-30 09:00:00 {"id":"23293","byid":"20170530108","periods":"108","from_time_id":"33153","from_lottery":"20","day":"2017-05-30 00:00:00","data":"83001","state":"0","lottery_time":null,"order_count":"0","send_lottery_count":"0","winning_count":"0","participate_count":"0","betting_money":"0","winning_money":"0","rebate_money":"0","profit_loss":"0"}
2017-05-30 09:00:00 【重庆时时彩】第108期，正在摇奖中
2017-05-30 09:00:20 【重庆时时彩】第108期，已成功开奖
2017-05-30 09:05:00 【重庆时时彩】第109期，需要开奖
2017-05-30 09:05:00 {"id":"33154","periods":"109","from_lottery":"20","time":"09:05","timestamp":"32700"}
2017-05-30 09:05:00 {"id":"23292","byid":"20170530109","periods":"109","from_time_id":"33154","from_lottery":"20","day":"2017-05-30 00:00:00","data":"64673","state":"0","lottery_time":null,"order_count":"0","send_lottery_count":"0","winning_count":"0","participate_count":"0","betting_money":"0","winning_money":"0","rebate_money":"0","profit_loss":"0"}
2017-05-30 09:05:00 【重庆时时彩】第109期，正在摇奖中
2017-05-30 09:05:20 【重庆时时彩】第109期，已成功开奖
2017-05-30 09:10:00 【重庆时时彩】第110期，需要开奖
2017-05-30 09:10:00 {"id":"33155","periods":"110","from_lottery":"20","time":"09:10","timestamp":"33000"}
2017-05-30 09:10:00 {"id":"23291","byid":"20170530110","periods":"110","from_time_id":"33155","from_lottery":"20","day":"2017-05-30 00:00:00","data":"84566","state":"0","lottery_time":null,"order_count":"0","send_lottery_count":"0","winning_count":"0","participate_count":"0","betting_money":"0","winning_money":"0","rebate_money":"0","profit_loss":"0"}
2017-05-30 09:10:00 【重庆时时彩】第110期，正在摇奖中
2017-05-30 09:10:20 【重庆时时彩】第110期，已成功开奖
2017-05-30 09:15:00 【重庆时时彩】第111期，需要开奖
2017-05-30 09:15:00 {"id":"33156","periods":"111","from_lottery":"20","time":"09:15","timestamp":"33300"}
2017-05-30 09:15:00 {"id":"23290","byid":"20170530111","periods":"111","from_time_id":"33156","from_lottery":"20","day":"2017-05-30 00:00:00","data":"86387","state":"0","lottery_time":null,"order_count":"0","send_lottery_count":"0","winning_count":"0","participate_count":"0","betting_money":"0","winning_money":"0","rebate_money":"0","profit_loss":"0"}
2017-05-30 09:15:00 【重庆时时彩】第111期，正在摇奖中
2017-05-30 09:15:20 【重庆时时彩】第111期，已成功开奖
2017-05-30 09:20:00 【重庆时时彩】第112期，需要开奖
2017-05-30 09:20:00 {"id":"33157","periods":"112","from_lottery":"20","time":"09:20","timestamp":"33600"}
2017-05-30 09:20:00 {"id":"23289","byid":"20170530112","periods":"112","from_time_id":"33157","from_lottery":"20","day":"2017-05-30 00:00:00","data":"20697","state":"0","lottery_time":null,"order_count":"0","send_lottery_count":"0","winning_count":"0","participate_count":"0","betting_money":"0","winning_money":"0","rebate_money":"0","profit_loss":"0"}
2017-05-30 09:20:00 【重庆时时彩】第112期，正在摇奖中
2017-05-30 09:20:20 【重庆时时彩】第112期，已成功开奖
2017-05-30 09:25:00 【重庆时时彩】第113期，需要开奖
2017-05-30 09:25:00 {"id":"33158","periods":"113","from_lottery":"20","time":"09:25","timestamp":"33900"}
2017-05-30 09:25:00 {"id":"23288","byid":"20170530113","periods":"113","from_time_id":"33158","from_lottery":"20","day":"2017-05-30 00:00:00","data":"35460","state":"0","lottery_time":null,"order_count":"0","send_lottery_count":"0","winning_count":"0","participate_count":"0","betting_money":"0","winning_money":"0","rebate_money":"0","profit_loss":"0"}
2017-05-30 09:25:00 【重庆时时彩】第113期，正在摇奖中
2017-05-30 09:25:20 【重庆时时彩】第113期，已成功开奖
2017-05-30 09:30:00 【重庆时时彩】第114期，需要开奖
2017-05-30 09:30:00 {"id":"33159","periods":"114","from_lottery":"20","time":"09:30","timestamp":"34200"}
2017-05-30 09:30:00 {"id":"23287","byid":"20170530114","periods":"114","from_time_id":"33159","from_lottery":"20","day":"2017-05-30 00:00:00","data":"11277","state":"0","lottery_time":null,"order_count":"0","send_lottery_count":"0","winning_count":"0","participate_count":"0","betting_money":"0","winning_money":"0","rebate_money":"0","profit_loss":"0"}
2017-05-30 09:30:00 【重庆时时彩】第114期，正在摇奖中
2017-05-30 09:30:20 【重庆时时彩】第114期，已成功开奖
2017-05-30 09:35:00 【重庆时时彩】第115期，需要开奖
2017-05-30 09:35:00 {"id":"33160","periods":"115","from_lottery":"20","time":"09:35","timestamp":"34500"}
2017-05-30 09:35:00 {"id":"23286","byid":"20170530115","periods":"115","from_time_id":"33160","from_lottery":"20","day":"2017-05-30 00:00:00","data":"50056","state":"0","lottery_time":null,"order_count":"0","send_lottery_count":"0","winning_count":"0","participate_count":"0","betting_money":"0","winning_money":"0","rebate_money":"0","profit_loss":"0"}
2017-05-30 09:35:00 【重庆时时彩】第115期，正在摇奖中
2017-05-30 09:35:20 【重庆时时彩】第115期，已成功开奖
2017-05-30 09:40:00 【重庆时时彩】第116期，需要开奖
2017-05-30 09:40:00 {"id":"33161","periods":"116","from_lottery":"20","time":"09:40","timestamp":"34800"}
2017-05-30 09:40:00 {"id":"23285","byid":"20170530116","periods":"116","from_time_id":"33161","from_lottery":"20","day":"2017-05-30 00:00:00","data":"60874","state":"0","lottery_time":null,"order_count":"0","send_lottery_count":"0","winning_count":"0","participate_count":"0","betting_money":"0","winning_money":"0","rebate_money":"0","profit_loss":"0"}
2017-05-30 09:40:00 【重庆时时彩】第116期，正在摇奖中
2017-05-30 09:40:20 【重庆时时彩】第116期，已成功开奖
2017-05-30 09:45:00 【重庆时时彩】第117期，需要开奖
2017-05-30 09:45:00 {"id":"33162","periods":"117","from_lottery":"20","time":"09:45","timestamp":"35100"}
2017-05-30 09:45:00 {"id":"23284","byid":"20170530117","periods":"117","from_time_id":"33162","from_lottery":"20","day":"2017-05-30 00:00:00","data":"51775","state":"0","lottery_time":null,"order_count":"0","send_lottery_count":"0","winning_count":"0","participate_count":"0","betting_money":"0","winning_money":"0","rebate_money":"0","profit_loss":"0"}
2017-05-30 09:45:00 【重庆时时彩】第117期，正在摇奖中
2017-05-30 09:45:20 【重庆时时彩】第117期，已成功开奖
2017-05-30 09:50:00 【重庆时时彩】第118期，需要开奖
2017-05-30 09:50:00 {"id":"33163","periods":"118","from_lottery":"20","time":"09:50","timestamp":"35400"}
2017-05-30 09:50:00 {"id":"23283","byid":"20170530118","periods":"118","from_time_id":"33163","from_lottery":"20","day":"2017-05-30 00:00:00","data":"81249","state":"0","lottery_time":null,"order_count":"0","send_lottery_count":"0","winning_count":"0","participate_count":"0","betting_money":"0","winning_money":"0","rebate_money":"0","profit_loss":"0"}
2017-05-30 09:50:00 【重庆时时彩】第118期，正在摇奖中
2017-05-30 09:50:20 【重庆时时彩】第118期，已成功开奖
2017-05-30 09:55:00 【重庆时时彩】第119期，需要开奖
2017-05-30 09:55:00 {"id":"33164","periods":"119","from_lottery":"20","time":"09:55","timestamp":"35700"}
2017-05-30 09:55:00 {"id":"23282","byid":"20170530119","periods":"119","from_time_id":"33164","from_lottery":"20","day":"2017-05-30 00:00:00","data":"38157","state":"0","lottery_time":null,"order_count":"0","send_lottery_count":"0","winning_count":"0","participate_count":"0","betting_money":"0","winning_money":"0","rebate_money":"0","profit_loss":"0"}
2017-05-30 09:55:00 【重庆时时彩】第119期，正在摇奖中
2017-05-30 09:55:20 【重庆时时彩】第119期，已成功开奖
2017-05-30 10:00:00 【重庆时时彩】第120期，需要开奖
2017-05-30 10:00:00 {"id":"33165","periods":"120","from_lottery":"20","time":"10:00","timestamp":"36000"}
2017-05-30 10:00:00 {"id":"23281","byid":"20170530120","periods":"120","from_time_id":"33165","from_lottery":"20","day":"2017-05-30 00:00:00","data":"93844","state":"0","lottery_time":null,"order_count":"0","send_lottery_count":"0","winning_count":"0","participate_count":"0","betting_money":"0","winning_money":"0","rebate_money":"0","profit_loss":"0"}
2017-05-30 10:00:00 【重庆时时彩】第120期，正在摇奖中
2017-05-30 10:00:20 【重庆时时彩】第120期，已成功开奖
2017-05-30 10:01:09 检查【重庆时时彩】是否有近七日数据
2017-05-30 10:01:09 2017-05-29 : yes
2017-05-30 10:01:09 2017-05-30 : yes
2017-05-30 10:01:09 2017-05-31 : yes
2017-05-30 10:01:09 2017-06-01 : yes
2017-05-30 10:01:09 2017-06-02 : yes
2017-05-30 10:01:09 2017-06-03 : yes
2017-05-30 10:01:09 2017-06-04 : yes
2017-05-30 10:08:29 脚本开启
2017-05-30 10:08:29 检查【重庆时时彩】是否有近七日数据
2017-05-30 10:08:29 2017-05-29 : no
2017-05-30 10:08:30 2017-05-30 : no
2017-05-30 10:08:30 2017-05-31 : no
2017-05-30 10:08:30 2017-06-01 : no
2017-05-30 10:08:30 2017-06-02 : no
2017-05-30 10:08:30 2017-06-03 : no
2017-05-30 10:08:30 2017-06-04 : no
2017-05-30 10:08:30 【重庆时时彩】第24期，需要开奖
2017-05-30 10:08:30 {"id":"33369","periods":"24","from_lottery":"22","time":"10:00:00","timestamp":"36000"}
2017-05-30 10:08:30 {"id":"24217","byid":"2017053024","periods":"24","from_time_id":"33369","from_lottery":"22","day":"2017-05-30 00:00:00","data":"64437","state":"0","lottery_time":null,"order_count":"0","send_lottery_count":"0","winning_count":"0","participate_count":"0","betting_money":"0","winning_money":"0","rebate_money":"0","profit_loss":"0"}
2017-05-30 10:08:30 【重庆时时彩】第24期，正在摇奖中
2017-05-30 10:08:31 【重庆时时彩】第24期，已成功开奖
2017-05-30 10:10:00 【重庆时时彩】第25期，需要开奖
2017-05-30 10:10:00 {"id":"33370","periods":"25","from_lottery":"22","time":"10:10:00","timestamp":"36600"}
2017-05-30 10:10:00 {"id":"24216","byid":"2017053025","periods":"25","from_time_id":"33370","from_lottery":"22","day":"2017-05-30 00:00:00","data":"70553","state":"0","lottery_time":null,"order_count":"0","send_lottery_count":"0","winning_count":"0","participate_count":"0","betting_money":"0","winning_money":"0","rebate_money":"0","profit_loss":"0"}
2017-05-30 10:10:00 【重庆时时彩】第25期，正在摇奖中
2017-05-30 10:12:00 【重庆时时彩】第25期，已成功开奖
2017-05-30 13:51:35 脚本开启
2017-05-30 13:51:35 检查【重庆时时彩】是否有近七日数据
2017-05-30 13:51:35 2017-05-29 : yes
2017-05-30 13:51:35 2017-05-30 : yes
2017-05-30 13:51:35 2017-05-31 : yes
2017-05-30 13:51:35 2017-06-01 : yes
2017-05-30 13:51:35 2017-06-02 : yes
2017-05-30 13:51:35 2017-06-03 : yes
2017-05-30 13:51:35 2017-06-04 : yes
2017-05-30 13:51:35 【重庆时时彩】第47期，需要开奖
2017-05-30 13:51:35 {"id":"33392","periods":"47","from_lottery":"22","time":"13:49","timestamp":"49740"}
2017-05-30 13:51:35 {"id":"24194","byid":"2017053047","periods":"47","from_time_id":"33392","from_lottery":"22","day":"2017-05-30 00:00:00","data":"82457","state":"0","lottery_time":null,"order_count":"0","send_lottery_count":"0","winning_count":"0","participate_count":"0","betting_money":"0","winning_money":"0","rebate_money":"0","profit_loss":"0"}
2017-05-30 13:51:35 【重庆时时彩】第47期，正在摇奖中
2017-05-30 13:51:36 【重庆时时彩】第47期，已成功开奖
2017-05-30 13:59:00 【重庆时时彩】第48期，需要开奖
2017-05-30 13:59:00 {"id":"33393","periods":"48","from_lottery":"22","time":"13:59","timestamp":"50340"}
2017-05-30 13:59:00 {"id":"24193","byid":"2017053048","periods":"48","from_time_id":"33393","from_lottery":"22","day":"2017-05-30 00:00:00","data":"53341","state":"0","lottery_time":null,"order_count":"0","send_lottery_count":"0","winning_count":"0","participate_count":"0","betting_money":"0","winning_money":"0","rebate_money":"0","profit_loss":"0"}
2017-05-30 13:59:00 【重庆时时彩】第48期，正在摇奖中
2017-05-30 14:00:00 【重庆时时彩】第48期，已成功开奖
2017-05-30 14:09:00 【重庆时时彩】第49期，需要开奖
2017-05-30 14:09:00 {"id":"33394","periods":"49","from_lottery":"22","time":"14:09","timestamp":"50940"}
2017-05-30 14:09:00 {"id":"24192","byid":"2017053049","periods":"49","from_time_id":"33394","from_lottery":"22","day":"2017-05-30 00:00:00","data":"12963","state":"0","lottery_time":null,"order_count":"0","send_lottery_count":"0","winning_count":"0","participate_count":"0","betting_money":"0","winning_money":"0","rebate_money":"0","profit_loss":"0"}
2017-05-30 14:09:00 【重庆时时彩】第49期，正在摇奖中
2017-05-30 14:10:00 【重庆时时彩】第49期，已成功开奖
2017-05-30 14:19:00 【重庆时时彩】第50期，需要开奖
2017-05-30 14:19:00 {"id":"33395","periods":"50","from_lottery":"22","time":"14:19","timestamp":"51540"}
2017-05-30 14:19:00 {"id":"24191","byid":"2017053050","periods":"50","from_time_id":"33395","from_lottery":"22","day":"2017-05-30 00:00:00","data":"64288","state":"0","lottery_time":null,"order_count":"0","send_lottery_count":"0","winning_count":"0","participate_count":"0","betting_money":"0","winning_money":"0","rebate_money":"0","profit_loss":"0"}
2017-05-30 14:19:00 【重庆时时彩】第50期，正在摇奖中
2017-05-30 14:20:01 【重庆时时彩】第50期，已成功开奖
2017-05-30 14:29:01 【重庆时时彩】第51期，需要开奖
2017-05-30 14:29:01 {"id":"33396","periods":"51","from_lottery":"22","time":"14:29","timestamp":"52140"}
2017-05-30 14:29:01 {"id":"24190","byid":"2017053051","periods":"51","from_time_id":"33396","from_lottery":"22","day":"2017-05-30 00:00:00","data":"42917","state":"0","lottery_time":null,"order_count":"0","send_lottery_count":"0","winning_count":"0","participate_count":"0","betting_money":"0","winning_money":"0","rebate_money":"0","profit_loss":"0"}
2017-05-30 14:29:01 【重庆时时彩】第51期，正在摇奖中
2017-05-30 14:30:00 【重庆时时彩】第51期，已成功开奖
2017-05-30 14:39:00 【重庆时时彩】第52期，需要开奖
2017-05-30 14:39:00 {"id":"33397","periods":"52","from_lottery":"22","time":"14:39","timestamp":"52740"}
2017-05-30 14:39:00 {"id":"24189","byid":"2017053052","periods":"52","from_time_id":"33397","from_lottery":"22","day":"2017-05-30 00:00:00","data":"95759","state":"0","lottery_time":null,"order_count":"0","send_lottery_count":"0","winning_count":"0","participate_count":"0","betting_money":"0","winning_money":"0","rebate_money":"0","profit_loss":"0"}
2017-05-30 14:39:00 【重庆时时彩】第52期，正在摇奖中
2017-05-30 14:40:00 【重庆时时彩】第52期，已成功开奖
2017-05-30 14:49:00 【重庆时时彩】第53期，需要开奖
2017-05-30 14:49:00 {"id":"33398","periods":"53","from_lottery":"22","time":"14:49","timestamp":"53340"}
2017-05-30 14:49:00 {"id":"24188","byid":"2017053053","periods":"53","from_time_id":"33398","from_lottery":"22","day":"2017-05-30 00:00:00","data":"86890","state":"0","lottery_time":null,"order_count":"0","send_lottery_count":"0","winning_count":"0","participate_count":"0","betting_money":"0","winning_money":"0","rebate_money":"0","profit_loss":"0"}
2017-05-30 14:49:00 【重庆时时彩】第53期，正在摇奖中
2017-05-30 14:50:00 【重庆时时彩】第53期，已成功开奖
2017-05-30 14:59:00 【重庆时时彩】第54期，需要开奖
2017-05-30 14:59:00 {"id":"33399","periods":"54","from_lottery":"22","time":"14:59","timestamp":"53940"}
2017-05-30 14:59:00 {"id":"24187","byid":"2017053054","periods":"54","from_time_id":"33399","from_lottery":"22","day":"2017-05-30 00:00:00","data":"69353","state":"0","lottery_time":null,"order_count":"0","send_lottery_count":"0","winning_count":"0","participate_count":"0","betting_money":"0","winning_money":"0","rebate_money":"0","profit_loss":"0"}
2017-05-30 14:59:01 【重庆时时彩】第54期，正在摇奖中
2017-05-30 15:00:00 【重庆时时彩】第54期，已成功开奖
2017-05-30 15:09:00 【重庆时时彩】第55期，需要开奖
2017-05-30 15:09:00 {"id":"33400","periods":"55","from_lottery":"22","time":"15:09","timestamp":"54540"}
2017-05-30 15:09:00 {"id":"24186","byid":"2017053055","periods":"55","from_time_id":"33400","from_lottery":"22","day":"2017-05-30 00:00:00","data":"56639","state":"0","lottery_time":null,"order_count":"0","send_lottery_count":"0","winning_count":"0","participate_count":"0","betting_money":"0","winning_money":"0","rebate_money":"0","profit_loss":"0"}
2017-05-30 15:09:00 【重庆时时彩】第55期，正在摇奖中
2017-05-30 15:10:00 【重庆时时彩】第55期，已成功开奖
2017-05-30 15:19:00 【重庆时时彩】第56期，需要开奖
2017-05-30 15:19:00 {"id":"33401","periods":"56","from_lottery":"22","time":"15:19","timestamp":"55140"}
2017-05-30 15:19:00 {"id":"24185","byid":"2017053056","periods":"56","from_time_id":"33401","from_lottery":"22","day":"2017-05-30 00:00:00","data":"72611","state":"0","lottery_time":null,"order_count":"0","send_lottery_count":"0","winning_count":"0","participate_count":"0","betting_money":"0","winning_money":"0","rebate_money":"0","profit_loss":"0"}
2017-05-30 15:19:00 【重庆时时彩】第56期，正在摇奖中
2017-05-30 15:20:00 【重庆时时彩】第56期，已成功开奖
2017-05-30 15:29:00 【重庆时时彩】第57期，需要开奖
2017-05-30 15:29:00 {"id":"33402","periods":"57","from_lottery":"22","time":"15:29","timestamp":"55740"}
2017-05-30 15:29:00 {"id":"24184","byid":"2017053057","periods":"57","from_time_id":"33402","from_lottery":"22","day":"2017-05-30 00:00:00","data":"63610","state":"0","lottery_time":null,"order_count":"0","send_lottery_count":"0","winning_count":"0","participate_count":"0","betting_money":"0","winning_money":"0","rebate_money":"0","profit_loss":"0"}
2017-05-30 15:29:00 【重庆时时彩】第57期，正在摇奖中
2017-05-30 15:30:01 【重庆时时彩】第57期，已成功开奖
2017-05-30 15:39:00 【重庆时时彩】第58期，需要开奖
2017-05-30 15:39:00 {"id":"33403","periods":"58","from_lottery":"22","time":"15:39","timestamp":"56340"}
2017-05-30 15:39:00 {"id":"24183","byid":"2017053058","periods":"58","from_time_id":"33403","from_lottery":"22","day":"2017-05-30 00:00:00","data":"21508","state":"0","lottery_time":null,"order_count":"0","send_lottery_count":"0","winning_count":"0","participate_count":"0","betting_money":"0","winning_money":"0","rebate_money":"0","profit_loss":"0"}
2017-05-30 15:39:01 【重庆时时彩】第58期，正在摇奖中
2017-05-30 15:40:00 【重庆时时彩】第58期，已成功开奖
2017-05-30 15:49:00 【重庆时时彩】第59期，需要开奖
2017-05-30 15:49:00 {"id":"33404","periods":"59","from_lottery":"22","time":"15:49","timestamp":"56940"}
2017-05-30 15:49:00 {"id":"24182","byid":"2017053059","periods":"59","from_time_id":"33404","from_lottery":"22","day":"2017-05-30 00:00:00","data":"81435","state":"0","lottery_time":null,"order_count":"0","send_lottery_count":"0","winning_count":"0","participate_count":"0","betting_money":"0","winning_money":"0","rebate_money":"0","profit_loss":"0"}
2017-05-30 15:49:00 【重庆时时彩】第59期，正在摇奖中
2017-05-30 15:50:00 【重庆时时彩】第59期，已成功开奖
2017-05-30 15:52:33 检查【重庆时时彩】是否有近七日数据
2017-05-30 15:52:33 2017-05-29 : yes
2017-05-30 15:52:33 2017-05-30 : yes
2017-05-30 15:52:33 2017-05-31 : yes
2017-05-30 15:52:33 2017-06-01 : yes
2017-05-30 15:52:33 2017-06-02 : yes
2017-05-30 15:52:33 2017-06-03 : yes
2017-05-30 15:52:33 2017-06-04 : yes
2017-05-30 15:59:00 【重庆时时彩】第60期，需要开奖
2017-05-30 15:59:00 {"id":"33405","periods":"60","from_lottery":"22","time":"15:59","timestamp":"57540"}
2017-05-30 15:59:00 {"id":"24181","byid":"2017053060","periods":"60","from_time_id":"33405","from_lottery":"22","day":"2017-05-30 00:00:00","data":"42958","state":"0","lottery_time":null,"order_count":"0","send_lottery_count":"0","winning_count":"0","participate_count":"0","betting_money":"0","winning_money":"0","rebate_money":"0","profit_loss":"0"}
2017-05-30 15:59:00 【重庆时时彩】第60期，正在摇奖中
2017-05-30 16:00:00 【重庆时时彩】第60期，已成功开奖
2017-05-30 16:09:00 【重庆时时彩】第61期，需要开奖
2017-05-30 16:09:00 {"id":"33406","periods":"61","from_lottery":"22","time":"16:09","timestamp":"58140"}
2017-05-30 16:09:00 {"id":"24180","byid":"2017053061","periods":"61","from_time_id":"33406","from_lottery":"22","day":"2017-05-30 00:00:00","data":"58435","state":"0","lottery_time":null,"order_count":"0","send_lottery_count":"0","winning_count":"0","participate_count":"0","betting_money":"0","winning_money":"0","rebate_money":"0","profit_loss":"0"}
2017-05-30 16:09:01 【重庆时时彩】第61期，正在摇奖中
2017-05-30 16:10:01 【重庆时时彩】第61期，已成功开奖
2017-05-30 16:19:00 【重庆时时彩】第62期，需要开奖
2017-05-30 16:19:00 {"id":"33407","periods":"62","from_lottery":"22","time":"16:19","timestamp":"58740"}
2017-05-30 16:19:00 {"id":"24179","byid":"2017053062","periods":"62","from_time_id":"33407","from_lottery":"22","day":"2017-05-30 00:00:00","data":"47315","state":"0","lottery_time":null,"order_count":"0","send_lottery_count":"0","winning_count":"0","participate_count":"0","betting_money":"0","winning_money":"0","rebate_money":"0","profit_loss":"0"}
2017-05-30 16:19:00 【重庆时时彩】第62期，正在摇奖中
2017-05-30 16:20:00 【重庆时时彩】第62期，已成功开奖
2017-05-30 16:29:00 【重庆时时彩】第63期，需要开奖
2017-05-30 16:29:00 {"id":"33408","periods":"63","from_lottery":"22","time":"16:29","timestamp":"59340"}
2017-05-30 16:29:00 {"id":"24178","byid":"2017053063","periods":"63","from_time_id":"33408","from_lottery":"22","day":"2017-05-30 00:00:00","data":"30118","state":"0","lottery_time":null,"order_count":"0","send_lottery_count":"0","winning_count":"0","participate_count":"0","betting_money":"0","winning_money":"0","rebate_money":"0","profit_loss":"0"}
2017-05-30 16:29:00 【重庆时时彩】第63期，正在摇奖中
2017-05-30 16:30:00 【重庆时时彩】第63期，已成功开奖
2017-05-30 16:39:00 【重庆时时彩】第64期，需要开奖
2017-05-30 16:39:00 {"id":"33409","periods":"64","from_lottery":"22","time":"16:39","timestamp":"59940"}
2017-05-30 16:39:00 {"id":"24177","byid":"2017053064","periods":"64","from_time_id":"33409","from_lottery":"22","day":"2017-05-30 00:00:00","data":"20865","state":"0","lottery_time":null,"order_count":"0","send_lottery_count":"0","winning_count":"0","participate_count":"0","betting_money":"0","winning_money":"0","rebate_money":"0","profit_loss":"0"}
2017-05-30 16:39:00 【重庆时时彩】第64期，正在摇奖中
2017-05-30 16:40:01 【重庆时时彩】第64期，已成功开奖
2017-05-30 16:49:00 【重庆时时彩】第65期，需要开奖
2017-05-30 16:49:00 {"id":"33410","periods":"65","from_lottery":"22","time":"16:49","timestamp":"60540"}
2017-05-30 16:49:00 {"id":"24176","byid":"2017053065","periods":"65","from_time_id":"33410","from_lottery":"22","day":"2017-05-30 00:00:00","data":"51679","state":"0","lottery_time":null,"order_count":"0","send_lottery_count":"0","winning_count":"0","participate_count":"0","betting_money":"0","winning_money":"0","rebate_money":"0","profit_loss":"0"}
2017-05-30 16:49:00 【重庆时时彩】第65期，正在摇奖中
2017-05-30 16:50:00 【重庆时时彩】第65期，已成功开奖
2017-05-30 16:59:00 【重庆时时彩】第66期，需要开奖
2017-05-30 16:59:00 {"id":"33411","periods":"66","from_lottery":"22","time":"16:59","timestamp":"61140"}
2017-05-30 16:59:00 {"id":"24175","byid":"2017053066","periods":"66","from_time_id":"33411","from_lottery":"22","day":"2017-05-30 00:00:00","data":"48336","state":"0","lottery_time":null,"order_count":"0","send_lottery_count":"0","winning_count":"0","participate_count":"0","betting_money":"0","winning_money":"0","rebate_money":"0","profit_loss":"0"}
2017-05-30 16:59:00 【重庆时时彩】第66期，正在摇奖中
2017-05-30 17:00:00 【重庆时时彩】第66期，已成功开奖
2017-05-30 17:09:00 【重庆时时彩】第67期，需要开奖
2017-05-30 17:09:00 {"id":"33412","periods":"67","from_lottery":"22","time":"17:09","timestamp":"61740"}
2017-05-30 17:09:00 {"id":"24174","byid":"2017053067","periods":"67","from_time_id":"33412","from_lottery":"22","day":"2017-05-30 00:00:00","data":"40500","state":"0","lottery_time":null,"order_count":"0","send_lottery_count":"0","winning_count":"0","participate_count":"0","betting_money":"0","winning_money":"0","rebate_money":"0","profit_loss":"0"}
2017-05-30 17:09:00 【重庆时时彩】第67期，正在摇奖中
2017-05-30 17:10:01 【重庆时时彩】第67期，已成功开奖
2017-05-30 17:19:00 【重庆时时彩】第68期，需要开奖
2017-05-30 17:19:00 {"id":"33413","periods":"68","from_lottery":"22","time":"17:19","timestamp":"62340"}
2017-05-30 17:19:00 {"id":"24173","byid":"2017053068","periods":"68","from_time_id":"33413","from_lottery":"22","day":"2017-05-30 00:00:00","data":"65393","state":"0","lottery_time":null,"order_count":"0","send_lottery_count":"0","winning_count":"0","participate_count":"0","betting_money":"0","winning_money":"0","rebate_money":"0","profit_loss":"0"}
2017-05-30 17:19:00 【重庆时时彩】第68期，正在摇奖中
2017-05-30 17:20:00 【重庆时时彩】第68期，已成功开奖
2017-05-30 17:29:00 【重庆时时彩】第69期，需要开奖
2017-05-30 17:29:00 {"id":"33414","periods":"69","from_lottery":"22","time":"17:29","timestamp":"62940"}
2017-05-30 17:29:00 {"id":"24172","byid":"2017053069","periods":"69","from_time_id":"33414","from_lottery":"22","day":"2017-05-30 00:00:00","data":"68653","state":"0","lottery_time":null,"order_count":"0","send_lottery_count":"0","winning_count":"0","participate_count":"0","betting_money":"0","winning_money":"0","rebate_money":"0","profit_loss":"0"}
2017-05-30 17:29:00 【重庆时时彩】第69期，正在摇奖中
2017-05-30 17:30:00 【重庆时时彩】第69期，已成功开奖
2017-05-30 17:39:00 【重庆时时彩】第70期，需要开奖
2017-05-30 17:39:00 {"id":"33415","periods":"70","from_lottery":"22","time":"17:39","timestamp":"63540"}
2017-05-30 17:39:00 {"id":"24171","byid":"2017053070","periods":"70","from_time_id":"33415","from_lottery":"22","day":"2017-05-30 00:00:00","data":"61135","state":"0","lottery_time":null,"order_count":"0","send_lottery_count":"0","winning_count":"0","participate_count":"0","betting_money":"0","winning_money":"0","rebate_money":"0","profit_loss":"0"}
2017-05-30 17:39:00 【重庆时时彩】第70期，正在摇奖中
2017-05-30 17:40:00 【重庆时时彩】第70期，已成功开奖
2017-05-30 17:49:00 【重庆时时彩】第71期，需要开奖
2017-05-30 17:49:00 {"id":"33416","periods":"71","from_lottery":"22","time":"17:49","timestamp":"64140"}
2017-05-30 17:49:00 {"id":"24170","byid":"2017053071","periods":"71","from_time_id":"33416","from_lottery":"22","day":"2017-05-30 00:00:00","data":"25394","state":"0","lottery_time":null,"order_count":"0","send_lottery_count":"0","winning_count":"0","participate_count":"0","betting_money":"0","winning_money":"0","rebate_money":"0","profit_loss":"0"}
2017-05-30 17:49:00 【重庆时时彩】第71期，正在摇奖中
2017-05-30 17:50:00 【重庆时时彩】第71期，已成功开奖
2017-05-30 17:53:36 检查【重庆时时彩】是否有近七日数据
2017-05-30 17:53:36 2017-05-29 : yes
2017-05-30 17:53:36 2017-05-30 : yes
2017-05-30 17:53:36 2017-05-31 : yes
2017-05-30 17:53:36 2017-06-01 : yes
2017-05-30 17:53:36 2017-06-02 : yes
2017-05-30 17:53:36 2017-06-03 : yes
2017-05-30 17:53:36 2017-06-04 : yes
2017-05-30 17:59:00 【重庆时时彩】第72期，需要开奖
2017-05-30 17:59:00 {"id":"33417","periods":"72","from_lottery":"22","time":"17:59","timestamp":"64740"}
2017-05-30 17:59:00 {"id":"24169","byid":"2017053072","periods":"72","from_time_id":"33417","from_lottery":"22","day":"2017-05-30 00:00:00","data":"10604","state":"0","lottery_time":null,"order_count":"0","send_lottery_count":"0","winning_count":"0","participate_count":"0","betting_money":"0","winning_money":"0","rebate_money":"0","profit_loss":"0"}
2017-05-30 17:59:00 【重庆时时彩】第72期，正在摇奖中
2017-05-30 18:00:00 【重庆时时彩】第72期，已成功开奖
2017-05-30 20:25:31 【重庆时时彩】第86期，需要开奖
2017-05-30 20:25:31 {"id":"33431","periods":"86","from_lottery":"22","time":"20:19","timestamp":"73140"}
2017-05-30 20:25:31 {"id":"24155","byid":"2017053086","periods":"86","from_time_id":"33431","from_lottery":"22","day":"2017-05-30 00:00:00","data":"16355","state":"0","lottery_time":null,"order_count":"0","send_lottery_count":"0","winning_count":"0","participate_count":"0","betting_money":"0","winning_money":"0","rebate_money":"0","profit_loss":"0"}
2017-05-30 20:25:33 【重庆时时彩】第86期，正在摇奖中
2017-05-30 20:25:34 【重庆时时彩】第86期，已成功开奖
2017-05-30 20:29:00 【重庆时时彩】第87期，需要开奖
2017-05-30 20:29:00 {"id":"33432","periods":"87","from_lottery":"22","time":"20:29","timestamp":"73740"}
2017-05-30 20:29:00 {"id":"24154","byid":"2017053087","periods":"87","from_time_id":"33432","from_lottery":"22","day":"2017-05-30 00:00:00","data":"81336","state":"0","lottery_time":null,"order_count":"0","send_lottery_count":"0","winning_count":"0","participate_count":"0","betting_money":"0","winning_money":"0","rebate_money":"0","profit_loss":"0"}
2017-05-30 20:29:01 【重庆时时彩】第87期，正在摇奖中
2017-05-30 20:30:00 【重庆时时彩】第87期，已成功开奖
2017-05-30 20:39:00 【重庆时时彩】第88期，需要开奖
2017-05-30 20:39:00 {"id":"33433","periods":"88","from_lottery":"22","time":"20:39","timestamp":"74340"}
2017-05-30 20:39:00 {"id":"24153","byid":"2017053088","periods":"88","from_time_id":"33433","from_lottery":"22","day":"2017-05-30 00:00:00","data":"24534","state":"0","lottery_time":null,"order_count":"0","send_lottery_count":"0","winning_count":"0","participate_count":"0","betting_money":"0","winning_money":"0","rebate_money":"0","profit_loss":"0"}
2017-05-30 20:39:00 【重庆时时彩】第88期，正在摇奖中
2017-05-30 20:40:00 【重庆时时彩】第88期，已成功开奖
2017-05-30 20:49:00 【重庆时时彩】第89期，需要开奖
2017-05-30 20:49:00 {"id":"33434","periods":"89","from_lottery":"22","time":"20:49","timestamp":"74940"}
2017-05-30 20:49:00 {"id":"24152","byid":"2017053089","periods":"89","from_time_id":"33434","from_lottery":"22","day":"2017-05-30 00:00:00","data":"45417","state":"0","lottery_time":null,"order_count":"0","send_lottery_count":"0","winning_count":"0","participate_count":"0","betting_money":"0","winning_money":"0","rebate_money":"0","profit_loss":"0"}
2017-05-30 20:49:00 【重庆时时彩】第89期，正在摇奖中
2017-05-30 20:50:00 【重庆时时彩】第89期，已成功开奖
2017-05-30 20:59:00 【重庆时时彩】第90期，需要开奖
2017-05-30 20:59:00 {"id":"33435","periods":"90","from_lottery":"22","time":"20:59","timestamp":"75540"}
2017-05-30 20:59:00 {"id":"24151","byid":"2017053090","periods":"90","from_time_id":"33435","from_lottery":"22","day":"2017-05-30 00:00:00","data":"51478","state":"0","lottery_time":null,"order_count":"0","send_lottery_count":"0","winning_count":"0","participate_count":"0","betting_money":"0","winning_money":"0","rebate_money":"0","profit_loss":"0"}
2017-05-30 20:59:00 【重庆时时彩】第90期，正在摇奖中
2017-05-30 21:00:00 【重庆时时彩】第90期，已成功开奖
2017-05-30 21:09:00 【重庆时时彩】第91期，需要开奖
2017-05-30 21:09:00 {"id":"33436","periods":"91","from_lottery":"22","time":"21:09","timestamp":"76140"}
2017-05-30 21:09:00 {"id":"24150","byid":"2017053091","periods":"91","from_time_id":"33436","from_lottery":"22","day":"2017-05-30 00:00:00","data":"25976","state":"0","lottery_time":null,"order_count":"0","send_lottery_count":"0","winning_count":"0","participate_count":"0","betting_money":"0","winning_money":"0","rebate_money":"0","profit_loss":"0"}
2017-05-30 21:09:00 【重庆时时彩】第91期，正在摇奖中
2017-05-30 21:10:00 【重庆时时彩】第91期，已成功开奖
2017-05-30 21:19:00 【重庆时时彩】第92期，需要开奖
2017-05-30 21:19:00 {"id":"33437","periods":"92","from_lottery":"22","time":"21:19","timestamp":"76740"}
2017-05-30 21:19:00 {"id":"24149","byid":"2017053092","periods":"92","from_time_id":"33437","from_lottery":"22","day":"2017-05-30 00:00:00","data":"89101","state":"0","lottery_time":null,"order_count":"0","send_lottery_count":"0","winning_count":"0","participate_count":"0","betting_money":"0","winning_money":"0","rebate_money":"0","profit_loss":"0"}
2017-05-30 21:19:00 【重庆时时彩】第92期，正在摇奖中
2017-05-30 21:20:00 【重庆时时彩】第92期，已成功开奖
2017-05-30 21:29:00 【重庆时时彩】第93期，需要开奖
2017-05-30 21:29:00 {"id":"33438","periods":"93","from_lottery":"22","time":"21:29","timestamp":"77340"}
2017-05-30 21:29:00 {"id":"24148","byid":"2017053093","periods":"93","from_time_id":"33438","from_lottery":"22","day":"2017-05-30 00:00:00","data":"16336","state":"0","lottery_time":null,"order_count":"0","send_lottery_count":"0","winning_count":"0","participate_count":"0","betting_money":"0","winning_money":"0","rebate_money":"0","profit_loss":"0"}
2017-05-30 21:29:00 【重庆时时彩】第93期，正在摇奖中
2017-05-30 21:30:00 【重庆时时彩】第93期，已成功开奖
2017-05-30 21:39:00 【重庆时时彩】第94期，需要开奖
2017-05-30 21:39:00 {"id":"33439","periods":"94","from_lottery":"22","time":"21:39","timestamp":"77940"}
2017-05-30 21:39:00 {"id":"24147","byid":"2017053094","periods":"94","from_time_id":"33439","from_lottery":"22","day":"2017-05-30 00:00:00","data":"92754","state":"0","lottery_time":null,"order_count":"0","send_lottery_count":"0","winning_count":"0","participate_count":"0","betting_money":"0","winning_money":"0","rebate_money":"0","profit_loss":"0"}
2017-05-30 21:39:00 【重庆时时彩】第94期，正在摇奖中
2017-05-30 21:40:00 【重庆时时彩】第94期，已成功开奖
2017-05-30 21:49:00 【重庆时时彩】第95期，需要开奖
2017-05-30 21:49:00 {"id":"33440","periods":"95","from_lottery":"22","time":"21:49","timestamp":"78540"}
2017-05-30 21:49:00 {"id":"24146","byid":"2017053095","periods":"95","from_time_id":"33440","from_lottery":"22","day":"2017-05-30 00:00:00","data":"97003","state":"0","lottery_time":null,"order_count":"0","send_lottery_count":"0","winning_count":"0","participate_count":"0","betting_money":"0","winning_money":"0","rebate_money":"0","profit_loss":"0"}
2017-05-30 21:49:00 【重庆时时彩】第95期，正在摇奖中
2017-05-30 21:50:00 【重庆时时彩】第95期，已成功开奖
