2017-06-10 00:00:00 未发现开奖数据，正在准备号码采集策略
2017-06-10 00:00:01 未发现开奖数据，正在准备号码采集策略
2017-06-10 00:00:02 未发现开奖数据，正在准备号码采集策略
2017-06-10 00:00:03 未发现开奖数据，正在准备号码采集策略
2017-06-10 00:00:04 未发现开奖数据，正在准备号码采集策略
2017-06-10 00:00:05 未发现开奖数据，正在准备号码采集策略
2017-06-10 00:00:06 未发现开奖数据，正在准备号码采集策略
2017-06-10 00:00:07 未发现开奖数据，正在准备号码采集策略
2017-06-10 00:00:08 未发现开奖数据，正在准备号码采集策略
2017-06-10 00:00:09 未发现开奖数据，正在准备号码采集策略
2017-06-10 00:00:10 未发现开奖数据，正在准备号码采集策略
2017-06-10 00:00:11 未发现开奖数据，正在准备号码采集策略
2017-06-10 00:00:12 未发现开奖数据，正在准备号码采集策略
2017-06-10 00:00:13 未发现开奖数据，正在准备号码采集策略
2017-06-10 00:00:14 未发现开奖数据，正在准备号码采集策略
2017-06-10 00:00:15 未发现开奖数据，正在准备号码采集策略
2017-06-10 00:00:16 未发现开奖数据，正在准备号码采集策略
2017-06-10 00:00:17 未发现开奖数据，正在准备号码采集策略
2017-06-10 00:00:18 未发现开奖数据，正在准备号码采集策略
2017-06-10 00:00:19 未发现开奖数据，正在准备号码采集策略
2017-06-10 00:00:20 未发现开奖数据，正在准备号码采集策略
2017-06-10 00:00:21 未发现开奖数据，正在准备号码采集策略
2017-06-10 00:00:22 未发现开奖数据，正在准备号码采集策略
2017-06-10 00:00:23 未发现开奖数据，正在准备号码采集策略
2017-06-10 00:00:24 未发现开奖数据，正在准备号码采集策略
2017-06-10 00:00:25 未发现开奖数据，正在准备号码采集策略
2017-06-10 00:00:26 未发现开奖数据，正在准备号码采集策略
2017-06-10 00:00:27 未发现开奖数据，正在准备号码采集策略
2017-06-10 00:00:28 未发现开奖数据，正在准备号码采集策略
2017-06-10 00:00:29 未发现开奖数据，正在准备号码采集策略
2017-06-10 00:00:30 未发现开奖数据，正在准备号码采集策略
2017-06-10 00:00:31 未发现开奖数据，正在准备号码采集策略
2017-06-10 00:00:32 未发现开奖数据，正在准备号码采集策略
2017-06-10 00:00:33 未发现开奖数据，正在准备号码采集策略
2017-06-10 00:00:34 未发现开奖数据，正在准备号码采集策略
2017-06-10 00:00:35 未发现开奖数据，正在准备号码采集策略
2017-06-10 00:00:36 未发现开奖数据，正在准备号码采集策略
2017-06-10 00:00:37 未发现开奖数据，正在准备号码采集策略
2017-06-10 00:00:38 未发现开奖数据，正在准备号码采集策略
2017-06-10 00:00:39 未发现开奖数据，正在准备号码采集策略
2017-06-10 00:00:40 未发现开奖数据，正在准备号码采集策略
2017-06-10 00:00:41 未发现开奖数据，正在准备号码采集策略
2017-06-10 00:00:42 未发现开奖数据，正在准备号码采集策略
2017-06-10 00:00:43 未发现开奖数据，正在准备号码采集策略
2017-06-10 00:00:44 未发现开奖数据，正在准备号码采集策略
2017-06-10 00:00:45 未发现开奖数据，正在准备号码采集策略
2017-06-10 00:00:46 未发现开奖数据，正在准备号码采集策略
2017-06-10 00:00:47 未发现开奖数据，正在准备号码采集策略
2017-06-10 00:00:48 未发现开奖数据，正在准备号码采集策略
2017-06-10 00:00:49 未发现开奖数据，正在准备号码采集策略
2017-06-10 00:00:50 未发现开奖数据，正在准备号码采集策略
2017-06-10 00:00:51 未发现开奖数据，正在准备号码采集策略
2017-06-10 00:00:52 未发现开奖数据，正在准备号码采集策略
2017-06-10 00:00:54 未发现开奖数据，正在准备号码采集策略
2017-06-10 00:00:55 未发现开奖数据，正在准备号码采集策略
2017-06-10 00:00:56 未发现开奖数据，正在准备号码采集策略
2017-06-10 00:00:57 未发现开奖数据，正在准备号码采集策略
2017-06-10 00:00:58 未发现开奖数据，正在准备号码采集策略
2017-06-10 00:00:59 未发现开奖数据，正在准备号码采集策略
2017-06-10 00:01:00 未发现开奖数据，正在准备号码采集策略
2017-06-10 00:01:01 未发现开奖数据，正在准备号码采集策略
2017-06-10 00:01:02 未发现开奖数据，正在准备号码采集策略
2017-06-10 00:01:03 未发现开奖数据，正在准备号码采集策略
2017-06-10 00:01:04 未发现开奖数据，正在准备号码采集策略
2017-06-10 00:01:05 未发现开奖数据，正在准备号码采集策略
2017-06-10 00:01:06 未发现开奖数据，正在准备号码采集策略
2017-06-10 00:01:07 未发现开奖数据，正在准备号码采集策略
2017-06-10 00:01:08 未发现开奖数据，正在准备号码采集策略
2017-06-10 00:01:09 未发现开奖数据，正在准备号码采集策略
2017-06-10 00:01:10 未发现开奖数据，正在准备号码采集策略
2017-06-10 00:01:11 未发现开奖数据，正在准备号码采集策略
2017-06-10 00:01:12 未发现开奖数据，正在准备号码采集策略
2017-06-10 00:01:13 未发现开奖数据，正在准备号码采集策略
2017-06-10 00:01:14 未发现开奖数据，正在准备号码采集策略
2017-06-10 00:01:15 未发现开奖数据，正在准备号码采集策略
2017-06-10 00:01:16 未发现开奖数据，正在准备号码采集策略
2017-06-10 00:01:17 未发现开奖数据，正在准备号码采集策略
2017-06-10 00:01:18 未发现开奖数据，正在准备号码采集策略
2017-06-10 00:01:19 未发现开奖数据，正在准备号码采集策略
2017-06-10 00:01:20 未发现开奖数据，正在准备号码采集策略
2017-06-10 00:01:21 未发现开奖数据，正在准备号码采集策略
2017-06-10 00:01:22 未发现开奖数据，正在准备号码采集策略
2017-06-10 00:01:23 未发现开奖数据，正在准备号码采集策略
2017-06-10 00:01:24 未发现开奖数据，正在准备号码采集策略
2017-06-10 00:01:25 未发现开奖数据，正在准备号码采集策略
2017-06-10 00:01:26 未发现开奖数据，正在准备号码采集策略
2017-06-10 00:01:27 未发现开奖数据，正在准备号码采集策略
2017-06-10 00:01:28 未发现开奖数据，正在准备号码采集策略
2017-06-10 00:01:29 未发现开奖数据，正在准备号码采集策略
2017-06-10 00:01:30 未发现开奖数据，正在准备号码采集策略
2017-06-10 00:01:31 未发现开奖数据，正在准备号码采集策略
2017-06-10 00:01:32 未发现开奖数据，正在准备号码采集策略
2017-06-10 00:01:33 未发现开奖数据，正在准备号码采集策略
2017-06-10 00:01:34 未发现开奖数据，正在准备号码采集策略
2017-06-10 00:01:35 未发现开奖数据，正在准备号码采集策略
2017-06-10 00:01:36 未发现开奖数据，正在准备号码采集策略
2017-06-10 00:01:37 未发现开奖数据，正在准备号码采集策略
2017-06-10 00:01:38 未发现开奖数据，正在准备号码采集策略
2017-06-10 00:01:39 未发现开奖数据，正在准备号码采集策略
2017-06-10 00:01:40 未发现开奖数据，正在准备号码采集策略
2017-06-10 00:01:41 未发现开奖数据，正在准备号码采集策略
2017-06-10 00:01:42 未发现开奖数据，正在准备号码采集策略
2017-06-10 00:01:43 未发现开奖数据，正在准备号码采集策略
2017-06-10 00:01:44 未发现开奖数据，正在准备号码采集策略
2017-06-10 00:01:45 未发现开奖数据，正在准备号码采集策略
2017-06-10 00:01:46 未发现开奖数据，正在准备号码采集策略
2017-06-10 00:01:47 未发现开奖数据，正在准备号码采集策略
2017-06-10 00:01:48 未发现开奖数据，正在准备号码采集策略
2017-06-10 00:01:49 未发现开奖数据，正在准备号码采集策略
2017-06-10 00:01:50 未发现开奖数据，正在准备号码采集策略
2017-06-10 00:01:51 未发现开奖数据，正在准备号码采集策略
2017-06-10 00:01:52 未发现开奖数据，正在准备号码采集策略
2017-06-10 00:01:53 未发现开奖数据，正在准备号码采集策略
2017-06-10 00:01:54 未发现开奖数据，正在准备号码采集策略
2017-06-10 00:01:55 未发现开奖数据，正在准备号码采集策略
2017-06-10 00:01:56 未发现开奖数据，正在准备号码采集策略
2017-06-10 00:01:57 未发现开奖数据，正在准备号码采集策略
2017-06-10 00:01:58 未发现开奖数据，正在准备号码采集策略
2017-06-10 00:01:59 未发现开奖数据，正在准备号码采集策略
2017-06-10 00:02:00 未发现开奖数据，正在准备号码采集策略
2017-06-10 00:02:01 未发现开奖数据，正在准备号码采集策略
2017-06-10 00:02:02 未发现开奖数据，正在准备号码采集策略
2017-06-10 00:02:03 未发现开奖数据，正在准备号码采集策略
2017-06-10 00:02:04 未发现开奖数据，正在准备号码采集策略
2017-06-10 00:02:05 未发现开奖数据，正在准备号码采集策略
2017-06-10 00:02:06 未发现开奖数据，正在准备号码采集策略
2017-06-10 00:02:07 未发现开奖数据，正在准备号码采集策略
2017-06-10 00:02:08 未发现开奖数据，正在准备号码采集策略
2017-06-10 00:02:09 未发现开奖数据，正在准备号码采集策略
2017-06-10 00:02:10 未发现开奖数据，正在准备号码采集策略
2017-06-10 00:02:11 未发现开奖数据，正在准备号码采集策略
2017-06-10 00:02:12 未发现开奖数据，正在准备号码采集策略
2017-06-10 00:02:13 未发现开奖数据，正在准备号码采集策略
2017-06-10 00:02:14 未发现开奖数据，正在准备号码采集策略
2017-06-10 00:02:15 未发现开奖数据，正在准备号码采集策略
2017-06-10 00:02:16 未发现开奖数据，正在准备号码采集策略
2017-06-10 00:02:17 未发现开奖数据，正在准备号码采集策略
2017-06-10 00:02:18 未发现开奖数据，正在准备号码采集策略
2017-06-10 00:02:19 未发现开奖数据，正在准备号码采集策略
2017-06-10 00:02:20 未发现开奖数据，正在准备号码采集策略
2017-06-10 00:02:21 未发现开奖数据，正在准备号码采集策略
2017-06-10 00:02:22 未发现开奖数据，正在准备号码采集策略
2017-06-10 00:02:23 未发现开奖数据，正在准备号码采集策略
2017-06-10 00:02:24 未发现开奖数据，正在准备号码采集策略
2017-06-10 00:02:25 未发现开奖数据，正在准备号码采集策略
2017-06-10 00:02:26 未发现开奖数据，正在准备号码采集策略
2017-06-10 00:02:27 未发现开奖数据，正在准备号码采集策略
2017-06-10 00:02:28 未发现开奖数据，正在准备号码采集策略
2017-06-10 00:02:29 未发现开奖数据，正在准备号码采集策略
2017-06-10 00:02:30 未发现开奖数据，正在准备号码采集策略
2017-06-10 00:02:31 未发现开奖数据，正在准备号码采集策略
2017-06-10 00:02:32 未发现开奖数据，正在准备号码采集策略
2017-06-10 00:02:33 未发现开奖数据，正在准备号码采集策略
2017-06-10 00:02:34 未发现开奖数据，正在准备号码采集策略
2017-06-10 00:02:35 未发现开奖数据，正在准备号码采集策略
2017-06-10 00:02:36 未发现开奖数据，正在准备号码采集策略
2017-06-10 00:02:37 未发现开奖数据，正在准备号码采集策略
2017-06-10 00:02:38 未发现开奖数据，正在准备号码采集策略
2017-06-10 00:02:39 未发现开奖数据，正在准备号码采集策略
2017-06-10 00:02:40 未发现开奖数据，正在准备号码采集策略
2017-06-10 00:02:41 未发现开奖数据，正在准备号码采集策略
2017-06-10 00:02:42 未发现开奖数据，正在准备号码采集策略
2017-06-10 00:02:43 未发现开奖数据，正在准备号码采集策略
2017-06-10 00:02:44 未发现开奖数据，正在准备号码采集策略
2017-06-10 00:02:45 未发现开奖数据，正在准备号码采集策略
2017-06-10 00:02:46 未发现开奖数据，正在准备号码采集策略
2017-06-10 00:02:47 未发现开奖数据，正在准备号码采集策略
2017-06-10 00:02:48 未发现开奖数据，正在准备号码采集策略
2017-06-10 00:02:49 未发现开奖数据，正在准备号码采集策略
2017-06-10 00:02:50 未发现开奖数据，正在准备号码采集策略
2017-06-10 00:02:51 未发现开奖数据，正在准备号码采集策略
2017-06-10 00:02:52 未发现开奖数据，正在准备号码采集策略
2017-06-10 00:02:53 未发现开奖数据，正在准备号码采集策略
2017-06-10 00:02:54 未发现开奖数据，正在准备号码采集策略
2017-06-10 00:02:55 未发现开奖数据，正在准备号码采集策略
2017-06-10 00:02:56 未发现开奖数据，正在准备号码采集策略
2017-06-10 00:02:57 未发现开奖数据，正在准备号码采集策略
2017-06-10 00:02:58 未发现开奖数据，正在准备号码采集策略
2017-06-10 00:02:59 未发现开奖数据，正在准备号码采集策略
2017-06-10 00:03:00 未发现开奖数据，正在准备号码采集策略
2017-06-10 00:03:01 未发现开奖数据，正在准备号码采集策略
2017-06-10 00:03:02 未发现开奖数据，正在准备号码采集策略
2017-06-10 00:03:03 未发现开奖数据，正在准备号码采集策略
2017-06-10 00:03:04 未发现开奖数据，正在准备号码采集策略
2017-06-10 00:03:05 未发现开奖数据，正在准备号码采集策略
2017-06-10 00:03:06 未发现开奖数据，正在准备号码采集策略
2017-06-10 00:03:07 未发现开奖数据，正在准备号码采集策略
2017-06-10 00:03:08 未发现开奖数据，正在准备号码采集策略
2017-06-10 00:03:09 未发现开奖数据，正在准备号码采集策略
2017-06-10 00:03:10 未发现开奖数据，正在准备号码采集策略
2017-06-10 00:03:11 未发现开奖数据，正在准备号码采集策略
2017-06-10 00:03:12 未发现开奖数据，正在准备号码采集策略
2017-06-10 00:03:13 未发现开奖数据，正在准备号码采集策略
2017-06-10 00:03:14 未发现开奖数据，正在准备号码采集策略
2017-06-10 00:03:15 未发现开奖数据，正在准备号码采集策略
2017-06-10 00:03:16 未发现开奖数据，正在准备号码采集策略
2017-06-10 00:03:17 未发现开奖数据，正在准备号码采集策略
2017-06-10 00:03:18 未发现开奖数据，正在准备号码采集策略
2017-06-10 00:03:19 未发现开奖数据，正在准备号码采集策略
2017-06-10 00:03:20 未发现开奖数据，正在准备号码采集策略
2017-06-10 00:03:21 未发现开奖数据，正在准备号码采集策略
2017-06-10 00:03:22 未发现开奖数据，正在准备号码采集策略
2017-06-10 00:03:23 未发现开奖数据，正在准备号码采集策略
2017-06-10 00:03:24 未发现开奖数据，正在准备号码采集策略
2017-06-10 00:03:25 未发现开奖数据，正在准备号码采集策略
2017-06-10 00:03:26 未发现开奖数据，正在准备号码采集策略
2017-06-10 00:03:27 未发现开奖数据，正在准备号码采集策略
2017-06-10 00:03:28 未发现开奖数据，正在准备号码采集策略
2017-06-10 00:03:29 未发现开奖数据，正在准备号码采集策略
2017-06-10 00:03:30 未发现开奖数据，正在准备号码采集策略
2017-06-10 00:03:31 未发现开奖数据，正在准备号码采集策略
2017-06-10 00:03:32 未发现开奖数据，正在准备号码采集策略
2017-06-10 00:03:33 未发现开奖数据，正在准备号码采集策略
2017-06-10 00:03:34 未发现开奖数据，正在准备号码采集策略
2017-06-10 00:03:35 未发现开奖数据，正在准备号码采集策略
2017-06-10 00:03:36 未发现开奖数据，正在准备号码采集策略
2017-06-10 00:03:37 未发现开奖数据，正在准备号码采集策略
2017-06-10 00:03:38 未发现开奖数据，正在准备号码采集策略
2017-06-10 00:03:39 未发现开奖数据，正在准备号码采集策略
2017-06-10 00:03:40 未发现开奖数据，正在准备号码采集策略
2017-06-10 00:03:41 未发现开奖数据，正在准备号码采集策略
2017-06-10 00:03:42 未发现开奖数据，正在准备号码采集策略
2017-06-10 00:03:43 未发现开奖数据，正在准备号码采集策略
2017-06-10 00:03:44 未发现开奖数据，正在准备号码采集策略
2017-06-10 00:03:45 未发现开奖数据，正在准备号码采集策略
2017-06-10 00:03:46 未发现开奖数据，正在准备号码采集策略
2017-06-10 00:03:47 未发现开奖数据，正在准备号码采集策略
2017-06-10 00:03:48 未发现开奖数据，正在准备号码采集策略
2017-06-10 00:03:49 未发现开奖数据，正在准备号码采集策略
2017-06-10 00:03:50 未发现开奖数据，正在准备号码采集策略
2017-06-10 00:03:51 未发现开奖数据，正在准备号码采集策略
2017-06-10 00:03:52 未发现开奖数据，正在准备号码采集策略
2017-06-10 00:03:53 未发现开奖数据，正在准备号码采集策略
2017-06-10 00:03:54 未发现开奖数据，正在准备号码采集策略
2017-06-10 00:03:55 未发现开奖数据，正在准备号码采集策略
2017-06-10 00:03:56 未发现开奖数据，正在准备号码采集策略
2017-06-10 00:03:57 未发现开奖数据，正在准备号码采集策略
2017-06-10 00:03:58 未发现开奖数据，正在准备号码采集策略
2017-06-10 00:03:59 未发现开奖数据，正在准备号码采集策略
2017-06-10 00:04:00 【重庆时时彩】第1期，需要开奖
2017-06-10 00:04:00 {"id":"33346","periods":"1","from_lottery":"22","time":"00:04","timestamp":"240"}
2017-06-10 00:04:00 {"id":"25440","byid":"201706101","periods":"1","from_time_id":"33346","from_lottery":"22","day":"2017-06-10 00:00:00","data":"77178","state":"0","lottery_time":null,"order_count":"0","send_lottery_count":"0","winning_count":"0","participate_count":"0","betting_money":"0","winning_money":"0","rebate_money":"0","profit_loss":"0"}
2017-06-10 00:04:00 【重庆时时彩】第1期，正在摇奖中
2017-06-10 00:05:00 【重庆时时彩】第1期，已成功开奖
2017-06-10 00:09:00 【重庆时时彩】第2期，需要开奖
2017-06-10 00:09:00 {"id":"33347","periods":"2","from_lottery":"22","time":"00:09","timestamp":"540"}
2017-06-10 00:09:00 {"id":"25439","byid":"201706102","periods":"2","from_time_id":"33347","from_lottery":"22","day":"2017-06-10 00:00:00","data":"89700","state":"0","lottery_time":null,"order_count":"0","send_lottery_count":"0","winning_count":"0","participate_count":"0","betting_money":"0","winning_money":"0","rebate_money":"0","profit_loss":"0"}
2017-06-10 00:09:00 【重庆时时彩】第2期，正在摇奖中
2017-06-10 00:10:00 【重庆时时彩】第2期，已成功开奖
2017-06-10 00:14:00 【重庆时时彩】第3期，需要开奖
2017-06-10 00:14:00 {"id":"33348","periods":"3","from_lottery":"22","time":"00:14","timestamp":"840"}
2017-06-10 00:14:00 {"id":"25438","byid":"201706103","periods":"3","from_time_id":"33348","from_lottery":"22","day":"2017-06-10 00:00:00","data":"97904","state":"0","lottery_time":null,"order_count":"0","send_lottery_count":"0","winning_count":"0","participate_count":"0","betting_money":"0","winning_money":"0","rebate_money":"0","profit_loss":"0"}
2017-06-10 00:14:00 【重庆时时彩】第3期，正在摇奖中
2017-06-10 00:15:00 【重庆时时彩】第3期，已成功开奖
2017-06-10 00:19:00 【重庆时时彩】第4期，需要开奖
2017-06-10 00:19:00 {"id":"33349","periods":"4","from_lottery":"22","time":"00:19","timestamp":"1140"}
2017-06-10 00:19:00 {"id":"25437","byid":"201706104","periods":"4","from_time_id":"33349","from_lottery":"22","day":"2017-06-10 00:00:00","data":"21590","state":"0","lottery_time":null,"order_count":"0","send_lottery_count":"0","winning_count":"0","participate_count":"0","betting_money":"0","winning_money":"0","rebate_money":"0","profit_loss":"0"}
2017-06-10 00:19:00 【重庆时时彩】第4期，正在摇奖中
2017-06-10 00:20:00 【重庆时时彩】第4期，已成功开奖
2017-06-10 00:24:00 【重庆时时彩】第5期，需要开奖
2017-06-10 00:24:00 {"id":"33350","periods":"5","from_lottery":"22","time":"00:24","timestamp":"1440"}
2017-06-10 00:24:00 {"id":"25436","byid":"201706105","periods":"5","from_time_id":"33350","from_lottery":"22","day":"2017-06-10 00:00:00","data":"96789","state":"0","lottery_time":null,"order_count":"0","send_lottery_count":"0","winning_count":"0","participate_count":"0","betting_money":"0","winning_money":"0","rebate_money":"0","profit_loss":"0"}
2017-06-10 00:24:00 【重庆时时彩】第5期，正在摇奖中
2017-06-10 00:25:00 【重庆时时彩】第5期，已成功开奖
2017-06-10 00:29:00 【重庆时时彩】第6期，需要开奖
2017-06-10 00:29:00 {"id":"33351","periods":"6","from_lottery":"22","time":"00:29","timestamp":"1740"}
2017-06-10 00:29:00 {"id":"25435","byid":"201706106","periods":"6","from_time_id":"33351","from_lottery":"22","day":"2017-06-10 00:00:00","data":"53807","state":"0","lottery_time":null,"order_count":"0","send_lottery_count":"0","winning_count":"0","participate_count":"0","betting_money":"0","winning_money":"0","rebate_money":"0","profit_loss":"0"}
2017-06-10 00:29:00 【重庆时时彩】第6期，正在摇奖中
2017-06-10 00:30:00 【重庆时时彩】第6期，已成功开奖
2017-06-10 00:34:00 【重庆时时彩】第7期，需要开奖
2017-06-10 00:34:00 {"id":"33352","periods":"7","from_lottery":"22","time":"00:34","timestamp":"2040"}
2017-06-10 00:34:00 {"id":"25434","byid":"201706107","periods":"7","from_time_id":"33352","from_lottery":"22","day":"2017-06-10 00:00:00","data":"69966","state":"0","lottery_time":null,"order_count":"0","send_lottery_count":"0","winning_count":"0","participate_count":"0","betting_money":"0","winning_money":"0","rebate_money":"0","profit_loss":"0"}
2017-06-10 00:34:00 【重庆时时彩】第7期，正在摇奖中
2017-06-10 00:35:00 【重庆时时彩】第7期，已成功开奖
2017-06-10 00:39:00 【重庆时时彩】第8期，需要开奖
2017-06-10 00:39:00 {"id":"33353","periods":"8","from_lottery":"22","time":"00:39","timestamp":"2340"}
2017-06-10 00:39:00 {"id":"25433","byid":"201706108","periods":"8","from_time_id":"33353","from_lottery":"22","day":"2017-06-10 00:00:00","data":"65766","state":"0","lottery_time":null,"order_count":"0","send_lottery_count":"0","winning_count":"0","participate_count":"0","betting_money":"0","winning_money":"0","rebate_money":"0","profit_loss":"0"}
2017-06-10 00:39:00 【重庆时时彩】第8期，正在摇奖中
2017-06-10 00:40:00 【重庆时时彩】第8期，已成功开奖
2017-06-10 00:44:00 【重庆时时彩】第9期，需要开奖
2017-06-10 00:44:00 {"id":"33354","periods":"9","from_lottery":"22","time":"00:44","timestamp":"2640"}
2017-06-10 00:44:00 {"id":"25432","byid":"201706109","periods":"9","from_time_id":"33354","from_lottery":"22","day":"2017-06-10 00:00:00","data":"78255","state":"0","lottery_time":null,"order_count":"0","send_lottery_count":"0","winning_count":"0","participate_count":"0","betting_money":"0","winning_money":"0","rebate_money":"0","profit_loss":"0"}
2017-06-10 00:44:00 【重庆时时彩】第9期，正在摇奖中
2017-06-10 00:45:00 【重庆时时彩】第9期，已成功开奖
2017-06-10 00:49:00 【重庆时时彩】第10期，需要开奖
2017-06-10 00:49:00 {"id":"33355","periods":"10","from_lottery":"22","time":"00:49","timestamp":"2940"}
2017-06-10 00:49:00 {"id":"25431","byid":"2017061010","periods":"10","from_time_id":"33355","from_lottery":"22","day":"2017-06-10 00:00:00","data":"80317","state":"0","lottery_time":null,"order_count":"0","send_lottery_count":"0","winning_count":"0","participate_count":"0","betting_money":"0","winning_money":"0","rebate_money":"0","profit_loss":"0"}
2017-06-10 00:49:00 【重庆时时彩】第10期，正在摇奖中
2017-06-10 00:50:01 【重庆时时彩】第10期，已成功开奖
2017-06-10 00:54:00 【重庆时时彩】第11期，需要开奖
2017-06-10 00:54:00 {"id":"33356","periods":"11","from_lottery":"22","time":"00:54","timestamp":"3240"}
2017-06-10 00:54:00 {"id":"25430","byid":"2017061011","periods":"11","from_time_id":"33356","from_lottery":"22","day":"2017-06-10 00:00:00","data":"89664","state":"0","lottery_time":null,"order_count":"0","send_lottery_count":"0","winning_count":"0","participate_count":"0","betting_money":"0","winning_money":"0","rebate_money":"0","profit_loss":"0"}
2017-06-10 00:54:00 【重庆时时彩】第11期，正在摇奖中
2017-06-10 00:55:00 【重庆时时彩】第11期，已成功开奖
2017-06-10 00:59:00 【重庆时时彩】第12期，需要开奖
2017-06-10 00:59:00 {"id":"33357","periods":"12","from_lottery":"22","time":"00:59","timestamp":"3540"}
2017-06-10 00:59:00 {"id":"25429","byid":"2017061012","periods":"12","from_time_id":"33357","from_lottery":"22","day":"2017-06-10 00:00:00","data":"16251","state":"0","lottery_time":null,"order_count":"0","send_lottery_count":"0","winning_count":"0","participate_count":"0","betting_money":"0","winning_money":"0","rebate_money":"0","profit_loss":"0"}
2017-06-10 00:59:00 【重庆时时彩】第12期，正在摇奖中
2017-06-10 01:00:00 【重庆时时彩】第12期，已成功开奖
2017-06-10 01:04:00 【重庆时时彩】第13期，需要开奖
2017-06-10 01:04:00 {"id":"33358","periods":"13","from_lottery":"22","time":"01:04","timestamp":"3840"}
2017-06-10 01:04:00 {"id":"25428","byid":"2017061013","periods":"13","from_time_id":"33358","from_lottery":"22","day":"2017-06-10 00:00:00","data":"91889","state":"0","lottery_time":null,"order_count":"0","send_lottery_count":"0","winning_count":"0","participate_count":"0","betting_money":"0","winning_money":"0","rebate_money":"0","profit_loss":"0"}
2017-06-10 01:04:00 【重庆时时彩】第13期，正在摇奖中
2017-06-10 01:05:00 【重庆时时彩】第13期，已成功开奖
2017-06-10 01:09:00 【重庆时时彩】第14期，需要开奖
2017-06-10 01:09:00 {"id":"33359","periods":"14","from_lottery":"22","time":"01:09","timestamp":"4140"}
2017-06-10 01:09:00 {"id":"25427","byid":"2017061014","periods":"14","from_time_id":"33359","from_lottery":"22","day":"2017-06-10 00:00:00","data":"70792","state":"0","lottery_time":null,"order_count":"0","send_lottery_count":"0","winning_count":"0","participate_count":"0","betting_money":"0","winning_money":"0","rebate_money":"0","profit_loss":"0"}
2017-06-10 01:09:00 【重庆时时彩】第14期，正在摇奖中
2017-06-10 01:10:01 【重庆时时彩】第14期，已成功开奖
2017-06-10 01:14:00 【重庆时时彩】第15期，需要开奖
2017-06-10 01:14:00 {"id":"33360","periods":"15","from_lottery":"22","time":"01:14","timestamp":"4440"}
2017-06-10 01:14:00 {"id":"25426","byid":"2017061015","periods":"15","from_time_id":"33360","from_lottery":"22","day":"2017-06-10 00:00:00","data":"24812","state":"0","lottery_time":null,"order_count":"0","send_lottery_count":"0","winning_count":"0","participate_count":"0","betting_money":"0","winning_money":"0","rebate_money":"0","profit_loss":"0"}
2017-06-10 01:14:00 【重庆时时彩】第15期，正在摇奖中
2017-06-10 01:15:00 【重庆时时彩】第15期，已成功开奖
2017-06-10 01:19:00 【重庆时时彩】第16期，需要开奖
2017-06-10 01:19:00 {"id":"33361","periods":"16","from_lottery":"22","time":"01:19","timestamp":"4740"}
2017-06-10 01:19:00 {"id":"25425","byid":"2017061016","periods":"16","from_time_id":"33361","from_lottery":"22","day":"2017-06-10 00:00:00","data":"22106","state":"0","lottery_time":null,"order_count":"0","send_lottery_count":"0","winning_count":"0","participate_count":"0","betting_money":"0","winning_money":"0","rebate_money":"0","profit_loss":"0"}
2017-06-10 01:19:00 【重庆时时彩】第16期，正在摇奖中
2017-06-10 01:20:00 【重庆时时彩】第16期，已成功开奖
2017-06-10 01:24:00 【重庆时时彩】第17期，需要开奖
2017-06-10 01:24:00 {"id":"33362","periods":"17","from_lottery":"22","time":"01:24","timestamp":"5040"}
2017-06-10 01:24:00 {"id":"25424","byid":"2017061017","periods":"17","from_time_id":"33362","from_lottery":"22","day":"2017-06-10 00:00:00","data":"73003","state":"0","lottery_time":null,"order_count":"0","send_lottery_count":"0","winning_count":"0","participate_count":"0","betting_money":"0","winning_money":"0","rebate_money":"0","profit_loss":"0"}
2017-06-10 01:24:00 【重庆时时彩】第17期，正在摇奖中
2017-06-10 01:25:00 【重庆时时彩】第17期，已成功开奖
2017-06-10 01:29:00 【重庆时时彩】第18期，需要开奖
2017-06-10 01:29:00 {"id":"33363","periods":"18","from_lottery":"22","time":"01:29","timestamp":"5340"}
2017-06-10 01:29:00 {"id":"25423","byid":"2017061018","periods":"18","from_time_id":"33363","from_lottery":"22","day":"2017-06-10 00:00:00","data":"61795","state":"0","lottery_time":null,"order_count":"0","send_lottery_count":"0","winning_count":"0","participate_count":"0","betting_money":"0","winning_money":"0","rebate_money":"0","profit_loss":"0"}
2017-06-10 01:29:00 【重庆时时彩】第18期，正在摇奖中
2017-06-10 01:30:00 【重庆时时彩】第18期，已成功开奖
2017-06-10 01:34:00 【重庆时时彩】第19期，需要开奖
2017-06-10 01:34:00 {"id":"33364","periods":"19","from_lottery":"22","time":"01:34","timestamp":"5640"}
2017-06-10 01:34:00 {"id":"25422","byid":"2017061019","periods":"19","from_time_id":"33364","from_lottery":"22","day":"2017-06-10 00:00:00","data":"58221","state":"0","lottery_time":null,"order_count":"0","send_lottery_count":"0","winning_count":"0","participate_count":"0","betting_money":"0","winning_money":"0","rebate_money":"0","profit_loss":"0"}
2017-06-10 01:34:00 【重庆时时彩】第19期，正在摇奖中
2017-06-10 01:35:00 【重庆时时彩】第19期，已成功开奖
2017-06-10 01:39:00 【重庆时时彩】第20期，需要开奖
2017-06-10 01:39:00 {"id":"33365","periods":"20","from_lottery":"22","time":"01:39","timestamp":"5940"}
2017-06-10 01:39:00 {"id":"25421","byid":"2017061020","periods":"20","from_time_id":"33365","from_lottery":"22","day":"2017-06-10 00:00:00","data":"97396","state":"0","lottery_time":null,"order_count":"0","send_lottery_count":"0","winning_count":"0","participate_count":"0","betting_money":"0","winning_money":"0","rebate_money":"0","profit_loss":"0"}
2017-06-10 01:39:00 【重庆时时彩】第20期，正在摇奖中
2017-06-10 01:40:00 【重庆时时彩】第20期，已成功开奖
2017-06-10 01:42:29 检查【重庆时时彩】是否有近七日数据
2017-06-10 01:42:29 2017-06-09 : yes
2017-06-10 01:42:29 2017-06-10 : yes
2017-06-10 01:42:29 2017-06-11 : yes
2017-06-10 01:42:29 2017-06-12 : yes
2017-06-10 01:42:29 2017-06-13 : yes
2017-06-10 01:42:29 2017-06-14 : yes
2017-06-10 01:42:29 2017-06-15 : no
2017-06-10 01:44:00 【重庆时时彩】第21期，需要开奖
2017-06-10 01:44:00 {"id":"33366","periods":"21","from_lottery":"22","time":"01:44","timestamp":"6240"}
2017-06-10 01:44:00 {"id":"25420","byid":"2017061021","periods":"21","from_time_id":"33366","from_lottery":"22","day":"2017-06-10 00:00:00","data":"91911","state":"0","lottery_time":null,"order_count":"0","send_lottery_count":"0","winning_count":"0","participate_count":"0","betting_money":"0","winning_money":"0","rebate_money":"0","profit_loss":"0"}
2017-06-10 01:44:00 【重庆时时彩】第21期，正在摇奖中
2017-06-10 01:45:00 【重庆时时彩】第21期，已成功开奖
2017-06-10 01:49:00 【重庆时时彩】第22期，需要开奖
2017-06-10 01:49:00 {"id":"33367","periods":"22","from_lottery":"22","time":"01:49","timestamp":"6540"}
2017-06-10 01:49:00 {"id":"25419","byid":"2017061022","periods":"22","from_time_id":"33367","from_lottery":"22","day":"2017-06-10 00:00:00","data":"44887","state":"0","lottery_time":null,"order_count":"0","send_lottery_count":"0","winning_count":"0","participate_count":"0","betting_money":"0","winning_money":"0","rebate_money":"0","profit_loss":"0"}
2017-06-10 01:49:00 【重庆时时彩】第22期，正在摇奖中
2017-06-10 01:50:00 【重庆时时彩】第22期，已成功开奖
2017-06-10 01:54:00 【重庆时时彩】第23期，需要开奖
2017-06-10 01:54:00 {"id":"33368","periods":"23","from_lottery":"22","time":"01:54","timestamp":"6840"}
2017-06-10 01:54:00 {"id":"25418","byid":"2017061023","periods":"23","from_time_id":"33368","from_lottery":"22","day":"2017-06-10 00:00:00","data":"57705","state":"0","lottery_time":null,"order_count":"0","send_lottery_count":"0","winning_count":"0","participate_count":"0","betting_money":"0","winning_money":"0","rebate_money":"0","profit_loss":"0"}
2017-06-10 01:54:00 【重庆时时彩】第23期，正在摇奖中
2017-06-10 01:55:00 【重庆时时彩】第23期，已成功开奖
2017-06-10 03:43:10 检查【重庆时时彩】是否有近七日数据
2017-06-10 03:43:10 2017-06-09 : yes
2017-06-10 03:43:10 2017-06-10 : yes
2017-06-10 03:43:10 2017-06-11 : yes
2017-06-10 03:43:10 2017-06-12 : yes
2017-06-10 03:43:10 2017-06-13 : yes
2017-06-10 03:43:10 2017-06-14 : yes
2017-06-10 03:43:10 2017-06-15 : yes
2017-06-10 05:43:50 检查【重庆时时彩】是否有近七日数据
2017-06-10 05:43:50 2017-06-09 : yes
2017-06-10 05:43:50 2017-06-10 : yes
2017-06-10 05:43:50 2017-06-11 : yes
2017-06-10 05:43:50 2017-06-12 : yes
2017-06-10 05:43:50 2017-06-13 : yes
2017-06-10 05:43:50 2017-06-14 : yes
2017-06-10 05:43:50 2017-06-15 : yes
2017-06-10 07:44:29 检查【重庆时时彩】是否有近七日数据
2017-06-10 07:44:29 2017-06-09 : yes
2017-06-10 07:44:29 2017-06-10 : yes
2017-06-10 07:44:29 2017-06-11 : yes
2017-06-10 07:44:29 2017-06-12 : yes
2017-06-10 07:44:29 2017-06-13 : yes
2017-06-10 07:44:29 2017-06-14 : yes
2017-06-10 07:44:29 2017-06-15 : yes
2017-06-10 09:45:13 检查【重庆时时彩】是否有近七日数据
2017-06-10 09:45:13 2017-06-09 : yes
2017-06-10 09:45:13 2017-06-10 : yes
2017-06-10 09:45:13 2017-06-11 : yes
2017-06-10 09:45:13 2017-06-12 : yes
2017-06-10 09:45:13 2017-06-13 : yes
2017-06-10 09:45:13 2017-06-14 : yes
2017-06-10 09:45:13 2017-06-15 : yes
2017-06-10 09:59:00 【重庆时时彩】第24期，需要开奖
2017-06-10 09:59:00 {"id":"33369","periods":"24","from_lottery":"22","time":"09:59","timestamp":"35940"}
2017-06-10 09:59:00 {"id":"25417","byid":"2017061024","periods":"24","from_time_id":"33369","from_lottery":"22","day":"2017-06-10 00:00:00","data":"31181","state":"0","lottery_time":null,"order_count":"0","send_lottery_count":"0","winning_count":"0","participate_count":"0","betting_money":"0","winning_money":"0","rebate_money":"0","profit_loss":"0"}
2017-06-10 09:59:00 【重庆时时彩】第24期，正在摇奖中
2017-06-10 10:00:00 【重庆时时彩】第24期，已成功开奖
2017-06-10 10:09:00 【重庆时时彩】第25期，需要开奖
2017-06-10 10:09:00 {"id":"33370","periods":"25","from_lottery":"22","time":"10:09","timestamp":"36540"}
2017-06-10 10:09:00 {"id":"25416","byid":"2017061025","periods":"25","from_time_id":"33370","from_lottery":"22","day":"2017-06-10 00:00:00","data":"83924","state":"0","lottery_time":null,"order_count":"0","send_lottery_count":"0","winning_count":"0","participate_count":"0","betting_money":"0","winning_money":"0","rebate_money":"0","profit_loss":"0"}
2017-06-10 10:09:00 【重庆时时彩】第25期，正在摇奖中
2017-06-10 10:10:00 【重庆时时彩】第25期，已成功开奖
2017-06-10 10:19:00 【重庆时时彩】第26期，需要开奖
2017-06-10 10:19:00 {"id":"33371","periods":"26","from_lottery":"22","time":"10:19","timestamp":"37140"}
2017-06-10 10:19:00 {"id":"25415","byid":"2017061026","periods":"26","from_time_id":"33371","from_lottery":"22","day":"2017-06-10 00:00:00","data":"56631","state":"0","lottery_time":null,"order_count":"0","send_lottery_count":"0","winning_count":"0","participate_count":"0","betting_money":"0","winning_money":"0","rebate_money":"0","profit_loss":"0"}
2017-06-10 10:19:00 【重庆时时彩】第26期，正在摇奖中
2017-06-10 10:20:00 【重庆时时彩】第26期，已成功开奖
2017-06-10 10:29:00 【重庆时时彩】第27期，需要开奖
2017-06-10 10:29:00 {"id":"33372","periods":"27","from_lottery":"22","time":"10:29","timestamp":"37740"}
2017-06-10 10:29:00 {"id":"25414","byid":"2017061027","periods":"27","from_time_id":"33372","from_lottery":"22","day":"2017-06-10 00:00:00","data":"26075","state":"0","lottery_time":null,"order_count":"0","send_lottery_count":"0","winning_count":"0","participate_count":"0","betting_money":"0","winning_money":"0","rebate_money":"0","profit_loss":"0"}
2017-06-10 10:29:00 【重庆时时彩】第27期，正在摇奖中
2017-06-10 10:30:00 【重庆时时彩】第27期，已成功开奖
2017-06-10 10:39:00 【重庆时时彩】第28期，需要开奖
2017-06-10 10:39:00 {"id":"33373","periods":"28","from_lottery":"22","time":"10:39","timestamp":"38340"}
2017-06-10 10:39:00 {"id":"25413","byid":"2017061028","periods":"28","from_time_id":"33373","from_lottery":"22","day":"2017-06-10 00:00:00","data":"17525","state":"0","lottery_time":null,"order_count":"0","send_lottery_count":"0","winning_count":"0","participate_count":"0","betting_money":"0","winning_money":"0","rebate_money":"0","profit_loss":"0"}
2017-06-10 10:39:00 【重庆时时彩】第28期，正在摇奖中
2017-06-10 10:40:00 【重庆时时彩】第28期，已成功开奖
2017-06-10 10:49:00 【重庆时时彩】第29期，需要开奖
2017-06-10 10:49:00 {"id":"33374","periods":"29","from_lottery":"22","time":"10:49","timestamp":"38940"}
2017-06-10 10:49:00 {"id":"25412","byid":"2017061029","periods":"29","from_time_id":"33374","from_lottery":"22","day":"2017-06-10 00:00:00","data":"29355","state":"0","lottery_time":null,"order_count":"0","send_lottery_count":"0","winning_count":"0","participate_count":"0","betting_money":"0","winning_money":"0","rebate_money":"0","profit_loss":"0"}
2017-06-10 10:49:00 【重庆时时彩】第29期，正在摇奖中
2017-06-10 10:50:00 【重庆时时彩】第29期，已成功开奖
2017-06-10 10:59:00 【重庆时时彩】第30期，需要开奖
2017-06-10 10:59:00 {"id":"33375","periods":"30","from_lottery":"22","time":"10:59","timestamp":"39540"}
2017-06-10 10:59:00 {"id":"25411","byid":"2017061030","periods":"30","from_time_id":"33375","from_lottery":"22","day":"2017-06-10 00:00:00","data":"88590","state":"0","lottery_time":null,"order_count":"0","send_lottery_count":"0","winning_count":"0","participate_count":"0","betting_money":"0","winning_money":"0","rebate_money":"0","profit_loss":"0"}
2017-06-10 10:59:00 【重庆时时彩】第30期，正在摇奖中
2017-06-10 11:00:00 【重庆时时彩】第30期，已成功开奖
2017-06-10 11:09:00 【重庆时时彩】第31期，需要开奖
2017-06-10 11:09:00 {"id":"33376","periods":"31","from_lottery":"22","time":"11:09","timestamp":"40140"}
2017-06-10 11:09:00 {"id":"25410","byid":"2017061031","periods":"31","from_time_id":"33376","from_lottery":"22","day":"2017-06-10 00:00:00","data":"11145","state":"0","lottery_time":null,"order_count":"0","send_lottery_count":"0","winning_count":"0","participate_count":"0","betting_money":"0","winning_money":"0","rebate_money":"0","profit_loss":"0"}
2017-06-10 11:09:00 【重庆时时彩】第31期，正在摇奖中
2017-06-10 11:10:00 【重庆时时彩】第31期，已成功开奖
2017-06-10 11:19:00 【重庆时时彩】第32期，需要开奖
2017-06-10 11:19:00 {"id":"33377","periods":"32","from_lottery":"22","time":"11:19","timestamp":"40740"}
2017-06-10 11:19:00 {"id":"25409","byid":"2017061032","periods":"32","from_time_id":"33377","from_lottery":"22","day":"2017-06-10 00:00:00","data":"25490","state":"0","lottery_time":null,"order_count":"0","send_lottery_count":"0","winning_count":"0","participate_count":"0","betting_money":"0","winning_money":"0","rebate_money":"0","profit_loss":"0"}
2017-06-10 11:19:00 【重庆时时彩】第32期，正在摇奖中
2017-06-10 11:20:00 【重庆时时彩】第32期，已成功开奖
2017-06-10 11:29:00 【重庆时时彩】第33期，需要开奖
2017-06-10 11:29:00 {"id":"33378","periods":"33","from_lottery":"22","time":"11:29","timestamp":"41340"}
2017-06-10 11:29:00 {"id":"25408","byid":"2017061033","periods":"33","from_time_id":"33378","from_lottery":"22","day":"2017-06-10 00:00:00","data":"43516","state":"0","lottery_time":null,"order_count":"0","send_lottery_count":"0","winning_count":"0","participate_count":"0","betting_money":"0","winning_money":"0","rebate_money":"0","profit_loss":"0"}
2017-06-10 11:29:00 【重庆时时彩】第33期，正在摇奖中
2017-06-10 11:30:00 【重庆时时彩】第33期，已成功开奖
2017-06-10 11:39:00 【重庆时时彩】第34期，需要开奖
2017-06-10 11:39:00 {"id":"33379","periods":"34","from_lottery":"22","time":"11:39","timestamp":"41940"}
2017-06-10 11:39:00 {"id":"25407","byid":"2017061034","periods":"34","from_time_id":"33379","from_lottery":"22","day":"2017-06-10 00:00:00","data":"87327","state":"0","lottery_time":null,"order_count":"0","send_lottery_count":"0","winning_count":"0","participate_count":"0","betting_money":"0","winning_money":"0","rebate_money":"0","profit_loss":"0"}
2017-06-10 11:39:00 【重庆时时彩】第34期，正在摇奖中
2017-06-10 11:40:00 【重庆时时彩】第34期，已成功开奖
2017-06-10 11:45:56 检查【重庆时时彩】是否有近七日数据
2017-06-10 11:45:56 2017-06-09 : yes
2017-06-10 11:45:56 2017-06-10 : yes
2017-06-10 11:45:56 2017-06-11 : yes
2017-06-10 11:45:56 2017-06-12 : yes
2017-06-10 11:45:57 2017-06-13 : yes
2017-06-10 11:45:57 2017-06-14 : yes
2017-06-10 11:45:57 2017-06-15 : yes
2017-06-10 11:49:00 【重庆时时彩】第35期，需要开奖
2017-06-10 11:49:00 {"id":"33380","periods":"35","from_lottery":"22","time":"11:49","timestamp":"42540"}
2017-06-10 11:49:00 {"id":"25406","byid":"2017061035","periods":"35","from_time_id":"33380","from_lottery":"22","day":"2017-06-10 00:00:00","data":"15726","state":"0","lottery_time":null,"order_count":"0","send_lottery_count":"0","winning_count":"0","participate_count":"0","betting_money":"0","winning_money":"0","rebate_money":"0","profit_loss":"0"}
2017-06-10 11:49:00 【重庆时时彩】第35期，正在摇奖中
2017-06-10 11:50:00 【重庆时时彩】第35期，已成功开奖
2017-06-10 11:59:00 【重庆时时彩】第36期，需要开奖
2017-06-10 11:59:00 {"id":"33381","periods":"36","from_lottery":"22","time":"11:59","timestamp":"43140"}
2017-06-10 11:59:00 {"id":"25405","byid":"2017061036","periods":"36","from_time_id":"33381","from_lottery":"22","day":"2017-06-10 00:00:00","data":"69139","state":"0","lottery_time":null,"order_count":"0","send_lottery_count":"0","winning_count":"0","participate_count":"0","betting_money":"0","winning_money":"0","rebate_money":"0","profit_loss":"0"}
2017-06-10 11:59:00 【重庆时时彩】第36期，正在摇奖中
2017-06-10 12:00:00 【重庆时时彩】第36期，已成功开奖
2017-06-10 12:09:00 【重庆时时彩】第37期，需要开奖
2017-06-10 12:09:00 {"id":"33382","periods":"37","from_lottery":"22","time":"12:09","timestamp":"43740"}
2017-06-10 12:09:00 {"id":"25404","byid":"2017061037","periods":"37","from_time_id":"33382","from_lottery":"22","day":"2017-06-10 00:00:00","data":"16720","state":"0","lottery_time":null,"order_count":"0","send_lottery_count":"0","winning_count":"0","participate_count":"0","betting_money":"0","winning_money":"0","rebate_money":"0","profit_loss":"0"}
2017-06-10 12:09:00 【重庆时时彩】第37期，正在摇奖中
2017-06-10 12:10:00 【重庆时时彩】第37期，已成功开奖
2017-06-10 12:19:00 【重庆时时彩】第38期，需要开奖
2017-06-10 12:19:00 {"id":"33383","periods":"38","from_lottery":"22","time":"12:19","timestamp":"44340"}
2017-06-10 12:19:00 {"id":"25403","byid":"2017061038","periods":"38","from_time_id":"33383","from_lottery":"22","day":"2017-06-10 00:00:00","data":"44403","state":"0","lottery_time":null,"order_count":"0","send_lottery_count":"0","winning_count":"0","participate_count":"0","betting_money":"0","winning_money":"0","rebate_money":"0","profit_loss":"0"}
2017-06-10 12:19:00 【重庆时时彩】第38期，正在摇奖中
2017-06-10 12:20:00 【重庆时时彩】第38期，已成功开奖
2017-06-10 12:29:00 【重庆时时彩】第39期，需要开奖
2017-06-10 12:29:00 {"id":"33384","periods":"39","from_lottery":"22","time":"12:29","timestamp":"44940"}
2017-06-10 12:29:00 {"id":"25402","byid":"2017061039","periods":"39","from_time_id":"33384","from_lottery":"22","day":"2017-06-10 00:00:00","data":"87632","state":"0","lottery_time":null,"order_count":"0","send_lottery_count":"0","winning_count":"0","participate_count":"0","betting_money":"0","winning_money":"0","rebate_money":"0","profit_loss":"0"}
2017-06-10 12:29:00 【重庆时时彩】第39期，正在摇奖中
2017-06-10 12:30:00 【重庆时时彩】第39期，已成功开奖
2017-06-10 12:39:00 【重庆时时彩】第40期，需要开奖
2017-06-10 12:39:00 {"id":"33385","periods":"40","from_lottery":"22","time":"12:39","timestamp":"45540"}
2017-06-10 12:39:00 {"id":"25401","byid":"2017061040","periods":"40","from_time_id":"33385","from_lottery":"22","day":"2017-06-10 00:00:00","data":"27534","state":"0","lottery_time":null,"order_count":"0","send_lottery_count":"0","winning_count":"0","participate_count":"0","betting_money":"0","winning_money":"0","rebate_money":"0","profit_loss":"0"}
2017-06-10 12:39:00 【重庆时时彩】第40期，正在摇奖中
2017-06-10 12:40:00 【重庆时时彩】第40期，已成功开奖
2017-06-10 12:49:00 【重庆时时彩】第41期，需要开奖
2017-06-10 12:49:00 {"id":"33386","periods":"41","from_lottery":"22","time":"12:49","timestamp":"46140"}
2017-06-10 12:49:00 {"id":"25400","byid":"2017061041","periods":"41","from_time_id":"33386","from_lottery":"22","day":"2017-06-10 00:00:00","data":"64280","state":"0","lottery_time":null,"order_count":"0","send_lottery_count":"0","winning_count":"0","participate_count":"0","betting_money":"0","winning_money":"0","rebate_money":"0","profit_loss":"0"}
2017-06-10 12:49:00 【重庆时时彩】第41期，正在摇奖中
2017-06-10 12:50:00 【重庆时时彩】第41期，已成功开奖
2017-06-10 12:59:00 【重庆时时彩】第42期，需要开奖
2017-06-10 12:59:00 {"id":"33387","periods":"42","from_lottery":"22","time":"12:59","timestamp":"46740"}
2017-06-10 12:59:00 {"id":"25399","byid":"2017061042","periods":"42","from_time_id":"33387","from_lottery":"22","day":"2017-06-10 00:00:00","data":"86382","state":"0","lottery_time":null,"order_count":"0","send_lottery_count":"0","winning_count":"0","participate_count":"0","betting_money":"0","winning_money":"0","rebate_money":"0","profit_loss":"0"}
2017-06-10 12:59:00 【重庆时时彩】第42期，正在摇奖中
2017-06-10 13:00:00 【重庆时时彩】第42期，已成功开奖
2017-06-10 13:09:00 【重庆时时彩】第43期，需要开奖
2017-06-10 13:09:00 {"id":"33388","periods":"43","from_lottery":"22","time":"13:09","timestamp":"47340"}
2017-06-10 13:09:00 {"id":"25398","byid":"2017061043","periods":"43","from_time_id":"33388","from_lottery":"22","day":"2017-06-10 00:00:00","data":"49674","state":"0","lottery_time":null,"order_count":"0","send_lottery_count":"0","winning_count":"0","participate_count":"0","betting_money":"0","winning_money":"0","rebate_money":"0","profit_loss":"0"}
2017-06-10 13:09:00 【重庆时时彩】第43期，正在摇奖中
2017-06-10 13:10:00 【重庆时时彩】第43期，已成功开奖
2017-06-10 13:19:00 【重庆时时彩】第44期，需要开奖
2017-06-10 13:19:00 {"id":"33389","periods":"44","from_lottery":"22","time":"13:19","timestamp":"47940"}
2017-06-10 13:19:00 {"id":"25397","byid":"2017061044","periods":"44","from_time_id":"33389","from_lottery":"22","day":"2017-06-10 00:00:00","data":"94737","state":"0","lottery_time":null,"order_count":"0","send_lottery_count":"0","winning_count":"0","participate_count":"0","betting_money":"0","winning_money":"0","rebate_money":"0","profit_loss":"0"}
2017-06-10 13:19:00 【重庆时时彩】第44期，正在摇奖中
2017-06-10 13:20:00 【重庆时时彩】第44期，已成功开奖
2017-06-10 13:29:00 【重庆时时彩】第45期，需要开奖
2017-06-10 13:29:00 {"id":"33390","periods":"45","from_lottery":"22","time":"13:29","timestamp":"48540"}
2017-06-10 13:29:00 {"id":"25396","byid":"2017061045","periods":"45","from_time_id":"33390","from_lottery":"22","day":"2017-06-10 00:00:00","data":"76508","state":"0","lottery_time":null,"order_count":"0","send_lottery_count":"0","winning_count":"0","participate_count":"0","betting_money":"0","winning_money":"0","rebate_money":"0","profit_loss":"0"}
2017-06-10 13:29:00 【重庆时时彩】第45期，正在摇奖中
2017-06-10 13:30:00 【重庆时时彩】第45期，已成功开奖
2017-06-10 13:39:00 【重庆时时彩】第46期，需要开奖
2017-06-10 13:39:00 {"id":"33391","periods":"46","from_lottery":"22","time":"13:39","timestamp":"49140"}
2017-06-10 13:39:00 {"id":"25395","byid":"2017061046","periods":"46","from_time_id":"33391","from_lottery":"22","day":"2017-06-10 00:00:00","data":"24826","state":"0","lottery_time":null,"order_count":"0","send_lottery_count":"0","winning_count":"0","participate_count":"0","betting_money":"0","winning_money":"0","rebate_money":"0","profit_loss":"0"}
2017-06-10 13:39:00 【重庆时时彩】第46期，正在摇奖中
2017-06-10 13:40:00 【重庆时时彩】第46期，已成功开奖
2017-06-10 13:46:42 检查【重庆时时彩】是否有近七日数据
2017-06-10 13:46:42 2017-06-09 : yes
2017-06-10 13:46:42 2017-06-10 : yes
2017-06-10 13:46:42 2017-06-11 : yes
2017-06-10 13:46:42 2017-06-12 : yes
2017-06-10 13:46:42 2017-06-13 : yes
2017-06-10 13:46:42 2017-06-14 : yes
2017-06-10 13:46:42 2017-06-15 : yes
2017-06-10 13:49:00 【重庆时时彩】第47期，需要开奖
2017-06-10 13:49:00 {"id":"33392","periods":"47","from_lottery":"22","time":"13:49","timestamp":"49740"}
2017-06-10 13:49:00 {"id":"25394","byid":"2017061047","periods":"47","from_time_id":"33392","from_lottery":"22","day":"2017-06-10 00:00:00","data":"39665","state":"0","lottery_time":null,"order_count":"0","send_lottery_count":"0","winning_count":"0","participate_count":"0","betting_money":"0","winning_money":"0","rebate_money":"0","profit_loss":"0"}
2017-06-10 13:49:00 【重庆时时彩】第47期，正在摇奖中
2017-06-10 13:50:00 【重庆时时彩】第47期，已成功开奖
2017-06-10 13:59:00 【重庆时时彩】第48期，需要开奖
2017-06-10 13:59:00 {"id":"33393","periods":"48","from_lottery":"22","time":"13:59","timestamp":"50340"}
2017-06-10 13:59:00 {"id":"25393","byid":"2017061048","periods":"48","from_time_id":"33393","from_lottery":"22","day":"2017-06-10 00:00:00","data":"59812","state":"0","lottery_time":null,"order_count":"0","send_lottery_count":"0","winning_count":"0","participate_count":"0","betting_money":"0","winning_money":"0","rebate_money":"0","profit_loss":"0"}
2017-06-10 13:59:00 【重庆时时彩】第48期，正在摇奖中
2017-06-10 14:00:00 【重庆时时彩】第48期，已成功开奖
2017-06-10 14:09:00 【重庆时时彩】第49期，需要开奖
2017-06-10 14:09:00 {"id":"33394","periods":"49","from_lottery":"22","time":"14:09","timestamp":"50940"}
2017-06-10 14:09:00 {"id":"25392","byid":"2017061049","periods":"49","from_time_id":"33394","from_lottery":"22","day":"2017-06-10 00:00:00","data":"78716","state":"0","lottery_time":null,"order_count":"0","send_lottery_count":"0","winning_count":"0","participate_count":"0","betting_money":"0","winning_money":"0","rebate_money":"0","profit_loss":"0"}
2017-06-10 14:09:00 【重庆时时彩】第49期，正在摇奖中
2017-06-10 14:10:00 【重庆时时彩】第49期，已成功开奖
2017-06-10 14:19:00 【重庆时时彩】第50期，需要开奖
2017-06-10 14:19:00 {"id":"33395","periods":"50","from_lottery":"22","time":"14:19","timestamp":"51540"}
2017-06-10 14:19:00 {"id":"25391","byid":"2017061050","periods":"50","from_time_id":"33395","from_lottery":"22","day":"2017-06-10 00:00:00","data":"76296","state":"0","lottery_time":null,"order_count":"0","send_lottery_count":"0","winning_count":"0","participate_count":"0","betting_money":"0","winning_money":"0","rebate_money":"0","profit_loss":"0"}
2017-06-10 14:19:00 【重庆时时彩】第50期，正在摇奖中
2017-06-10 14:20:00 【重庆时时彩】第50期，已成功开奖
2017-06-10 14:29:00 【重庆时时彩】第51期，需要开奖
2017-06-10 14:29:00 {"id":"33396","periods":"51","from_lottery":"22","time":"14:29","timestamp":"52140"}
2017-06-10 14:29:00 {"id":"25390","byid":"2017061051","periods":"51","from_time_id":"33396","from_lottery":"22","day":"2017-06-10 00:00:00","data":"60419","state":"0","lottery_time":null,"order_count":"0","send_lottery_count":"0","winning_count":"0","participate_count":"0","betting_money":"0","winning_money":"0","rebate_money":"0","profit_loss":"0"}
2017-06-10 14:29:00 【重庆时时彩】第51期，正在摇奖中
2017-06-10 14:30:00 【重庆时时彩】第51期，已成功开奖
2017-06-10 14:39:00 【重庆时时彩】第52期，需要开奖
2017-06-10 14:39:00 {"id":"33397","periods":"52","from_lottery":"22","time":"14:39","timestamp":"52740"}
2017-06-10 14:39:00 {"id":"25389","byid":"2017061052","periods":"52","from_time_id":"33397","from_lottery":"22","day":"2017-06-10 00:00:00","data":"26820","state":"0","lottery_time":null,"order_count":"0","send_lottery_count":"0","winning_count":"0","participate_count":"0","betting_money":"0","winning_money":"0","rebate_money":"0","profit_loss":"0"}
2017-06-10 14:39:00 【重庆时时彩】第52期，正在摇奖中
2017-06-10 14:40:00 【重庆时时彩】第52期，已成功开奖
2017-06-10 14:49:00 【重庆时时彩】第53期，需要开奖
2017-06-10 14:49:00 {"id":"33398","periods":"53","from_lottery":"22","time":"14:49","timestamp":"53340"}
2017-06-10 14:49:00 {"id":"25388","byid":"2017061053","periods":"53","from_time_id":"33398","from_lottery":"22","day":"2017-06-10 00:00:00","data":"51217","state":"0","lottery_time":null,"order_count":"0","send_lottery_count":"0","winning_count":"0","participate_count":"0","betting_money":"0","winning_money":"0","rebate_money":"0","profit_loss":"0"}
2017-06-10 14:49:00 【重庆时时彩】第53期，正在摇奖中
2017-06-10 14:50:00 【重庆时时彩】第53期，已成功开奖
2017-06-10 14:59:00 【重庆时时彩】第54期，需要开奖
2017-06-10 14:59:00 {"id":"33399","periods":"54","from_lottery":"22","time":"14:59","timestamp":"53940"}
2017-06-10 14:59:00 {"id":"25387","byid":"2017061054","periods":"54","from_time_id":"33399","from_lottery":"22","day":"2017-06-10 00:00:00","data":"52357","state":"0","lottery_time":null,"order_count":"0","send_lottery_count":"0","winning_count":"0","participate_count":"0","betting_money":"0","winning_money":"0","rebate_money":"0","profit_loss":"0"}
2017-06-10 14:59:00 【重庆时时彩】第54期，正在摇奖中
2017-06-10 15:00:00 【重庆时时彩】第54期，已成功开奖
2017-06-10 15:09:00 【重庆时时彩】第55期，需要开奖
2017-06-10 15:09:00 {"id":"33400","periods":"55","from_lottery":"22","time":"15:09","timestamp":"54540"}
2017-06-10 15:09:00 {"id":"25386","byid":"2017061055","periods":"55","from_time_id":"33400","from_lottery":"22","day":"2017-06-10 00:00:00","data":"69746","state":"0","lottery_time":null,"order_count":"0","send_lottery_count":"0","winning_count":"0","participate_count":"0","betting_money":"0","winning_money":"0","rebate_money":"0","profit_loss":"0"}
2017-06-10 15:09:00 【重庆时时彩】第55期，正在摇奖中
2017-06-10 15:10:00 【重庆时时彩】第55期，已成功开奖
2017-06-10 15:19:00 【重庆时时彩】第56期，需要开奖
2017-06-10 15:19:00 {"id":"33401","periods":"56","from_lottery":"22","time":"15:19","timestamp":"55140"}
2017-06-10 15:19:00 {"id":"25385","byid":"2017061056","periods":"56","from_time_id":"33401","from_lottery":"22","day":"2017-06-10 00:00:00","data":"54824","state":"0","lottery_time":null,"order_count":"0","send_lottery_count":"0","winning_count":"0","participate_count":"0","betting_money":"0","winning_money":"0","rebate_money":"0","profit_loss":"0"}
2017-06-10 15:19:00 【重庆时时彩】第56期，正在摇奖中
2017-06-10 15:20:00 【重庆时时彩】第56期，已成功开奖
2017-06-10 15:29:00 【重庆时时彩】第57期，需要开奖
2017-06-10 15:29:00 {"id":"33402","periods":"57","from_lottery":"22","time":"15:29","timestamp":"55740"}
2017-06-10 15:29:00 {"id":"25384","byid":"2017061057","periods":"57","from_time_id":"33402","from_lottery":"22","day":"2017-06-10 00:00:00","data":"19324","state":"0","lottery_time":null,"order_count":"0","send_lottery_count":"0","winning_count":"0","participate_count":"0","betting_money":"0","winning_money":"0","rebate_money":"0","profit_loss":"0"}
2017-06-10 15:29:00 【重庆时时彩】第57期，正在摇奖中
2017-06-10 15:30:00 【重庆时时彩】第57期，已成功开奖
2017-06-10 15:39:00 【重庆时时彩】第58期，需要开奖
2017-06-10 15:39:00 {"id":"33403","periods":"58","from_lottery":"22","time":"15:39","timestamp":"56340"}
2017-06-10 15:39:00 {"id":"25383","byid":"2017061058","periods":"58","from_time_id":"33403","from_lottery":"22","day":"2017-06-10 00:00:00","data":"79570","state":"0","lottery_time":null,"order_count":"0","send_lottery_count":"0","winning_count":"0","participate_count":"0","betting_money":"0","winning_money":"0","rebate_money":"0","profit_loss":"0"}
2017-06-10 15:39:00 【重庆时时彩】第58期，正在摇奖中
2017-06-10 15:40:00 【重庆时时彩】第58期，已成功开奖
2017-06-10 15:47:27 检查【重庆时时彩】是否有近七日数据
2017-06-10 15:47:27 2017-06-09 : yes
2017-06-10 15:47:27 2017-06-10 : yes
2017-06-10 15:47:27 2017-06-11 : yes
2017-06-10 15:47:27 2017-06-12 : yes
2017-06-10 15:47:27 2017-06-13 : yes
2017-06-10 15:47:27 2017-06-14 : yes
2017-06-10 15:47:27 2017-06-15 : yes
2017-06-10 15:49:00 【重庆时时彩】第59期，需要开奖
2017-06-10 15:49:00 {"id":"33404","periods":"59","from_lottery":"22","time":"15:49","timestamp":"56940"}
2017-06-10 15:49:00 {"id":"25382","byid":"2017061059","periods":"59","from_time_id":"33404","from_lottery":"22","day":"2017-06-10 00:00:00","data":"70460","state":"0","lottery_time":null,"order_count":"0","send_lottery_count":"0","winning_count":"0","participate_count":"0","betting_money":"0","winning_money":"0","rebate_money":"0","profit_loss":"0"}
2017-06-10 15:49:00 【重庆时时彩】第59期，正在摇奖中
2017-06-10 15:50:00 【重庆时时彩】第59期，已成功开奖
2017-06-10 15:59:00 【重庆时时彩】第60期，需要开奖
2017-06-10 15:59:00 {"id":"33405","periods":"60","from_lottery":"22","time":"15:59","timestamp":"57540"}
2017-06-10 15:59:00 {"id":"25381","byid":"2017061060","periods":"60","from_time_id":"33405","from_lottery":"22","day":"2017-06-10 00:00:00","data":"67886","state":"0","lottery_time":null,"order_count":"0","send_lottery_count":"0","winning_count":"0","participate_count":"0","betting_money":"0","winning_money":"0","rebate_money":"0","profit_loss":"0"}
2017-06-10 15:59:00 【重庆时时彩】第60期，正在摇奖中
2017-06-10 16:00:00 【重庆时时彩】第60期，已成功开奖
2017-06-10 16:09:00 【重庆时时彩】第61期，需要开奖
2017-06-10 16:09:00 {"id":"33406","periods":"61","from_lottery":"22","time":"16:09","timestamp":"58140"}
2017-06-10 16:09:00 {"id":"25380","byid":"2017061061","periods":"61","from_time_id":"33406","from_lottery":"22","day":"2017-06-10 00:00:00","data":"53349","state":"0","lottery_time":null,"order_count":"0","send_lottery_count":"0","winning_count":"0","participate_count":"0","betting_money":"0","winning_money":"0","rebate_money":"0","profit_loss":"0"}
2017-06-10 16:09:00 【重庆时时彩】第61期，正在摇奖中
2017-06-10 16:10:00 【重庆时时彩】第61期，已成功开奖
2017-06-10 16:19:00 【重庆时时彩】第62期，需要开奖
2017-06-10 16:19:00 {"id":"33407","periods":"62","from_lottery":"22","time":"16:19","timestamp":"58740"}
2017-06-10 16:19:00 {"id":"25379","byid":"2017061062","periods":"62","from_time_id":"33407","from_lottery":"22","day":"2017-06-10 00:00:00","data":"59498","state":"0","lottery_time":null,"order_count":"0","send_lottery_count":"0","winning_count":"0","participate_count":"0","betting_money":"0","winning_money":"0","rebate_money":"0","profit_loss":"0"}
2017-06-10 16:19:00 【重庆时时彩】第62期，正在摇奖中
2017-06-10 16:20:00 【重庆时时彩】第62期，已成功开奖
2017-06-10 16:29:00 【重庆时时彩】第63期，需要开奖
2017-06-10 16:29:00 {"id":"33408","periods":"63","from_lottery":"22","time":"16:29","timestamp":"59340"}
2017-06-10 16:29:00 {"id":"25378","byid":"2017061063","periods":"63","from_time_id":"33408","from_lottery":"22","day":"2017-06-10 00:00:00","data":"20373","state":"0","lottery_time":null,"order_count":"0","send_lottery_count":"0","winning_count":"0","participate_count":"0","betting_money":"0","winning_money":"0","rebate_money":"0","profit_loss":"0"}
2017-06-10 16:29:00 【重庆时时彩】第63期，正在摇奖中
2017-06-10 16:30:00 【重庆时时彩】第63期，已成功开奖
2017-06-10 16:39:00 【重庆时时彩】第64期，需要开奖
2017-06-10 16:39:00 {"id":"33409","periods":"64","from_lottery":"22","time":"16:39","timestamp":"59940"}
2017-06-10 16:39:00 {"id":"25377","byid":"2017061064","periods":"64","from_time_id":"33409","from_lottery":"22","day":"2017-06-10 00:00:00","data":"35070","state":"0","lottery_time":null,"order_count":"0","send_lottery_count":"0","winning_count":"0","participate_count":"0","betting_money":"0","winning_money":"0","rebate_money":"0","profit_loss":"0"}
2017-06-10 16:39:00 【重庆时时彩】第64期，正在摇奖中
2017-06-10 16:40:01 【重庆时时彩】第64期，已成功开奖
2017-06-10 16:49:00 【重庆时时彩】第65期，需要开奖
2017-06-10 16:49:00 {"id":"33410","periods":"65","from_lottery":"22","time":"16:49","timestamp":"60540"}
2017-06-10 16:49:00 {"id":"25376","byid":"2017061065","periods":"65","from_time_id":"33410","from_lottery":"22","day":"2017-06-10 00:00:00","data":"88604","state":"0","lottery_time":null,"order_count":"0","send_lottery_count":"0","winning_count":"0","participate_count":"0","betting_money":"0","winning_money":"0","rebate_money":"0","profit_loss":"0"}
2017-06-10 16:49:00 【重庆时时彩】第65期，正在摇奖中
2017-06-10 16:50:00 【重庆时时彩】第65期，已成功开奖
2017-06-10 16:59:00 【重庆时时彩】第66期，需要开奖
2017-06-10 16:59:00 {"id":"33411","periods":"66","from_lottery":"22","time":"16:59","timestamp":"61140"}
2017-06-10 16:59:00 {"id":"25375","byid":"2017061066","periods":"66","from_time_id":"33411","from_lottery":"22","day":"2017-06-10 00:00:00","data":"28704","state":"0","lottery_time":null,"order_count":"0","send_lottery_count":"0","winning_count":"0","participate_count":"0","betting_money":"0","winning_money":"0","rebate_money":"0","profit_loss":"0"}
2017-06-10 16:59:00 【重庆时时彩】第66期，正在摇奖中
2017-06-10 17:00:00 【重庆时时彩】第66期，已成功开奖
2017-06-10 17:09:00 【重庆时时彩】第67期，需要开奖
2017-06-10 17:09:00 {"id":"33412","periods":"67","from_lottery":"22","time":"17:09","timestamp":"61740"}
2017-06-10 17:09:00 {"id":"25374","byid":"2017061067","periods":"67","from_time_id":"33412","from_lottery":"22","day":"2017-06-10 00:00:00","data":"12298","state":"0","lottery_time":null,"order_count":"0","send_lottery_count":"0","winning_count":"0","participate_count":"0","betting_money":"0","winning_money":"0","rebate_money":"0","profit_loss":"0"}
2017-06-10 17:09:01 【重庆时时彩】第67期，正在摇奖中
2017-06-10 17:10:00 【重庆时时彩】第67期，已成功开奖
2017-06-10 17:19:00 【重庆时时彩】第68期，需要开奖
2017-06-10 17:19:00 {"id":"33413","periods":"68","from_lottery":"22","time":"17:19","timestamp":"62340"}
2017-06-10 17:19:00 {"id":"25373","byid":"2017061068","periods":"68","from_time_id":"33413","from_lottery":"22","day":"2017-06-10 00:00:00","data":"60438","state":"0","lottery_time":null,"order_count":"0","send_lottery_count":"0","winning_count":"0","participate_count":"0","betting_money":"0","winning_money":"0","rebate_money":"0","profit_loss":"0"}
2017-06-10 17:19:00 【重庆时时彩】第68期，正在摇奖中
2017-06-10 17:20:01 【重庆时时彩】第68期，已成功开奖
2017-06-10 17:29:00 【重庆时时彩】第69期，需要开奖
2017-06-10 17:29:00 {"id":"33414","periods":"69","from_lottery":"22","time":"17:29","timestamp":"62940"}
2017-06-10 17:29:00 {"id":"25372","byid":"2017061069","periods":"69","from_time_id":"33414","from_lottery":"22","day":"2017-06-10 00:00:00","data":"15402","state":"0","lottery_time":null,"order_count":"0","send_lottery_count":"0","winning_count":"0","participate_count":"0","betting_money":"0","winning_money":"0","rebate_money":"0","profit_loss":"0"}
2017-06-10 17:29:01 【重庆时时彩】第69期，正在摇奖中
2017-06-10 17:30:00 【重庆时时彩】第69期，已成功开奖
2017-06-10 17:39:00 【重庆时时彩】第70期，需要开奖
2017-06-10 17:39:00 {"id":"33415","periods":"70","from_lottery":"22","time":"17:39","timestamp":"63540"}
2017-06-10 17:39:00 {"id":"25371","byid":"2017061070","periods":"70","from_time_id":"33415","from_lottery":"22","day":"2017-06-10 00:00:00","data":"68749","state":"0","lottery_time":null,"order_count":"0","send_lottery_count":"0","winning_count":"0","participate_count":"0","betting_money":"0","winning_money":"0","rebate_money":"0","profit_loss":"0"}
2017-06-10 17:39:00 【重庆时时彩】第70期，正在摇奖中
2017-06-10 17:40:00 【重庆时时彩】第70期，已成功开奖
2017-06-10 17:48:17 检查【重庆时时彩】是否有近七日数据
2017-06-10 17:48:17 2017-06-09 : yes
2017-06-10 17:48:17 2017-06-10 : yes
2017-06-10 17:48:17 2017-06-11 : yes
2017-06-10 17:48:17 2017-06-12 : yes
2017-06-10 17:48:17 2017-06-13 : yes
2017-06-10 17:48:17 2017-06-14 : yes
2017-06-10 17:48:17 2017-06-15 : yes
2017-06-10 17:49:00 【重庆时时彩】第71期，需要开奖
2017-06-10 17:49:00 {"id":"33416","periods":"71","from_lottery":"22","time":"17:49","timestamp":"64140"}
2017-06-10 17:49:00 {"id":"25370","byid":"2017061071","periods":"71","from_time_id":"33416","from_lottery":"22","day":"2017-06-10 00:00:00","data":"94048","state":"0","lottery_time":null,"order_count":"0","send_lottery_count":"0","winning_count":"0","participate_count":"0","betting_money":"0","winning_money":"0","rebate_money":"0","profit_loss":"0"}
2017-06-10 17:49:00 【重庆时时彩】第71期，正在摇奖中
2017-06-10 17:50:00 【重庆时时彩】第71期，已成功开奖
2017-06-10 17:59:00 【重庆时时彩】第72期，需要开奖
2017-06-10 17:59:00 {"id":"33417","periods":"72","from_lottery":"22","time":"17:59","timestamp":"64740"}
2017-06-10 17:59:00 {"id":"25369","byid":"2017061072","periods":"72","from_time_id":"33417","from_lottery":"22","day":"2017-06-10 00:00:00","data":"23051","state":"0","lottery_time":null,"order_count":"0","send_lottery_count":"0","winning_count":"0","participate_count":"0","betting_money":"0","winning_money":"0","rebate_money":"0","profit_loss":"0"}
2017-06-10 17:59:00 【重庆时时彩】第72期，正在摇奖中
2017-06-10 18:00:00 【重庆时时彩】第72期，已成功开奖
2017-06-10 18:09:00 【重庆时时彩】第73期，需要开奖
2017-06-10 18:09:00 {"id":"33418","periods":"73","from_lottery":"22","time":"18:09","timestamp":"65340"}
2017-06-10 18:09:00 {"id":"25368","byid":"2017061073","periods":"73","from_time_id":"33418","from_lottery":"22","day":"2017-06-10 00:00:00","data":"39056","state":"0","lottery_time":null,"order_count":"0","send_lottery_count":"0","winning_count":"0","participate_count":"0","betting_money":"0","winning_money":"0","rebate_money":"0","profit_loss":"0"}
2017-06-10 18:09:00 【重庆时时彩】第73期，正在摇奖中
2017-06-10 18:10:00 【重庆时时彩】第73期，已成功开奖
2017-06-10 18:19:00 【重庆时时彩】第74期，需要开奖
2017-06-10 18:19:00 {"id":"33419","periods":"74","from_lottery":"22","time":"18:19","timestamp":"65940"}
2017-06-10 18:19:00 {"id":"25367","byid":"2017061074","periods":"74","from_time_id":"33419","from_lottery":"22","day":"2017-06-10 00:00:00","data":"36196","state":"0","lottery_time":null,"order_count":"0","send_lottery_count":"0","winning_count":"0","participate_count":"0","betting_money":"0","winning_money":"0","rebate_money":"0","profit_loss":"0"}
2017-06-10 18:19:00 【重庆时时彩】第74期，正在摇奖中
2017-06-10 18:20:00 【重庆时时彩】第74期，已成功开奖
2017-06-10 18:29:00 【重庆时时彩】第75期，需要开奖
2017-06-10 18:29:00 {"id":"33420","periods":"75","from_lottery":"22","time":"18:29","timestamp":"66540"}
2017-06-10 18:29:00 {"id":"25366","byid":"2017061075","periods":"75","from_time_id":"33420","from_lottery":"22","day":"2017-06-10 00:00:00","data":"88434","state":"0","lottery_time":null,"order_count":"0","send_lottery_count":"0","winning_count":"0","participate_count":"0","betting_money":"0","winning_money":"0","rebate_money":"0","profit_loss":"0"}
2017-06-10 18:29:00 【重庆时时彩】第75期，正在摇奖中
2017-06-10 18:30:00 【重庆时时彩】第75期，已成功开奖
2017-06-10 18:39:00 【重庆时时彩】第76期，需要开奖
2017-06-10 18:39:00 {"id":"33421","periods":"76","from_lottery":"22","time":"18:39","timestamp":"67140"}
2017-06-10 18:39:00 {"id":"25365","byid":"2017061076","periods":"76","from_time_id":"33421","from_lottery":"22","day":"2017-06-10 00:00:00","data":"26973","state":"0","lottery_time":null,"order_count":"0","send_lottery_count":"0","winning_count":"0","participate_count":"0","betting_money":"0","winning_money":"0","rebate_money":"0","profit_loss":"0"}
2017-06-10 18:39:00 【重庆时时彩】第76期，正在摇奖中
2017-06-10 18:40:00 【重庆时时彩】第76期，已成功开奖
2017-06-10 18:49:00 【重庆时时彩】第77期，需要开奖
2017-06-10 18:49:00 {"id":"33422","periods":"77","from_lottery":"22","time":"18:49","timestamp":"67740"}
2017-06-10 18:49:00 {"id":"25364","byid":"2017061077","periods":"77","from_time_id":"33422","from_lottery":"22","day":"2017-06-10 00:00:00","data":"49877","state":"0","lottery_time":null,"order_count":"0","send_lottery_count":"0","winning_count":"0","participate_count":"0","betting_money":"0","winning_money":"0","rebate_money":"0","profit_loss":"0"}
2017-06-10 18:49:00 【重庆时时彩】第77期，正在摇奖中
2017-06-10 18:50:00 【重庆时时彩】第77期，已成功开奖
2017-06-10 18:59:00 【重庆时时彩】第78期，需要开奖
2017-06-10 18:59:00 {"id":"33423","periods":"78","from_lottery":"22","time":"18:59","timestamp":"68340"}
2017-06-10 18:59:00 {"id":"25363","byid":"2017061078","periods":"78","from_time_id":"33423","from_lottery":"22","day":"2017-06-10 00:00:00","data":"12609","state":"0","lottery_time":null,"order_count":"0","send_lottery_count":"0","winning_count":"0","participate_count":"0","betting_money":"0","winning_money":"0","rebate_money":"0","profit_loss":"0"}
2017-06-10 18:59:00 【重庆时时彩】第78期，正在摇奖中
2017-06-10 19:00:00 【重庆时时彩】第78期，已成功开奖
2017-06-10 19:09:00 【重庆时时彩】第79期，需要开奖
2017-06-10 19:09:00 {"id":"33424","periods":"79","from_lottery":"22","time":"19:09","timestamp":"68940"}
2017-06-10 19:09:00 {"id":"25362","byid":"2017061079","periods":"79","from_time_id":"33424","from_lottery":"22","day":"2017-06-10 00:00:00","data":"43269","state":"0","lottery_time":null,"order_count":"0","send_lottery_count":"0","winning_count":"0","participate_count":"0","betting_money":"0","winning_money":"0","rebate_money":"0","profit_loss":"0"}
2017-06-10 19:09:00 【重庆时时彩】第79期，正在摇奖中
2017-06-10 19:10:00 【重庆时时彩】第79期，已成功开奖
2017-06-10 19:19:00 【重庆时时彩】第80期，需要开奖
2017-06-10 19:19:00 {"id":"33425","periods":"80","from_lottery":"22","time":"19:19","timestamp":"69540"}
2017-06-10 19:19:00 {"id":"25361","byid":"2017061080","periods":"80","from_time_id":"33425","from_lottery":"22","day":"2017-06-10 00:00:00","data":"41267","state":"0","lottery_time":null,"order_count":"0","send_lottery_count":"0","winning_count":"0","participate_count":"0","betting_money":"0","winning_money":"0","rebate_money":"0","profit_loss":"0"}
2017-06-10 19:19:00 【重庆时时彩】第80期，正在摇奖中
2017-06-10 19:20:00 【重庆时时彩】第80期，已成功开奖
2017-06-10 19:29:00 【重庆时时彩】第81期，需要开奖
2017-06-10 19:29:00 {"id":"33426","periods":"81","from_lottery":"22","time":"19:29","timestamp":"70140"}
2017-06-10 19:29:00 {"id":"25360","byid":"2017061081","periods":"81","from_time_id":"33426","from_lottery":"22","day":"2017-06-10 00:00:00","data":"73179","state":"0","lottery_time":null,"order_count":"0","send_lottery_count":"0","winning_count":"0","participate_count":"0","betting_money":"0","winning_money":"0","rebate_money":"0","profit_loss":"0"}
2017-06-10 19:29:01 【重庆时时彩】第81期，正在摇奖中
2017-06-10 19:30:00 【重庆时时彩】第81期，已成功开奖
2017-06-10 19:39:00 【重庆时时彩】第82期，需要开奖
2017-06-10 19:39:00 {"id":"33427","periods":"82","from_lottery":"22","time":"19:39","timestamp":"70740"}
2017-06-10 19:39:00 {"id":"25359","byid":"2017061082","periods":"82","from_time_id":"33427","from_lottery":"22","day":"2017-06-10 00:00:00","data":"34548","state":"0","lottery_time":null,"order_count":"0","send_lottery_count":"0","winning_count":"0","participate_count":"0","betting_money":"0","winning_money":"0","rebate_money":"0","profit_loss":"0"}
2017-06-10 19:39:00 【重庆时时彩】第82期，正在摇奖中
2017-06-10 19:40:00 【重庆时时彩】第82期，已成功开奖
2017-06-10 19:49:00 【重庆时时彩】第83期，需要开奖
2017-06-10 19:49:00 {"id":"33428","periods":"83","from_lottery":"22","time":"19:49","timestamp":"71340"}
2017-06-10 19:49:00 {"id":"25358","byid":"2017061083","periods":"83","from_time_id":"33428","from_lottery":"22","day":"2017-06-10 00:00:00","data":"51366","state":"0","lottery_time":null,"order_count":"0","send_lottery_count":"0","winning_count":"0","participate_count":"0","betting_money":"0","winning_money":"0","rebate_money":"0","profit_loss":"0"}
2017-06-10 19:49:00 【重庆时时彩】第83期，正在摇奖中
2017-06-10 19:49:11 检查【重庆时时彩】是否有近七日数据
2017-06-10 19:49:11 2017-06-09 : yes
2017-06-10 19:49:11 2017-06-10 : yes
2017-06-10 19:49:11 2017-06-11 : yes
2017-06-10 19:49:11 2017-06-12 : yes
2017-06-10 19:49:11 2017-06-13 : yes
2017-06-10 19:49:11 2017-06-14 : yes
2017-06-10 19:49:11 2017-06-15 : yes
2017-06-10 19:50:00 【重庆时时彩】第83期，已成功开奖
2017-06-10 19:59:00 【重庆时时彩】第84期，需要开奖
2017-06-10 19:59:00 {"id":"33429","periods":"84","from_lottery":"22","time":"19:59","timestamp":"71940"}
2017-06-10 19:59:00 {"id":"25357","byid":"2017061084","periods":"84","from_time_id":"33429","from_lottery":"22","day":"2017-06-10 00:00:00","data":"79993","state":"0","lottery_time":null,"order_count":"0","send_lottery_count":"0","winning_count":"0","participate_count":"0","betting_money":"0","winning_money":"0","rebate_money":"0","profit_loss":"0"}
2017-06-10 19:59:01 【重庆时时彩】第84期，正在摇奖中
2017-06-10 20:00:00 【重庆时时彩】第84期，已成功开奖
2017-06-10 20:09:00 【重庆时时彩】第85期，需要开奖
2017-06-10 20:09:00 {"id":"33430","periods":"85","from_lottery":"22","time":"20:09","timestamp":"72540"}
2017-06-10 20:09:00 {"id":"25356","byid":"2017061085","periods":"85","from_time_id":"33430","from_lottery":"22","day":"2017-06-10 00:00:00","data":"89274","state":"0","lottery_time":null,"order_count":"0","send_lottery_count":"0","winning_count":"0","participate_count":"0","betting_money":"0","winning_money":"0","rebate_money":"0","profit_loss":"0"}
2017-06-10 20:09:00 【重庆时时彩】第85期，正在摇奖中
2017-06-10 20:10:00 【重庆时时彩】第85期，已成功开奖
2017-06-10 20:19:00 【重庆时时彩】第86期，需要开奖
2017-06-10 20:19:00 {"id":"33431","periods":"86","from_lottery":"22","time":"20:19","timestamp":"73140"}
2017-06-10 20:19:00 {"id":"25355","byid":"2017061086","periods":"86","from_time_id":"33431","from_lottery":"22","day":"2017-06-10 00:00:00","data":"93578","state":"0","lottery_time":null,"order_count":"0","send_lottery_count":"0","winning_count":"0","participate_count":"0","betting_money":"0","winning_money":"0","rebate_money":"0","profit_loss":"0"}
2017-06-10 20:19:00 【重庆时时彩】第86期，正在摇奖中
2017-06-10 20:20:00 【重庆时时彩】第86期，已成功开奖
2017-06-10 20:29:00 【重庆时时彩】第87期，需要开奖
2017-06-10 20:29:00 {"id":"33432","periods":"87","from_lottery":"22","time":"20:29","timestamp":"73740"}
2017-06-10 20:29:00 {"id":"25354","byid":"2017061087","periods":"87","from_time_id":"33432","from_lottery":"22","day":"2017-06-10 00:00:00","data":"70537","state":"0","lottery_time":null,"order_count":"0","send_lottery_count":"0","winning_count":"0","participate_count":"0","betting_money":"0","winning_money":"0","rebate_money":"0","profit_loss":"0"}
2017-06-10 20:29:01 【重庆时时彩】第87期，正在摇奖中
2017-06-10 20:30:00 【重庆时时彩】第87期，已成功开奖
2017-06-10 20:39:00 【重庆时时彩】第88期，需要开奖
2017-06-10 20:39:00 {"id":"33433","periods":"88","from_lottery":"22","time":"20:39","timestamp":"74340"}
2017-06-10 20:39:00 {"id":"25353","byid":"2017061088","periods":"88","from_time_id":"33433","from_lottery":"22","day":"2017-06-10 00:00:00","data":"22216","state":"0","lottery_time":null,"order_count":"0","send_lottery_count":"0","winning_count":"0","participate_count":"0","betting_money":"0","winning_money":"0","rebate_money":"0","profit_loss":"0"}
2017-06-10 20:39:00 【重庆时时彩】第88期，正在摇奖中
2017-06-10 20:40:00 【重庆时时彩】第88期，已成功开奖
2017-06-10 20:49:00 【重庆时时彩】第89期，需要开奖
2017-06-10 20:49:00 {"id":"33434","periods":"89","from_lottery":"22","time":"20:49","timestamp":"74940"}
2017-06-10 20:49:00 {"id":"25352","byid":"2017061089","periods":"89","from_time_id":"33434","from_lottery":"22","day":"2017-06-10 00:00:00","data":"33475","state":"0","lottery_time":null,"order_count":"0","send_lottery_count":"0","winning_count":"0","participate_count":"0","betting_money":"0","winning_money":"0","rebate_money":"0","profit_loss":"0"}
2017-06-10 20:49:00 【重庆时时彩】第89期，正在摇奖中
2017-06-10 20:50:00 【重庆时时彩】第89期，已成功开奖
2017-06-10 20:59:00 【重庆时时彩】第90期，需要开奖
2017-06-10 20:59:00 {"id":"33435","periods":"90","from_lottery":"22","time":"20:59","timestamp":"75540"}
2017-06-10 20:59:00 {"id":"25351","byid":"2017061090","periods":"90","from_time_id":"33435","from_lottery":"22","day":"2017-06-10 00:00:00","data":"46260","state":"0","lottery_time":null,"order_count":"0","send_lottery_count":"0","winning_count":"0","participate_count":"0","betting_money":"0","winning_money":"0","rebate_money":"0","profit_loss":"0"}
2017-06-10 20:59:00 【重庆时时彩】第90期，正在摇奖中
2017-06-10 21:00:00 【重庆时时彩】第90期，已成功开奖
2017-06-10 21:09:00 【重庆时时彩】第91期，需要开奖
2017-06-10 21:09:00 {"id":"33436","periods":"91","from_lottery":"22","time":"21:09","timestamp":"76140"}
2017-06-10 21:09:00 {"id":"25350","byid":"2017061091","periods":"91","from_time_id":"33436","from_lottery":"22","day":"2017-06-10 00:00:00","data":"13595","state":"0","lottery_time":null,"order_count":"0","send_lottery_count":"0","winning_count":"0","participate_count":"0","betting_money":"0","winning_money":"0","rebate_money":"0","profit_loss":"0"}
2017-06-10 21:09:00 【重庆时时彩】第91期，正在摇奖中
2017-06-10 21:10:00 【重庆时时彩】第91期，已成功开奖
