2017-06-09 13:36:14 脚本开启
2017-06-09 13:36:14 检查【重庆时时彩】是否有近七日数据
2017-06-09 13:36:14 2017-06-08 : yes
2017-06-09 13:36:14 2017-06-09 : yes
2017-06-09 13:36:14 2017-06-10 : yes
2017-06-09 13:36:14 2017-06-11 : yes
2017-06-09 13:36:14 2017-06-12 : yes
2017-06-09 13:36:14 2017-06-13 : yes
2017-06-09 13:36:14 2017-06-14 : no
2017-06-09 13:36:15 【重庆时时彩】第45期，需要开奖
2017-06-09 13:36:15 {"id":"33390","periods":"45","from_lottery":"22","time":"13:29","timestamp":"48540"}
2017-06-09 13:36:15 {"id":"25276","byid":"2017060945","periods":"45","from_time_id":"33390","from_lottery":"22","day":"2017-06-09 00:00:00","data":"33947","state":"0","lottery_time":null,"order_count":"0","send_lottery_count":"0","winning_count":"0","participate_count":"0","betting_money":"0","winning_money":"0","rebate_money":"0","profit_loss":"0"}
2017-06-09 13:36:15 【重庆时时彩】第45期，正在摇奖中
2017-06-09 13:36:16 【重庆时时彩】第45期，已成功开奖
2017-06-09 13:39:00 【重庆时时彩】第46期，需要开奖
2017-06-09 13:39:00 {"id":"33391","periods":"46","from_lottery":"22","time":"13:39","timestamp":"49140"}
2017-06-09 13:39:00 {"id":"25275","byid":"2017060946","periods":"46","from_time_id":"33391","from_lottery":"22","day":"2017-06-09 00:00:00","data":"74286","state":"0","lottery_time":null,"order_count":"0","send_lottery_count":"0","winning_count":"0","participate_count":"0","betting_money":"0","winning_money":"0","rebate_money":"0","profit_loss":"0"}
2017-06-09 13:39:00 【重庆时时彩】第46期，正在摇奖中
2017-06-09 13:40:00 【重庆时时彩】第46期，已成功开奖
2017-06-09 13:49:00 【重庆时时彩】第47期，需要开奖
2017-06-09 13:49:00 {"id":"33392","periods":"47","from_lottery":"22","time":"13:49","timestamp":"49740"}
2017-06-09 13:49:00 {"id":"25274","byid":"2017060947","periods":"47","from_time_id":"33392","from_lottery":"22","day":"2017-06-09 00:00:00","data":"45796","state":"0","lottery_time":null,"order_count":"0","send_lottery_count":"0","winning_count":"0","participate_count":"0","betting_money":"0","winning_money":"0","rebate_money":"0","profit_loss":"0"}
2017-06-09 13:49:01 【重庆时时彩】第47期，正在摇奖中
2017-06-09 13:50:00 【重庆时时彩】第47期，已成功开奖
2017-06-09 13:59:00 【重庆时时彩】第48期，需要开奖
2017-06-09 13:59:00 {"id":"33393","periods":"48","from_lottery":"22","time":"13:59","timestamp":"50340"}
2017-06-09 13:59:00 {"id":"25273","byid":"2017060948","periods":"48","from_time_id":"33393","from_lottery":"22","day":"2017-06-09 00:00:00","data":"32104","state":"0","lottery_time":null,"order_count":"0","send_lottery_count":"0","winning_count":"0","participate_count":"0","betting_money":"0","winning_money":"0","rebate_money":"0","profit_loss":"0"}
2017-06-09 13:59:00 【重庆时时彩】第48期，正在摇奖中
2017-06-09 14:00:00 【重庆时时彩】第48期，已成功开奖
2017-06-09 14:09:00 【重庆时时彩】第49期，需要开奖
2017-06-09 14:09:00 {"id":"33394","periods":"49","from_lottery":"22","time":"14:09","timestamp":"50940"}
2017-06-09 14:09:00 {"id":"25272","byid":"2017060949","periods":"49","from_time_id":"33394","from_lottery":"22","day":"2017-06-09 00:00:00","data":"75882","state":"0","lottery_time":null,"order_count":"0","send_lottery_count":"0","winning_count":"0","participate_count":"0","betting_money":"0","winning_money":"0","rebate_money":"0","profit_loss":"0"}
2017-06-09 14:09:00 【重庆时时彩】第49期，正在摇奖中
2017-06-09 14:10:00 【重庆时时彩】第49期，已成功开奖
2017-06-09 14:19:00 【重庆时时彩】第50期，需要开奖
2017-06-09 14:19:00 {"id":"33395","periods":"50","from_lottery":"22","time":"14:19","timestamp":"51540"}
2017-06-09 14:19:00 {"id":"25271","byid":"2017060950","periods":"50","from_time_id":"33395","from_lottery":"22","day":"2017-06-09 00:00:00","data":"88140","state":"0","lottery_time":null,"order_count":"0","send_lottery_count":"0","winning_count":"0","participate_count":"0","betting_money":"0","winning_money":"0","rebate_money":"0","profit_loss":"0"}
2017-06-09 14:19:00 【重庆时时彩】第50期，正在摇奖中
2017-06-09 14:20:00 【重庆时时彩】第50期，已成功开奖
2017-06-09 14:29:00 【重庆时时彩】第51期，需要开奖
2017-06-09 14:29:00 {"id":"33396","periods":"51","from_lottery":"22","time":"14:29","timestamp":"52140"}
2017-06-09 14:29:00 {"id":"25270","byid":"2017060951","periods":"51","from_time_id":"33396","from_lottery":"22","day":"2017-06-09 00:00:00","data":"47213","state":"0","lottery_time":null,"order_count":"0","send_lottery_count":"0","winning_count":"0","participate_count":"0","betting_money":"0","winning_money":"0","rebate_money":"0","profit_loss":"0"}
2017-06-09 14:29:01 【重庆时时彩】第51期，正在摇奖中
2017-06-09 14:30:01 【重庆时时彩】第51期，已成功开奖
2017-06-09 14:39:00 【重庆时时彩】第52期，需要开奖
2017-06-09 14:39:00 {"id":"33397","periods":"52","from_lottery":"22","time":"14:39","timestamp":"52740"}
2017-06-09 14:39:00 {"id":"25269","byid":"2017060952","periods":"52","from_time_id":"33397","from_lottery":"22","day":"2017-06-09 00:00:00","data":"26182","state":"0","lottery_time":null,"order_count":"0","send_lottery_count":"0","winning_count":"0","participate_count":"0","betting_money":"0","winning_money":"0","rebate_money":"0","profit_loss":"0"}
2017-06-09 14:39:00 【重庆时时彩】第52期，正在摇奖中
2017-06-09 14:40:00 【重庆时时彩】第52期，已成功开奖
2017-06-09 14:49:00 【重庆时时彩】第53期，需要开奖
2017-06-09 14:49:00 {"id":"33398","periods":"53","from_lottery":"22","time":"14:49","timestamp":"53340"}
2017-06-09 14:49:00 {"id":"25268","byid":"2017060953","periods":"53","from_time_id":"33398","from_lottery":"22","day":"2017-06-09 00:00:00","data":"82485","state":"0","lottery_time":null,"order_count":"0","send_lottery_count":"0","winning_count":"0","participate_count":"0","betting_money":"0","winning_money":"0","rebate_money":"0","profit_loss":"0"}
2017-06-09 14:49:00 【重庆时时彩】第53期，正在摇奖中
2017-06-09 14:50:00 【重庆时时彩】第53期，已成功开奖
2017-06-09 14:59:00 【重庆时时彩】第54期，需要开奖
2017-06-09 14:59:00 {"id":"33399","periods":"54","from_lottery":"22","time":"14:59","timestamp":"53940"}
2017-06-09 14:59:00 {"id":"25267","byid":"2017060954","periods":"54","from_time_id":"33399","from_lottery":"22","day":"2017-06-09 00:00:00","data":"88458","state":"0","lottery_time":null,"order_count":"0","send_lottery_count":"0","winning_count":"0","participate_count":"0","betting_money":"0","winning_money":"0","rebate_money":"0","profit_loss":"0"}
2017-06-09 14:59:00 【重庆时时彩】第54期，正在摇奖中
2017-06-09 15:00:00 【重庆时时彩】第54期，已成功开奖
2017-06-09 15:09:00 【重庆时时彩】第55期，需要开奖
2017-06-09 15:09:00 {"id":"33400","periods":"55","from_lottery":"22","time":"15:09","timestamp":"54540"}
2017-06-09 15:09:00 {"id":"25266","byid":"2017060955","periods":"55","from_time_id":"33400","from_lottery":"22","day":"2017-06-09 00:00:00","data":"76579","state":"0","lottery_time":null,"order_count":"0","send_lottery_count":"0","winning_count":"0","participate_count":"0","betting_money":"0","winning_money":"0","rebate_money":"0","profit_loss":"0"}
2017-06-09 15:09:00 【重庆时时彩】第55期，正在摇奖中
2017-06-09 15:10:00 【重庆时时彩】第55期，已成功开奖
2017-06-09 15:19:00 【重庆时时彩】第56期，需要开奖
2017-06-09 15:19:00 {"id":"33401","periods":"56","from_lottery":"22","time":"15:19","timestamp":"55140"}
2017-06-09 15:19:00 {"id":"25265","byid":"2017060956","periods":"56","from_time_id":"33401","from_lottery":"22","day":"2017-06-09 00:00:00","data":"98132","state":"0","lottery_time":null,"order_count":"0","send_lottery_count":"0","winning_count":"0","participate_count":"0","betting_money":"0","winning_money":"0","rebate_money":"0","profit_loss":"0"}
2017-06-09 15:19:00 【重庆时时彩】第56期，正在摇奖中
2017-06-09 15:20:00 【重庆时时彩】第56期，已成功开奖
2017-06-09 15:29:00 【重庆时时彩】第57期，需要开奖
2017-06-09 15:29:00 {"id":"33402","periods":"57","from_lottery":"22","time":"15:29","timestamp":"55740"}
2017-06-09 15:29:00 {"id":"25264","byid":"2017060957","periods":"57","from_time_id":"33402","from_lottery":"22","day":"2017-06-09 00:00:00","data":"79068","state":"0","lottery_time":null,"order_count":"0","send_lottery_count":"0","winning_count":"0","participate_count":"0","betting_money":"0","winning_money":"0","rebate_money":"0","profit_loss":"0"}
2017-06-09 15:29:00 【重庆时时彩】第57期，正在摇奖中
2017-06-09 15:30:00 【重庆时时彩】第57期，已成功开奖
2017-06-09 15:37:50 检查【重庆时时彩】是否有近七日数据
2017-06-09 15:37:50 2017-06-08 : yes
2017-06-09 15:37:50 2017-06-09 : yes
2017-06-09 15:37:50 2017-06-10 : yes
2017-06-09 15:37:50 2017-06-11 : yes
2017-06-09 15:37:50 2017-06-12 : yes
2017-06-09 15:37:50 2017-06-13 : yes
2017-06-09 15:37:50 2017-06-14 : yes
2017-06-09 15:39:00 【重庆时时彩】第58期，需要开奖
2017-06-09 15:39:00 {"id":"33403","periods":"58","from_lottery":"22","time":"15:39","timestamp":"56340"}
2017-06-09 15:39:00 {"id":"25263","byid":"2017060958","periods":"58","from_time_id":"33403","from_lottery":"22","day":"2017-06-09 00:00:00","data":"21804","state":"0","lottery_time":null,"order_count":"0","send_lottery_count":"0","winning_count":"0","participate_count":"0","betting_money":"0","winning_money":"0","rebate_money":"0","profit_loss":"0"}
2017-06-09 15:39:00 【重庆时时彩】第58期，正在摇奖中
2017-06-09 15:40:00 【重庆时时彩】第58期，已成功开奖
2017-06-09 15:49:00 【重庆时时彩】第59期，需要开奖
2017-06-09 15:49:00 {"id":"33404","periods":"59","from_lottery":"22","time":"15:49","timestamp":"56940"}
2017-06-09 15:49:00 {"id":"25262","byid":"2017060959","periods":"59","from_time_id":"33404","from_lottery":"22","day":"2017-06-09 00:00:00","data":"46708","state":"0","lottery_time":null,"order_count":"0","send_lottery_count":"0","winning_count":"0","participate_count":"0","betting_money":"0","winning_money":"0","rebate_money":"0","profit_loss":"0"}
2017-06-09 15:49:00 【重庆时时彩】第59期，正在摇奖中
2017-06-09 15:50:00 【重庆时时彩】第59期，已成功开奖
2017-06-09 15:59:00 【重庆时时彩】第60期，需要开奖
2017-06-09 15:59:00 {"id":"33405","periods":"60","from_lottery":"22","time":"15:59","timestamp":"57540"}
2017-06-09 15:59:00 {"id":"25261","byid":"2017060960","periods":"60","from_time_id":"33405","from_lottery":"22","day":"2017-06-09 00:00:00","data":"82015","state":"0","lottery_time":null,"order_count":"0","send_lottery_count":"0","winning_count":"0","participate_count":"0","betting_money":"0","winning_money":"0","rebate_money":"0","profit_loss":"0"}
2017-06-09 15:59:00 【重庆时时彩】第60期，正在摇奖中
2017-06-09 16:00:00 【重庆时时彩】第60期，已成功开奖
2017-06-09 16:09:00 【重庆时时彩】第61期，需要开奖
2017-06-09 16:09:00 {"id":"33406","periods":"61","from_lottery":"22","time":"16:09","timestamp":"58140"}
2017-06-09 16:09:00 {"id":"25260","byid":"2017060961","periods":"61","from_time_id":"33406","from_lottery":"22","day":"2017-06-09 00:00:00","data":"45944","state":"0","lottery_time":null,"order_count":"0","send_lottery_count":"0","winning_count":"0","participate_count":"0","betting_money":"0","winning_money":"0","rebate_money":"0","profit_loss":"0"}
2017-06-09 16:09:00 【重庆时时彩】第61期，正在摇奖中
2017-06-09 16:10:00 【重庆时时彩】第61期，已成功开奖
2017-06-09 16:19:00 【重庆时时彩】第62期，需要开奖
2017-06-09 16:19:00 {"id":"33407","periods":"62","from_lottery":"22","time":"16:19","timestamp":"58740"}
2017-06-09 16:19:00 {"id":"25259","byid":"2017060962","periods":"62","from_time_id":"33407","from_lottery":"22","day":"2017-06-09 00:00:00","data":"59740","state":"0","lottery_time":null,"order_count":"0","send_lottery_count":"0","winning_count":"0","participate_count":"0","betting_money":"0","winning_money":"0","rebate_money":"0","profit_loss":"0"}
2017-06-09 16:19:01 【重庆时时彩】第62期，正在摇奖中
2017-06-09 16:20:00 【重庆时时彩】第62期，已成功开奖
2017-06-09 16:29:00 【重庆时时彩】第63期，需要开奖
2017-06-09 16:29:00 {"id":"33408","periods":"63","from_lottery":"22","time":"16:29","timestamp":"59340"}
2017-06-09 16:29:00 {"id":"25258","byid":"2017060963","periods":"63","from_time_id":"33408","from_lottery":"22","day":"2017-06-09 00:00:00","data":"95410","state":"0","lottery_time":null,"order_count":"0","send_lottery_count":"0","winning_count":"0","participate_count":"0","betting_money":"0","winning_money":"0","rebate_money":"0","profit_loss":"0"}
2017-06-09 16:29:00 【重庆时时彩】第63期，正在摇奖中
2017-06-09 16:30:00 【重庆时时彩】第63期，已成功开奖
2017-06-09 16:39:00 【重庆时时彩】第64期，需要开奖
2017-06-09 16:39:00 {"id":"33409","periods":"64","from_lottery":"22","time":"16:39","timestamp":"59940"}
2017-06-09 16:39:00 {"id":"25257","byid":"2017060964","periods":"64","from_time_id":"33409","from_lottery":"22","day":"2017-06-09 00:00:00","data":"36894","state":"0","lottery_time":null,"order_count":"0","send_lottery_count":"0","winning_count":"0","participate_count":"0","betting_money":"0","winning_money":"0","rebate_money":"0","profit_loss":"0"}
2017-06-09 16:39:00 【重庆时时彩】第64期，正在摇奖中
2017-06-09 16:40:00 【重庆时时彩】第64期，已成功开奖
2017-06-09 16:49:00 【重庆时时彩】第65期，需要开奖
2017-06-09 16:49:00 {"id":"33410","periods":"65","from_lottery":"22","time":"16:49","timestamp":"60540"}
2017-06-09 16:49:00 {"id":"25256","byid":"2017060965","periods":"65","from_time_id":"33410","from_lottery":"22","day":"2017-06-09 00:00:00","data":"98426","state":"0","lottery_time":null,"order_count":"0","send_lottery_count":"0","winning_count":"0","participate_count":"0","betting_money":"0","winning_money":"0","rebate_money":"0","profit_loss":"0"}
2017-06-09 16:49:00 【重庆时时彩】第65期，正在摇奖中
2017-06-09 16:50:00 【重庆时时彩】第65期，已成功开奖
2017-06-09 16:59:00 【重庆时时彩】第66期，需要开奖
2017-06-09 16:59:00 {"id":"33411","periods":"66","from_lottery":"22","time":"16:59","timestamp":"61140"}
2017-06-09 16:59:00 {"id":"25255","byid":"2017060966","periods":"66","from_time_id":"33411","from_lottery":"22","day":"2017-06-09 00:00:00","data":"58828","state":"0","lottery_time":null,"order_count":"0","send_lottery_count":"0","winning_count":"0","participate_count":"0","betting_money":"0","winning_money":"0","rebate_money":"0","profit_loss":"0"}
2017-06-09 16:59:00 【重庆时时彩】第66期，正在摇奖中
2017-06-09 17:00:00 【重庆时时彩】第66期，已成功开奖
2017-06-09 17:09:00 【重庆时时彩】第67期，需要开奖
2017-06-09 17:09:00 {"id":"33412","periods":"67","from_lottery":"22","time":"17:09","timestamp":"61740"}
2017-06-09 17:09:00 {"id":"25254","byid":"2017060967","periods":"67","from_time_id":"33412","from_lottery":"22","day":"2017-06-09 00:00:00","data":"45499","state":"0","lottery_time":null,"order_count":"0","send_lottery_count":"0","winning_count":"0","participate_count":"0","betting_money":"0","winning_money":"0","rebate_money":"0","profit_loss":"0"}
2017-06-09 17:09:01 【重庆时时彩】第67期，正在摇奖中
2017-06-09 17:10:00 【重庆时时彩】第67期，已成功开奖
2017-06-09 17:19:00 【重庆时时彩】第68期，需要开奖
2017-06-09 17:19:00 {"id":"33413","periods":"68","from_lottery":"22","time":"17:19","timestamp":"62340"}
2017-06-09 17:19:00 {"id":"25253","byid":"2017060968","periods":"68","from_time_id":"33413","from_lottery":"22","day":"2017-06-09 00:00:00","data":"66832","state":"0","lottery_time":null,"order_count":"0","send_lottery_count":"0","winning_count":"0","participate_count":"0","betting_money":"0","winning_money":"0","rebate_money":"0","profit_loss":"0"}
2017-06-09 17:19:00 【重庆时时彩】第68期，正在摇奖中
2017-06-09 17:20:00 【重庆时时彩】第68期，已成功开奖
2017-06-09 17:29:00 【重庆时时彩】第69期，需要开奖
2017-06-09 17:29:00 {"id":"33414","periods":"69","from_lottery":"22","time":"17:29","timestamp":"62940"}
2017-06-09 17:29:00 {"id":"25252","byid":"2017060969","periods":"69","from_time_id":"33414","from_lottery":"22","day":"2017-06-09 00:00:00","data":"36825","state":"0","lottery_time":null,"order_count":"0","send_lottery_count":"0","winning_count":"0","participate_count":"0","betting_money":"0","winning_money":"0","rebate_money":"0","profit_loss":"0"}
2017-06-09 17:29:00 【重庆时时彩】第69期，正在摇奖中
2017-06-09 17:30:00 【重庆时时彩】第69期，已成功开奖
2017-06-09 17:39:00 【重庆时时彩】第70期，需要开奖
2017-06-09 17:39:00 {"id":"33415","periods":"70","from_lottery":"22","time":"17:39","timestamp":"63540"}
2017-06-09 17:39:00 {"id":"25251","byid":"2017060970","periods":"70","from_time_id":"33415","from_lottery":"22","day":"2017-06-09 00:00:00","data":"10631","state":"0","lottery_time":null,"order_count":"0","send_lottery_count":"0","winning_count":"0","participate_count":"0","betting_money":"0","winning_money":"0","rebate_money":"0","profit_loss":"0"}
2017-06-09 17:39:00 【重庆时时彩】第70期，正在摇奖中
2017-06-09 17:39:01 检查【重庆时时彩】是否有近七日数据
2017-06-09 17:39:01 2017-06-08 : yes
2017-06-09 17:39:01 2017-06-09 : yes
2017-06-09 17:39:01 2017-06-10 : yes
2017-06-09 17:39:01 2017-06-11 : yes
2017-06-09 17:39:01 2017-06-12 : yes
2017-06-09 17:39:01 2017-06-13 : yes
2017-06-09 17:39:01 2017-06-14 : yes
2017-06-09 17:40:00 【重庆时时彩】第70期，已成功开奖
2017-06-09 17:49:00 【重庆时时彩】第71期，需要开奖
2017-06-09 17:49:00 {"id":"33416","periods":"71","from_lottery":"22","time":"17:49","timestamp":"64140"}
2017-06-09 17:49:00 {"id":"25250","byid":"2017060971","periods":"71","from_time_id":"33416","from_lottery":"22","day":"2017-06-09 00:00:00","data":"34787","state":"0","lottery_time":null,"order_count":"0","send_lottery_count":"0","winning_count":"0","participate_count":"0","betting_money":"0","winning_money":"0","rebate_money":"0","profit_loss":"0"}
2017-06-09 17:49:00 【重庆时时彩】第71期，正在摇奖中
2017-06-09 17:50:00 【重庆时时彩】第71期，已成功开奖
2017-06-09 17:59:00 【重庆时时彩】第72期，需要开奖
2017-06-09 17:59:00 {"id":"33417","periods":"72","from_lottery":"22","time":"17:59","timestamp":"64740"}
2017-06-09 17:59:00 {"id":"25249","byid":"2017060972","periods":"72","from_time_id":"33417","from_lottery":"22","day":"2017-06-09 00:00:00","data":"50891","state":"0","lottery_time":null,"order_count":"0","send_lottery_count":"0","winning_count":"0","participate_count":"0","betting_money":"0","winning_money":"0","rebate_money":"0","profit_loss":"0"}
2017-06-09 17:59:00 【重庆时时彩】第72期，正在摇奖中
2017-06-09 18:00:00 【重庆时时彩】第72期，已成功开奖
2017-06-09 18:09:00 【重庆时时彩】第73期，需要开奖
2017-06-09 18:09:00 {"id":"33418","periods":"73","from_lottery":"22","time":"18:09","timestamp":"65340"}
2017-06-09 18:09:00 {"id":"25248","byid":"2017060973","periods":"73","from_time_id":"33418","from_lottery":"22","day":"2017-06-09 00:00:00","data":"66455","state":"0","lottery_time":null,"order_count":"0","send_lottery_count":"0","winning_count":"0","participate_count":"0","betting_money":"0","winning_money":"0","rebate_money":"0","profit_loss":"0"}
2017-06-09 18:09:00 【重庆时时彩】第73期，正在摇奖中
2017-06-09 18:10:00 【重庆时时彩】第73期，已成功开奖
2017-06-09 18:19:00 【重庆时时彩】第74期，需要开奖
2017-06-09 18:19:00 {"id":"33419","periods":"74","from_lottery":"22","time":"18:19","timestamp":"65940"}
2017-06-09 18:19:00 {"id":"25247","byid":"2017060974","periods":"74","from_time_id":"33419","from_lottery":"22","day":"2017-06-09 00:00:00","data":"41712","state":"0","lottery_time":null,"order_count":"0","send_lottery_count":"0","winning_count":"0","participate_count":"0","betting_money":"0","winning_money":"0","rebate_money":"0","profit_loss":"0"}
2017-06-09 18:19:00 【重庆时时彩】第74期，正在摇奖中
2017-06-09 18:20:00 【重庆时时彩】第74期，已成功开奖
2017-06-09 18:29:00 【重庆时时彩】第75期，需要开奖
2017-06-09 18:29:00 {"id":"33420","periods":"75","from_lottery":"22","time":"18:29","timestamp":"66540"}
2017-06-09 18:29:00 {"id":"25246","byid":"2017060975","periods":"75","from_time_id":"33420","from_lottery":"22","day":"2017-06-09 00:00:00","data":"66087","state":"0","lottery_time":null,"order_count":"0","send_lottery_count":"0","winning_count":"0","participate_count":"0","betting_money":"0","winning_money":"0","rebate_money":"0","profit_loss":"0"}
2017-06-09 18:29:00 【重庆时时彩】第75期，正在摇奖中
2017-06-09 18:30:00 【重庆时时彩】第75期，已成功开奖
2017-06-09 18:39:00 【重庆时时彩】第76期，需要开奖
2017-06-09 18:39:00 {"id":"33421","periods":"76","from_lottery":"22","time":"18:39","timestamp":"67140"}
2017-06-09 18:39:00 {"id":"25245","byid":"2017060976","periods":"76","from_time_id":"33421","from_lottery":"22","day":"2017-06-09 00:00:00","data":"93133","state":"0","lottery_time":null,"order_count":"0","send_lottery_count":"0","winning_count":"0","participate_count":"0","betting_money":"0","winning_money":"0","rebate_money":"0","profit_loss":"0"}
2017-06-09 18:39:00 【重庆时时彩】第76期，正在摇奖中
2017-06-09 18:40:01 【重庆时时彩】第76期，已成功开奖
2017-06-09 18:49:00 【重庆时时彩】第77期，需要开奖
2017-06-09 18:49:00 {"id":"33422","periods":"77","from_lottery":"22","time":"18:49","timestamp":"67740"}
2017-06-09 18:49:00 {"id":"25244","byid":"2017060977","periods":"77","from_time_id":"33422","from_lottery":"22","day":"2017-06-09 00:00:00","data":"77629","state":"0","lottery_time":null,"order_count":"0","send_lottery_count":"0","winning_count":"0","participate_count":"0","betting_money":"0","winning_money":"0","rebate_money":"0","profit_loss":"0"}
2017-06-09 18:49:00 【重庆时时彩】第77期，正在摇奖中
2017-06-09 18:50:00 【重庆时时彩】第77期，已成功开奖
2017-06-09 18:59:00 【重庆时时彩】第78期，需要开奖
2017-06-09 18:59:00 {"id":"33423","periods":"78","from_lottery":"22","time":"18:59","timestamp":"68340"}
2017-06-09 18:59:00 {"id":"25243","byid":"2017060978","periods":"78","from_time_id":"33423","from_lottery":"22","day":"2017-06-09 00:00:00","data":"53632","state":"0","lottery_time":null,"order_count":"0","send_lottery_count":"0","winning_count":"0","participate_count":"0","betting_money":"0","winning_money":"0","rebate_money":"0","profit_loss":"0"}
2017-06-09 18:59:00 【重庆时时彩】第78期，正在摇奖中
2017-06-09 19:00:00 【重庆时时彩】第78期，已成功开奖
2017-06-09 19:09:00 【重庆时时彩】第79期，需要开奖
2017-06-09 19:09:00 {"id":"33424","periods":"79","from_lottery":"22","time":"19:09","timestamp":"68940"}
2017-06-09 19:09:00 {"id":"25242","byid":"2017060979","periods":"79","from_time_id":"33424","from_lottery":"22","day":"2017-06-09 00:00:00","data":"97212","state":"0","lottery_time":null,"order_count":"0","send_lottery_count":"0","winning_count":"0","participate_count":"0","betting_money":"0","winning_money":"0","rebate_money":"0","profit_loss":"0"}
2017-06-09 19:09:00 【重庆时时彩】第79期，正在摇奖中
2017-06-09 19:10:00 【重庆时时彩】第79期，已成功开奖
2017-06-09 19:19:00 【重庆时时彩】第80期，需要开奖
2017-06-09 19:19:00 {"id":"33425","periods":"80","from_lottery":"22","time":"19:19","timestamp":"69540"}
2017-06-09 19:19:00 {"id":"25241","byid":"2017060980","periods":"80","from_time_id":"33425","from_lottery":"22","day":"2017-06-09 00:00:00","data":"72622","state":"0","lottery_time":null,"order_count":"0","send_lottery_count":"0","winning_count":"0","participate_count":"0","betting_money":"0","winning_money":"0","rebate_money":"0","profit_loss":"0"}
2017-06-09 19:19:00 【重庆时时彩】第80期，正在摇奖中
2017-06-09 19:20:00 【重庆时时彩】第80期，已成功开奖
2017-06-09 19:29:00 【重庆时时彩】第81期，需要开奖
2017-06-09 19:29:00 {"id":"33426","periods":"81","from_lottery":"22","time":"19:29","timestamp":"70140"}
2017-06-09 19:29:00 {"id":"25240","byid":"2017060981","periods":"81","from_time_id":"33426","from_lottery":"22","day":"2017-06-09 00:00:00","data":"95657","state":"0","lottery_time":null,"order_count":"0","send_lottery_count":"0","winning_count":"0","participate_count":"0","betting_money":"0","winning_money":"0","rebate_money":"0","profit_loss":"0"}
2017-06-09 19:29:00 【重庆时时彩】第81期，正在摇奖中
2017-06-09 19:30:00 【重庆时时彩】第81期，已成功开奖
2017-06-09 19:39:00 【重庆时时彩】第82期，需要开奖
2017-06-09 19:39:00 {"id":"33427","periods":"82","from_lottery":"22","time":"19:39","timestamp":"70740"}
2017-06-09 19:39:00 {"id":"25239","byid":"2017060982","periods":"82","from_time_id":"33427","from_lottery":"22","day":"2017-06-09 00:00:00","data":"82954","state":"0","lottery_time":null,"order_count":"0","send_lottery_count":"0","winning_count":"0","participate_count":"0","betting_money":"0","winning_money":"0","rebate_money":"0","profit_loss":"0"}
2017-06-09 19:39:00 【重庆时时彩】第82期，正在摇奖中
2017-06-09 19:39:58 检查【重庆时时彩】是否有近七日数据
2017-06-09 19:39:58 2017-06-08 : yes
2017-06-09 19:39:58 2017-06-09 : yes
2017-06-09 19:39:58 2017-06-10 : yes
2017-06-09 19:39:58 2017-06-11 : yes
2017-06-09 19:39:58 2017-06-12 : yes
2017-06-09 19:39:58 2017-06-13 : yes
2017-06-09 19:39:58 2017-06-14 : yes
2017-06-09 19:40:00 【重庆时时彩】第82期，已成功开奖
2017-06-09 19:49:00 【重庆时时彩】第83期，需要开奖
2017-06-09 19:49:00 {"id":"33428","periods":"83","from_lottery":"22","time":"19:49","timestamp":"71340"}
2017-06-09 19:49:00 {"id":"25238","byid":"2017060983","periods":"83","from_time_id":"33428","from_lottery":"22","day":"2017-06-09 00:00:00","data":"40973","state":"0","lottery_time":null,"order_count":"0","send_lottery_count":"0","winning_count":"0","participate_count":"0","betting_money":"0","winning_money":"0","rebate_money":"0","profit_loss":"0"}
2017-06-09 19:49:00 【重庆时时彩】第83期，正在摇奖中
2017-06-09 19:50:00 【重庆时时彩】第83期，已成功开奖
2017-06-09 19:59:00 【重庆时时彩】第84期，需要开奖
2017-06-09 19:59:00 {"id":"33429","periods":"84","from_lottery":"22","time":"19:59","timestamp":"71940"}
2017-06-09 19:59:00 {"id":"25237","byid":"2017060984","periods":"84","from_time_id":"33429","from_lottery":"22","day":"2017-06-09 00:00:00","data":"93419","state":"0","lottery_time":null,"order_count":"0","send_lottery_count":"0","winning_count":"0","participate_count":"0","betting_money":"0","winning_money":"0","rebate_money":"0","profit_loss":"0"}
2017-06-09 19:59:01 【重庆时时彩】第84期，正在摇奖中
2017-06-09 20:00:00 【重庆时时彩】第84期，已成功开奖
2017-06-09 20:09:00 【重庆时时彩】第85期，需要开奖
2017-06-09 20:09:00 {"id":"33430","periods":"85","from_lottery":"22","time":"20:09","timestamp":"72540"}
2017-06-09 20:09:00 {"id":"25236","byid":"2017060985","periods":"85","from_time_id":"33430","from_lottery":"22","day":"2017-06-09 00:00:00","data":"10854","state":"0","lottery_time":null,"order_count":"0","send_lottery_count":"0","winning_count":"0","participate_count":"0","betting_money":"0","winning_money":"0","rebate_money":"0","profit_loss":"0"}
2017-06-09 20:09:00 【重庆时时彩】第85期，正在摇奖中
2017-06-09 20:10:00 【重庆时时彩】第85期，已成功开奖
2017-06-09 20:19:00 【重庆时时彩】第86期，需要开奖
2017-06-09 20:19:00 {"id":"33431","periods":"86","from_lottery":"22","time":"20:19","timestamp":"73140"}
2017-06-09 20:19:00 {"id":"25235","byid":"2017060986","periods":"86","from_time_id":"33431","from_lottery":"22","day":"2017-06-09 00:00:00","data":"31242","state":"0","lottery_time":null,"order_count":"0","send_lottery_count":"0","winning_count":"0","participate_count":"0","betting_money":"0","winning_money":"0","rebate_money":"0","profit_loss":"0"}
2017-06-09 20:19:00 【重庆时时彩】第86期，正在摇奖中
2017-06-09 20:20:00 【重庆时时彩】第86期，已成功开奖
2017-06-09 20:29:00 【重庆时时彩】第87期，需要开奖
2017-06-09 20:29:00 {"id":"33432","periods":"87","from_lottery":"22","time":"20:29","timestamp":"73740"}
2017-06-09 20:29:00 {"id":"25234","byid":"2017060987","periods":"87","from_time_id":"33432","from_lottery":"22","day":"2017-06-09 00:00:00","data":"35183","state":"0","lottery_time":null,"order_count":"0","send_lottery_count":"0","winning_count":"0","participate_count":"0","betting_money":"0","winning_money":"0","rebate_money":"0","profit_loss":"0"}
2017-06-09 20:29:00 【重庆时时彩】第87期，正在摇奖中
2017-06-09 20:30:00 【重庆时时彩】第87期，已成功开奖
2017-06-09 20:39:00 【重庆时时彩】第88期，需要开奖
2017-06-09 20:39:00 {"id":"33433","periods":"88","from_lottery":"22","time":"20:39","timestamp":"74340"}
2017-06-09 20:39:00 {"id":"25233","byid":"2017060988","periods":"88","from_time_id":"33433","from_lottery":"22","day":"2017-06-09 00:00:00","data":"34587","state":"0","lottery_time":null,"order_count":"0","send_lottery_count":"0","winning_count":"0","participate_count":"0","betting_money":"0","winning_money":"0","rebate_money":"0","profit_loss":"0"}
2017-06-09 20:39:00 【重庆时时彩】第88期，正在摇奖中
2017-06-09 20:40:00 【重庆时时彩】第88期，已成功开奖
2017-06-09 20:49:00 【重庆时时彩】第89期，需要开奖
2017-06-09 20:49:00 {"id":"33434","periods":"89","from_lottery":"22","time":"20:49","timestamp":"74940"}
2017-06-09 20:49:00 {"id":"25232","byid":"2017060989","periods":"89","from_time_id":"33434","from_lottery":"22","day":"2017-06-09 00:00:00","data":"28531","state":"0","lottery_time":null,"order_count":"0","send_lottery_count":"0","winning_count":"0","participate_count":"0","betting_money":"0","winning_money":"0","rebate_money":"0","profit_loss":"0"}
2017-06-09 20:49:00 【重庆时时彩】第89期，正在摇奖中
2017-06-09 20:50:00 【重庆时时彩】第89期，已成功开奖
2017-06-09 20:59:00 【重庆时时彩】第90期，需要开奖
2017-06-09 20:59:00 {"id":"33435","periods":"90","from_lottery":"22","time":"20:59","timestamp":"75540"}
2017-06-09 20:59:00 {"id":"25231","byid":"2017060990","periods":"90","from_time_id":"33435","from_lottery":"22","day":"2017-06-09 00:00:00","data":"25056","state":"0","lottery_time":null,"order_count":"0","send_lottery_count":"0","winning_count":"0","participate_count":"0","betting_money":"0","winning_money":"0","rebate_money":"0","profit_loss":"0"}
2017-06-09 20:59:00 【重庆时时彩】第90期，正在摇奖中
2017-06-09 21:00:00 【重庆时时彩】第90期，已成功开奖
2017-06-09 21:09:00 【重庆时时彩】第91期，需要开奖
2017-06-09 21:09:00 {"id":"33436","periods":"91","from_lottery":"22","time":"21:09","timestamp":"76140"}
2017-06-09 21:09:00 {"id":"25230","byid":"2017060991","periods":"91","from_time_id":"33436","from_lottery":"22","day":"2017-06-09 00:00:00","data":"82655","state":"0","lottery_time":null,"order_count":"0","send_lottery_count":"0","winning_count":"0","participate_count":"0","betting_money":"0","winning_money":"0","rebate_money":"0","profit_loss":"0"}
2017-06-09 21:09:00 【重庆时时彩】第91期，正在摇奖中
2017-06-09 21:10:00 【重庆时时彩】第91期，已成功开奖
2017-06-09 21:19:00 【重庆时时彩】第92期，需要开奖
2017-06-09 21:19:00 {"id":"33437","periods":"92","from_lottery":"22","time":"21:19","timestamp":"76740"}
2017-06-09 21:19:00 {"id":"25229","byid":"2017060992","periods":"92","from_time_id":"33437","from_lottery":"22","day":"2017-06-09 00:00:00","data":"90189","state":"0","lottery_time":null,"order_count":"0","send_lottery_count":"0","winning_count":"0","participate_count":"0","betting_money":"0","winning_money":"0","rebate_money":"0","profit_loss":"0"}
2017-06-09 21:19:00 【重庆时时彩】第92期，正在摇奖中
2017-06-09 21:20:00 【重庆时时彩】第92期，已成功开奖
2017-06-09 21:29:00 【重庆时时彩】第93期，需要开奖
2017-06-09 21:29:00 {"id":"33438","periods":"93","from_lottery":"22","time":"21:29","timestamp":"77340"}
2017-06-09 21:29:00 {"id":"25228","byid":"2017060993","periods":"93","from_time_id":"33438","from_lottery":"22","day":"2017-06-09 00:00:00","data":"39001","state":"0","lottery_time":null,"order_count":"0","send_lottery_count":"0","winning_count":"0","participate_count":"0","betting_money":"0","winning_money":"0","rebate_money":"0","profit_loss":"0"}
2017-06-09 21:29:00 【重庆时时彩】第93期，正在摇奖中
2017-06-09 21:30:00 【重庆时时彩】第93期，已成功开奖
2017-06-09 21:39:00 【重庆时时彩】第94期，需要开奖
2017-06-09 21:39:00 {"id":"33439","periods":"94","from_lottery":"22","time":"21:39","timestamp":"77940"}
2017-06-09 21:39:00 {"id":"25227","byid":"2017060994","periods":"94","from_time_id":"33439","from_lottery":"22","day":"2017-06-09 00:00:00","data":"55961","state":"0","lottery_time":null,"order_count":"0","send_lottery_count":"0","winning_count":"0","participate_count":"0","betting_money":"0","winning_money":"0","rebate_money":"0","profit_loss":"0"}
2017-06-09 21:39:00 【重庆时时彩】第94期，正在摇奖中
2017-06-09 21:40:00 【重庆时时彩】第94期，已成功开奖
2017-06-09 21:40:55 检查【重庆时时彩】是否有近七日数据
2017-06-09 21:40:55 2017-06-08 : yes
2017-06-09 21:40:55 2017-06-09 : yes
2017-06-09 21:40:55 2017-06-10 : yes
2017-06-09 21:40:55 2017-06-11 : yes
2017-06-09 21:40:55 2017-06-12 : yes
2017-06-09 21:40:55 2017-06-13 : yes
2017-06-09 21:40:55 2017-06-14 : yes
2017-06-09 21:49:00 【重庆时时彩】第95期，需要开奖
2017-06-09 21:49:00 {"id":"33440","periods":"95","from_lottery":"22","time":"21:49","timestamp":"78540"}
2017-06-09 21:49:00 {"id":"25226","byid":"2017060995","periods":"95","from_time_id":"33440","from_lottery":"22","day":"2017-06-09 00:00:00","data":"51201","state":"0","lottery_time":null,"order_count":"0","send_lottery_count":"0","winning_count":"0","participate_count":"0","betting_money":"0","winning_money":"0","rebate_money":"0","profit_loss":"0"}
2017-06-09 21:49:00 【重庆时时彩】第95期，正在摇奖中
2017-06-09 21:50:00 【重庆时时彩】第95期，已成功开奖
2017-06-09 21:59:00 【重庆时时彩】第96期，需要开奖
2017-06-09 21:59:00 {"id":"33441","periods":"96","from_lottery":"22","time":"21:59","timestamp":"79140"}
2017-06-09 21:59:00 {"id":"25225","byid":"2017060996","periods":"96","from_time_id":"33441","from_lottery":"22","day":"2017-06-09 00:00:00","data":"49287","state":"0","lottery_time":null,"order_count":"0","send_lottery_count":"0","winning_count":"0","participate_count":"0","betting_money":"0","winning_money":"0","rebate_money":"0","profit_loss":"0"}
2017-06-09 21:59:00 【重庆时时彩】第96期，正在摇奖中
2017-06-09 22:00:00 【重庆时时彩】第96期，已成功开奖
2017-06-09 22:04:00 【重庆时时彩】第97期，需要开奖
2017-06-09 22:04:00 {"id":"33442","periods":"97","from_lottery":"22","time":"22:04","timestamp":"79440"}
2017-06-09 22:04:00 {"id":"25224","byid":"2017060997","periods":"97","from_time_id":"33442","from_lottery":"22","day":"2017-06-09 00:00:00","data":"67576","state":"0","lottery_time":null,"order_count":"0","send_lottery_count":"0","winning_count":"0","participate_count":"0","betting_money":"0","winning_money":"0","rebate_money":"0","profit_loss":"0"}
2017-06-09 22:04:00 【重庆时时彩】第97期，正在摇奖中
2017-06-09 22:05:00 【重庆时时彩】第97期，已成功开奖
2017-06-09 22:09:00 【重庆时时彩】第98期，需要开奖
2017-06-09 22:09:00 {"id":"33443","periods":"98","from_lottery":"22","time":"22:09","timestamp":"79740"}
2017-06-09 22:09:00 {"id":"25223","byid":"2017060998","periods":"98","from_time_id":"33443","from_lottery":"22","day":"2017-06-09 00:00:00","data":"70518","state":"0","lottery_time":null,"order_count":"0","send_lottery_count":"0","winning_count":"0","participate_count":"0","betting_money":"0","winning_money":"0","rebate_money":"0","profit_loss":"0"}
2017-06-09 22:09:00 【重庆时时彩】第98期，正在摇奖中
2017-06-09 22:10:00 【重庆时时彩】第98期，已成功开奖
2017-06-09 22:14:00 【重庆时时彩】第99期，需要开奖
2017-06-09 22:14:00 {"id":"33444","periods":"99","from_lottery":"22","time":"22:14","timestamp":"80040"}
2017-06-09 22:14:00 {"id":"25222","byid":"2017060999","periods":"99","from_time_id":"33444","from_lottery":"22","day":"2017-06-09 00:00:00","data":"33634","state":"0","lottery_time":null,"order_count":"0","send_lottery_count":"0","winning_count":"0","participate_count":"0","betting_money":"0","winning_money":"0","rebate_money":"0","profit_loss":"0"}
2017-06-09 22:14:00 【重庆时时彩】第99期，正在摇奖中
2017-06-09 22:15:00 【重庆时时彩】第99期，已成功开奖
2017-06-09 22:19:00 【重庆时时彩】第100期，需要开奖
2017-06-09 22:19:00 {"id":"33445","periods":"100","from_lottery":"22","time":"22:19","timestamp":"80340"}
2017-06-09 22:19:00 {"id":"25221","byid":"20170609100","periods":"100","from_time_id":"33445","from_lottery":"22","day":"2017-06-09 00:00:00","data":"15943","state":"0","lottery_time":null,"order_count":"0","send_lottery_count":"0","winning_count":"0","participate_count":"0","betting_money":"0","winning_money":"0","rebate_money":"0","profit_loss":"0"}
2017-06-09 22:19:00 【重庆时时彩】第100期，正在摇奖中
2017-06-09 22:20:00 【重庆时时彩】第100期，已成功开奖
2017-06-09 22:24:00 【重庆时时彩】第101期，需要开奖
2017-06-09 22:24:00 {"id":"33446","periods":"101","from_lottery":"22","time":"22:24","timestamp":"80640"}
2017-06-09 22:24:00 {"id":"25220","byid":"20170609101","periods":"101","from_time_id":"33446","from_lottery":"22","day":"2017-06-09 00:00:00","data":"94570","state":"0","lottery_time":null,"order_count":"0","send_lottery_count":"0","winning_count":"0","participate_count":"0","betting_money":"0","winning_money":"0","rebate_money":"0","profit_loss":"0"}
2017-06-09 22:24:00 【重庆时时彩】第101期，正在摇奖中
2017-06-09 22:25:00 【重庆时时彩】第101期，已成功开奖
2017-06-09 22:29:00 【重庆时时彩】第102期，需要开奖
2017-06-09 22:29:00 {"id":"33447","periods":"102","from_lottery":"22","time":"22:29","timestamp":"80940"}
2017-06-09 22:29:00 {"id":"25219","byid":"20170609102","periods":"102","from_time_id":"33447","from_lottery":"22","day":"2017-06-09 00:00:00","data":"60289","state":"0","lottery_time":null,"order_count":"0","send_lottery_count":"0","winning_count":"0","participate_count":"0","betting_money":"0","winning_money":"0","rebate_money":"0","profit_loss":"0"}
2017-06-09 22:29:00 【重庆时时彩】第102期，正在摇奖中
2017-06-09 22:30:00 【重庆时时彩】第102期，已成功开奖
2017-06-09 22:34:00 【重庆时时彩】第103期，需要开奖
2017-06-09 22:34:00 {"id":"33448","periods":"103","from_lottery":"22","time":"22:34","timestamp":"81240"}
2017-06-09 22:34:00 {"id":"25218","byid":"20170609103","periods":"103","from_time_id":"33448","from_lottery":"22","day":"2017-06-09 00:00:00","data":"77766","state":"0","lottery_time":null,"order_count":"0","send_lottery_count":"0","winning_count":"0","participate_count":"0","betting_money":"0","winning_money":"0","rebate_money":"0","profit_loss":"0"}
2017-06-09 22:34:00 【重庆时时彩】第103期，正在摇奖中
2017-06-09 22:35:00 【重庆时时彩】第103期，已成功开奖
2017-06-09 22:39:00 【重庆时时彩】第104期，需要开奖
2017-06-09 22:39:00 {"id":"33449","periods":"104","from_lottery":"22","time":"22:39","timestamp":"81540"}
2017-06-09 22:39:00 {"id":"25217","byid":"20170609104","periods":"104","from_time_id":"33449","from_lottery":"22","day":"2017-06-09 00:00:00","data":"49221","state":"0","lottery_time":null,"order_count":"0","send_lottery_count":"0","winning_count":"0","participate_count":"0","betting_money":"0","winning_money":"0","rebate_money":"0","profit_loss":"0"}
2017-06-09 22:39:00 【重庆时时彩】第104期，正在摇奖中
2017-06-09 22:40:00 【重庆时时彩】第104期，已成功开奖
2017-06-09 22:44:00 【重庆时时彩】第105期，需要开奖
2017-06-09 22:44:00 {"id":"33450","periods":"105","from_lottery":"22","time":"22:44","timestamp":"81840"}
2017-06-09 22:44:00 {"id":"25216","byid":"20170609105","periods":"105","from_time_id":"33450","from_lottery":"22","day":"2017-06-09 00:00:00","data":"55293","state":"0","lottery_time":null,"order_count":"0","send_lottery_count":"0","winning_count":"0","participate_count":"0","betting_money":"0","winning_money":"0","rebate_money":"0","profit_loss":"0"}
2017-06-09 22:44:00 【重庆时时彩】第105期，正在摇奖中
2017-06-09 22:45:00 【重庆时时彩】第105期，已成功开奖
2017-06-09 22:49:00 【重庆时时彩】第106期，需要开奖
2017-06-09 22:49:00 {"id":"33451","periods":"106","from_lottery":"22","time":"22:49","timestamp":"82140"}
2017-06-09 22:49:00 {"id":"25215","byid":"20170609106","periods":"106","from_time_id":"33451","from_lottery":"22","day":"2017-06-09 00:00:00","data":"61838","state":"0","lottery_time":null,"order_count":"0","send_lottery_count":"0","winning_count":"0","participate_count":"0","betting_money":"0","winning_money":"0","rebate_money":"0","profit_loss":"0"}
2017-06-09 22:49:00 【重庆时时彩】第106期，正在摇奖中
2017-06-09 22:50:00 【重庆时时彩】第106期，已成功开奖
2017-06-09 22:54:00 【重庆时时彩】第107期，需要开奖
2017-06-09 22:54:00 {"id":"33452","periods":"107","from_lottery":"22","time":"22:54","timestamp":"82440"}
2017-06-09 22:54:00 {"id":"25214","byid":"20170609107","periods":"107","from_time_id":"33452","from_lottery":"22","day":"2017-06-09 00:00:00","data":"96410","state":"0","lottery_time":null,"order_count":"0","send_lottery_count":"0","winning_count":"0","participate_count":"0","betting_money":"0","winning_money":"0","rebate_money":"0","profit_loss":"0"}
2017-06-09 22:54:00 【重庆时时彩】第107期，正在摇奖中
2017-06-09 22:55:00 【重庆时时彩】第107期，已成功开奖
2017-06-09 22:59:00 【重庆时时彩】第108期，需要开奖
2017-06-09 22:59:00 {"id":"33453","periods":"108","from_lottery":"22","time":"22:59","timestamp":"82740"}
2017-06-09 22:59:00 {"id":"25213","byid":"20170609108","periods":"108","from_time_id":"33453","from_lottery":"22","day":"2017-06-09 00:00:00","data":"73182","state":"0","lottery_time":null,"order_count":"0","send_lottery_count":"0","winning_count":"0","participate_count":"0","betting_money":"0","winning_money":"0","rebate_money":"0","profit_loss":"0"}
2017-06-09 22:59:00 【重庆时时彩】第108期，正在摇奖中
2017-06-09 23:00:00 【重庆时时彩】第108期，已成功开奖
2017-06-09 23:04:00 【重庆时时彩】第109期，需要开奖
2017-06-09 23:04:00 {"id":"33454","periods":"109","from_lottery":"22","time":"23:04","timestamp":"83040"}
2017-06-09 23:04:00 {"id":"25212","byid":"20170609109","periods":"109","from_time_id":"33454","from_lottery":"22","day":"2017-06-09 00:00:00","data":"20060","state":"0","lottery_time":null,"order_count":"0","send_lottery_count":"0","winning_count":"0","participate_count":"0","betting_money":"0","winning_money":"0","rebate_money":"0","profit_loss":"0"}
2017-06-09 23:04:00 【重庆时时彩】第109期，正在摇奖中
2017-06-09 23:05:00 【重庆时时彩】第109期，已成功开奖
2017-06-09 23:09:00 【重庆时时彩】第110期，需要开奖
2017-06-09 23:09:00 {"id":"33455","periods":"110","from_lottery":"22","time":"23:09","timestamp":"83340"}
2017-06-09 23:09:00 {"id":"25211","byid":"20170609110","periods":"110","from_time_id":"33455","from_lottery":"22","day":"2017-06-09 00:00:00","data":"66727","state":"0","lottery_time":null,"order_count":"0","send_lottery_count":"0","winning_count":"0","participate_count":"0","betting_money":"0","winning_money":"0","rebate_money":"0","profit_loss":"0"}
2017-06-09 23:09:00 【重庆时时彩】第110期，正在摇奖中
2017-06-09 23:10:00 【重庆时时彩】第110期，已成功开奖
2017-06-09 23:14:00 【重庆时时彩】第111期，需要开奖
2017-06-09 23:14:00 {"id":"33456","periods":"111","from_lottery":"22","time":"23:14","timestamp":"83640"}
2017-06-09 23:14:00 {"id":"25210","byid":"20170609111","periods":"111","from_time_id":"33456","from_lottery":"22","day":"2017-06-09 00:00:00","data":"47378","state":"0","lottery_time":null,"order_count":"0","send_lottery_count":"0","winning_count":"0","participate_count":"0","betting_money":"0","winning_money":"0","rebate_money":"0","profit_loss":"0"}
2017-06-09 23:14:00 【重庆时时彩】第111期，正在摇奖中
2017-06-09 23:15:00 【重庆时时彩】第111期，已成功开奖
2017-06-09 23:19:00 【重庆时时彩】第112期，需要开奖
2017-06-09 23:19:00 {"id":"33457","periods":"112","from_lottery":"22","time":"23:19","timestamp":"83940"}
2017-06-09 23:19:00 {"id":"25209","byid":"20170609112","periods":"112","from_time_id":"33457","from_lottery":"22","day":"2017-06-09 00:00:00","data":"56889","state":"0","lottery_time":null,"order_count":"0","send_lottery_count":"0","winning_count":"0","participate_count":"0","betting_money":"0","winning_money":"0","rebate_money":"0","profit_loss":"0"}
2017-06-09 23:19:00 【重庆时时彩】第112期，正在摇奖中
2017-06-09 23:20:00 【重庆时时彩】第112期，已成功开奖
2017-06-09 23:24:00 【重庆时时彩】第113期，需要开奖
2017-06-09 23:24:00 {"id":"33458","periods":"113","from_lottery":"22","time":"23:24","timestamp":"84240"}
2017-06-09 23:24:00 {"id":"25208","byid":"20170609113","periods":"113","from_time_id":"33458","from_lottery":"22","day":"2017-06-09 00:00:00","data":"14183","state":"0","lottery_time":null,"order_count":"0","send_lottery_count":"0","winning_count":"0","participate_count":"0","betting_money":"0","winning_money":"0","rebate_money":"0","profit_loss":"0"}
2017-06-09 23:24:00 【重庆时时彩】第113期，正在摇奖中
2017-06-09 23:25:00 【重庆时时彩】第113期，已成功开奖
2017-06-09 23:29:00 【重庆时时彩】第114期，需要开奖
2017-06-09 23:29:00 {"id":"33459","periods":"114","from_lottery":"22","time":"23:29","timestamp":"84540"}
2017-06-09 23:29:00 {"id":"25207","byid":"20170609114","periods":"114","from_time_id":"33459","from_lottery":"22","day":"2017-06-09 00:00:00","data":"21519","state":"0","lottery_time":null,"order_count":"0","send_lottery_count":"0","winning_count":"0","participate_count":"0","betting_money":"0","winning_money":"0","rebate_money":"0","profit_loss":"0"}
2017-06-09 23:29:00 【重庆时时彩】第114期，正在摇奖中
2017-06-09 23:30:00 【重庆时时彩】第114期，已成功开奖
2017-06-09 23:34:00 【重庆时时彩】第115期，需要开奖
2017-06-09 23:34:00 {"id":"33460","periods":"115","from_lottery":"22","time":"23:34","timestamp":"84840"}
2017-06-09 23:34:00 {"id":"25206","byid":"20170609115","periods":"115","from_time_id":"33460","from_lottery":"22","day":"2017-06-09 00:00:00","data":"23482","state":"0","lottery_time":null,"order_count":"0","send_lottery_count":"0","winning_count":"0","participate_count":"0","betting_money":"0","winning_money":"0","rebate_money":"0","profit_loss":"0"}
2017-06-09 23:34:00 【重庆时时彩】第115期，正在摇奖中
2017-06-09 23:35:01 【重庆时时彩】第115期，已成功开奖
2017-06-09 23:39:00 【重庆时时彩】第116期，需要开奖
2017-06-09 23:39:00 {"id":"33461","periods":"116","from_lottery":"22","time":"23:39","timestamp":"85140"}
2017-06-09 23:39:00 {"id":"25205","byid":"20170609116","periods":"116","from_time_id":"33461","from_lottery":"22","day":"2017-06-09 00:00:00","data":"14405","state":"0","lottery_time":null,"order_count":"0","send_lottery_count":"0","winning_count":"0","participate_count":"0","betting_money":"0","winning_money":"0","rebate_money":"0","profit_loss":"0"}
2017-06-09 23:39:00 【重庆时时彩】第116期，正在摇奖中
2017-06-09 23:40:00 【重庆时时彩】第116期，已成功开奖
2017-06-09 23:41:48 检查【重庆时时彩】是否有近七日数据
2017-06-09 23:41:48 2017-06-08 : yes
2017-06-09 23:41:48 2017-06-09 : yes
2017-06-09 23:41:48 2017-06-10 : yes
2017-06-09 23:41:48 2017-06-11 : yes
2017-06-09 23:41:48 2017-06-12 : yes
2017-06-09 23:41:48 2017-06-13 : yes
2017-06-09 23:41:48 2017-06-14 : yes
2017-06-09 23:44:00 【重庆时时彩】第117期，需要开奖
2017-06-09 23:44:00 {"id":"33462","periods":"117","from_lottery":"22","time":"23:44","timestamp":"85440"}
2017-06-09 23:44:00 {"id":"25204","byid":"20170609117","periods":"117","from_time_id":"33462","from_lottery":"22","day":"2017-06-09 00:00:00","data":"17973","state":"0","lottery_time":null,"order_count":"0","send_lottery_count":"0","winning_count":"0","participate_count":"0","betting_money":"0","winning_money":"0","rebate_money":"0","profit_loss":"0"}
2017-06-09 23:44:00 【重庆时时彩】第117期，正在摇奖中
2017-06-09 23:45:00 【重庆时时彩】第117期，已成功开奖
2017-06-09 23:49:00 【重庆时时彩】第118期，需要开奖
2017-06-09 23:49:00 {"id":"33463","periods":"118","from_lottery":"22","time":"23:49","timestamp":"85740"}
2017-06-09 23:49:00 {"id":"25203","byid":"20170609118","periods":"118","from_time_id":"33463","from_lottery":"22","day":"2017-06-09 00:00:00","data":"97775","state":"0","lottery_time":null,"order_count":"0","send_lottery_count":"0","winning_count":"0","participate_count":"0","betting_money":"0","winning_money":"0","rebate_money":"0","profit_loss":"0"}
2017-06-09 23:49:00 【重庆时时彩】第118期，正在摇奖中
2017-06-09 23:50:00 【重庆时时彩】第118期，已成功开奖
2017-06-09 23:54:00 【重庆时时彩】第119期，需要开奖
2017-06-09 23:54:00 {"id":"33464","periods":"119","from_lottery":"22","time":"23:54","timestamp":"86040"}
2017-06-09 23:54:00 {"id":"25202","byid":"20170609119","periods":"119","from_time_id":"33464","from_lottery":"22","day":"2017-06-09 00:00:00","data":"72536","state":"0","lottery_time":null,"order_count":"0","send_lottery_count":"0","winning_count":"0","participate_count":"0","betting_money":"0","winning_money":"0","rebate_money":"0","profit_loss":"0"}
2017-06-09 23:54:00 【重庆时时彩】第119期，正在摇奖中
2017-06-09 23:55:00 【重庆时时彩】第119期，已成功开奖
2017-06-09 23:59:00 【重庆时时彩】第120期，需要开奖
2017-06-09 23:59:00 {"id":"33465","periods":"120","from_lottery":"22","time":"23:59","timestamp":"86340"}
2017-06-09 23:59:00 {"id":"25201","byid":"20170609120","periods":"120","from_time_id":"33465","from_lottery":"22","day":"2017-06-09 00:00:00","data":"94792","state":"0","lottery_time":null,"order_count":"0","send_lottery_count":"0","winning_count":"0","participate_count":"0","betting_money":"0","winning_money":"0","rebate_money":"0","profit_loss":"0"}
2017-06-09 23:59:00 【重庆时时彩】第120期，正在摇奖中
