2017-06-16 00:27:32 脚本开启
2017-06-16 00:27:32 检查【澳门3D】是否有近七日数据
2017-06-16 00:27:32 2017-06-15 : no
2017-06-16 00:27:32 2017-06-16 : no
2017-06-16 00:27:33 2017-06-17 : no
2017-06-16 00:27:33 2017-06-18 : no
2017-06-16 00:27:33 2017-06-19 : no
2017-06-16 00:27:33 2017-06-20 : no
2017-06-16 00:27:33 2017-06-21 : no
2017-06-16 00:27:33 【澳门3D】第5期，需要开奖
2017-06-16 00:27:33 {"id":"33350","periods":"5","from_lottery":"22","time":"00:25","timestamp":"1500"}
2017-06-16 00:27:33 {"id":"26996","byid":"201706165","periods":"5","from_time_id":"33350","from_lottery":"22","day":"2017-06-16 00:00:00","data":"442","state":"0","lottery_time":null,"order_count":"0","send_lottery_count":"0","winning_count":"0","participate_count":"0","betting_money":"0","winning_money":"0","rebate_money":"0","profit_loss":"0","manual_lottery":null}
2017-06-16 00:27:33 【澳门3D】第5期，正在摇奖中
2017-06-16 00:27:34 【澳门3D】第5期，已成功开奖
2017-06-16 00:30:25 脚本开启
2017-06-16 00:30:25 检查【澳门3D】是否有近七日数据
2017-06-16 00:30:25 2017-06-15 : no
2017-06-16 00:30:26 2017-06-16 : no
2017-06-16 00:30:26 2017-06-16 : no
2017-06-16 00:30:26 2017-06-16 : no
2017-06-16 00:30:26 2017-06-16 : no
2017-06-16 00:30:26 2017-06-16 : no
2017-06-16 00:30:26 2017-06-16 : no
2017-06-16 00:30:26 未发现开奖数据，正在准备号码采集策略
2017-06-16 00:30:27 未发现开奖数据，正在准备号码采集策略
2017-06-16 00:30:28 未发现开奖数据，正在准备号码采集策略
2017-06-16 00:30:29 未发现开奖数据，正在准备号码采集策略
2017-06-16 00:30:30 未发现开奖数据，正在准备号码采集策略
2017-06-16 00:30:31 未发现开奖数据，正在准备号码采集策略
2017-06-16 00:30:32 未发现开奖数据，正在准备号码采集策略
2017-06-16 00:30:33 未发现开奖数据，正在准备号码采集策略
2017-06-16 00:30:35 脚本开启
2017-06-16 00:30:35 检查【澳门3D】是否有近七日数据
2017-06-16 00:30:35 2017-06-15 : yes
2017-06-16 00:30:35 2017-06-16 : no
2017-06-16 00:30:36 2017-06-16 : no
2017-06-16 00:30:36 2017-06-16 : no
2017-06-16 00:30:36 2017-06-16 : no
2017-06-16 00:30:36 2017-06-16 : no
2017-06-16 00:30:36 2017-06-16 : no
2017-06-16 00:30:36 未发现开奖数据，正在准备号码采集策略
2017-06-16 00:30:38 脚本开启
2017-06-16 00:30:38 检查【澳门3D】是否有近七日数据
2017-06-16 00:30:38 2017-06-15 : yes
2017-06-16 00:30:38 2017-06-16 : no
2017-06-16 00:30:38 2017-06-16 : no
2017-06-16 00:30:38 2017-06-16 : no
2017-06-16 00:30:38 2017-06-16 : no
2017-06-16 00:30:39 2017-06-16 : no
2017-06-16 00:30:39 2017-06-16 : no
2017-06-16 00:30:39 未发现开奖数据，正在准备号码采集策略
2017-06-16 00:31:47 脚本开启
2017-06-16 00:31:47 检查【澳门3D】是否有近七日数据
2017-06-16 00:31:47 2017-06-15 : no
2017-06-16 00:31:47 2017-06-16 : no
2017-06-16 00:31:47 2017-06-17 : no
2017-06-16 00:31:47 2017-06-18 : no
2017-06-16 00:31:47 2017-06-19 : no
2017-06-16 00:31:47 2017-06-20 : no
2017-06-16 00:31:47 2017-06-21 : no
2017-06-16 00:31:48 【澳门3D】第6期，需要开奖
2017-06-16 00:31:48 {"id":"33351","periods":"6","from_lottery":"22","time":"00:30","timestamp":"1800"}
2017-06-16 00:31:48 {"id":"30115","byid":"201706166","periods":"6","from_time_id":"33351","from_lottery":"22","day":"2017-06-16 00:00:00","data":"741","state":"0","lottery_time":null,"order_count":"0","send_lottery_count":"0","winning_count":"0","participate_count":"0","betting_money":"0","winning_money":"0","rebate_money":"0","profit_loss":"0","manual_lottery":null}
2017-06-16 00:31:48 【澳门3D】第6期，正在摇奖中
2017-06-16 00:32:19 脚本开启
2017-06-16 00:32:19 检查【澳门3D】是否有近七日数据
2017-06-16 00:32:19 2017-06-15 : no
2017-06-16 00:32:19 2017-06-16 : no
2017-06-16 00:32:19 2017-06-17 : no
2017-06-16 00:32:19 2017-06-18 : no
2017-06-16 00:32:19 2017-06-19 : no
2017-06-16 00:32:19 2017-06-20 : no
2017-06-16 00:32:19 2017-06-21 : no
2017-06-16 00:32:19 【澳门3D】第6期，需要开奖
2017-06-16 00:32:19 {"id":"33351","periods":"6","from_lottery":"22","time":"00:30","timestamp":"1800"}
2017-06-16 00:32:19 {"id":"30955","byid":"201706166","periods":"6","from_time_id":"33351","from_lottery":"22","day":"2017-06-16 00:00:00","data":"264","state":"0","lottery_time":null,"order_count":"0","send_lottery_count":"0","winning_count":"0","participate_count":"0","betting_money":"0","winning_money":"0","rebate_money":"0","profit_loss":"0","manual_lottery":null}
2017-06-16 00:32:20 【澳门3D】第6期，正在摇奖中
