2017-05-28 00:05:48 脚本开启
2017-05-28 00:05:48 检查【重庆时时彩】是否有近七日数据
2017-05-28 00:05:48 2017-05-28 : yes
2017-05-28 00:05:48 2017-05-29 : yes
2017-05-28 00:05:48 2017-05-30 : yes
2017-05-28 00:05:48 2017-05-31 : yes
2017-05-28 00:05:48 2017-06-01 : yes
2017-05-28 00:05:48 2017-06-02 : yes
2017-05-28 00:05:48 2017-06-03 : no
2017-05-28 00:05:48 【重庆时时彩】第1期，需要开奖
2017-05-28 00:05:48 {"id":"33046","periods":"1","from_lottery":"20","time":"00:05","timestamp":"300"}
2017-05-28 00:05:48 {"id":"20400","byid":"201705281","periods":"1","from_time_id":"33046","from_lottery":"20","day":"2017-05-28 00:00:00","data":"507263","state":"0","lottery_time":null,"order_count":"0","send_lottery_count":"0","winning_count":"0","participate_count":"0","betting_money":"0","winning_money":"0","rebate_money":"0","profit_loss":"0"}
2017-05-28 00:05:48 【重庆时时彩】第1期，正在摇奖中
2017-05-28 00:05:49 【重庆时时彩】第1期，已成功开奖
2017-05-28 00:00:21 未发现开奖数据，正在准备号码采集策略
2017-05-28 00:00:22 未发现开奖数据，正在准备号码采集策略
2017-05-28 00:00:23 未发现开奖数据，正在准备号码采集策略
2017-05-28 00:00:24 未发现开奖数据，正在准备号码采集策略
2017-05-28 00:00:25 未发现开奖数据，正在准备号码采集策略
2017-05-28 00:00:26 未发现开奖数据，正在准备号码采集策略
2017-05-28 00:00:27 未发现开奖数据，正在准备号码采集策略
2017-05-28 00:00:28 未发现开奖数据，正在准备号码采集策略
2017-05-28 00:00:29 未发现开奖数据，正在准备号码采集策略
2017-05-28 00:00:30 未发现开奖数据，正在准备号码采集策略
2017-05-28 00:00:31 未发现开奖数据，正在准备号码采集策略
2017-05-28 00:00:32 未发现开奖数据，正在准备号码采集策略
2017-05-28 00:00:34 未发现开奖数据，正在准备号码采集策略
2017-05-28 00:00:35 未发现开奖数据，正在准备号码采集策略
2017-05-28 00:00:36 未发现开奖数据，正在准备号码采集策略
2017-05-28 00:00:37 未发现开奖数据，正在准备号码采集策略
2017-05-28 00:00:38 未发现开奖数据，正在准备号码采集策略
2017-05-28 00:00:39 未发现开奖数据，正在准备号码采集策略
2017-05-28 00:00:40 未发现开奖数据，正在准备号码采集策略
2017-05-28 00:00:41 未发现开奖数据，正在准备号码采集策略
2017-05-28 00:00:42 未发现开奖数据，正在准备号码采集策略
2017-05-28 00:00:43 未发现开奖数据，正在准备号码采集策略
2017-05-28 00:00:44 未发现开奖数据，正在准备号码采集策略
2017-05-28 00:00:45 未发现开奖数据，正在准备号码采集策略
2017-05-28 00:00:46 未发现开奖数据，正在准备号码采集策略
2017-05-28 00:00:47 未发现开奖数据，正在准备号码采集策略
2017-05-28 00:00:48 未发现开奖数据，正在准备号码采集策略
2017-05-28 00:00:49 未发现开奖数据，正在准备号码采集策略
2017-05-28 00:00:50 未发现开奖数据，正在准备号码采集策略
2017-05-28 00:00:51 未发现开奖数据，正在准备号码采集策略
2017-05-28 00:00:52 未发现开奖数据，正在准备号码采集策略
2017-05-28 00:00:53 未发现开奖数据，正在准备号码采集策略
2017-05-28 00:00:54 未发现开奖数据，正在准备号码采集策略
2017-05-28 00:00:55 未发现开奖数据，正在准备号码采集策略
2017-05-28 00:00:56 未发现开奖数据，正在准备号码采集策略
2017-05-28 00:00:57 未发现开奖数据，正在准备号码采集策略
2017-05-28 00:00:58 未发现开奖数据，正在准备号码采集策略
2017-05-28 00:00:59 未发现开奖数据，正在准备号码采集策略
2017-05-28 00:01:00 未发现开奖数据，正在准备号码采集策略
2017-05-28 00:01:01 未发现开奖数据，正在准备号码采集策略
2017-05-28 00:01:02 未发现开奖数据，正在准备号码采集策略
2017-05-28 00:01:03 未发现开奖数据，正在准备号码采集策略
2017-05-28 00:01:04 未发现开奖数据，正在准备号码采集策略
2017-05-28 00:01:05 未发现开奖数据，正在准备号码采集策略
2017-05-28 00:01:06 未发现开奖数据，正在准备号码采集策略
2017-05-28 00:01:07 未发现开奖数据，正在准备号码采集策略
2017-05-28 00:01:08 未发现开奖数据，正在准备号码采集策略
2017-05-28 00:01:09 未发现开奖数据，正在准备号码采集策略
2017-05-28 00:01:10 未发现开奖数据，正在准备号码采集策略
2017-05-28 00:01:11 未发现开奖数据，正在准备号码采集策略
2017-05-28 00:01:12 未发现开奖数据，正在准备号码采集策略
2017-05-28 00:01:13 未发现开奖数据，正在准备号码采集策略
2017-05-28 00:01:14 未发现开奖数据，正在准备号码采集策略
2017-05-28 00:01:15 未发现开奖数据，正在准备号码采集策略
2017-05-28 00:01:16 未发现开奖数据，正在准备号码采集策略
2017-05-28 00:01:17 未发现开奖数据，正在准备号码采集策略
2017-05-28 00:01:18 未发现开奖数据，正在准备号码采集策略
2017-05-28 00:01:19 未发现开奖数据，正在准备号码采集策略
2017-05-28 00:01:20 未发现开奖数据，正在准备号码采集策略
2017-05-28 00:01:21 未发现开奖数据，正在准备号码采集策略
2017-05-28 00:01:22 未发现开奖数据，正在准备号码采集策略
2017-05-28 00:01:23 未发现开奖数据，正在准备号码采集策略
2017-05-28 00:01:24 未发现开奖数据，正在准备号码采集策略
2017-05-28 00:01:25 未发现开奖数据，正在准备号码采集策略
2017-05-28 00:01:26 未发现开奖数据，正在准备号码采集策略
2017-05-28 00:01:27 未发现开奖数据，正在准备号码采集策略
2017-05-28 00:01:28 未发现开奖数据，正在准备号码采集策略
2017-05-28 00:01:29 未发现开奖数据，正在准备号码采集策略
2017-05-28 00:01:30 未发现开奖数据，正在准备号码采集策略
2017-05-28 00:01:31 未发现开奖数据，正在准备号码采集策略
2017-05-28 00:01:32 未发现开奖数据，正在准备号码采集策略
2017-05-28 00:01:33 未发现开奖数据，正在准备号码采集策略
2017-05-28 00:01:34 未发现开奖数据，正在准备号码采集策略
2017-05-28 00:01:35 未发现开奖数据，正在准备号码采集策略
2017-05-28 00:01:36 未发现开奖数据，正在准备号码采集策略
2017-05-28 00:01:37 未发现开奖数据，正在准备号码采集策略
2017-05-28 00:01:38 未发现开奖数据，正在准备号码采集策略
2017-05-28 00:01:39 未发现开奖数据，正在准备号码采集策略
2017-05-28 00:01:40 未发现开奖数据，正在准备号码采集策略
2017-05-28 00:01:41 未发现开奖数据，正在准备号码采集策略
2017-05-28 00:01:42 未发现开奖数据，正在准备号码采集策略
2017-05-28 00:01:43 未发现开奖数据，正在准备号码采集策略
2017-05-28 00:01:44 未发现开奖数据，正在准备号码采集策略
2017-05-28 00:01:45 未发现开奖数据，正在准备号码采集策略
2017-05-28 00:01:46 未发现开奖数据，正在准备号码采集策略
2017-05-28 00:01:47 未发现开奖数据，正在准备号码采集策略
2017-05-28 00:01:48 未发现开奖数据，正在准备号码采集策略
2017-05-28 00:01:49 未发现开奖数据，正在准备号码采集策略
2017-05-28 00:01:50 未发现开奖数据，正在准备号码采集策略
2017-05-28 00:01:51 未发现开奖数据，正在准备号码采集策略
2017-05-28 00:01:52 未发现开奖数据，正在准备号码采集策略
2017-05-28 00:01:53 未发现开奖数据，正在准备号码采集策略
2017-05-28 00:01:54 未发现开奖数据，正在准备号码采集策略
2017-05-28 00:01:55 未发现开奖数据，正在准备号码采集策略
2017-05-28 00:01:56 未发现开奖数据，正在准备号码采集策略
2017-05-28 00:01:57 未发现开奖数据，正在准备号码采集策略
2017-05-28 00:01:58 未发现开奖数据，正在准备号码采集策略
2017-05-28 00:01:59 未发现开奖数据，正在准备号码采集策略
2017-05-28 00:02:00 未发现开奖数据，正在准备号码采集策略
2017-05-28 00:02:01 未发现开奖数据，正在准备号码采集策略
2017-05-28 00:02:02 未发现开奖数据，正在准备号码采集策略
2017-05-28 00:02:03 未发现开奖数据，正在准备号码采集策略
2017-05-28 00:02:04 未发现开奖数据，正在准备号码采集策略
2017-05-28 00:02:05 未发现开奖数据，正在准备号码采集策略
2017-05-28 00:02:06 未发现开奖数据，正在准备号码采集策略
2017-05-28 00:02:07 未发现开奖数据，正在准备号码采集策略
2017-05-28 00:02:08 未发现开奖数据，正在准备号码采集策略
2017-05-28 00:02:09 未发现开奖数据，正在准备号码采集策略
2017-05-28 00:02:10 未发现开奖数据，正在准备号码采集策略
2017-05-28 00:02:11 未发现开奖数据，正在准备号码采集策略
2017-05-28 00:02:12 未发现开奖数据，正在准备号码采集策略
2017-05-28 00:02:13 未发现开奖数据，正在准备号码采集策略
2017-05-28 00:02:14 未发现开奖数据，正在准备号码采集策略
2017-05-28 00:02:15 未发现开奖数据，正在准备号码采集策略
2017-05-28 00:02:16 未发现开奖数据，正在准备号码采集策略
2017-05-28 00:02:17 未发现开奖数据，正在准备号码采集策略
2017-05-28 00:02:18 未发现开奖数据，正在准备号码采集策略
2017-05-28 00:02:19 未发现开奖数据，正在准备号码采集策略
2017-05-28 00:02:20 未发现开奖数据，正在准备号码采集策略
2017-05-28 00:02:21 未发现开奖数据，正在准备号码采集策略
2017-05-28 00:02:22 未发现开奖数据，正在准备号码采集策略
2017-05-28 00:02:23 未发现开奖数据，正在准备号码采集策略
2017-05-28 00:02:24 未发现开奖数据，正在准备号码采集策略
2017-05-28 00:02:25 未发现开奖数据，正在准备号码采集策略
2017-05-28 00:02:26 未发现开奖数据，正在准备号码采集策略
2017-05-28 00:02:27 未发现开奖数据，正在准备号码采集策略
2017-05-28 00:02:28 未发现开奖数据，正在准备号码采集策略
2017-05-28 00:02:29 未发现开奖数据，正在准备号码采集策略
2017-05-28 00:02:30 未发现开奖数据，正在准备号码采集策略
2017-05-28 00:02:31 未发现开奖数据，正在准备号码采集策略
2017-05-28 00:02:32 未发现开奖数据，正在准备号码采集策略
2017-05-28 00:02:33 未发现开奖数据，正在准备号码采集策略
2017-05-28 00:02:34 未发现开奖数据，正在准备号码采集策略
2017-05-28 00:02:35 未发现开奖数据，正在准备号码采集策略
2017-05-28 00:02:36 未发现开奖数据，正在准备号码采集策略
2017-05-28 00:02:37 未发现开奖数据，正在准备号码采集策略
2017-05-28 00:02:38 未发现开奖数据，正在准备号码采集策略
2017-05-28 00:02:40 未发现开奖数据，正在准备号码采集策略
2017-05-28 00:02:41 未发现开奖数据，正在准备号码采集策略
2017-05-28 00:02:42 未发现开奖数据，正在准备号码采集策略
2017-05-28 00:02:43 未发现开奖数据，正在准备号码采集策略
2017-05-28 00:02:44 未发现开奖数据，正在准备号码采集策略
2017-05-28 00:02:45 未发现开奖数据，正在准备号码采集策略
2017-05-28 00:02:46 未发现开奖数据，正在准备号码采集策略
2017-05-28 00:02:47 未发现开奖数据，正在准备号码采集策略
2017-05-28 00:02:48 未发现开奖数据，正在准备号码采集策略
2017-05-28 00:02:49 未发现开奖数据，正在准备号码采集策略
2017-05-28 00:02:50 未发现开奖数据，正在准备号码采集策略
2017-05-28 00:02:51 未发现开奖数据，正在准备号码采集策略
2017-05-28 00:02:52 未发现开奖数据，正在准备号码采集策略
2017-05-28 00:02:53 未发现开奖数据，正在准备号码采集策略
2017-05-28 00:02:54 未发现开奖数据，正在准备号码采集策略
2017-05-28 00:02:55 未发现开奖数据，正在准备号码采集策略
2017-05-28 00:02:56 未发现开奖数据，正在准备号码采集策略
2017-05-28 00:02:57 未发现开奖数据，正在准备号码采集策略
2017-05-28 00:02:58 未发现开奖数据，正在准备号码采集策略
2017-05-28 00:02:59 未发现开奖数据，正在准备号码采集策略
2017-05-28 00:03:00 未发现开奖数据，正在准备号码采集策略
2017-05-28 00:03:01 未发现开奖数据，正在准备号码采集策略
2017-05-28 00:03:02 未发现开奖数据，正在准备号码采集策略
2017-05-28 00:03:03 未发现开奖数据，正在准备号码采集策略
2017-05-28 00:03:04 未发现开奖数据，正在准备号码采集策略
2017-05-28 00:03:05 未发现开奖数据，正在准备号码采集策略
2017-05-28 00:03:06 未发现开奖数据，正在准备号码采集策略
2017-05-28 00:03:07 未发现开奖数据，正在准备号码采集策略
2017-05-28 00:03:08 未发现开奖数据，正在准备号码采集策略
2017-05-28 00:03:09 未发现开奖数据，正在准备号码采集策略
2017-05-28 00:03:10 未发现开奖数据，正在准备号码采集策略
2017-05-28 00:03:11 未发现开奖数据，正在准备号码采集策略
2017-05-28 00:03:12 未发现开奖数据，正在准备号码采集策略
2017-05-28 00:03:13 未发现开奖数据，正在准备号码采集策略
2017-05-28 00:03:14 未发现开奖数据，正在准备号码采集策略
2017-05-28 00:03:15 未发现开奖数据，正在准备号码采集策略
2017-05-28 00:03:16 未发现开奖数据，正在准备号码采集策略
2017-05-28 00:03:17 未发现开奖数据，正在准备号码采集策略
2017-05-28 00:03:18 未发现开奖数据，正在准备号码采集策略
2017-05-28 00:03:19 未发现开奖数据，正在准备号码采集策略
2017-05-28 00:03:20 未发现开奖数据，正在准备号码采集策略
2017-05-28 00:03:21 未发现开奖数据，正在准备号码采集策略
2017-05-28 00:03:22 未发现开奖数据，正在准备号码采集策略
2017-05-28 00:03:23 未发现开奖数据，正在准备号码采集策略
2017-05-28 00:03:24 未发现开奖数据，正在准备号码采集策略
2017-05-28 00:03:25 未发现开奖数据，正在准备号码采集策略
2017-05-28 00:03:26 未发现开奖数据，正在准备号码采集策略
2017-05-28 00:00:55 未发现开奖数据，正在准备号码采集策略
2017-05-28 00:00:56 未发现开奖数据，正在准备号码采集策略
2017-05-28 00:00:57 未发现开奖数据，正在准备号码采集策略
2017-05-28 00:00:58 未发现开奖数据，正在准备号码采集策略
2017-05-28 00:00:59 未发现开奖数据，正在准备号码采集策略
2017-05-28 00:01:00 未发现开奖数据，正在准备号码采集策略
2017-05-28 00:01:01 未发现开奖数据，正在准备号码采集策略
2017-05-28 00:01:02 未发现开奖数据，正在准备号码采集策略
2017-05-28 00:01:03 未发现开奖数据，正在准备号码采集策略
2017-05-28 00:01:04 未发现开奖数据，正在准备号码采集策略
2017-05-28 00:01:05 未发现开奖数据，正在准备号码采集策略
2017-05-28 00:01:06 未发现开奖数据，正在准备号码采集策略
2017-05-28 00:01:07 未发现开奖数据，正在准备号码采集策略
2017-05-28 00:01:08 未发现开奖数据，正在准备号码采集策略
2017-05-28 00:01:09 未发现开奖数据，正在准备号码采集策略
2017-05-28 00:01:10 未发现开奖数据，正在准备号码采集策略
2017-05-28 00:01:11 未发现开奖数据，正在准备号码采集策略
2017-05-28 00:01:12 未发现开奖数据，正在准备号码采集策略
2017-05-28 00:01:13 未发现开奖数据，正在准备号码采集策略
2017-05-28 00:01:14 未发现开奖数据，正在准备号码采集策略
2017-05-28 00:01:15 未发现开奖数据，正在准备号码采集策略
2017-05-28 00:01:16 未发现开奖数据，正在准备号码采集策略
2017-05-28 00:01:17 未发现开奖数据，正在准备号码采集策略
2017-05-28 00:01:18 未发现开奖数据，正在准备号码采集策略
2017-05-28 00:01:19 未发现开奖数据，正在准备号码采集策略
2017-05-28 00:01:20 未发现开奖数据，正在准备号码采集策略
2017-05-28 00:01:21 未发现开奖数据，正在准备号码采集策略
2017-05-28 00:01:22 未发现开奖数据，正在准备号码采集策略
2017-05-28 00:01:23 未发现开奖数据，正在准备号码采集策略
2017-05-28 00:01:24 未发现开奖数据，正在准备号码采集策略
2017-05-28 00:01:25 未发现开奖数据，正在准备号码采集策略
2017-05-28 00:01:26 未发现开奖数据，正在准备号码采集策略
2017-05-28 00:01:27 未发现开奖数据，正在准备号码采集策略
2017-05-28 00:01:28 未发现开奖数据，正在准备号码采集策略
2017-05-28 00:01:29 未发现开奖数据，正在准备号码采集策略
2017-05-28 00:01:30 未发现开奖数据，正在准备号码采集策略
2017-05-28 00:01:31 未发现开奖数据，正在准备号码采集策略
2017-05-28 00:01:32 未发现开奖数据，正在准备号码采集策略
2017-05-28 00:01:33 未发现开奖数据，正在准备号码采集策略
2017-05-28 00:01:34 未发现开奖数据，正在准备号码采集策略
2017-05-28 00:01:35 未发现开奖数据，正在准备号码采集策略
2017-05-28 00:01:36 未发现开奖数据，正在准备号码采集策略
2017-05-28 00:01:37 未发现开奖数据，正在准备号码采集策略
2017-05-28 00:01:38 未发现开奖数据，正在准备号码采集策略
2017-05-28 00:01:39 未发现开奖数据，正在准备号码采集策略
2017-05-28 00:01:40 未发现开奖数据，正在准备号码采集策略
2017-05-28 00:01:41 未发现开奖数据，正在准备号码采集策略
2017-05-28 00:01:42 未发现开奖数据，正在准备号码采集策略
2017-05-28 00:01:43 未发现开奖数据，正在准备号码采集策略
2017-05-28 00:01:44 未发现开奖数据，正在准备号码采集策略
2017-05-28 00:01:45 未发现开奖数据，正在准备号码采集策略
2017-05-28 00:01:46 未发现开奖数据，正在准备号码采集策略
2017-05-28 00:01:47 未发现开奖数据，正在准备号码采集策略
2017-05-28 00:01:48 未发现开奖数据，正在准备号码采集策略
2017-05-28 00:01:49 未发现开奖数据，正在准备号码采集策略
2017-05-28 00:01:50 未发现开奖数据，正在准备号码采集策略
2017-05-28 00:01:51 未发现开奖数据，正在准备号码采集策略
2017-05-28 00:01:52 未发现开奖数据，正在准备号码采集策略
2017-05-28 00:01:53 未发现开奖数据，正在准备号码采集策略
2017-05-28 00:01:54 未发现开奖数据，正在准备号码采集策略
2017-05-28 00:01:55 未发现开奖数据，正在准备号码采集策略
2017-05-28 00:01:56 未发现开奖数据，正在准备号码采集策略
2017-05-28 00:01:57 未发现开奖数据，正在准备号码采集策略
2017-05-28 00:01:58 未发现开奖数据，正在准备号码采集策略
2017-05-28 00:01:59 未发现开奖数据，正在准备号码采集策略
2017-05-28 00:02:00 未发现开奖数据，正在准备号码采集策略
2017-05-28 00:02:01 未发现开奖数据，正在准备号码采集策略
2017-05-28 00:02:02 未发现开奖数据，正在准备号码采集策略
2017-05-28 00:02:03 未发现开奖数据，正在准备号码采集策略
2017-05-28 00:02:05 未发现开奖数据，正在准备号码采集策略
2017-05-28 00:02:06 未发现开奖数据，正在准备号码采集策略
2017-05-28 00:02:07 未发现开奖数据，正在准备号码采集策略
2017-05-28 00:02:08 未发现开奖数据，正在准备号码采集策略
2017-05-28 00:02:09 未发现开奖数据，正在准备号码采集策略
2017-05-28 00:02:10 未发现开奖数据，正在准备号码采集策略
2017-05-28 00:02:11 未发现开奖数据，正在准备号码采集策略
2017-05-28 00:02:12 未发现开奖数据，正在准备号码采集策略
2017-05-28 00:02:13 未发现开奖数据，正在准备号码采集策略
2017-05-28 00:02:14 未发现开奖数据，正在准备号码采集策略
2017-05-28 00:02:15 未发现开奖数据，正在准备号码采集策略
2017-05-28 00:02:16 未发现开奖数据，正在准备号码采集策略
2017-05-28 00:02:17 未发现开奖数据，正在准备号码采集策略
2017-05-28 00:02:18 未发现开奖数据，正在准备号码采集策略
2017-05-28 00:02:19 未发现开奖数据，正在准备号码采集策略
2017-05-28 00:02:20 未发现开奖数据，正在准备号码采集策略
2017-05-28 00:02:21 未发现开奖数据，正在准备号码采集策略
2017-05-28 00:02:22 未发现开奖数据，正在准备号码采集策略
2017-05-28 00:02:23 未发现开奖数据，正在准备号码采集策略
2017-05-28 00:02:24 未发现开奖数据，正在准备号码采集策略
2017-05-28 00:02:25 未发现开奖数据，正在准备号码采集策略
2017-05-28 00:02:26 未发现开奖数据，正在准备号码采集策略
2017-05-28 00:02:27 未发现开奖数据，正在准备号码采集策略
2017-05-28 00:02:28 未发现开奖数据，正在准备号码采集策略
2017-05-28 00:02:29 未发现开奖数据，正在准备号码采集策略
2017-05-28 00:02:30 未发现开奖数据，正在准备号码采集策略
2017-05-28 00:02:31 未发现开奖数据，正在准备号码采集策略
2017-05-28 00:02:32 未发现开奖数据，正在准备号码采集策略
2017-05-28 00:02:33 未发现开奖数据，正在准备号码采集策略
2017-05-28 00:02:34 未发现开奖数据，正在准备号码采集策略
2017-05-28 00:02:35 未发现开奖数据，正在准备号码采集策略
2017-05-28 00:02:36 未发现开奖数据，正在准备号码采集策略
2017-05-28 00:02:37 未发现开奖数据，正在准备号码采集策略
2017-05-28 00:02:38 未发现开奖数据，正在准备号码采集策略
2017-05-28 00:00:00 未发现开奖数据，正在准备号码采集策略
2017-05-28 00:00:01 未发现开奖数据，正在准备号码采集策略
2017-05-28 00:00:02 未发现开奖数据，正在准备号码采集策略
2017-05-28 00:00:03 未发现开奖数据，正在准备号码采集策略
2017-05-28 00:00:04 未发现开奖数据，正在准备号码采集策略
2017-05-28 00:00:05 未发现开奖数据，正在准备号码采集策略
2017-05-28 00:00:06 未发现开奖数据，正在准备号码采集策略
2017-05-28 00:00:07 未发现开奖数据，正在准备号码采集策略
2017-05-28 00:00:08 未发现开奖数据，正在准备号码采集策略
2017-05-28 00:00:09 未发现开奖数据，正在准备号码采集策略
2017-05-28 00:00:10 未发现开奖数据，正在准备号码采集策略
2017-05-28 00:00:11 未发现开奖数据，正在准备号码采集策略
2017-05-28 00:00:12 未发现开奖数据，正在准备号码采集策略
2017-05-28 00:00:13 未发现开奖数据，正在准备号码采集策略
2017-05-28 00:00:14 未发现开奖数据，正在准备号码采集策略
2017-05-28 00:00:15 未发现开奖数据，正在准备号码采集策略
2017-05-28 00:00:16 未发现开奖数据，正在准备号码采集策略
2017-05-28 00:00:17 未发现开奖数据，正在准备号码采集策略
2017-05-28 00:00:18 未发现开奖数据，正在准备号码采集策略
2017-05-28 00:00:19 未发现开奖数据，正在准备号码采集策略
2017-05-28 00:00:20 未发现开奖数据，正在准备号码采集策略
2017-05-28 00:00:21 未发现开奖数据，正在准备号码采集策略
2017-05-28 00:00:22 未发现开奖数据，正在准备号码采集策略
2017-05-28 00:00:23 未发现开奖数据，正在准备号码采集策略
2017-05-28 00:00:24 未发现开奖数据，正在准备号码采集策略
2017-05-28 00:00:25 未发现开奖数据，正在准备号码采集策略
2017-05-28 00:00:26 未发现开奖数据，正在准备号码采集策略
2017-05-28 00:00:27 未发现开奖数据，正在准备号码采集策略
2017-05-28 00:00:28 未发现开奖数据，正在准备号码采集策略
2017-05-28 00:00:29 未发现开奖数据，正在准备号码采集策略
2017-05-28 00:00:30 未发现开奖数据，正在准备号码采集策略
2017-05-28 00:00:31 未发现开奖数据，正在准备号码采集策略
2017-05-28 00:00:32 未发现开奖数据，正在准备号码采集策略
2017-05-28 00:00:33 未发现开奖数据，正在准备号码采集策略
2017-05-28 00:00:34 未发现开奖数据，正在准备号码采集策略
2017-05-28 00:00:35 未发现开奖数据，正在准备号码采集策略
2017-05-28 00:00:36 未发现开奖数据，正在准备号码采集策略
2017-05-28 00:00:37 未发现开奖数据，正在准备号码采集策略
2017-05-28 00:00:38 未发现开奖数据，正在准备号码采集策略
2017-05-28 00:00:39 未发现开奖数据，正在准备号码采集策略
2017-05-28 00:00:40 未发现开奖数据，正在准备号码采集策略
2017-05-28 00:00:41 未发现开奖数据，正在准备号码采集策略
2017-05-28 00:00:42 未发现开奖数据，正在准备号码采集策略
2017-05-28 00:00:43 未发现开奖数据，正在准备号码采集策略
2017-05-28 00:00:44 未发现开奖数据，正在准备号码采集策略
2017-05-28 00:00:45 未发现开奖数据，正在准备号码采集策略
2017-05-28 00:00:46 未发现开奖数据，正在准备号码采集策略
2017-05-28 00:00:47 未发现开奖数据，正在准备号码采集策略
2017-05-28 00:00:48 未发现开奖数据，正在准备号码采集策略
2017-05-28 00:00:49 未发现开奖数据，正在准备号码采集策略
2017-05-28 00:00:50 未发现开奖数据，正在准备号码采集策略
2017-05-28 00:00:51 未发现开奖数据，正在准备号码采集策略
2017-05-28 00:00:52 未发现开奖数据，正在准备号码采集策略
2017-05-28 00:00:53 未发现开奖数据，正在准备号码采集策略
2017-05-28 00:00:54 未发现开奖数据，正在准备号码采集策略
2017-05-28 00:00:55 未发现开奖数据，正在准备号码采集策略
2017-05-28 00:00:56 未发现开奖数据，正在准备号码采集策略
2017-05-28 00:00:57 未发现开奖数据，正在准备号码采集策略
2017-05-28 00:00:58 未发现开奖数据，正在准备号码采集策略
2017-05-28 00:00:59 未发现开奖数据，正在准备号码采集策略
2017-05-28 00:01:00 未发现开奖数据，正在准备号码采集策略
2017-05-28 00:01:01 未发现开奖数据，正在准备号码采集策略
2017-05-28 00:01:02 未发现开奖数据，正在准备号码采集策略
2017-05-28 00:01:03 未发现开奖数据，正在准备号码采集策略
2017-05-28 00:01:04 未发现开奖数据，正在准备号码采集策略
2017-05-28 00:01:05 未发现开奖数据，正在准备号码采集策略
2017-05-28 00:01:06 未发现开奖数据，正在准备号码采集策略
2017-05-28 00:01:07 未发现开奖数据，正在准备号码采集策略
2017-05-28 00:01:08 未发现开奖数据，正在准备号码采集策略
2017-05-28 00:01:09 未发现开奖数据，正在准备号码采集策略
2017-05-28 00:01:10 未发现开奖数据，正在准备号码采集策略
2017-05-28 00:01:11 未发现开奖数据，正在准备号码采集策略
2017-05-28 00:01:12 未发现开奖数据，正在准备号码采集策略
2017-05-28 00:01:13 未发现开奖数据，正在准备号码采集策略
2017-05-28 00:01:14 未发现开奖数据，正在准备号码采集策略
2017-05-28 00:01:15 未发现开奖数据，正在准备号码采集策略
2017-05-28 00:01:16 未发现开奖数据，正在准备号码采集策略
2017-05-28 00:01:17 未发现开奖数据，正在准备号码采集策略
2017-05-28 00:01:18 未发现开奖数据，正在准备号码采集策略
2017-05-28 00:01:19 未发现开奖数据，正在准备号码采集策略
2017-05-28 00:01:20 未发现开奖数据，正在准备号码采集策略
2017-05-28 00:01:21 未发现开奖数据，正在准备号码采集策略
2017-05-28 00:01:22 未发现开奖数据，正在准备号码采集策略
2017-05-28 00:01:23 未发现开奖数据，正在准备号码采集策略
2017-05-28 00:01:24 未发现开奖数据，正在准备号码采集策略
2017-05-28 00:01:25 未发现开奖数据，正在准备号码采集策略
2017-05-28 00:01:26 未发现开奖数据，正在准备号码采集策略
2017-05-28 00:01:27 未发现开奖数据，正在准备号码采集策略
2017-05-28 00:01:28 未发现开奖数据，正在准备号码采集策略
2017-05-28 00:01:29 未发现开奖数据，正在准备号码采集策略
2017-05-28 00:01:30 未发现开奖数据，正在准备号码采集策略
2017-05-28 00:01:31 未发现开奖数据，正在准备号码采集策略
2017-05-28 00:01:32 未发现开奖数据，正在准备号码采集策略
2017-05-28 00:01:33 未发现开奖数据，正在准备号码采集策略
2017-05-28 00:01:34 未发现开奖数据，正在准备号码采集策略
2017-05-28 00:01:35 未发现开奖数据，正在准备号码采集策略
2017-05-28 00:01:36 未发现开奖数据，正在准备号码采集策略
2017-05-28 00:01:37 未发现开奖数据，正在准备号码采集策略
2017-05-28 00:01:38 未发现开奖数据，正在准备号码采集策略
2017-05-28 00:01:39 未发现开奖数据，正在准备号码采集策略
2017-05-28 00:01:40 未发现开奖数据，正在准备号码采集策略
2017-05-28 00:01:41 未发现开奖数据，正在准备号码采集策略
2017-05-28 00:01:42 未发现开奖数据，正在准备号码采集策略
2017-05-28 00:01:43 未发现开奖数据，正在准备号码采集策略
2017-05-28 00:01:44 未发现开奖数据，正在准备号码采集策略
2017-05-28 00:01:45 未发现开奖数据，正在准备号码采集策略
2017-05-28 00:01:46 未发现开奖数据，正在准备号码采集策略
2017-05-28 00:01:47 未发现开奖数据，正在准备号码采集策略
2017-05-28 00:01:48 未发现开奖数据，正在准备号码采集策略
2017-05-28 00:01:49 未发现开奖数据，正在准备号码采集策略
2017-05-28 00:01:50 未发现开奖数据，正在准备号码采集策略
2017-05-28 00:01:51 未发现开奖数据，正在准备号码采集策略
2017-05-28 00:01:52 未发现开奖数据，正在准备号码采集策略
2017-05-28 00:01:53 未发现开奖数据，正在准备号码采集策略
2017-05-28 00:01:54 未发现开奖数据，正在准备号码采集策略
2017-05-28 00:01:55 未发现开奖数据，正在准备号码采集策略
2017-05-28 00:01:56 未发现开奖数据，正在准备号码采集策略
2017-05-28 00:01:57 未发现开奖数据，正在准备号码采集策略
2017-05-28 00:01:58 未发现开奖数据，正在准备号码采集策略
2017-05-28 00:01:59 未发现开奖数据，正在准备号码采集策略
2017-05-28 00:02:00 未发现开奖数据，正在准备号码采集策略
2017-05-28 00:02:01 未发现开奖数据，正在准备号码采集策略
2017-05-28 00:02:02 未发现开奖数据，正在准备号码采集策略
2017-05-28 00:02:03 未发现开奖数据，正在准备号码采集策略
2017-05-28 00:02:04 未发现开奖数据，正在准备号码采集策略
2017-05-28 00:02:05 未发现开奖数据，正在准备号码采集策略
2017-05-28 00:02:06 未发现开奖数据，正在准备号码采集策略
2017-05-28 00:02:07 未发现开奖数据，正在准备号码采集策略
2017-05-28 00:02:09 未发现开奖数据，正在准备号码采集策略
2017-05-28 00:02:10 未发现开奖数据，正在准备号码采集策略
2017-05-28 00:02:11 未发现开奖数据，正在准备号码采集策略
2017-05-28 00:02:12 未发现开奖数据，正在准备号码采集策略
2017-05-28 00:02:13 未发现开奖数据，正在准备号码采集策略
2017-05-28 00:02:14 未发现开奖数据，正在准备号码采集策略
2017-05-28 00:02:15 未发现开奖数据，正在准备号码采集策略
2017-05-28 00:02:16 未发现开奖数据，正在准备号码采集策略
2017-05-28 00:02:17 未发现开奖数据，正在准备号码采集策略
2017-05-28 00:02:18 未发现开奖数据，正在准备号码采集策略
2017-05-28 00:02:19 未发现开奖数据，正在准备号码采集策略
2017-05-28 00:02:20 未发现开奖数据，正在准备号码采集策略
2017-05-28 00:02:21 未发现开奖数据，正在准备号码采集策略
2017-05-28 00:02:22 未发现开奖数据，正在准备号码采集策略
2017-05-28 00:02:23 未发现开奖数据，正在准备号码采集策略
2017-05-28 00:02:24 未发现开奖数据，正在准备号码采集策略
2017-05-28 00:02:25 未发现开奖数据，正在准备号码采集策略
2017-05-28 00:02:26 未发现开奖数据，正在准备号码采集策略
2017-05-28 00:02:27 未发现开奖数据，正在准备号码采集策略
2017-05-28 00:02:28 未发现开奖数据，正在准备号码采集策略
2017-05-28 00:02:29 未发现开奖数据，正在准备号码采集策略
2017-05-28 00:02:30 未发现开奖数据，正在准备号码采集策略
2017-05-28 00:02:31 未发现开奖数据，正在准备号码采集策略
2017-05-28 00:02:32 未发现开奖数据，正在准备号码采集策略
2017-05-28 00:02:33 未发现开奖数据，正在准备号码采集策略
2017-05-28 00:02:34 未发现开奖数据，正在准备号码采集策略
2017-05-28 00:02:35 未发现开奖数据，正在准备号码采集策略
2017-05-28 00:02:36 未发现开奖数据，正在准备号码采集策略
2017-05-28 00:02:37 未发现开奖数据，正在准备号码采集策略
2017-05-28 00:02:38 未发现开奖数据，正在准备号码采集策略
2017-05-28 00:02:39 未发现开奖数据，正在准备号码采集策略
2017-05-28 00:02:40 未发现开奖数据，正在准备号码采集策略
2017-05-28 00:02:41 未发现开奖数据，正在准备号码采集策略
2017-05-28 00:02:42 未发现开奖数据，正在准备号码采集策略
2017-05-28 00:02:43 未发现开奖数据，正在准备号码采集策略
2017-05-28 00:02:44 未发现开奖数据，正在准备号码采集策略
2017-05-28 00:02:45 未发现开奖数据，正在准备号码采集策略
2017-05-28 00:02:46 未发现开奖数据，正在准备号码采集策略
2017-05-28 00:02:47 未发现开奖数据，正在准备号码采集策略
2017-05-28 00:02:48 未发现开奖数据，正在准备号码采集策略
2017-05-28 00:02:49 未发现开奖数据，正在准备号码采集策略
2017-05-28 00:02:50 未发现开奖数据，正在准备号码采集策略
2017-05-28 00:02:51 未发现开奖数据，正在准备号码采集策略
2017-05-28 00:02:52 未发现开奖数据，正在准备号码采集策略
2017-05-28 00:02:53 未发现开奖数据，正在准备号码采集策略
2017-05-28 00:02:54 未发现开奖数据，正在准备号码采集策略
2017-05-28 00:02:55 未发现开奖数据，正在准备号码采集策略
2017-05-28 00:02:56 未发现开奖数据，正在准备号码采集策略
2017-05-28 00:02:57 未发现开奖数据，正在准备号码采集策略
2017-05-28 00:02:58 未发现开奖数据，正在准备号码采集策略
2017-05-28 00:02:59 未发现开奖数据，正在准备号码采集策略
2017-05-28 00:03:00 未发现开奖数据，正在准备号码采集策略
2017-05-28 00:03:01 未发现开奖数据，正在准备号码采集策略
2017-05-28 00:03:02 未发现开奖数据，正在准备号码采集策略
2017-05-28 00:03:03 未发现开奖数据，正在准备号码采集策略
2017-05-28 00:03:04 未发现开奖数据，正在准备号码采集策略
2017-05-28 00:03:05 未发现开奖数据，正在准备号码采集策略
2017-05-28 00:03:06 未发现开奖数据，正在准备号码采集策略
2017-05-28 00:03:07 未发现开奖数据，正在准备号码采集策略
2017-05-28 00:03:08 未发现开奖数据，正在准备号码采集策略
2017-05-28 00:03:09 未发现开奖数据，正在准备号码采集策略
2017-05-28 00:03:10 未发现开奖数据，正在准备号码采集策略
2017-05-28 00:03:11 未发现开奖数据，正在准备号码采集策略
2017-05-28 00:03:12 未发现开奖数据，正在准备号码采集策略
2017-05-28 00:03:13 未发现开奖数据，正在准备号码采集策略
2017-05-28 00:03:14 未发现开奖数据，正在准备号码采集策略
2017-05-28 00:03:15 未发现开奖数据，正在准备号码采集策略
2017-05-28 00:03:16 未发现开奖数据，正在准备号码采集策略
2017-05-28 00:03:17 未发现开奖数据，正在准备号码采集策略
2017-05-28 00:03:18 未发现开奖数据，正在准备号码采集策略
2017-05-28 00:03:19 未发现开奖数据，正在准备号码采集策略
2017-05-28 00:03:20 未发现开奖数据，正在准备号码采集策略
2017-05-28 00:03:21 未发现开奖数据，正在准备号码采集策略
2017-05-28 00:03:22 未发现开奖数据，正在准备号码采集策略
2017-05-28 00:03:23 未发现开奖数据，正在准备号码采集策略
2017-05-28 00:03:24 未发现开奖数据，正在准备号码采集策略
2017-05-28 00:03:25 未发现开奖数据，正在准备号码采集策略
2017-05-28 00:03:26 未发现开奖数据，正在准备号码采集策略
2017-05-28 00:03:27 未发现开奖数据，正在准备号码采集策略
2017-05-28 00:03:28 未发现开奖数据，正在准备号码采集策略
2017-05-28 00:03:29 未发现开奖数据，正在准备号码采集策略
2017-05-28 00:03:30 未发现开奖数据，正在准备号码采集策略
2017-05-28 00:03:31 未发现开奖数据，正在准备号码采集策略
2017-05-28 00:03:32 未发现开奖数据，正在准备号码采集策略
2017-05-28 00:03:33 未发现开奖数据，正在准备号码采集策略
2017-05-28 00:03:34 未发现开奖数据，正在准备号码采集策略
2017-05-28 00:03:35 未发现开奖数据，正在准备号码采集策略
2017-05-28 00:03:36 未发现开奖数据，正在准备号码采集策略
2017-05-28 00:03:37 未发现开奖数据，正在准备号码采集策略
2017-05-28 00:03:38 未发现开奖数据，正在准备号码采集策略
2017-05-28 00:03:39 未发现开奖数据，正在准备号码采集策略
2017-05-28 00:03:40 未发现开奖数据，正在准备号码采集策略
2017-05-28 00:03:41 未发现开奖数据，正在准备号码采集策略
2017-05-28 00:03:42 未发现开奖数据，正在准备号码采集策略
2017-05-28 00:03:43 未发现开奖数据，正在准备号码采集策略
2017-05-28 00:03:44 未发现开奖数据，正在准备号码采集策略
2017-05-28 00:03:45 未发现开奖数据，正在准备号码采集策略
2017-05-28 00:03:46 未发现开奖数据，正在准备号码采集策略
2017-05-28 00:03:47 未发现开奖数据，正在准备号码采集策略
2017-05-28 00:03:48 未发现开奖数据，正在准备号码采集策略
2017-05-28 00:03:49 未发现开奖数据，正在准备号码采集策略
2017-05-28 00:03:50 未发现开奖数据，正在准备号码采集策略
2017-05-28 00:03:51 未发现开奖数据，正在准备号码采集策略
2017-05-28 00:03:52 未发现开奖数据，正在准备号码采集策略
2017-05-28 00:03:53 未发现开奖数据，正在准备号码采集策略
2017-05-28 00:03:54 未发现开奖数据，正在准备号码采集策略
2017-05-28 00:03:55 未发现开奖数据，正在准备号码采集策略
2017-05-28 00:03:56 未发现开奖数据，正在准备号码采集策略
2017-05-28 00:03:57 未发现开奖数据，正在准备号码采集策略
2017-05-28 00:03:58 未发现开奖数据，正在准备号码采集策略
2017-05-28 00:03:59 未发现开奖数据，正在准备号码采集策略
2017-05-28 00:04:00 未发现开奖数据，正在准备号码采集策略
2017-05-28 00:04:01 未发现开奖数据，正在准备号码采集策略
2017-05-28 00:04:02 未发现开奖数据，正在准备号码采集策略
2017-05-28 00:04:03 未发现开奖数据，正在准备号码采集策略
2017-05-28 00:04:04 未发现开奖数据，正在准备号码采集策略
2017-05-28 00:04:05 未发现开奖数据，正在准备号码采集策略
2017-05-28 00:04:06 未发现开奖数据，正在准备号码采集策略
2017-05-28 00:04:07 未发现开奖数据，正在准备号码采集策略
2017-05-28 00:04:08 未发现开奖数据，正在准备号码采集策略
2017-05-28 00:04:09 未发现开奖数据，正在准备号码采集策略
2017-05-28 00:04:10 未发现开奖数据，正在准备号码采集策略
2017-05-28 00:04:11 未发现开奖数据，正在准备号码采集策略
2017-05-28 00:04:12 未发现开奖数据，正在准备号码采集策略
2017-05-28 00:04:13 未发现开奖数据，正在准备号码采集策略
2017-05-28 00:04:14 未发现开奖数据，正在准备号码采集策略
2017-05-28 00:04:15 未发现开奖数据，正在准备号码采集策略
2017-05-28 00:04:16 未发现开奖数据，正在准备号码采集策略
2017-05-28 00:04:17 未发现开奖数据，正在准备号码采集策略
2017-05-28 00:04:18 未发现开奖数据，正在准备号码采集策略
2017-05-28 00:04:19 未发现开奖数据，正在准备号码采集策略
2017-05-28 00:04:20 未发现开奖数据，正在准备号码采集策略
2017-05-28 00:04:21 未发现开奖数据，正在准备号码采集策略
2017-05-28 00:04:22 未发现开奖数据，正在准备号码采集策略
2017-05-28 00:04:23 未发现开奖数据，正在准备号码采集策略
2017-05-28 00:04:24 未发现开奖数据，正在准备号码采集策略
2017-05-28 00:04:25 未发现开奖数据，正在准备号码采集策略
2017-05-28 00:04:26 未发现开奖数据，正在准备号码采集策略
2017-05-28 00:04:27 未发现开奖数据，正在准备号码采集策略
2017-05-28 00:04:28 未发现开奖数据，正在准备号码采集策略
2017-05-28 00:04:29 未发现开奖数据，正在准备号码采集策略
2017-05-28 00:04:30 未发现开奖数据，正在准备号码采集策略
2017-05-28 00:04:31 未发现开奖数据，正在准备号码采集策略
2017-05-28 00:04:32 未发现开奖数据，正在准备号码采集策略
2017-05-28 00:04:33 未发现开奖数据，正在准备号码采集策略
2017-05-28 00:04:34 未发现开奖数据，正在准备号码采集策略
2017-05-28 00:04:35 未发现开奖数据，正在准备号码采集策略
2017-05-28 00:04:36 未发现开奖数据，正在准备号码采集策略
2017-05-28 00:04:37 未发现开奖数据，正在准备号码采集策略
2017-05-28 00:04:38 未发现开奖数据，正在准备号码采集策略
2017-05-28 00:04:39 未发现开奖数据，正在准备号码采集策略
2017-05-28 00:04:40 未发现开奖数据，正在准备号码采集策略
2017-05-28 00:04:41 未发现开奖数据，正在准备号码采集策略
2017-05-28 00:04:42 未发现开奖数据，正在准备号码采集策略
2017-05-28 00:04:43 未发现开奖数据，正在准备号码采集策略
2017-05-28 00:04:44 未发现开奖数据，正在准备号码采集策略
2017-05-28 00:04:45 未发现开奖数据，正在准备号码采集策略
2017-05-28 00:04:46 未发现开奖数据，正在准备号码采集策略
2017-05-28 00:04:47 未发现开奖数据，正在准备号码采集策略
2017-05-28 00:04:48 未发现开奖数据，正在准备号码采集策略
2017-05-28 00:04:49 未发现开奖数据，正在准备号码采集策略
2017-05-28 00:04:50 未发现开奖数据，正在准备号码采集策略
2017-05-28 00:04:51 未发现开奖数据，正在准备号码采集策略
2017-05-28 00:04:52 未发现开奖数据，正在准备号码采集策略
2017-05-28 00:04:53 未发现开奖数据，正在准备号码采集策略
2017-05-28 00:04:54 未发现开奖数据，正在准备号码采集策略
2017-05-28 00:04:55 未发现开奖数据，正在准备号码采集策略
2017-05-28 00:04:56 未发现开奖数据，正在准备号码采集策略
2017-05-28 00:04:57 未发现开奖数据，正在准备号码采集策略
2017-05-28 00:04:58 未发现开奖数据，正在准备号码采集策略
2017-05-28 00:04:59 未发现开奖数据，正在准备号码采集策略
2017-05-28 00:00:02 未发现开奖数据，正在准备号码采集策略
2017-05-28 00:00:03 未发现开奖数据，正在准备号码采集策略
2017-05-28 00:00:04 未发现开奖数据，正在准备号码采集策略
2017-05-28 00:00:05 未发现开奖数据，正在准备号码采集策略
2017-05-28 00:00:06 未发现开奖数据，正在准备号码采集策略
2017-05-28 00:00:07 未发现开奖数据，正在准备号码采集策略
2017-05-28 00:00:08 未发现开奖数据，正在准备号码采集策略
2017-05-28 00:00:09 未发现开奖数据，正在准备号码采集策略
2017-05-28 00:00:10 未发现开奖数据，正在准备号码采集策略
2017-05-28 00:00:11 未发现开奖数据，正在准备号码采集策略
2017-05-28 00:00:12 未发现开奖数据，正在准备号码采集策略
2017-05-28 00:00:13 未发现开奖数据，正在准备号码采集策略
2017-05-28 00:00:14 未发现开奖数据，正在准备号码采集策略
2017-05-28 00:00:15 未发现开奖数据，正在准备号码采集策略
2017-05-28 00:00:16 未发现开奖数据，正在准备号码采集策略
2017-05-28 00:00:17 未发现开奖数据，正在准备号码采集策略
2017-05-28 00:00:18 未发现开奖数据，正在准备号码采集策略
2017-05-28 00:00:19 未发现开奖数据，正在准备号码采集策略
2017-05-28 00:00:20 未发现开奖数据，正在准备号码采集策略
2017-05-28 00:00:21 未发现开奖数据，正在准备号码采集策略
2017-05-28 00:00:22 未发现开奖数据，正在准备号码采集策略
2017-05-28 00:00:23 未发现开奖数据，正在准备号码采集策略
2017-05-28 00:00:24 未发现开奖数据，正在准备号码采集策略
2017-05-28 00:00:25 未发现开奖数据，正在准备号码采集策略
2017-05-28 00:00:26 未发现开奖数据，正在准备号码采集策略
2017-05-28 00:00:27 未发现开奖数据，正在准备号码采集策略
2017-05-28 00:00:28 未发现开奖数据，正在准备号码采集策略
2017-05-28 00:00:29 未发现开奖数据，正在准备号码采集策略
2017-05-28 00:00:30 未发现开奖数据，正在准备号码采集策略
2017-05-28 00:00:31 未发现开奖数据，正在准备号码采集策略
2017-05-28 00:00:32 未发现开奖数据，正在准备号码采集策略
2017-05-28 00:00:33 未发现开奖数据，正在准备号码采集策略
2017-05-28 00:00:34 未发现开奖数据，正在准备号码采集策略
2017-05-28 00:00:35 未发现开奖数据，正在准备号码采集策略
2017-05-28 00:00:36 未发现开奖数据，正在准备号码采集策略
2017-05-28 00:00:37 未发现开奖数据，正在准备号码采集策略
2017-05-28 00:00:38 未发现开奖数据，正在准备号码采集策略
2017-05-28 00:00:39 未发现开奖数据，正在准备号码采集策略
2017-05-28 00:00:40 未发现开奖数据，正在准备号码采集策略
2017-05-28 00:00:41 未发现开奖数据，正在准备号码采集策略
2017-05-28 00:00:42 未发现开奖数据，正在准备号码采集策略
2017-05-28 00:00:43 未发现开奖数据，正在准备号码采集策略
2017-05-28 00:00:44 未发现开奖数据，正在准备号码采集策略
2017-05-28 00:00:45 未发现开奖数据，正在准备号码采集策略
2017-05-28 00:00:46 未发现开奖数据，正在准备号码采集策略
2017-05-28 00:00:47 未发现开奖数据，正在准备号码采集策略
2017-05-28 00:00:48 未发现开奖数据，正在准备号码采集策略
2017-05-28 00:00:49 未发现开奖数据，正在准备号码采集策略
2017-05-28 00:00:50 未发现开奖数据，正在准备号码采集策略
2017-05-28 00:00:51 未发现开奖数据，正在准备号码采集策略
2017-05-28 00:00:52 未发现开奖数据，正在准备号码采集策略
2017-05-28 00:00:53 未发现开奖数据，正在准备号码采集策略
2017-05-28 00:00:54 未发现开奖数据，正在准备号码采集策略
2017-05-28 00:00:55 未发现开奖数据，正在准备号码采集策略
2017-05-28 00:00:56 未发现开奖数据，正在准备号码采集策略
2017-05-28 00:00:57 未发现开奖数据，正在准备号码采集策略
2017-05-28 00:00:58 未发现开奖数据，正在准备号码采集策略
2017-05-28 00:00:59 未发现开奖数据，正在准备号码采集策略
2017-05-28 00:01:00 未发现开奖数据，正在准备号码采集策略
2017-05-28 00:01:01 未发现开奖数据，正在准备号码采集策略
2017-05-28 00:01:02 未发现开奖数据，正在准备号码采集策略
2017-05-28 00:01:03 未发现开奖数据，正在准备号码采集策略
2017-05-28 00:01:04 未发现开奖数据，正在准备号码采集策略
2017-05-28 00:01:05 未发现开奖数据，正在准备号码采集策略
2017-05-28 00:01:06 未发现开奖数据，正在准备号码采集策略
2017-05-28 00:01:07 未发现开奖数据，正在准备号码采集策略
2017-05-28 00:01:08 未发现开奖数据，正在准备号码采集策略
2017-05-28 00:01:09 未发现开奖数据，正在准备号码采集策略
2017-05-28 00:01:10 未发现开奖数据，正在准备号码采集策略
2017-05-28 00:01:11 未发现开奖数据，正在准备号码采集策略
2017-05-28 00:01:12 未发现开奖数据，正在准备号码采集策略
2017-05-28 00:01:13 未发现开奖数据，正在准备号码采集策略
2017-05-28 00:01:14 未发现开奖数据，正在准备号码采集策略
2017-05-28 00:01:15 未发现开奖数据，正在准备号码采集策略
2017-05-28 00:01:16 未发现开奖数据，正在准备号码采集策略
2017-05-28 00:01:17 未发现开奖数据，正在准备号码采集策略
2017-05-28 00:01:18 未发现开奖数据，正在准备号码采集策略
2017-05-28 00:01:19 未发现开奖数据，正在准备号码采集策略
2017-05-28 00:01:20 未发现开奖数据，正在准备号码采集策略
2017-05-28 00:01:21 未发现开奖数据，正在准备号码采集策略
2017-05-28 00:01:22 未发现开奖数据，正在准备号码采集策略
2017-05-28 00:01:23 未发现开奖数据，正在准备号码采集策略
2017-05-28 00:01:24 未发现开奖数据，正在准备号码采集策略
2017-05-28 00:01:25 未发现开奖数据，正在准备号码采集策略
2017-05-28 00:01:26 未发现开奖数据，正在准备号码采集策略
2017-05-28 00:01:27 未发现开奖数据，正在准备号码采集策略
2017-05-28 00:01:28 未发现开奖数据，正在准备号码采集策略
2017-05-28 00:01:29 未发现开奖数据，正在准备号码采集策略
2017-05-28 00:01:30 未发现开奖数据，正在准备号码采集策略
2017-05-28 00:01:31 未发现开奖数据，正在准备号码采集策略
2017-05-28 00:01:32 未发现开奖数据，正在准备号码采集策略
2017-05-28 00:01:33 未发现开奖数据，正在准备号码采集策略
2017-05-28 00:01:34 未发现开奖数据，正在准备号码采集策略
2017-05-28 00:01:35 未发现开奖数据，正在准备号码采集策略
2017-05-28 00:01:36 未发现开奖数据，正在准备号码采集策略
2017-05-28 00:01:37 未发现开奖数据，正在准备号码采集策略
2017-05-28 00:01:38 未发现开奖数据，正在准备号码采集策略
2017-05-28 00:01:39 未发现开奖数据，正在准备号码采集策略
2017-05-28 00:01:40 未发现开奖数据，正在准备号码采集策略
2017-05-28 00:01:41 未发现开奖数据，正在准备号码采集策略
2017-05-28 00:01:42 未发现开奖数据，正在准备号码采集策略
2017-05-28 00:01:43 未发现开奖数据，正在准备号码采集策略
2017-05-28 00:01:44 未发现开奖数据，正在准备号码采集策略
2017-05-28 00:01:45 未发现开奖数据，正在准备号码采集策略
2017-05-28 00:01:46 未发现开奖数据，正在准备号码采集策略
2017-05-28 00:01:47 未发现开奖数据，正在准备号码采集策略
2017-05-28 00:01:48 未发现开奖数据，正在准备号码采集策略
2017-05-28 00:01:49 未发现开奖数据，正在准备号码采集策略
2017-05-28 00:01:50 未发现开奖数据，正在准备号码采集策略
2017-05-28 00:01:51 未发现开奖数据，正在准备号码采集策略
2017-05-28 00:01:52 未发现开奖数据，正在准备号码采集策略
2017-05-28 00:01:53 未发现开奖数据，正在准备号码采集策略
2017-05-28 00:01:54 未发现开奖数据，正在准备号码采集策略
2017-05-28 00:01:55 未发现开奖数据，正在准备号码采集策略
2017-05-28 00:01:56 未发现开奖数据，正在准备号码采集策略
2017-05-28 00:01:57 未发现开奖数据，正在准备号码采集策略
2017-05-28 00:01:58 未发现开奖数据，正在准备号码采集策略
2017-05-28 00:01:59 未发现开奖数据，正在准备号码采集策略
2017-05-28 00:02:00 未发现开奖数据，正在准备号码采集策略
2017-05-28 00:02:01 未发现开奖数据，正在准备号码采集策略
2017-05-28 00:02:02 未发现开奖数据，正在准备号码采集策略
2017-05-28 00:02:03 未发现开奖数据，正在准备号码采集策略
2017-05-28 00:02:04 未发现开奖数据，正在准备号码采集策略
2017-05-28 00:02:05 未发现开奖数据，正在准备号码采集策略
2017-05-28 00:02:06 未发现开奖数据，正在准备号码采集策略
2017-05-28 00:02:07 未发现开奖数据，正在准备号码采集策略
2017-05-28 00:02:08 未发现开奖数据，正在准备号码采集策略
2017-05-28 00:02:09 未发现开奖数据，正在准备号码采集策略
2017-05-28 00:02:10 未发现开奖数据，正在准备号码采集策略
2017-05-28 00:02:11 未发现开奖数据，正在准备号码采集策略
2017-05-28 00:02:12 未发现开奖数据，正在准备号码采集策略
2017-05-28 00:02:13 未发现开奖数据，正在准备号码采集策略
2017-05-28 00:02:14 未发现开奖数据，正在准备号码采集策略
2017-05-28 00:02:15 未发现开奖数据，正在准备号码采集策略
2017-05-28 00:02:16 未发现开奖数据，正在准备号码采集策略
2017-05-28 00:02:17 未发现开奖数据，正在准备号码采集策略
2017-05-28 00:02:18 未发现开奖数据，正在准备号码采集策略
2017-05-28 00:02:19 未发现开奖数据，正在准备号码采集策略
2017-05-28 00:02:20 未发现开奖数据，正在准备号码采集策略
2017-05-28 00:02:21 未发现开奖数据，正在准备号码采集策略
2017-05-28 00:02:22 未发现开奖数据，正在准备号码采集策略
2017-05-28 00:02:23 未发现开奖数据，正在准备号码采集策略
2017-05-28 00:02:24 未发现开奖数据，正在准备号码采集策略
2017-05-28 00:02:25 未发现开奖数据，正在准备号码采集策略
2017-05-28 00:02:26 未发现开奖数据，正在准备号码采集策略
2017-05-28 00:02:27 未发现开奖数据，正在准备号码采集策略
2017-05-28 00:02:28 未发现开奖数据，正在准备号码采集策略
2017-05-28 00:02:29 未发现开奖数据，正在准备号码采集策略
2017-05-28 00:02:30 未发现开奖数据，正在准备号码采集策略
2017-05-28 00:02:31 未发现开奖数据，正在准备号码采集策略
2017-05-28 00:02:32 未发现开奖数据，正在准备号码采集策略
2017-05-28 00:02:33 未发现开奖数据，正在准备号码采集策略
2017-05-28 00:02:34 未发现开奖数据，正在准备号码采集策略
2017-05-28 00:02:35 未发现开奖数据，正在准备号码采集策略
2017-05-28 00:02:36 未发现开奖数据，正在准备号码采集策略
2017-05-28 00:02:37 未发现开奖数据，正在准备号码采集策略
2017-05-28 00:02:38 未发现开奖数据，正在准备号码采集策略
2017-05-28 00:02:39 未发现开奖数据，正在准备号码采集策略
2017-05-28 00:02:40 未发现开奖数据，正在准备号码采集策略
2017-05-28 00:02:41 未发现开奖数据，正在准备号码采集策略
2017-05-28 00:02:42 未发现开奖数据，正在准备号码采集策略
2017-05-28 00:02:43 未发现开奖数据，正在准备号码采集策略
2017-05-28 00:02:44 未发现开奖数据，正在准备号码采集策略
2017-05-28 00:02:45 未发现开奖数据，正在准备号码采集策略
2017-05-28 00:02:46 未发现开奖数据，正在准备号码采集策略
2017-05-28 00:02:47 未发现开奖数据，正在准备号码采集策略
2017-05-28 00:02:48 未发现开奖数据，正在准备号码采集策略
2017-05-28 00:02:49 未发现开奖数据，正在准备号码采集策略
2017-05-28 00:02:50 未发现开奖数据，正在准备号码采集策略
2017-05-28 00:02:51 未发现开奖数据，正在准备号码采集策略
2017-05-28 00:02:52 未发现开奖数据，正在准备号码采集策略
2017-05-28 00:02:53 未发现开奖数据，正在准备号码采集策略
2017-05-28 00:02:54 未发现开奖数据，正在准备号码采集策略
2017-05-28 00:02:55 未发现开奖数据，正在准备号码采集策略
2017-05-28 00:02:56 未发现开奖数据，正在准备号码采集策略
2017-05-28 00:02:57 未发现开奖数据，正在准备号码采集策略
2017-05-28 00:02:58 未发现开奖数据，正在准备号码采集策略
2017-05-28 00:02:59 未发现开奖数据，正在准备号码采集策略
2017-05-28 00:03:00 未发现开奖数据，正在准备号码采集策略
2017-05-28 00:03:01 未发现开奖数据，正在准备号码采集策略
2017-05-28 00:03:02 未发现开奖数据，正在准备号码采集策略
2017-05-28 00:03:03 未发现开奖数据，正在准备号码采集策略
2017-05-28 00:03:04 未发现开奖数据，正在准备号码采集策略
2017-05-28 00:03:05 未发现开奖数据，正在准备号码采集策略
2017-05-28 00:03:06 未发现开奖数据，正在准备号码采集策略
2017-05-28 00:03:07 未发现开奖数据，正在准备号码采集策略
2017-05-28 00:03:08 未发现开奖数据，正在准备号码采集策略
2017-05-28 00:03:09 未发现开奖数据，正在准备号码采集策略
2017-05-28 00:00:22 未发现开奖数据，正在准备号码采集策略
2017-05-28 00:00:23 未发现开奖数据，正在准备号码采集策略
2017-05-28 00:00:24 未发现开奖数据，正在准备号码采集策略
2017-05-28 00:00:25 未发现开奖数据，正在准备号码采集策略
2017-05-28 00:00:26 未发现开奖数据，正在准备号码采集策略
2017-05-28 00:00:27 未发现开奖数据，正在准备号码采集策略
2017-05-28 00:00:28 未发现开奖数据，正在准备号码采集策略
2017-05-28 00:00:29 未发现开奖数据，正在准备号码采集策略
2017-05-28 00:00:30 未发现开奖数据，正在准备号码采集策略
2017-05-28 00:00:31 未发现开奖数据，正在准备号码采集策略
2017-05-28 00:00:32 未发现开奖数据，正在准备号码采集策略
2017-05-28 00:00:33 未发现开奖数据，正在准备号码采集策略
2017-05-28 00:00:34 未发现开奖数据，正在准备号码采集策略
2017-05-28 00:00:35 未发现开奖数据，正在准备号码采集策略
2017-05-28 00:00:36 未发现开奖数据，正在准备号码采集策略
2017-05-28 00:00:37 未发现开奖数据，正在准备号码采集策略
2017-05-28 00:00:38 未发现开奖数据，正在准备号码采集策略
2017-05-28 00:00:39 未发现开奖数据，正在准备号码采集策略
2017-05-28 00:00:40 未发现开奖数据，正在准备号码采集策略
2017-05-28 00:00:41 未发现开奖数据，正在准备号码采集策略
2017-05-28 00:00:42 未发现开奖数据，正在准备号码采集策略
2017-05-28 00:00:43 未发现开奖数据，正在准备号码采集策略
2017-05-28 00:00:44 未发现开奖数据，正在准备号码采集策略
2017-05-28 00:00:45 未发现开奖数据，正在准备号码采集策略
2017-05-28 00:00:46 未发现开奖数据，正在准备号码采集策略
2017-05-28 00:00:47 未发现开奖数据，正在准备号码采集策略
2017-05-28 00:00:49 未发现开奖数据，正在准备号码采集策略
2017-05-28 00:00:50 未发现开奖数据，正在准备号码采集策略
2017-05-28 00:00:51 未发现开奖数据，正在准备号码采集策略
2017-05-28 00:00:52 未发现开奖数据，正在准备号码采集策略
2017-05-28 00:00:53 未发现开奖数据，正在准备号码采集策略
2017-05-28 00:00:54 未发现开奖数据，正在准备号码采集策略
2017-05-28 00:00:55 未发现开奖数据，正在准备号码采集策略
2017-05-28 00:00:56 未发现开奖数据，正在准备号码采集策略
2017-05-28 00:00:57 未发现开奖数据，正在准备号码采集策略
2017-05-28 00:00:58 未发现开奖数据，正在准备号码采集策略
2017-05-28 00:00:59 未发现开奖数据，正在准备号码采集策略
2017-05-28 00:01:00 未发现开奖数据，正在准备号码采集策略
2017-05-28 00:01:01 未发现开奖数据，正在准备号码采集策略
2017-05-28 00:01:02 未发现开奖数据，正在准备号码采集策略
2017-05-28 00:01:03 未发现开奖数据，正在准备号码采集策略
2017-05-28 00:01:04 未发现开奖数据，正在准备号码采集策略
2017-05-28 00:01:05 未发现开奖数据，正在准备号码采集策略
2017-05-28 00:01:06 未发现开奖数据，正在准备号码采集策略
2017-05-28 00:01:07 未发现开奖数据，正在准备号码采集策略
2017-05-28 00:01:08 未发现开奖数据，正在准备号码采集策略
2017-05-28 00:01:09 未发现开奖数据，正在准备号码采集策略
2017-05-28 00:01:10 未发现开奖数据，正在准备号码采集策略
2017-05-28 00:01:11 未发现开奖数据，正在准备号码采集策略
2017-05-28 00:01:12 未发现开奖数据，正在准备号码采集策略
2017-05-28 00:01:13 未发现开奖数据，正在准备号码采集策略
2017-05-28 00:01:14 未发现开奖数据，正在准备号码采集策略
2017-05-28 00:01:15 未发现开奖数据，正在准备号码采集策略
2017-05-28 00:01:16 未发现开奖数据，正在准备号码采集策略
2017-05-28 00:01:17 未发现开奖数据，正在准备号码采集策略
2017-05-28 00:01:18 未发现开奖数据，正在准备号码采集策略
2017-05-28 00:01:19 未发现开奖数据，正在准备号码采集策略
2017-05-28 00:01:20 未发现开奖数据，正在准备号码采集策略
2017-05-28 00:01:21 未发现开奖数据，正在准备号码采集策略
2017-05-28 00:01:22 未发现开奖数据，正在准备号码采集策略
2017-05-28 00:01:23 未发现开奖数据，正在准备号码采集策略
2017-05-28 00:01:24 未发现开奖数据，正在准备号码采集策略
2017-05-28 00:01:25 未发现开奖数据，正在准备号码采集策略
2017-05-28 00:01:26 未发现开奖数据，正在准备号码采集策略
2017-05-28 00:01:27 未发现开奖数据，正在准备号码采集策略
2017-05-28 00:01:28 未发现开奖数据，正在准备号码采集策略
2017-05-28 00:01:29 未发现开奖数据，正在准备号码采集策略
2017-05-28 00:01:30 未发现开奖数据，正在准备号码采集策略
2017-05-28 00:01:31 未发现开奖数据，正在准备号码采集策略
2017-05-28 00:01:32 未发现开奖数据，正在准备号码采集策略
2017-05-28 00:01:33 未发现开奖数据，正在准备号码采集策略
2017-05-28 00:01:34 未发现开奖数据，正在准备号码采集策略
2017-05-28 00:01:35 未发现开奖数据，正在准备号码采集策略
2017-05-28 00:01:36 未发现开奖数据，正在准备号码采集策略
2017-05-28 00:01:37 未发现开奖数据，正在准备号码采集策略
2017-05-28 00:01:38 未发现开奖数据，正在准备号码采集策略
2017-05-28 00:01:39 未发现开奖数据，正在准备号码采集策略
2017-05-28 00:01:40 未发现开奖数据，正在准备号码采集策略
2017-05-28 00:01:41 未发现开奖数据，正在准备号码采集策略
2017-05-28 00:01:42 未发现开奖数据，正在准备号码采集策略
2017-05-28 00:01:43 未发现开奖数据，正在准备号码采集策略
2017-05-28 00:01:44 未发现开奖数据，正在准备号码采集策略
2017-05-28 00:01:45 未发现开奖数据，正在准备号码采集策略
2017-05-28 00:01:46 未发现开奖数据，正在准备号码采集策略
2017-05-28 00:01:47 未发现开奖数据，正在准备号码采集策略
2017-05-28 00:01:48 未发现开奖数据，正在准备号码采集策略
2017-05-28 00:01:49 未发现开奖数据，正在准备号码采集策略
2017-05-28 00:01:50 未发现开奖数据，正在准备号码采集策略
2017-05-28 00:01:51 未发现开奖数据，正在准备号码采集策略
2017-05-28 00:01:52 未发现开奖数据，正在准备号码采集策略
2017-05-28 00:01:53 未发现开奖数据，正在准备号码采集策略
2017-05-28 00:01:54 未发现开奖数据，正在准备号码采集策略
2017-05-28 00:01:55 未发现开奖数据，正在准备号码采集策略
2017-05-28 00:01:56 未发现开奖数据，正在准备号码采集策略
2017-05-28 00:01:57 未发现开奖数据，正在准备号码采集策略
2017-05-28 00:01:58 未发现开奖数据，正在准备号码采集策略
2017-05-28 00:01:59 未发现开奖数据，正在准备号码采集策略
2017-05-28 00:02:00 未发现开奖数据，正在准备号码采集策略
2017-05-28 00:02:01 未发现开奖数据，正在准备号码采集策略
2017-05-28 00:02:02 未发现开奖数据，正在准备号码采集策略
2017-05-28 00:02:03 未发现开奖数据，正在准备号码采集策略
2017-05-28 00:02:04 未发现开奖数据，正在准备号码采集策略
2017-05-28 00:02:05 未发现开奖数据，正在准备号码采集策略
2017-05-28 00:02:06 未发现开奖数据，正在准备号码采集策略
2017-05-28 00:02:07 未发现开奖数据，正在准备号码采集策略
2017-05-28 00:02:08 未发现开奖数据，正在准备号码采集策略
2017-05-28 00:02:09 未发现开奖数据，正在准备号码采集策略
2017-05-28 00:02:10 未发现开奖数据，正在准备号码采集策略
2017-05-28 00:02:11 未发现开奖数据，正在准备号码采集策略
2017-05-28 00:02:12 未发现开奖数据，正在准备号码采集策略
2017-05-28 00:02:13 未发现开奖数据，正在准备号码采集策略
2017-05-28 00:02:14 未发现开奖数据，正在准备号码采集策略
2017-05-28 00:02:15 未发现开奖数据，正在准备号码采集策略
2017-05-28 00:02:16 未发现开奖数据，正在准备号码采集策略
2017-05-28 00:02:17 未发现开奖数据，正在准备号码采集策略
2017-05-28 00:02:18 未发现开奖数据，正在准备号码采集策略
2017-05-28 00:02:19 未发现开奖数据，正在准备号码采集策略
2017-05-28 00:02:20 未发现开奖数据，正在准备号码采集策略
2017-05-28 00:02:21 未发现开奖数据，正在准备号码采集策略
2017-05-28 00:02:22 未发现开奖数据，正在准备号码采集策略
2017-05-28 00:02:23 未发现开奖数据，正在准备号码采集策略
2017-05-28 00:02:24 未发现开奖数据，正在准备号码采集策略
2017-05-28 00:02:25 未发现开奖数据，正在准备号码采集策略
2017-05-28 00:02:26 未发现开奖数据，正在准备号码采集策略
2017-05-28 00:02:27 未发现开奖数据，正在准备号码采集策略
2017-05-28 00:02:28 未发现开奖数据，正在准备号码采集策略
2017-05-28 00:02:29 未发现开奖数据，正在准备号码采集策略
2017-05-28 00:02:30 未发现开奖数据，正在准备号码采集策略
2017-05-28 00:02:31 未发现开奖数据，正在准备号码采集策略
2017-05-28 00:02:32 未发现开奖数据，正在准备号码采集策略
2017-05-28 00:02:33 未发现开奖数据，正在准备号码采集策略
2017-05-28 00:02:34 未发现开奖数据，正在准备号码采集策略
2017-05-28 00:02:35 未发现开奖数据，正在准备号码采集策略
2017-05-28 00:02:36 未发现开奖数据，正在准备号码采集策略
2017-05-28 00:02:37 未发现开奖数据，正在准备号码采集策略
2017-05-28 00:02:38 未发现开奖数据，正在准备号码采集策略
2017-05-28 00:01:12 未发现开奖数据，正在准备号码采集策略
2017-05-28 00:01:13 未发现开奖数据，正在准备号码采集策略
2017-05-28 00:01:14 未发现开奖数据，正在准备号码采集策略
2017-05-28 00:01:15 未发现开奖数据，正在准备号码采集策略
2017-05-28 00:01:16 未发现开奖数据，正在准备号码采集策略
2017-05-28 00:01:17 未发现开奖数据，正在准备号码采集策略
2017-05-28 00:01:18 未发现开奖数据，正在准备号码采集策略
2017-05-28 00:01:19 未发现开奖数据，正在准备号码采集策略
2017-05-28 00:01:20 未发现开奖数据，正在准备号码采集策略
2017-05-28 00:01:21 未发现开奖数据，正在准备号码采集策略
2017-05-28 00:01:22 未发现开奖数据，正在准备号码采集策略
2017-05-28 00:01:24 未发现开奖数据，正在准备号码采集策略
2017-05-28 00:01:25 未发现开奖数据，正在准备号码采集策略
2017-05-28 00:01:26 未发现开奖数据，正在准备号码采集策略
2017-05-28 00:01:27 未发现开奖数据，正在准备号码采集策略
2017-05-28 00:01:28 未发现开奖数据，正在准备号码采集策略
2017-05-28 00:01:29 未发现开奖数据，正在准备号码采集策略
2017-05-28 00:01:30 未发现开奖数据，正在准备号码采集策略
2017-05-28 00:01:31 未发现开奖数据，正在准备号码采集策略
2017-05-28 00:01:32 未发现开奖数据，正在准备号码采集策略
2017-05-28 00:01:33 未发现开奖数据，正在准备号码采集策略
2017-05-28 00:01:34 未发现开奖数据，正在准备号码采集策略
2017-05-28 00:01:35 未发现开奖数据，正在准备号码采集策略
2017-05-28 00:01:36 未发现开奖数据，正在准备号码采集策略
2017-05-28 00:01:37 未发现开奖数据，正在准备号码采集策略
2017-05-28 00:01:38 未发现开奖数据，正在准备号码采集策略
2017-05-28 00:01:39 未发现开奖数据，正在准备号码采集策略
2017-05-28 00:01:40 未发现开奖数据，正在准备号码采集策略
2017-05-28 00:01:41 未发现开奖数据，正在准备号码采集策略
2017-05-28 00:01:42 未发现开奖数据，正在准备号码采集策略
2017-05-28 00:01:43 未发现开奖数据，正在准备号码采集策略
2017-05-28 00:01:44 未发现开奖数据，正在准备号码采集策略
2017-05-28 00:01:45 未发现开奖数据，正在准备号码采集策略
2017-05-28 00:01:46 未发现开奖数据，正在准备号码采集策略
2017-05-28 00:01:47 未发现开奖数据，正在准备号码采集策略
2017-05-28 00:01:48 未发现开奖数据，正在准备号码采集策略
2017-05-28 00:01:49 未发现开奖数据，正在准备号码采集策略
2017-05-28 00:01:50 未发现开奖数据，正在准备号码采集策略
2017-05-28 00:01:51 未发现开奖数据，正在准备号码采集策略
2017-05-28 00:01:52 未发现开奖数据，正在准备号码采集策略
2017-05-28 00:01:53 未发现开奖数据，正在准备号码采集策略
2017-05-28 00:01:54 未发现开奖数据，正在准备号码采集策略
2017-05-28 00:01:55 未发现开奖数据，正在准备号码采集策略
2017-05-28 00:01:56 未发现开奖数据，正在准备号码采集策略
2017-05-28 00:01:57 未发现开奖数据，正在准备号码采集策略
2017-05-28 00:01:58 未发现开奖数据，正在准备号码采集策略
2017-05-28 00:01:59 未发现开奖数据，正在准备号码采集策略
2017-05-28 00:02:00 未发现开奖数据，正在准备号码采集策略
2017-05-28 00:02:01 未发现开奖数据，正在准备号码采集策略
2017-05-28 00:02:02 未发现开奖数据，正在准备号码采集策略
2017-05-28 00:02:03 未发现开奖数据，正在准备号码采集策略
2017-05-28 00:02:04 未发现开奖数据，正在准备号码采集策略
2017-05-28 00:02:05 未发现开奖数据，正在准备号码采集策略
2017-05-28 00:02:06 未发现开奖数据，正在准备号码采集策略
2017-05-28 00:02:07 未发现开奖数据，正在准备号码采集策略
2017-05-28 00:02:08 未发现开奖数据，正在准备号码采集策略
2017-05-28 00:02:09 未发现开奖数据，正在准备号码采集策略
2017-05-28 00:02:10 未发现开奖数据，正在准备号码采集策略
2017-05-28 00:02:11 未发现开奖数据，正在准备号码采集策略
2017-05-28 00:02:12 未发现开奖数据，正在准备号码采集策略
2017-05-28 00:02:13 未发现开奖数据，正在准备号码采集策略
2017-05-28 00:02:14 未发现开奖数据，正在准备号码采集策略
2017-05-28 00:02:15 未发现开奖数据，正在准备号码采集策略
2017-05-28 00:02:16 未发现开奖数据，正在准备号码采集策略
2017-05-28 00:02:17 未发现开奖数据，正在准备号码采集策略
2017-05-28 00:02:18 未发现开奖数据，正在准备号码采集策略
2017-05-28 00:02:19 未发现开奖数据，正在准备号码采集策略
2017-05-28 00:02:20 未发现开奖数据，正在准备号码采集策略
2017-05-28 00:02:21 未发现开奖数据，正在准备号码采集策略
2017-05-28 00:02:22 未发现开奖数据，正在准备号码采集策略
2017-05-28 00:02:23 未发现开奖数据，正在准备号码采集策略
2017-05-28 00:02:24 未发现开奖数据，正在准备号码采集策略
2017-05-28 00:02:25 未发现开奖数据，正在准备号码采集策略
2017-05-28 00:02:26 未发现开奖数据，正在准备号码采集策略
2017-05-28 00:02:27 未发现开奖数据，正在准备号码采集策略
2017-05-28 00:02:28 未发现开奖数据，正在准备号码采集策略
2017-05-28 00:02:29 未发现开奖数据，正在准备号码采集策略
2017-05-28 00:02:30 未发现开奖数据，正在准备号码采集策略
2017-05-28 00:02:31 未发现开奖数据，正在准备号码采集策略
2017-05-28 00:02:32 未发现开奖数据，正在准备号码采集策略
2017-05-28 00:02:33 未发现开奖数据，正在准备号码采集策略
2017-05-28 00:02:34 未发现开奖数据，正在准备号码采集策略
2017-05-28 00:02:35 未发现开奖数据，正在准备号码采集策略
2017-05-28 00:02:36 未发现开奖数据，正在准备号码采集策略
2017-05-28 00:02:37 未发现开奖数据，正在准备号码采集策略
2017-05-28 00:02:38 未发现开奖数据，正在准备号码采集策略
2017-05-28 00:02:39 未发现开奖数据，正在准备号码采集策略
2017-05-28 00:02:40 未发现开奖数据，正在准备号码采集策略
2017-05-28 00:02:41 未发现开奖数据，正在准备号码采集策略
2017-05-28 00:02:42 未发现开奖数据，正在准备号码采集策略
2017-05-28 00:02:43 未发现开奖数据，正在准备号码采集策略
2017-05-28 00:02:44 未发现开奖数据，正在准备号码采集策略
2017-05-28 00:02:45 未发现开奖数据，正在准备号码采集策略
2017-05-28 00:02:46 未发现开奖数据，正在准备号码采集策略
2017-05-28 00:02:47 未发现开奖数据，正在准备号码采集策略
2017-05-28 00:02:48 未发现开奖数据，正在准备号码采集策略
2017-05-28 00:02:49 未发现开奖数据，正在准备号码采集策略
2017-05-28 00:02:50 未发现开奖数据，正在准备号码采集策略
2017-05-28 00:02:51 未发现开奖数据，正在准备号码采集策略
2017-05-28 00:02:52 未发现开奖数据，正在准备号码采集策略
2017-05-28 00:02:53 未发现开奖数据，正在准备号码采集策略
2017-05-28 00:02:54 未发现开奖数据，正在准备号码采集策略
2017-05-28 00:02:55 未发现开奖数据，正在准备号码采集策略
2017-05-28 00:02:56 未发现开奖数据，正在准备号码采集策略
2017-05-28 00:02:57 未发现开奖数据，正在准备号码采集策略
2017-05-28 00:02:58 未发现开奖数据，正在准备号码采集策略
2017-05-28 00:02:59 未发现开奖数据，正在准备号码采集策略
2017-05-28 00:03:00 未发现开奖数据，正在准备号码采集策略
2017-05-28 00:03:01 未发现开奖数据，正在准备号码采集策略
2017-05-28 00:03:02 未发现开奖数据，正在准备号码采集策略
2017-05-28 00:03:03 未发现开奖数据，正在准备号码采集策略
2017-05-28 00:03:04 未发现开奖数据，正在准备号码采集策略
2017-05-28 00:03:05 未发现开奖数据，正在准备号码采集策略
2017-05-28 00:03:06 未发现开奖数据，正在准备号码采集策略
2017-05-28 00:03:07 未发现开奖数据，正在准备号码采集策略
2017-05-28 00:03:08 未发现开奖数据，正在准备号码采集策略
2017-05-28 00:03:09 未发现开奖数据，正在准备号码采集策略
2017-05-28 00:03:10 未发现开奖数据，正在准备号码采集策略
2017-05-28 00:03:11 未发现开奖数据，正在准备号码采集策略
2017-05-28 00:03:12 未发现开奖数据，正在准备号码采集策略
2017-05-28 00:03:13 未发现开奖数据，正在准备号码采集策略
2017-05-28 00:03:14 未发现开奖数据，正在准备号码采集策略
2017-05-28 00:03:15 未发现开奖数据，正在准备号码采集策略
2017-05-28 00:03:16 未发现开奖数据，正在准备号码采集策略
2017-05-28 00:03:17 未发现开奖数据，正在准备号码采集策略
2017-05-28 00:03:18 未发现开奖数据，正在准备号码采集策略
2017-05-28 00:03:19 未发现开奖数据，正在准备号码采集策略
2017-05-28 00:03:20 未发现开奖数据，正在准备号码采集策略
2017-05-28 00:03:21 未发现开奖数据，正在准备号码采集策略
2017-05-28 00:03:22 未发现开奖数据，正在准备号码采集策略
2017-05-28 00:03:23 未发现开奖数据，正在准备号码采集策略
2017-05-28 00:03:24 未发现开奖数据，正在准备号码采集策略
2017-05-28 00:03:25 未发现开奖数据，正在准备号码采集策略
2017-05-28 00:03:26 未发现开奖数据，正在准备号码采集策略
2017-05-28 00:03:27 未发现开奖数据，正在准备号码采集策略
2017-05-28 00:03:28 未发现开奖数据，正在准备号码采集策略
2017-05-28 00:03:29 未发现开奖数据，正在准备号码采集策略
2017-05-28 00:03:30 未发现开奖数据，正在准备号码采集策略
2017-05-28 00:03:31 未发现开奖数据，正在准备号码采集策略
2017-05-28 00:03:32 未发现开奖数据，正在准备号码采集策略
2017-05-28 00:03:33 未发现开奖数据，正在准备号码采集策略
2017-05-28 00:03:34 未发现开奖数据，正在准备号码采集策略
2017-05-28 00:03:35 未发现开奖数据，正在准备号码采集策略
2017-05-28 00:03:36 未发现开奖数据，正在准备号码采集策略
2017-05-28 00:03:37 未发现开奖数据，正在准备号码采集策略
2017-05-28 00:03:38 未发现开奖数据，正在准备号码采集策略
2017-05-28 00:03:39 未发现开奖数据，正在准备号码采集策略
2017-05-28 00:03:40 未发现开奖数据，正在准备号码采集策略
2017-05-28 00:03:41 未发现开奖数据，正在准备号码采集策略
2017-05-28 00:03:42 未发现开奖数据，正在准备号码采集策略
2017-05-28 00:03:43 未发现开奖数据，正在准备号码采集策略
2017-05-28 00:03:44 未发现开奖数据，正在准备号码采集策略
2017-05-28 00:03:45 未发现开奖数据，正在准备号码采集策略
2017-05-28 00:03:46 未发现开奖数据，正在准备号码采集策略
2017-05-28 00:03:47 未发现开奖数据，正在准备号码采集策略
2017-05-28 00:03:48 未发现开奖数据，正在准备号码采集策略
2017-05-28 00:03:49 未发现开奖数据，正在准备号码采集策略
2017-05-28 00:03:50 未发现开奖数据，正在准备号码采集策略
2017-05-28 00:03:51 未发现开奖数据，正在准备号码采集策略
2017-05-28 00:03:52 未发现开奖数据，正在准备号码采集策略
2017-05-28 00:03:53 未发现开奖数据，正在准备号码采集策略
2017-05-28 00:03:54 未发现开奖数据，正在准备号码采集策略
2017-05-28 00:03:55 未发现开奖数据，正在准备号码采集策略
2017-05-28 00:03:56 未发现开奖数据，正在准备号码采集策略
2017-05-28 00:03:57 未发现开奖数据，正在准备号码采集策略
2017-05-28 00:03:58 未发现开奖数据，正在准备号码采集策略
2017-05-28 00:03:59 未发现开奖数据，正在准备号码采集策略
2017-05-28 00:04:00 未发现开奖数据，正在准备号码采集策略
2017-05-28 00:04:01 未发现开奖数据，正在准备号码采集策略
2017-05-28 00:04:02 未发现开奖数据，正在准备号码采集策略
2017-05-28 00:04:03 未发现开奖数据，正在准备号码采集策略
2017-05-28 00:04:04 未发现开奖数据，正在准备号码采集策略
2017-05-28 00:04:05 未发现开奖数据，正在准备号码采集策略
2017-05-28 00:04:06 未发现开奖数据，正在准备号码采集策略
2017-05-28 00:04:07 未发现开奖数据，正在准备号码采集策略
2017-05-28 00:04:08 未发现开奖数据，正在准备号码采集策略
2017-05-28 00:04:09 未发现开奖数据，正在准备号码采集策略
2017-05-28 00:04:10 未发现开奖数据，正在准备号码采集策略
2017-05-28 00:04:11 未发现开奖数据，正在准备号码采集策略
2017-05-28 00:04:12 未发现开奖数据，正在准备号码采集策略
2017-05-28 00:04:13 未发现开奖数据，正在准备号码采集策略
2017-05-28 00:04:14 未发现开奖数据，正在准备号码采集策略
2017-05-28 00:04:15 未发现开奖数据，正在准备号码采集策略
2017-05-28 00:04:16 未发现开奖数据，正在准备号码采集策略
2017-05-28 00:04:17 未发现开奖数据，正在准备号码采集策略
2017-05-28 00:04:18 未发现开奖数据，正在准备号码采集策略
2017-05-28 00:04:19 未发现开奖数据，正在准备号码采集策略
2017-05-28 00:04:20 未发现开奖数据，正在准备号码采集策略
2017-05-28 00:04:21 未发现开奖数据，正在准备号码采集策略
2017-05-28 00:04:22 未发现开奖数据，正在准备号码采集策略
2017-05-28 00:04:23 未发现开奖数据，正在准备号码采集策略
2017-05-28 00:04:24 未发现开奖数据，正在准备号码采集策略
2017-05-28 00:04:25 未发现开奖数据，正在准备号码采集策略
2017-05-28 00:04:26 未发现开奖数据，正在准备号码采集策略
2017-05-28 00:04:27 未发现开奖数据，正在准备号码采集策略
2017-05-28 00:04:28 未发现开奖数据，正在准备号码采集策略
2017-05-28 00:04:29 未发现开奖数据，正在准备号码采集策略
2017-05-28 00:04:30 未发现开奖数据，正在准备号码采集策略
2017-05-28 00:04:31 未发现开奖数据，正在准备号码采集策略
2017-05-28 00:04:32 未发现开奖数据，正在准备号码采集策略
2017-05-28 00:04:33 未发现开奖数据，正在准备号码采集策略
2017-05-28 00:04:35 未发现开奖数据，正在准备号码采集策略
2017-05-28 00:04:36 未发现开奖数据，正在准备号码采集策略
2017-05-28 00:04:37 未发现开奖数据，正在准备号码采集策略
2017-05-28 00:04:38 未发现开奖数据，正在准备号码采集策略
2017-05-28 00:04:39 未发现开奖数据，正在准备号码采集策略
2017-05-28 00:04:40 未发现开奖数据，正在准备号码采集策略
2017-05-28 00:04:41 未发现开奖数据，正在准备号码采集策略
2017-05-28 00:04:42 未发现开奖数据，正在准备号码采集策略
2017-05-28 00:04:43 未发现开奖数据，正在准备号码采集策略
2017-05-28 00:04:44 未发现开奖数据，正在准备号码采集策略
2017-05-28 00:04:45 未发现开奖数据，正在准备号码采集策略
2017-05-28 00:04:46 未发现开奖数据，正在准备号码采集策略
2017-05-28 00:04:47 未发现开奖数据，正在准备号码采集策略
2017-05-28 00:04:48 未发现开奖数据，正在准备号码采集策略
2017-05-28 00:04:49 未发现开奖数据，正在准备号码采集策略
2017-05-28 00:04:50 未发现开奖数据，正在准备号码采集策略
2017-05-28 00:04:51 未发现开奖数据，正在准备号码采集策略
2017-05-28 00:04:52 未发现开奖数据，正在准备号码采集策略
2017-05-28 00:04:53 未发现开奖数据，正在准备号码采集策略
2017-05-28 00:04:54 未发现开奖数据，正在准备号码采集策略
2017-05-28 00:04:55 未发现开奖数据，正在准备号码采集策略
2017-05-28 00:04:56 未发现开奖数据，正在准备号码采集策略
2017-05-28 00:04:57 未发现开奖数据，正在准备号码采集策略
2017-05-28 00:04:58 未发现开奖数据，正在准备号码采集策略
2017-05-28 00:04:59 未发现开奖数据，正在准备号码采集策略
2017-05-28 00:01:06 未发现开奖数据，正在准备号码采集策略
2017-05-28 00:01:07 未发现开奖数据，正在准备号码采集策略
2017-05-28 00:01:08 未发现开奖数据，正在准备号码采集策略
2017-05-28 00:01:09 未发现开奖数据，正在准备号码采集策略
2017-05-28 00:01:10 未发现开奖数据，正在准备号码采集策略
2017-05-28 00:01:11 未发现开奖数据，正在准备号码采集策略
2017-05-28 00:01:12 未发现开奖数据，正在准备号码采集策略
2017-05-28 00:01:13 未发现开奖数据，正在准备号码采集策略
2017-05-28 00:01:14 未发现开奖数据，正在准备号码采集策略
2017-05-28 00:01:15 未发现开奖数据，正在准备号码采集策略
2017-05-28 00:01:16 未发现开奖数据，正在准备号码采集策略
2017-05-28 00:01:17 未发现开奖数据，正在准备号码采集策略
2017-05-28 00:01:18 未发现开奖数据，正在准备号码采集策略
2017-05-28 00:01:19 未发现开奖数据，正在准备号码采集策略
2017-05-28 00:01:20 未发现开奖数据，正在准备号码采集策略
2017-05-28 00:01:21 未发现开奖数据，正在准备号码采集策略
2017-05-28 00:01:22 未发现开奖数据，正在准备号码采集策略
2017-05-28 00:01:23 未发现开奖数据，正在准备号码采集策略
2017-05-28 00:01:24 未发现开奖数据，正在准备号码采集策略
2017-05-28 00:01:25 未发现开奖数据，正在准备号码采集策略
2017-05-28 00:01:26 未发现开奖数据，正在准备号码采集策略
2017-05-28 00:01:27 未发现开奖数据，正在准备号码采集策略
2017-05-28 00:01:28 未发现开奖数据，正在准备号码采集策略
2017-05-28 00:01:29 未发现开奖数据，正在准备号码采集策略
2017-05-28 00:01:30 未发现开奖数据，正在准备号码采集策略
2017-05-28 00:01:31 未发现开奖数据，正在准备号码采集策略
2017-05-28 00:01:32 未发现开奖数据，正在准备号码采集策略
2017-05-28 00:01:33 未发现开奖数据，正在准备号码采集策略
2017-05-28 00:01:34 未发现开奖数据，正在准备号码采集策略
2017-05-28 00:01:35 未发现开奖数据，正在准备号码采集策略
2017-05-28 00:01:36 未发现开奖数据，正在准备号码采集策略
2017-05-28 00:01:37 未发现开奖数据，正在准备号码采集策略
2017-05-28 00:01:38 未发现开奖数据，正在准备号码采集策略
2017-05-28 00:01:39 未发现开奖数据，正在准备号码采集策略
2017-05-28 00:01:40 未发现开奖数据，正在准备号码采集策略
2017-05-28 00:01:41 未发现开奖数据，正在准备号码采集策略
2017-05-28 00:01:42 未发现开奖数据，正在准备号码采集策略
2017-05-28 00:01:43 未发现开奖数据，正在准备号码采集策略
2017-05-28 00:01:44 未发现开奖数据，正在准备号码采集策略
2017-05-28 00:01:45 未发现开奖数据，正在准备号码采集策略
2017-05-28 00:01:46 未发现开奖数据，正在准备号码采集策略
2017-05-28 00:01:47 未发现开奖数据，正在准备号码采集策略
2017-05-28 00:01:48 未发现开奖数据，正在准备号码采集策略
2017-05-28 00:01:49 未发现开奖数据，正在准备号码采集策略
2017-05-28 00:01:50 未发现开奖数据，正在准备号码采集策略
2017-05-28 00:01:51 未发现开奖数据，正在准备号码采集策略
2017-05-28 00:01:52 未发现开奖数据，正在准备号码采集策略
2017-05-28 00:01:53 未发现开奖数据，正在准备号码采集策略
2017-05-28 00:01:54 未发现开奖数据，正在准备号码采集策略
2017-05-28 00:01:55 未发现开奖数据，正在准备号码采集策略
2017-05-28 00:01:56 未发现开奖数据，正在准备号码采集策略
2017-05-28 00:01:57 未发现开奖数据，正在准备号码采集策略
2017-05-28 00:01:58 未发现开奖数据，正在准备号码采集策略
2017-05-28 00:01:59 未发现开奖数据，正在准备号码采集策略
2017-05-28 00:02:00 未发现开奖数据，正在准备号码采集策略
2017-05-28 00:02:01 未发现开奖数据，正在准备号码采集策略
2017-05-28 00:02:02 未发现开奖数据，正在准备号码采集策略
2017-05-28 00:02:03 未发现开奖数据，正在准备号码采集策略
2017-05-28 00:02:04 未发现开奖数据，正在准备号码采集策略
2017-05-28 00:02:05 未发现开奖数据，正在准备号码采集策略
2017-05-28 00:02:06 未发现开奖数据，正在准备号码采集策略
2017-05-28 00:02:07 未发现开奖数据，正在准备号码采集策略
2017-05-28 00:02:08 未发现开奖数据，正在准备号码采集策略
2017-05-28 00:02:09 未发现开奖数据，正在准备号码采集策略
2017-05-28 00:02:10 未发现开奖数据，正在准备号码采集策略
2017-05-28 00:02:11 未发现开奖数据，正在准备号码采集策略
2017-05-28 00:02:12 未发现开奖数据，正在准备号码采集策略
2017-05-28 00:02:13 未发现开奖数据，正在准备号码采集策略
2017-05-28 00:02:14 未发现开奖数据，正在准备号码采集策略
2017-05-28 00:02:15 未发现开奖数据，正在准备号码采集策略
2017-05-28 00:02:16 未发现开奖数据，正在准备号码采集策略
2017-05-28 00:02:17 未发现开奖数据，正在准备号码采集策略
2017-05-28 00:02:18 未发现开奖数据，正在准备号码采集策略
2017-05-28 00:02:19 未发现开奖数据，正在准备号码采集策略
2017-05-28 00:02:20 未发现开奖数据，正在准备号码采集策略
2017-05-28 00:02:21 未发现开奖数据，正在准备号码采集策略
2017-05-28 00:02:22 未发现开奖数据，正在准备号码采集策略
2017-05-28 00:02:23 未发现开奖数据，正在准备号码采集策略
2017-05-28 00:02:24 未发现开奖数据，正在准备号码采集策略
2017-05-28 00:02:25 未发现开奖数据，正在准备号码采集策略
2017-05-28 00:02:26 未发现开奖数据，正在准备号码采集策略
2017-05-28 00:02:27 未发现开奖数据，正在准备号码采集策略
2017-05-28 00:02:28 未发现开奖数据，正在准备号码采集策略
2017-05-28 00:02:29 未发现开奖数据，正在准备号码采集策略
2017-05-28 00:02:30 未发现开奖数据，正在准备号码采集策略
2017-05-28 00:02:31 未发现开奖数据，正在准备号码采集策略
2017-05-28 00:02:32 未发现开奖数据，正在准备号码采集策略
2017-05-28 00:02:33 未发现开奖数据，正在准备号码采集策略
2017-05-28 00:02:34 未发现开奖数据，正在准备号码采集策略
2017-05-28 00:02:35 未发现开奖数据，正在准备号码采集策略
2017-05-28 00:02:36 未发现开奖数据，正在准备号码采集策略
2017-05-28 00:02:37 未发现开奖数据，正在准备号码采集策略
2017-05-28 00:02:38 未发现开奖数据，正在准备号码采集策略
2017-05-28 00:02:39 未发现开奖数据，正在准备号码采集策略
2017-05-28 00:02:40 未发现开奖数据，正在准备号码采集策略
2017-05-28 00:02:41 未发现开奖数据，正在准备号码采集策略
2017-05-28 00:02:42 未发现开奖数据，正在准备号码采集策略
2017-05-28 00:02:43 未发现开奖数据，正在准备号码采集策略
2017-05-28 00:02:44 未发现开奖数据，正在准备号码采集策略
2017-05-28 00:02:45 未发现开奖数据，正在准备号码采集策略
2017-05-28 00:02:46 未发现开奖数据，正在准备号码采集策略
2017-05-28 00:02:47 未发现开奖数据，正在准备号码采集策略
2017-05-28 00:02:48 未发现开奖数据，正在准备号码采集策略
2017-05-28 00:02:49 未发现开奖数据，正在准备号码采集策略
2017-05-28 00:02:50 未发现开奖数据，正在准备号码采集策略
2017-05-28 00:02:51 未发现开奖数据，正在准备号码采集策略
2017-05-28 00:02:52 未发现开奖数据，正在准备号码采集策略
2017-05-28 00:02:53 未发现开奖数据，正在准备号码采集策略
2017-05-28 00:02:54 未发现开奖数据，正在准备号码采集策略
2017-05-28 00:02:55 未发现开奖数据，正在准备号码采集策略
2017-05-28 00:02:56 未发现开奖数据，正在准备号码采集策略
2017-05-28 00:02:57 未发现开奖数据，正在准备号码采集策略
2017-05-28 00:02:58 未发现开奖数据，正在准备号码采集策略
2017-05-28 00:02:59 未发现开奖数据，正在准备号码采集策略
2017-05-28 00:03:00 未发现开奖数据，正在准备号码采集策略
2017-05-28 00:03:01 未发现开奖数据，正在准备号码采集策略
2017-05-28 00:03:02 未发现开奖数据，正在准备号码采集策略
2017-05-28 00:03:03 未发现开奖数据，正在准备号码采集策略
2017-05-28 00:03:04 未发现开奖数据，正在准备号码采集策略
2017-05-28 00:03:05 未发现开奖数据，正在准备号码采集策略
2017-05-28 00:03:06 未发现开奖数据，正在准备号码采集策略
2017-05-28 00:03:07 未发现开奖数据，正在准备号码采集策略
2017-05-28 00:03:08 未发现开奖数据，正在准备号码采集策略
2017-05-28 00:03:09 未发现开奖数据，正在准备号码采集策略
2017-05-28 00:03:10 未发现开奖数据，正在准备号码采集策略
2017-05-28 00:03:11 未发现开奖数据，正在准备号码采集策略
2017-05-28 00:03:12 未发现开奖数据，正在准备号码采集策略
2017-05-28 00:03:13 未发现开奖数据，正在准备号码采集策略
2017-05-28 00:03:14 未发现开奖数据，正在准备号码采集策略
2017-05-28 00:03:15 未发现开奖数据，正在准备号码采集策略
2017-05-28 00:03:16 未发现开奖数据，正在准备号码采集策略
2017-05-28 00:03:17 未发现开奖数据，正在准备号码采集策略
2017-05-28 00:03:18 未发现开奖数据，正在准备号码采集策略
2017-05-28 00:03:19 未发现开奖数据，正在准备号码采集策略
2017-05-28 00:03:20 未发现开奖数据，正在准备号码采集策略
2017-05-28 00:03:22 未发现开奖数据，正在准备号码采集策略
2017-05-28 00:03:23 未发现开奖数据，正在准备号码采集策略
2017-05-28 00:03:24 未发现开奖数据，正在准备号码采集策略
2017-05-28 00:03:25 未发现开奖数据，正在准备号码采集策略
2017-05-28 00:03:26 未发现开奖数据，正在准备号码采集策略
2017-05-28 00:03:27 未发现开奖数据，正在准备号码采集策略
2017-05-28 00:03:28 未发现开奖数据，正在准备号码采集策略
2017-05-28 00:03:29 未发现开奖数据，正在准备号码采集策略
2017-05-28 00:03:30 未发现开奖数据，正在准备号码采集策略
2017-05-28 00:03:31 未发现开奖数据，正在准备号码采集策略
2017-05-28 00:03:32 未发现开奖数据，正在准备号码采集策略
2017-05-28 00:03:33 未发现开奖数据，正在准备号码采集策略
2017-05-28 00:03:34 未发现开奖数据，正在准备号码采集策略
2017-05-28 00:03:35 未发现开奖数据，正在准备号码采集策略
2017-05-28 00:03:36 未发现开奖数据，正在准备号码采集策略
2017-05-28 00:03:37 未发现开奖数据，正在准备号码采集策略
2017-05-28 00:03:38 未发现开奖数据，正在准备号码采集策略
2017-05-28 00:03:39 未发现开奖数据，正在准备号码采集策略
2017-05-28 00:03:40 未发现开奖数据，正在准备号码采集策略
2017-05-28 00:03:41 未发现开奖数据，正在准备号码采集策略
2017-05-28 00:03:42 未发现开奖数据，正在准备号码采集策略
2017-05-28 00:03:43 未发现开奖数据，正在准备号码采集策略
2017-05-28 00:03:44 未发现开奖数据，正在准备号码采集策略
2017-05-28 00:03:45 未发现开奖数据，正在准备号码采集策略
2017-05-28 00:03:46 未发现开奖数据，正在准备号码采集策略
2017-05-28 00:03:47 未发现开奖数据，正在准备号码采集策略
2017-05-28 00:03:48 未发现开奖数据，正在准备号码采集策略
2017-05-28 00:03:49 未发现开奖数据，正在准备号码采集策略
2017-05-28 00:03:50 未发现开奖数据，正在准备号码采集策略
2017-05-28 00:03:51 未发现开奖数据，正在准备号码采集策略
2017-05-28 00:03:52 未发现开奖数据，正在准备号码采集策略
2017-05-28 00:03:53 未发现开奖数据，正在准备号码采集策略
2017-05-28 00:03:54 未发现开奖数据，正在准备号码采集策略
2017-05-28 00:03:55 未发现开奖数据，正在准备号码采集策略
2017-05-28 00:03:56 未发现开奖数据，正在准备号码采集策略
2017-05-28 00:03:57 未发现开奖数据，正在准备号码采集策略
2017-05-28 00:03:58 未发现开奖数据，正在准备号码采集策略
2017-05-28 00:03:59 未发现开奖数据，正在准备号码采集策略
2017-05-28 00:04:00 未发现开奖数据，正在准备号码采集策略
2017-05-28 00:04:01 未发现开奖数据，正在准备号码采集策略
2017-05-28 00:04:02 未发现开奖数据，正在准备号码采集策略
2017-05-28 00:04:03 未发现开奖数据，正在准备号码采集策略
2017-05-28 00:04:04 未发现开奖数据，正在准备号码采集策略
2017-05-28 00:04:05 未发现开奖数据，正在准备号码采集策略
2017-05-28 00:04:06 未发现开奖数据，正在准备号码采集策略
2017-05-28 00:04:07 未发现开奖数据，正在准备号码采集策略
2017-05-28 00:04:08 未发现开奖数据，正在准备号码采集策略
2017-05-28 00:04:09 未发现开奖数据，正在准备号码采集策略
2017-05-28 00:04:10 未发现开奖数据，正在准备号码采集策略
2017-05-28 00:04:11 未发现开奖数据，正在准备号码采集策略
2017-05-28 00:04:12 未发现开奖数据，正在准备号码采集策略
2017-05-28 00:04:13 未发现开奖数据，正在准备号码采集策略
2017-05-28 00:04:14 未发现开奖数据，正在准备号码采集策略
2017-05-28 00:04:15 未发现开奖数据，正在准备号码采集策略
2017-05-28 00:04:16 未发现开奖数据，正在准备号码采集策略
2017-05-28 00:04:17 未发现开奖数据，正在准备号码采集策略
2017-05-28 00:04:18 未发现开奖数据，正在准备号码采集策略
2017-05-28 00:04:19 未发现开奖数据，正在准备号码采集策略
2017-05-28 00:04:20 未发现开奖数据，正在准备号码采集策略
2017-05-28 00:04:21 未发现开奖数据，正在准备号码采集策略
2017-05-28 00:04:22 未发现开奖数据，正在准备号码采集策略
2017-05-28 00:04:23 未发现开奖数据，正在准备号码采集策略
2017-05-28 00:04:24 未发现开奖数据，正在准备号码采集策略
2017-05-28 00:04:25 未发现开奖数据，正在准备号码采集策略
2017-05-28 00:04:26 未发现开奖数据，正在准备号码采集策略
2017-05-28 00:04:27 未发现开奖数据，正在准备号码采集策略
2017-05-28 00:04:28 未发现开奖数据，正在准备号码采集策略
2017-05-28 00:04:29 未发现开奖数据，正在准备号码采集策略
2017-05-28 00:04:30 未发现开奖数据，正在准备号码采集策略
2017-05-28 00:04:31 未发现开奖数据，正在准备号码采集策略
2017-05-28 00:04:32 未发现开奖数据，正在准备号码采集策略
2017-05-28 00:04:33 未发现开奖数据，正在准备号码采集策略
2017-05-28 00:04:34 未发现开奖数据，正在准备号码采集策略
2017-05-28 00:04:35 未发现开奖数据，正在准备号码采集策略
2017-05-28 00:04:36 未发现开奖数据，正在准备号码采集策略
2017-05-28 00:04:37 未发现开奖数据，正在准备号码采集策略
2017-05-28 00:04:38 未发现开奖数据，正在准备号码采集策略
2017-05-28 00:04:39 未发现开奖数据，正在准备号码采集策略
2017-05-28 00:04:40 未发现开奖数据，正在准备号码采集策略
2017-05-28 00:04:41 未发现开奖数据，正在准备号码采集策略
2017-05-28 00:04:42 未发现开奖数据，正在准备号码采集策略
2017-05-28 00:04:43 未发现开奖数据，正在准备号码采集策略
2017-05-28 00:04:44 未发现开奖数据，正在准备号码采集策略
2017-05-28 00:04:45 未发现开奖数据，正在准备号码采集策略
2017-05-28 00:04:46 未发现开奖数据，正在准备号码采集策略
2017-05-28 00:04:47 未发现开奖数据，正在准备号码采集策略
2017-05-28 00:04:48 未发现开奖数据，正在准备号码采集策略
2017-05-28 00:04:49 未发现开奖数据，正在准备号码采集策略
2017-05-28 00:04:50 未发现开奖数据，正在准备号码采集策略
2017-05-28 00:04:51 未发现开奖数据，正在准备号码采集策略
2017-05-28 00:04:52 未发现开奖数据，正在准备号码采集策略
2017-05-28 00:04:53 未发现开奖数据，正在准备号码采集策略
2017-05-28 00:04:54 未发现开奖数据，正在准备号码采集策略
2017-05-28 00:04:55 未发现开奖数据，正在准备号码采集策略
2017-05-28 00:04:56 未发现开奖数据，正在准备号码采集策略
2017-05-28 00:04:57 未发现开奖数据，正在准备号码采集策略
2017-05-28 00:04:58 未发现开奖数据，正在准备号码采集策略
2017-05-28 00:04:59 未发现开奖数据，正在准备号码采集策略
2017-05-28 00:00:49 未发现开奖数据，正在准备号码采集策略
2017-05-28 00:00:50 未发现开奖数据，正在准备号码采集策略
2017-05-28 00:00:51 未发现开奖数据，正在准备号码采集策略
2017-05-28 00:00:52 未发现开奖数据，正在准备号码采集策略
2017-05-28 00:00:53 未发现开奖数据，正在准备号码采集策略
2017-05-28 00:00:54 未发现开奖数据，正在准备号码采集策略
2017-05-28 00:00:55 未发现开奖数据，正在准备号码采集策略
2017-05-28 00:00:56 未发现开奖数据，正在准备号码采集策略
2017-05-28 00:00:57 未发现开奖数据，正在准备号码采集策略
2017-05-28 00:00:58 未发现开奖数据，正在准备号码采集策略
2017-05-28 00:00:59 未发现开奖数据，正在准备号码采集策略
2017-05-28 00:01:00 未发现开奖数据，正在准备号码采集策略
2017-05-28 00:01:01 未发现开奖数据，正在准备号码采集策略
2017-05-28 00:01:02 未发现开奖数据，正在准备号码采集策略
2017-05-28 00:01:03 未发现开奖数据，正在准备号码采集策略
2017-05-28 00:01:07 脚本开启
2017-05-28 00:01:07 检查【重庆时时彩】是否有近七日数据
2017-05-28 00:01:07 2017-05-28 : yes
2017-05-28 00:01:07 2017-05-29 : yes
2017-05-28 00:01:07 2017-05-30 : yes
2017-05-28 00:01:07 2017-05-31 : yes
2017-05-28 00:01:07 2017-06-01 : yes
2017-05-28 00:01:07 2017-06-02 : yes
2017-05-28 00:01:07 2017-06-03 : yes
2017-05-28 00:01:07 未发现开奖数据，正在准备号码采集策略
2017-05-28 00:01:08 未发现开奖数据，正在准备号码采集策略
2017-05-28 00:01:09 未发现开奖数据，正在准备号码采集策略
2017-05-28 00:01:10 未发现开奖数据，正在准备号码采集策略
2017-05-28 00:01:11 未发现开奖数据，正在准备号码采集策略
2017-05-28 00:01:12 未发现开奖数据，正在准备号码采集策略
2017-05-28 00:01:26 脚本开启
2017-05-28 00:01:26 检查【重庆时时彩】是否有近七日数据
2017-05-28 00:01:26 2017-05-28 : yes
2017-05-28 00:01:26 2017-05-29 : yes
2017-05-28 00:01:26 2017-05-30 : yes
2017-05-28 00:01:26 2017-05-31 : yes
2017-05-28 00:01:26 2017-06-01 : yes
2017-05-28 00:01:26 2017-06-02 : yes
2017-05-28 00:01:26 2017-06-03 : yes
2017-05-28 00:01:26 未发现开奖数据，正在准备号码采集策略
2017-05-28 00:01:27 未发现开奖数据，正在准备号码采集策略
2017-05-28 00:01:28 未发现开奖数据，正在准备号码采集策略
2017-05-28 00:01:29 未发现开奖数据，正在准备号码采集策略
2017-05-28 00:01:30 未发现开奖数据，正在准备号码采集策略
2017-05-28 00:01:31 未发现开奖数据，正在准备号码采集策略
2017-05-28 15:00:27 脚本开启
2017-05-28 15:00:27 检查【重庆时时彩】是否有近七日数据
2017-05-28 15:00:27 2017-05-27 : yes
2017-05-28 15:00:27 2017-05-28 : yes
2017-05-28 15:00:27 2017-05-29 : yes
2017-05-28 15:00:27 2017-05-30 : yes
2017-05-28 15:00:27 2017-05-31 : yes
2017-05-28 15:00:27 2017-06-01 : yes
2017-05-28 15:00:27 2017-06-02 : yes
2017-05-28 15:00:27 【重庆时时彩】第120期，需要开奖
2017-05-28 15:00:27 {"id":"33165","periods":"120","from_lottery":"20","time":"10:00","timestamp":"36000"}
2017-05-28 15:00:27 {"id":"20281","byid":"20170528120","periods":"120","from_time_id":"33165","from_lottery":"20","day":"2017-05-28 00:00:00","data":"879946","state":"0","lottery_time":null,"order_count":"0","send_lottery_count":"0","winning_count":"0","participate_count":"0","betting_money":"0","winning_money":"0","rebate_money":"0","profit_loss":"0"}
2017-05-28 15:00:27 【重庆时时彩】第120期，正在摇奖中
2017-05-28 15:00:28 【重庆时时彩】第120期，已成功开奖
2017-05-28 17:00:55 检查【重庆时时彩】是否有近七日数据
2017-05-28 17:00:55 2017-05-27 : yes
2017-05-28 17:00:55 2017-05-28 : yes
2017-05-28 17:00:55 2017-05-29 : yes
2017-05-28 17:00:55 2017-05-30 : yes
2017-05-28 17:00:55 2017-05-31 : yes
2017-05-28 17:00:55 2017-06-01 : yes
2017-05-28 17:00:55 2017-06-02 : yes
