2017-06-14 09:46:22 脚本开启
2017-06-14 09:46:22 检查【澳门3D】是否有近七日数据
2017-06-14 09:46:22 2017-06-13 : yes
2017-06-14 09:46:22 2017-06-14 : yes
2017-06-14 09:46:22 2017-06-15 : yes
2017-06-14 09:46:22 2017-06-16 : yes
2017-06-14 09:46:22 2017-06-17 : yes
2017-06-14 09:46:22 2017-06-18 : yes
2017-06-14 09:46:22 2017-06-19 : no
2017-06-14 09:46:22 【澳门3D】第23期，需要开奖
2017-06-14 09:46:22 {"id":"33368","periods":"23","from_lottery":"22","time":"01:54","timestamp":"6840"}
2017-06-14 09:46:22 {"id":"26138","byid":"2017061423","periods":"23","from_time_id":"33368","from_lottery":"22","day":"2017-06-14 00:00:00","data":"821","state":"0","lottery_time":null,"order_count":"0","send_lottery_count":"0","winning_count":"0","participate_count":"0","betting_money":"0","winning_money":"0","rebate_money":"0","profit_loss":"0"}
2017-06-14 09:46:22 【澳门3D】第23期，正在摇奖中
2017-06-14 09:46:23 【澳门3D】第23期，已成功开奖
2017-06-14 09:59:00 【澳门3D】第24期，需要开奖
2017-06-14 09:59:00 {"id":"33369","periods":"24","from_lottery":"22","time":"09:59","timestamp":"35940"}
2017-06-14 09:59:00 {"id":"26137","byid":"2017061424","periods":"24","from_time_id":"33369","from_lottery":"22","day":"2017-06-14 00:00:00","data":"819","state":"0","lottery_time":null,"order_count":"0","send_lottery_count":"0","winning_count":"0","participate_count":"0","betting_money":"0","winning_money":"0","rebate_money":"0","profit_loss":"0"}
2017-06-14 09:59:00 【澳门3D】第24期，正在摇奖中
2017-06-14 10:00:00 【澳门3D】第24期，已成功开奖
2017-06-14 10:09:00 【澳门3D】第25期，需要开奖
2017-06-14 10:09:00 {"id":"33370","periods":"25","from_lottery":"22","time":"10:09","timestamp":"36540"}
2017-06-14 10:09:00 {"id":"26136","byid":"2017061425","periods":"25","from_time_id":"33370","from_lottery":"22","day":"2017-06-14 00:00:00","data":"595","state":"0","lottery_time":null,"order_count":"0","send_lottery_count":"0","winning_count":"0","participate_count":"0","betting_money":"0","winning_money":"0","rebate_money":"0","profit_loss":"0"}
2017-06-14 10:09:00 【澳门3D】第25期，正在摇奖中
2017-06-14 10:10:00 【澳门3D】第25期，已成功开奖
2017-06-14 10:19:00 【澳门3D】第26期，需要开奖
2017-06-14 10:19:00 {"id":"33371","periods":"26","from_lottery":"22","time":"10:19","timestamp":"37140"}
2017-06-14 10:19:00 {"id":"26135","byid":"2017061426","periods":"26","from_time_id":"33371","from_lottery":"22","day":"2017-06-14 00:00:00","data":"181","state":"0","lottery_time":null,"order_count":"0","send_lottery_count":"0","winning_count":"0","participate_count":"0","betting_money":"0","winning_money":"0","rebate_money":"0","profit_loss":"0"}
2017-06-14 10:19:00 【澳门3D】第26期，正在摇奖中
2017-06-14 10:20:00 【澳门3D】第26期，已成功开奖
2017-06-14 10:29:00 【澳门3D】第27期，需要开奖
2017-06-14 10:29:00 {"id":"33372","periods":"27","from_lottery":"22","time":"10:29","timestamp":"37740"}
2017-06-14 10:29:00 {"id":"26134","byid":"2017061427","periods":"27","from_time_id":"33372","from_lottery":"22","day":"2017-06-14 00:00:00","data":"591","state":"0","lottery_time":null,"order_count":"0","send_lottery_count":"0","winning_count":"0","participate_count":"0","betting_money":"0","winning_money":"0","rebate_money":"0","profit_loss":"0"}
2017-06-14 10:29:00 【澳门3D】第27期，正在摇奖中
2017-06-14 10:30:00 【澳门3D】第27期，已成功开奖
2017-06-14 10:39:00 【澳门3D】第28期，需要开奖
2017-06-14 10:39:00 {"id":"33373","periods":"28","from_lottery":"22","time":"10:39","timestamp":"38340"}
2017-06-14 10:39:00 {"id":"26133","byid":"2017061428","periods":"28","from_time_id":"33373","from_lottery":"22","day":"2017-06-14 00:00:00","data":"832","state":"0","lottery_time":null,"order_count":"0","send_lottery_count":"0","winning_count":"0","participate_count":"0","betting_money":"0","winning_money":"0","rebate_money":"0","profit_loss":"0"}
2017-06-14 10:39:00 【澳门3D】第28期，正在摇奖中
2017-06-14 10:40:00 【澳门3D】第28期，已成功开奖
2017-06-14 10:49:00 【澳门3D】第29期，需要开奖
2017-06-14 10:49:00 {"id":"33374","periods":"29","from_lottery":"22","time":"10:49","timestamp":"38940"}
2017-06-14 10:49:00 {"id":"26132","byid":"2017061429","periods":"29","from_time_id":"33374","from_lottery":"22","day":"2017-06-14 00:00:00","data":"290","state":"0","lottery_time":null,"order_count":"0","send_lottery_count":"0","winning_count":"0","participate_count":"0","betting_money":"0","winning_money":"0","rebate_money":"0","profit_loss":"0"}
2017-06-14 10:49:00 【澳门3D】第29期，正在摇奖中
2017-06-14 10:50:00 【澳门3D】第29期，已成功开奖
2017-06-14 10:59:00 【澳门3D】第30期，需要开奖
2017-06-14 10:59:00 {"id":"33375","periods":"30","from_lottery":"22","time":"10:59","timestamp":"39540"}
2017-06-14 10:59:00 {"id":"26131","byid":"2017061430","periods":"30","from_time_id":"33375","from_lottery":"22","day":"2017-06-14 00:00:00","data":"974","state":"0","lottery_time":null,"order_count":"0","send_lottery_count":"0","winning_count":"0","participate_count":"0","betting_money":"0","winning_money":"0","rebate_money":"0","profit_loss":"0"}
2017-06-14 10:59:01 【澳门3D】第30期，正在摇奖中
2017-06-14 11:00:00 【澳门3D】第30期，已成功开奖
2017-06-14 11:09:00 【澳门3D】第31期，需要开奖
2017-06-14 11:09:00 {"id":"33376","periods":"31","from_lottery":"22","time":"11:09","timestamp":"40140"}
2017-06-14 11:09:00 {"id":"26130","byid":"2017061431","periods":"31","from_time_id":"33376","from_lottery":"22","day":"2017-06-14 00:00:00","data":"949","state":"0","lottery_time":null,"order_count":"0","send_lottery_count":"0","winning_count":"0","participate_count":"0","betting_money":"0","winning_money":"0","rebate_money":"0","profit_loss":"0"}
2017-06-14 11:09:00 【澳门3D】第31期，正在摇奖中
2017-06-14 11:10:00 【澳门3D】第31期，已成功开奖
2017-06-14 11:19:00 【澳门3D】第32期，需要开奖
2017-06-14 11:19:00 {"id":"33377","periods":"32","from_lottery":"22","time":"11:19","timestamp":"40740"}
2017-06-14 11:19:00 {"id":"26129","byid":"2017061432","periods":"32","from_time_id":"33377","from_lottery":"22","day":"2017-06-14 00:00:00","data":"470","state":"0","lottery_time":null,"order_count":"0","send_lottery_count":"0","winning_count":"0","participate_count":"0","betting_money":"0","winning_money":"0","rebate_money":"0","profit_loss":"0"}
2017-06-14 11:19:00 【澳门3D】第32期，正在摇奖中
2017-06-14 11:20:00 【澳门3D】第32期，已成功开奖
2017-06-14 11:29:00 【澳门3D】第33期，需要开奖
2017-06-14 11:29:00 {"id":"33378","periods":"33","from_lottery":"22","time":"11:29","timestamp":"41340"}
2017-06-14 11:29:00 {"id":"26128","byid":"2017061433","periods":"33","from_time_id":"33378","from_lottery":"22","day":"2017-06-14 00:00:00","data":"420","state":"0","lottery_time":null,"order_count":"0","send_lottery_count":"0","winning_count":"0","participate_count":"0","betting_money":"0","winning_money":"0","rebate_money":"0","profit_loss":"0"}
2017-06-14 11:29:00 【澳门3D】第33期，正在摇奖中
2017-06-14 11:30:00 【澳门3D】第33期，已成功开奖
2017-06-14 11:39:00 【澳门3D】第34期，需要开奖
2017-06-14 11:39:00 {"id":"33379","periods":"34","from_lottery":"22","time":"11:39","timestamp":"41940"}
2017-06-14 11:39:00 {"id":"26127","byid":"2017061434","periods":"34","from_time_id":"33379","from_lottery":"22","day":"2017-06-14 00:00:00","data":"168","state":"0","lottery_time":null,"order_count":"0","send_lottery_count":"0","winning_count":"0","participate_count":"0","betting_money":"0","winning_money":"0","rebate_money":"0","profit_loss":"0"}
2017-06-14 11:39:00 【澳门3D】第34期，正在摇奖中
2017-06-14 11:40:00 【澳门3D】第34期，已成功开奖
2017-06-14 11:46:48 检查【澳门3D】是否有近七日数据
2017-06-14 11:46:48 2017-06-13 : yes
2017-06-14 11:46:48 2017-06-14 : yes
2017-06-14 11:46:48 2017-06-15 : yes
2017-06-14 11:46:48 2017-06-16 : yes
2017-06-14 11:46:48 2017-06-17 : yes
2017-06-14 11:46:48 2017-06-18 : yes
2017-06-14 11:46:48 2017-06-19 : yes
2017-06-14 11:49:00 【澳门3D】第35期，需要开奖
2017-06-14 11:49:00 {"id":"33380","periods":"35","from_lottery":"22","time":"11:49","timestamp":"42540"}
2017-06-14 11:49:00 {"id":"26126","byid":"2017061435","periods":"35","from_time_id":"33380","from_lottery":"22","day":"2017-06-14 00:00:00","data":"575","state":"0","lottery_time":null,"order_count":"0","send_lottery_count":"0","winning_count":"0","participate_count":"0","betting_money":"0","winning_money":"0","rebate_money":"0","profit_loss":"0"}
2017-06-14 11:49:00 【澳门3D】第35期，正在摇奖中
2017-06-14 11:50:00 【澳门3D】第35期，已成功开奖
2017-06-14 11:59:00 【澳门3D】第36期，需要开奖
2017-06-14 11:59:00 {"id":"33381","periods":"36","from_lottery":"22","time":"11:59","timestamp":"43140"}
2017-06-14 11:59:00 {"id":"26125","byid":"2017061436","periods":"36","from_time_id":"33381","from_lottery":"22","day":"2017-06-14 00:00:00","data":"325","state":"0","lottery_time":null,"order_count":"0","send_lottery_count":"0","winning_count":"0","participate_count":"0","betting_money":"0","winning_money":"0","rebate_money":"0","profit_loss":"0"}
2017-06-14 11:59:00 【澳门3D】第36期，正在摇奖中
2017-06-14 12:00:00 【澳门3D】第36期，已成功开奖
2017-06-14 12:09:00 【澳门3D】第37期，需要开奖
2017-06-14 12:09:00 {"id":"33382","periods":"37","from_lottery":"22","time":"12:09","timestamp":"43740"}
2017-06-14 12:09:00 {"id":"26124","byid":"2017061437","periods":"37","from_time_id":"33382","from_lottery":"22","day":"2017-06-14 00:00:00","data":"336","state":"0","lottery_time":null,"order_count":"0","send_lottery_count":"0","winning_count":"0","participate_count":"0","betting_money":"0","winning_money":"0","rebate_money":"0","profit_loss":"0"}
2017-06-14 12:09:00 【澳门3D】第37期，正在摇奖中
2017-06-14 12:10:00 【澳门3D】第37期，已成功开奖
2017-06-14 12:19:00 【澳门3D】第38期，需要开奖
2017-06-14 12:19:00 {"id":"33383","periods":"38","from_lottery":"22","time":"12:19","timestamp":"44340"}
2017-06-14 12:19:00 {"id":"26123","byid":"2017061438","periods":"38","from_time_id":"33383","from_lottery":"22","day":"2017-06-14 00:00:00","data":"831","state":"0","lottery_time":null,"order_count":"0","send_lottery_count":"0","winning_count":"0","participate_count":"0","betting_money":"0","winning_money":"0","rebate_money":"0","profit_loss":"0"}
2017-06-14 12:19:00 【澳门3D】第38期，正在摇奖中
2017-06-14 12:20:00 【澳门3D】第38期，已成功开奖
2017-06-14 12:29:00 【澳门3D】第39期，需要开奖
2017-06-14 12:29:00 {"id":"33384","periods":"39","from_lottery":"22","time":"12:29","timestamp":"44940"}
2017-06-14 12:29:00 {"id":"26122","byid":"2017061439","periods":"39","from_time_id":"33384","from_lottery":"22","day":"2017-06-14 00:00:00","data":"396","state":"0","lottery_time":null,"order_count":"0","send_lottery_count":"0","winning_count":"0","participate_count":"0","betting_money":"0","winning_money":"0","rebate_money":"0","profit_loss":"0"}
2017-06-14 12:29:00 【澳门3D】第39期，正在摇奖中
2017-06-14 12:30:00 【澳门3D】第39期，已成功开奖
2017-06-14 12:39:00 【澳门3D】第40期，需要开奖
2017-06-14 12:39:00 {"id":"33385","periods":"40","from_lottery":"22","time":"12:39","timestamp":"45540"}
2017-06-14 12:39:00 {"id":"26121","byid":"2017061440","periods":"40","from_time_id":"33385","from_lottery":"22","day":"2017-06-14 00:00:00","data":"536","state":"0","lottery_time":null,"order_count":"0","send_lottery_count":"0","winning_count":"0","participate_count":"0","betting_money":"0","winning_money":"0","rebate_money":"0","profit_loss":"0"}
2017-06-14 12:39:00 【澳门3D】第40期，正在摇奖中
2017-06-14 12:40:00 【澳门3D】第40期，已成功开奖
2017-06-14 12:49:00 【澳门3D】第41期，需要开奖
2017-06-14 12:49:00 {"id":"33386","periods":"41","from_lottery":"22","time":"12:49","timestamp":"46140"}
2017-06-14 12:49:00 {"id":"26120","byid":"2017061441","periods":"41","from_time_id":"33386","from_lottery":"22","day":"2017-06-14 00:00:00","data":"743","state":"0","lottery_time":null,"order_count":"0","send_lottery_count":"0","winning_count":"0","participate_count":"0","betting_money":"0","winning_money":"0","rebate_money":"0","profit_loss":"0"}
2017-06-14 12:49:00 【澳门3D】第41期，正在摇奖中
2017-06-14 12:50:00 【澳门3D】第41期，已成功开奖
2017-06-14 12:59:00 【澳门3D】第42期，需要开奖
2017-06-14 12:59:00 {"id":"33387","periods":"42","from_lottery":"22","time":"12:59","timestamp":"46740"}
2017-06-14 12:59:00 {"id":"26119","byid":"2017061442","periods":"42","from_time_id":"33387","from_lottery":"22","day":"2017-06-14 00:00:00","data":"176","state":"0","lottery_time":null,"order_count":"0","send_lottery_count":"0","winning_count":"0","participate_count":"0","betting_money":"0","winning_money":"0","rebate_money":"0","profit_loss":"0"}
2017-06-14 12:59:00 【澳门3D】第42期，正在摇奖中
2017-06-14 13:00:00 【澳门3D】第42期，已成功开奖
2017-06-14 13:09:00 【澳门3D】第43期，需要开奖
2017-06-14 13:09:00 {"id":"33388","periods":"43","from_lottery":"22","time":"13:09","timestamp":"47340"}
2017-06-14 13:09:00 {"id":"26118","byid":"2017061443","periods":"43","from_time_id":"33388","from_lottery":"22","day":"2017-06-14 00:00:00","data":"890","state":"0","lottery_time":null,"order_count":"0","send_lottery_count":"0","winning_count":"0","participate_count":"0","betting_money":"0","winning_money":"0","rebate_money":"0","profit_loss":"0"}
2017-06-14 13:09:00 【澳门3D】第43期，正在摇奖中
2017-06-14 13:10:00 【澳门3D】第43期，已成功开奖
2017-06-14 13:19:00 【澳门3D】第44期，需要开奖
2017-06-14 13:19:00 {"id":"33389","periods":"44","from_lottery":"22","time":"13:19","timestamp":"47940"}
2017-06-14 13:19:00 {"id":"26117","byid":"2017061444","periods":"44","from_time_id":"33389","from_lottery":"22","day":"2017-06-14 00:00:00","data":"795","state":"0","lottery_time":null,"order_count":"0","send_lottery_count":"0","winning_count":"0","participate_count":"0","betting_money":"0","winning_money":"0","rebate_money":"0","profit_loss":"0"}
2017-06-14 13:19:00 【澳门3D】第44期，正在摇奖中
2017-06-14 13:20:01 【澳门3D】第44期，已成功开奖
2017-06-14 13:29:00 【澳门3D】第45期，需要开奖
2017-06-14 13:29:00 {"id":"33390","periods":"45","from_lottery":"22","time":"13:29","timestamp":"48540"}
2017-06-14 13:29:00 {"id":"26116","byid":"2017061445","periods":"45","from_time_id":"33390","from_lottery":"22","day":"2017-06-14 00:00:00","data":"994","state":"0","lottery_time":null,"order_count":"0","send_lottery_count":"0","winning_count":"0","participate_count":"0","betting_money":"0","winning_money":"0","rebate_money":"0","profit_loss":"0"}
2017-06-14 13:29:00 【澳门3D】第45期，正在摇奖中
2017-06-14 13:30:00 【澳门3D】第45期，已成功开奖
2017-06-14 13:39:00 【澳门3D】第46期，需要开奖
2017-06-14 13:39:00 {"id":"33391","periods":"46","from_lottery":"22","time":"13:39","timestamp":"49140"}
2017-06-14 13:39:00 {"id":"26115","byid":"2017061446","periods":"46","from_time_id":"33391","from_lottery":"22","day":"2017-06-14 00:00:00","data":"371","state":"0","lottery_time":null,"order_count":"0","send_lottery_count":"0","winning_count":"0","participate_count":"0","betting_money":"0","winning_money":"0","rebate_money":"0","profit_loss":"0"}
2017-06-14 13:39:00 【澳门3D】第46期，正在摇奖中
2017-06-14 13:40:00 【澳门3D】第46期，已成功开奖
2017-06-14 13:47:14 检查【澳门3D】是否有近七日数据
2017-06-14 13:47:14 2017-06-13 : yes
2017-06-14 13:47:14 2017-06-14 : yes
2017-06-14 13:47:14 2017-06-15 : yes
2017-06-14 13:47:14 2017-06-16 : yes
2017-06-14 13:47:14 2017-06-17 : yes
2017-06-14 13:47:14 2017-06-18 : yes
2017-06-14 13:47:14 2017-06-19 : yes
2017-06-14 13:49:00 【澳门3D】第47期，需要开奖
2017-06-14 13:49:00 {"id":"33392","periods":"47","from_lottery":"22","time":"13:49","timestamp":"49740"}
2017-06-14 13:49:00 {"id":"26114","byid":"2017061447","periods":"47","from_time_id":"33392","from_lottery":"22","day":"2017-06-14 00:00:00","data":"285","state":"0","lottery_time":null,"order_count":"0","send_lottery_count":"0","winning_count":"0","participate_count":"0","betting_money":"0","winning_money":"0","rebate_money":"0","profit_loss":"0"}
2017-06-14 13:49:00 【澳门3D】第47期，正在摇奖中
2017-06-14 13:50:00 【澳门3D】第47期，已成功开奖
2017-06-14 13:59:00 【澳门3D】第48期，需要开奖
2017-06-14 13:59:00 {"id":"33393","periods":"48","from_lottery":"22","time":"13:59","timestamp":"50340"}
2017-06-14 13:59:00 {"id":"26113","byid":"2017061448","periods":"48","from_time_id":"33393","from_lottery":"22","day":"2017-06-14 00:00:00","data":"342","state":"0","lottery_time":null,"order_count":"0","send_lottery_count":"0","winning_count":"0","participate_count":"0","betting_money":"0","winning_money":"0","rebate_money":"0","profit_loss":"0"}
2017-06-14 13:59:00 【澳门3D】第48期，正在摇奖中
2017-06-14 14:00:00 【澳门3D】第48期，已成功开奖
2017-06-14 14:09:00 【澳门3D】第49期，需要开奖
2017-06-14 14:09:00 {"id":"33394","periods":"49","from_lottery":"22","time":"14:09","timestamp":"50940"}
2017-06-14 14:09:00 {"id":"26112","byid":"2017061449","periods":"49","from_time_id":"33394","from_lottery":"22","day":"2017-06-14 00:00:00","data":"891","state":"0","lottery_time":null,"order_count":"0","send_lottery_count":"0","winning_count":"0","participate_count":"0","betting_money":"0","winning_money":"0","rebate_money":"0","profit_loss":"0"}
2017-06-14 14:09:00 【澳门3D】第49期，正在摇奖中
2017-06-14 14:10:01 【澳门3D】第49期，已成功开奖
2017-06-14 14:19:00 【澳门3D】第50期，需要开奖
2017-06-14 14:19:00 {"id":"33395","periods":"50","from_lottery":"22","time":"14:19","timestamp":"51540"}
2017-06-14 14:19:00 {"id":"26111","byid":"2017061450","periods":"50","from_time_id":"33395","from_lottery":"22","day":"2017-06-14 00:00:00","data":"431","state":"0","lottery_time":null,"order_count":"0","send_lottery_count":"0","winning_count":"0","participate_count":"0","betting_money":"0","winning_money":"0","rebate_money":"0","profit_loss":"0"}
2017-06-14 14:19:00 【澳门3D】第50期，正在摇奖中
2017-06-14 14:20:00 【澳门3D】第50期，已成功开奖
2017-06-14 14:29:00 【澳门3D】第51期，需要开奖
2017-06-14 14:29:00 {"id":"33396","periods":"51","from_lottery":"22","time":"14:29","timestamp":"52140"}
2017-06-14 14:29:00 {"id":"26110","byid":"2017061451","periods":"51","from_time_id":"33396","from_lottery":"22","day":"2017-06-14 00:00:00","data":"860","state":"0","lottery_time":null,"order_count":"0","send_lottery_count":"0","winning_count":"0","participate_count":"0","betting_money":"0","winning_money":"0","rebate_money":"0","profit_loss":"0"}
2017-06-14 14:29:00 【澳门3D】第51期，正在摇奖中
2017-06-14 14:30:00 【澳门3D】第51期，已成功开奖
2017-06-14 14:39:00 【澳门3D】第52期，需要开奖
2017-06-14 14:39:00 {"id":"33397","periods":"52","from_lottery":"22","time":"14:39","timestamp":"52740"}
2017-06-14 14:39:00 {"id":"26109","byid":"2017061452","periods":"52","from_time_id":"33397","from_lottery":"22","day":"2017-06-14 00:00:00","data":"668","state":"0","lottery_time":null,"order_count":"0","send_lottery_count":"0","winning_count":"0","participate_count":"0","betting_money":"0","winning_money":"0","rebate_money":"0","profit_loss":"0"}
2017-06-14 14:39:00 【澳门3D】第52期，正在摇奖中
2017-06-14 14:40:00 【澳门3D】第52期，已成功开奖
2017-06-14 14:49:00 【澳门3D】第53期，需要开奖
2017-06-14 14:49:00 {"id":"33398","periods":"53","from_lottery":"22","time":"14:49","timestamp":"53340"}
2017-06-14 14:49:00 {"id":"26108","byid":"2017061453","periods":"53","from_time_id":"33398","from_lottery":"22","day":"2017-06-14 00:00:00","data":"688","state":"0","lottery_time":null,"order_count":"0","send_lottery_count":"0","winning_count":"0","participate_count":"0","betting_money":"0","winning_money":"0","rebate_money":"0","profit_loss":"0"}
2017-06-14 14:49:00 【澳门3D】第53期，正在摇奖中
2017-06-14 14:50:00 【澳门3D】第53期，已成功开奖
2017-06-14 14:59:00 【澳门3D】第54期，需要开奖
2017-06-14 14:59:00 {"id":"33399","periods":"54","from_lottery":"22","time":"14:59","timestamp":"53940"}
2017-06-14 14:59:00 {"id":"26107","byid":"2017061454","periods":"54","from_time_id":"33399","from_lottery":"22","day":"2017-06-14 00:00:00","data":"720","state":"0","lottery_time":null,"order_count":"0","send_lottery_count":"0","winning_count":"0","participate_count":"0","betting_money":"0","winning_money":"0","rebate_money":"0","profit_loss":"0"}
2017-06-14 14:59:00 【澳门3D】第54期，正在摇奖中
2017-06-14 15:00:00 【澳门3D】第54期，已成功开奖
2017-06-14 15:09:00 【澳门3D】第55期，需要开奖
2017-06-14 15:09:00 {"id":"33400","periods":"55","from_lottery":"22","time":"15:09","timestamp":"54540"}
2017-06-14 15:09:00 {"id":"26106","byid":"2017061455","periods":"55","from_time_id":"33400","from_lottery":"22","day":"2017-06-14 00:00:00","data":"843","state":"0","lottery_time":null,"order_count":"0","send_lottery_count":"0","winning_count":"0","participate_count":"0","betting_money":"0","winning_money":"0","rebate_money":"0","profit_loss":"0"}
2017-06-14 15:09:00 【澳门3D】第55期，正在摇奖中
2017-06-14 15:10:00 【澳门3D】第55期，已成功开奖
2017-06-14 15:19:00 【澳门3D】第56期，需要开奖
2017-06-14 15:19:00 {"id":"33401","periods":"56","from_lottery":"22","time":"15:19","timestamp":"55140"}
2017-06-14 15:19:00 {"id":"26105","byid":"2017061456","periods":"56","from_time_id":"33401","from_lottery":"22","day":"2017-06-14 00:00:00","data":"113","state":"0","lottery_time":null,"order_count":"0","send_lottery_count":"0","winning_count":"0","participate_count":"0","betting_money":"0","winning_money":"0","rebate_money":"0","profit_loss":"0"}
2017-06-14 15:19:00 【澳门3D】第56期，正在摇奖中
2017-06-14 15:20:00 【澳门3D】第56期，已成功开奖
2017-06-14 15:29:00 【澳门3D】第57期，需要开奖
2017-06-14 15:29:00 {"id":"33402","periods":"57","from_lottery":"22","time":"15:29","timestamp":"55740"}
2017-06-14 15:29:00 {"id":"26104","byid":"2017061457","periods":"57","from_time_id":"33402","from_lottery":"22","day":"2017-06-14 00:00:00","data":"188","state":"0","lottery_time":null,"order_count":"0","send_lottery_count":"0","winning_count":"0","participate_count":"0","betting_money":"0","winning_money":"0","rebate_money":"0","profit_loss":"0"}
2017-06-14 15:29:00 【澳门3D】第57期，正在摇奖中
2017-06-14 15:30:00 【澳门3D】第57期，已成功开奖
2017-06-14 15:55:57 脚本开启
2017-06-14 15:55:57 检查【澳门3D】是否有近七日数据
2017-06-14 15:55:57 2017-06-13 : yes
2017-06-14 15:55:57 2017-06-14 : yes
2017-06-14 15:55:57 2017-06-15 : yes
2017-06-14 15:55:57 2017-06-16 : yes
2017-06-14 15:55:57 2017-06-17 : yes
2017-06-14 15:55:57 2017-06-18 : yes
2017-06-14 15:55:57 2017-06-19 : yes
2017-06-14 15:55:57 【澳门3D】第59期，开奖器得知了管理员并不愿意让他开着期奖，所以他沮丧着头在角落里哭泣
2017-06-14 15:55:58 【澳门3D】第59期，开奖器得知了管理员并不愿意让他开着期奖，所以他沮丧着头在角落里哭泣
2017-06-14 15:55:59 【澳门3D】第59期，开奖器得知了管理员并不愿意让他开着期奖，所以他沮丧着头在角落里哭泣
2017-06-14 15:56:00 【澳门3D】第59期，开奖器得知了管理员并不愿意让他开着期奖，所以他沮丧着头在角落里哭泣
2017-06-14 15:56:01 【澳门3D】第59期，开奖器得知了管理员并不愿意让他开着期奖，所以他沮丧着头在角落里哭泣
2017-06-14 15:56:02 【澳门3D】第59期，开奖器得知了管理员并不愿意让他开着期奖，所以他沮丧着头在角落里哭泣
2017-06-14 15:56:03 【澳门3D】第59期，开奖器得知了管理员并不愿意让他开着期奖，所以他沮丧着头在角落里哭泣
2017-06-14 15:56:06 脚本开启
2017-06-14 15:56:06 检查【澳门3D】是否有近七日数据
2017-06-14 15:56:06 2017-06-13 : yes
2017-06-14 15:56:06 2017-06-14 : yes
2017-06-14 15:56:06 2017-06-15 : yes
2017-06-14 15:56:06 2017-06-16 : yes
2017-06-14 15:56:06 2017-06-17 : yes
2017-06-14 15:56:06 2017-06-18 : yes
2017-06-14 15:56:06 2017-06-19 : yes
2017-06-14 15:56:06 【澳门3D】第59期，开奖器得知了管理员并不愿意让他开着期奖，所以他沮丧着头在角落里哭泣
2017-06-14 15:56:07 【澳门3D】第59期，开奖器得知了管理员并不愿意让他开着期奖，所以他沮丧着头在角落里哭泣
2017-06-14 15:56:08 【澳门3D】第59期，开奖器得知了管理员并不愿意让他开着期奖，所以他沮丧着头在角落里哭泣
2017-06-14 15:56:09 【澳门3D】第59期，开奖器得知了管理员并不愿意让他开着期奖，所以他沮丧着头在角落里哭泣
2017-06-14 15:56:10 【澳门3D】第59期，开奖器得知了管理员并不愿意让他开着期奖，所以他沮丧着头在角落里哭泣
2017-06-14 15:56:11 【澳门3D】第59期，开奖器得知了管理员并不愿意让他开着期奖，所以他沮丧着头在角落里哭泣
2017-06-14 15:56:12 【澳门3D】第59期，开奖器得知了管理员并不愿意让他开着期奖，所以他沮丧着头在角落里哭泣
2017-06-14 15:56:13 【澳门3D】第59期，开奖器得知了管理员并不愿意让他开着期奖，所以他沮丧着头在角落里哭泣
2017-06-14 15:56:14 【澳门3D】第59期，开奖器得知了管理员并不愿意让他开着期奖，所以他沮丧着头在角落里哭泣
2017-06-14 15:56:15 【澳门3D】第59期，开奖器得知了管理员并不愿意让他开着期奖，所以他沮丧着头在角落里哭泣
2017-06-14 15:56:16 【澳门3D】第59期，开奖器得知了管理员并不愿意让他开着期奖，所以他沮丧着头在角落里哭泣
2017-06-14 15:56:17 【澳门3D】第59期，开奖器得知了管理员并不愿意让他开着期奖，所以他沮丧着头在角落里哭泣
2017-06-14 15:56:18 【澳门3D】第59期，开奖器得知了管理员并不愿意让他开着期奖，所以他沮丧着头在角落里哭泣
2017-06-14 15:56:19 【澳门3D】第59期，开奖器得知了管理员并不愿意让他开着期奖，所以他沮丧着头在角落里哭泣
2017-06-14 15:56:20 【澳门3D】第59期，开奖器得知了管理员并不愿意让他开着期奖，所以他沮丧着头在角落里哭泣
2017-06-14 15:56:21 【澳门3D】第59期，开奖器得知了管理员并不愿意让他开着期奖，所以他沮丧着头在角落里哭泣
2017-06-14 15:56:22 【澳门3D】第59期，开奖器得知了管理员并不愿意让他开着期奖，所以他沮丧着头在角落里哭泣
2017-06-14 15:56:23 【澳门3D】第59期，开奖器得知了管理员并不愿意让他开着期奖，所以他沮丧着头在角落里哭泣
2017-06-14 15:56:24 【澳门3D】第59期，开奖器得知了管理员并不愿意让他开着期奖，所以他沮丧着头在角落里哭泣
2017-06-14 15:56:25 【澳门3D】第59期，开奖器得知了管理员并不愿意让他开着期奖，所以他沮丧着头在角落里哭泣
2017-06-14 15:56:26 【澳门3D】第59期，开奖器得知了管理员并不愿意让他开着期奖，所以他沮丧着头在角落里哭泣
2017-06-14 15:56:27 【澳门3D】第59期，开奖器得知了管理员并不愿意让他开着期奖，所以他沮丧着头在角落里哭泣
2017-06-14 15:56:28 【澳门3D】第59期，开奖器得知了管理员并不愿意让他开着期奖，所以他沮丧着头在角落里哭泣
2017-06-14 15:56:29 【澳门3D】第59期，开奖器得知了管理员并不愿意让他开着期奖，所以他沮丧着头在角落里哭泣
2017-06-14 15:56:30 【澳门3D】第59期，开奖器得知了管理员并不愿意让他开着期奖，所以他沮丧着头在角落里哭泣
2017-06-14 15:56:31 【澳门3D】第59期，开奖器得知了管理员并不愿意让他开着期奖，所以他沮丧着头在角落里哭泣
2017-06-14 15:56:32 【澳门3D】第59期，开奖器得知了管理员并不愿意让他开着期奖，所以他沮丧着头在角落里哭泣
2017-06-14 15:56:33 【澳门3D】第59期，开奖器得知了管理员并不愿意让他开着期奖，所以他沮丧着头在角落里哭泣
2017-06-14 15:56:34 【澳门3D】第59期，开奖器得知了管理员并不愿意让他开着期奖，所以他沮丧着头在角落里哭泣
2017-06-14 15:56:35 【澳门3D】第59期，开奖器得知了管理员并不愿意让他开着期奖，所以他沮丧着头在角落里哭泣
2017-06-14 15:56:36 【澳门3D】第59期，开奖器得知了管理员并不愿意让他开着期奖，所以他沮丧着头在角落里哭泣
2017-06-14 15:56:37 【澳门3D】第59期，开奖器得知了管理员并不愿意让他开着期奖，所以他沮丧着头在角落里哭泣
2017-06-14 15:56:38 【澳门3D】第59期，开奖器得知了管理员并不愿意让他开着期奖，所以他沮丧着头在角落里哭泣
2017-06-14 15:56:39 【澳门3D】第59期，开奖器得知了管理员并不愿意让他开着期奖，所以他沮丧着头在角落里哭泣
2017-06-14 15:56:40 【澳门3D】第59期，开奖器得知了管理员并不愿意让他开着期奖，所以他沮丧着头在角落里哭泣
2017-06-14 15:56:41 【澳门3D】第59期，开奖器得知了管理员并不愿意让他开着期奖，所以他沮丧着头在角落里哭泣
2017-06-14 15:56:42 【澳门3D】第59期，开奖器得知了管理员并不愿意让他开着期奖，所以他沮丧着头在角落里哭泣
2017-06-14 15:56:43 【澳门3D】第59期，开奖器得知了管理员并不愿意让他开着期奖，所以他沮丧着头在角落里哭泣
2017-06-14 15:56:44 【澳门3D】第59期，开奖器得知了管理员并不愿意让他开着期奖，所以他沮丧着头在角落里哭泣
2017-06-14 15:56:45 【澳门3D】第59期，开奖器得知了管理员并不愿意让他开着期奖，所以他沮丧着头在角落里哭泣
2017-06-14 15:56:46 【澳门3D】第59期，开奖器得知了管理员并不愿意让他开着期奖，所以他沮丧着头在角落里哭泣
2017-06-14 15:56:47 【澳门3D】第59期，开奖器得知了管理员并不愿意让他开着期奖，所以他沮丧着头在角落里哭泣
2017-06-14 15:56:48 【澳门3D】第59期，开奖器得知了管理员并不愿意让他开着期奖，所以他沮丧着头在角落里哭泣
2017-06-14 15:56:49 【澳门3D】第59期，开奖器得知了管理员并不愿意让他开着期奖，所以他沮丧着头在角落里哭泣
2017-06-14 15:56:50 【澳门3D】第59期，开奖器得知了管理员并不愿意让他开着期奖，所以他沮丧着头在角落里哭泣
2017-06-14 15:56:51 【澳门3D】第59期，开奖器得知了管理员并不愿意让他开着期奖，所以他沮丧着头在角落里哭泣
2017-06-14 15:56:52 【澳门3D】第59期，开奖器得知了管理员并不愿意让他开着期奖，所以他沮丧着头在角落里哭泣
2017-06-14 15:56:53 【澳门3D】第59期，开奖器得知了管理员并不愿意让他开着期奖，所以他沮丧着头在角落里哭泣
2017-06-14 15:56:54 【澳门3D】第59期，开奖器得知了管理员并不愿意让他开着期奖，所以他沮丧着头在角落里哭泣
2017-06-14 15:56:55 【澳门3D】第59期，开奖器得知了管理员并不愿意让他开着期奖，所以他沮丧着头在角落里哭泣
2017-06-14 15:56:56 【澳门3D】第59期，开奖器得知了管理员并不愿意让他开着期奖，所以他沮丧着头在角落里哭泣
2017-06-14 15:56:57 【澳门3D】第59期，开奖器得知了管理员并不愿意让他开着期奖，所以他沮丧着头在角落里哭泣
2017-06-14 15:56:58 【澳门3D】第59期，开奖器得知了管理员并不愿意让他开着期奖，所以他沮丧着头在角落里哭泣
2017-06-14 15:56:59 【澳门3D】第59期，开奖器得知了管理员并不愿意让他开着期奖，所以他沮丧着头在角落里哭泣
2017-06-14 15:57:00 【澳门3D】第59期，开奖器得知了管理员并不愿意让他开着期奖，所以他沮丧着头在角落里哭泣
2017-06-14 15:57:01 【澳门3D】第59期，开奖器得知了管理员并不愿意让他开着期奖，所以他沮丧着头在角落里哭泣
2017-06-14 15:57:02 【澳门3D】第59期，开奖器得知了管理员并不愿意让他开着期奖，所以他沮丧着头在角落里哭泣
2017-06-14 15:57:03 【澳门3D】第59期，开奖器得知了管理员并不愿意让他开着期奖，所以他沮丧着头在角落里哭泣
2017-06-14 15:57:04 【澳门3D】第59期，开奖器得知了管理员并不愿意让他开着期奖，所以他沮丧着头在角落里哭泣
2017-06-14 15:57:05 【澳门3D】第59期，开奖器得知了管理员并不愿意让他开着期奖，所以他沮丧着头在角落里哭泣
2017-06-14 15:57:06 【澳门3D】第59期，开奖器得知了管理员并不愿意让他开着期奖，所以他沮丧着头在角落里哭泣
2017-06-14 15:57:07 【澳门3D】第59期，开奖器得知了管理员并不愿意让他开着期奖，所以他沮丧着头在角落里哭泣
2017-06-14 15:57:08 【澳门3D】第59期，开奖器得知了管理员并不愿意让他开着期奖，所以他沮丧着头在角落里哭泣
2017-06-14 15:57:09 【澳门3D】第59期，开奖器得知了管理员并不愿意让他开着期奖，所以他沮丧着头在角落里哭泣
2017-06-14 15:57:10 【澳门3D】第59期，开奖器得知了管理员并不愿意让他开着期奖，所以他沮丧着头在角落里哭泣
2017-06-14 15:57:11 【澳门3D】第59期，开奖器得知了管理员并不愿意让他开着期奖，所以他沮丧着头在角落里哭泣
2017-06-14 15:57:12 【澳门3D】第59期，开奖器得知了管理员并不愿意让他开着期奖，所以他沮丧着头在角落里哭泣
2017-06-14 15:57:13 【澳门3D】第59期，开奖器得知了管理员并不愿意让他开着期奖，所以他沮丧着头在角落里哭泣
2017-06-14 15:57:14 【澳门3D】第59期，开奖器得知了管理员并不愿意让他开着期奖，所以他沮丧着头在角落里哭泣
2017-06-14 15:57:15 【澳门3D】第59期，开奖器得知了管理员并不愿意让他开着期奖，所以他沮丧着头在角落里哭泣
2017-06-14 15:57:16 【澳门3D】第59期，开奖器得知了管理员并不愿意让他开着期奖，所以他沮丧着头在角落里哭泣
2017-06-14 15:57:17 【澳门3D】第59期，开奖器得知了管理员并不愿意让他开着期奖，所以他沮丧着头在角落里哭泣
2017-06-14 15:57:18 【澳门3D】第59期，开奖器得知了管理员并不愿意让他开着期奖，所以他沮丧着头在角落里哭泣
2017-06-14 15:57:19 【澳门3D】第59期，开奖器得知了管理员并不愿意让他开着期奖，所以他沮丧着头在角落里哭泣
2017-06-14 15:57:20 【澳门3D】第59期，开奖器得知了管理员并不愿意让他开着期奖，所以他沮丧着头在角落里哭泣
2017-06-14 15:57:21 【澳门3D】第59期，开奖器得知了管理员并不愿意让他开着期奖，所以他沮丧着头在角落里哭泣
2017-06-14 15:57:22 【澳门3D】第59期，开奖器得知了管理员并不愿意让他开着期奖，所以他沮丧着头在角落里哭泣
2017-06-14 15:57:23 【澳门3D】第59期，开奖器得知了管理员并不愿意让他开着期奖，所以他沮丧着头在角落里哭泣
2017-06-14 15:57:24 【澳门3D】第59期，开奖器得知了管理员并不愿意让他开着期奖，所以他沮丧着头在角落里哭泣
2017-06-14 15:57:25 【澳门3D】第59期，开奖器得知了管理员并不愿意让他开着期奖，所以他沮丧着头在角落里哭泣
2017-06-14 15:57:26 【澳门3D】第59期，开奖器得知了管理员并不愿意让他开着期奖，所以他沮丧着头在角落里哭泣
2017-06-14 15:57:27 【澳门3D】第59期，开奖器得知了管理员并不愿意让他开着期奖，所以他沮丧着头在角落里哭泣
2017-06-14 15:57:28 【澳门3D】第59期，开奖器得知了管理员并不愿意让他开着期奖，所以他沮丧着头在角落里哭泣
2017-06-14 15:57:29 【澳门3D】第59期，开奖器得知了管理员并不愿意让他开着期奖，所以他沮丧着头在角落里哭泣
2017-06-14 15:57:30 【澳门3D】第59期，开奖器得知了管理员并不愿意让他开着期奖，所以他沮丧着头在角落里哭泣
2017-06-14 15:57:31 【澳门3D】第59期，开奖器得知了管理员并不愿意让他开着期奖，所以他沮丧着头在角落里哭泣
2017-06-14 15:57:32 【澳门3D】第59期，开奖器得知了管理员并不愿意让他开着期奖，所以他沮丧着头在角落里哭泣
2017-06-14 15:57:33 【澳门3D】第59期，开奖器得知了管理员并不愿意让他开着期奖，所以他沮丧着头在角落里哭泣
2017-06-14 15:57:34 【澳门3D】第59期，开奖器得知了管理员并不愿意让他开着期奖，所以他沮丧着头在角落里哭泣
2017-06-14 15:57:35 【澳门3D】第59期，开奖器得知了管理员并不愿意让他开着期奖，所以他沮丧着头在角落里哭泣
2017-06-14 15:57:36 【澳门3D】第59期，开奖器得知了管理员并不愿意让他开着期奖，所以他沮丧着头在角落里哭泣
2017-06-14 15:57:37 【澳门3D】第59期，开奖器得知了管理员并不愿意让他开着期奖，所以他沮丧着头在角落里哭泣
2017-06-14 15:57:38 【澳门3D】第59期，开奖器得知了管理员并不愿意让他开着期奖，所以他沮丧着头在角落里哭泣
2017-06-14 15:57:39 【澳门3D】第59期，开奖器得知了管理员并不愿意让他开着期奖，所以他沮丧着头在角落里哭泣
2017-06-14 15:57:40 【澳门3D】第59期，开奖器得知了管理员并不愿意让他开着期奖，所以他沮丧着头在角落里哭泣
2017-06-14 15:57:41 【澳门3D】第59期，开奖器得知了管理员并不愿意让他开着期奖，所以他沮丧着头在角落里哭泣
2017-06-14 15:57:42 【澳门3D】第59期，开奖器得知了管理员并不愿意让他开着期奖，所以他沮丧着头在角落里哭泣
2017-06-14 15:57:43 【澳门3D】第59期，开奖器得知了管理员并不愿意让他开着期奖，所以他沮丧着头在角落里哭泣
2017-06-14 15:57:44 【澳门3D】第59期，开奖器得知了管理员并不愿意让他开着期奖，所以他沮丧着头在角落里哭泣
2017-06-14 15:57:45 【澳门3D】第59期，开奖器得知了管理员并不愿意让他开着期奖，所以他沮丧着头在角落里哭泣
2017-06-14 15:57:46 【澳门3D】第59期，开奖器得知了管理员并不愿意让他开着期奖，所以他沮丧着头在角落里哭泣
2017-06-14 15:57:47 【澳门3D】第59期，开奖器得知了管理员并不愿意让他开着期奖，所以他沮丧着头在角落里哭泣
2017-06-14 15:57:48 【澳门3D】第59期，开奖器得知了管理员并不愿意让他开着期奖，所以他沮丧着头在角落里哭泣
2017-06-14 15:57:49 【澳门3D】第59期，开奖器得知了管理员并不愿意让他开着期奖，所以他沮丧着头在角落里哭泣
2017-06-14 15:57:50 【澳门3D】第59期，开奖器得知了管理员并不愿意让他开着期奖，所以他沮丧着头在角落里哭泣
2017-06-14 15:57:51 【澳门3D】第59期，开奖器得知了管理员并不愿意让他开着期奖，所以他沮丧着头在角落里哭泣
2017-06-14 15:57:52 【澳门3D】第59期，开奖器得知了管理员并不愿意让他开着期奖，所以他沮丧着头在角落里哭泣
2017-06-14 15:57:53 【澳门3D】第59期，开奖器得知了管理员并不愿意让他开着期奖，所以他沮丧着头在角落里哭泣
2017-06-14 15:57:54 【澳门3D】第59期，开奖器得知了管理员并不愿意让他开着期奖，所以他沮丧着头在角落里哭泣
2017-06-14 15:57:55 【澳门3D】第59期，开奖器得知了管理员并不愿意让他开着期奖，所以他沮丧着头在角落里哭泣
2017-06-14 15:57:56 【澳门3D】第59期，开奖器得知了管理员并不愿意让他开着期奖，所以他沮丧着头在角落里哭泣
2017-06-14 15:57:57 【澳门3D】第59期，开奖器得知了管理员并不愿意让他开着期奖，所以他沮丧着头在角落里哭泣
2017-06-14 15:57:58 【澳门3D】第59期，开奖器得知了管理员并不愿意让他开着期奖，所以他沮丧着头在角落里哭泣
2017-06-14 15:57:59 【澳门3D】第59期，开奖器得知了管理员并不愿意让他开着期奖，所以他沮丧着头在角落里哭泣
2017-06-14 15:58:00 【澳门3D】第59期，开奖器得知了管理员并不愿意让他开着期奖，所以他沮丧着头在角落里哭泣
2017-06-14 15:58:01 【澳门3D】第59期，开奖器得知了管理员并不愿意让他开着期奖，所以他沮丧着头在角落里哭泣
2017-06-14 15:58:02 【澳门3D】第59期，开奖器得知了管理员并不愿意让他开着期奖，所以他沮丧着头在角落里哭泣
2017-06-14 15:58:03 【澳门3D】第59期，开奖器得知了管理员并不愿意让他开着期奖，所以他沮丧着头在角落里哭泣
2017-06-14 15:58:04 【澳门3D】第59期，开奖器得知了管理员并不愿意让他开着期奖，所以他沮丧着头在角落里哭泣
2017-06-14 15:58:05 【澳门3D】第59期，开奖器得知了管理员并不愿意让他开着期奖，所以他沮丧着头在角落里哭泣
2017-06-14 15:58:06 【澳门3D】第59期，开奖器得知了管理员并不愿意让他开着期奖，所以他沮丧着头在角落里哭泣
2017-06-14 15:58:07 【澳门3D】第59期，开奖器得知了管理员并不愿意让他开着期奖，所以他沮丧着头在角落里哭泣
2017-06-14 15:58:08 【澳门3D】第59期，开奖器得知了管理员并不愿意让他开着期奖，所以他沮丧着头在角落里哭泣
2017-06-14 15:58:09 【澳门3D】第59期，开奖器得知了管理员并不愿意让他开着期奖，所以他沮丧着头在角落里哭泣
2017-06-14 15:58:10 【澳门3D】第59期，开奖器得知了管理员并不愿意让他开着期奖，所以他沮丧着头在角落里哭泣
2017-06-14 15:58:11 【澳门3D】第59期，开奖器得知了管理员并不愿意让他开着期奖，所以他沮丧着头在角落里哭泣
2017-06-14 15:58:12 【澳门3D】第59期，开奖器得知了管理员并不愿意让他开着期奖，所以他沮丧着头在角落里哭泣
2017-06-14 15:58:13 【澳门3D】第59期，开奖器得知了管理员并不愿意让他开着期奖，所以他沮丧着头在角落里哭泣
2017-06-14 15:58:14 【澳门3D】第59期，开奖器得知了管理员并不愿意让他开着期奖，所以他沮丧着头在角落里哭泣
2017-06-14 15:58:15 【澳门3D】第59期，开奖器得知了管理员并不愿意让他开着期奖，所以他沮丧着头在角落里哭泣
2017-06-14 15:58:16 【澳门3D】第59期，开奖器得知了管理员并不愿意让他开着期奖，所以他沮丧着头在角落里哭泣
2017-06-14 15:58:17 【澳门3D】第59期，开奖器得知了管理员并不愿意让他开着期奖，所以他沮丧着头在角落里哭泣
2017-06-14 15:58:18 【澳门3D】第59期，开奖器得知了管理员并不愿意让他开着期奖，所以他沮丧着头在角落里哭泣
2017-06-14 15:58:19 【澳门3D】第59期，开奖器得知了管理员并不愿意让他开着期奖，所以他沮丧着头在角落里哭泣
2017-06-14 15:58:20 【澳门3D】第59期，开奖器得知了管理员并不愿意让他开着期奖，所以他沮丧着头在角落里哭泣
2017-06-14 15:58:21 【澳门3D】第59期，开奖器得知了管理员并不愿意让他开着期奖，所以他沮丧着头在角落里哭泣
2017-06-14 15:58:22 【澳门3D】第59期，开奖器得知了管理员并不愿意让他开着期奖，所以他沮丧着头在角落里哭泣
2017-06-14 15:58:23 【澳门3D】第59期，开奖器得知了管理员并不愿意让他开着期奖，所以他沮丧着头在角落里哭泣
2017-06-14 15:58:24 【澳门3D】第59期，开奖器得知了管理员并不愿意让他开着期奖，所以他沮丧着头在角落里哭泣
2017-06-14 15:58:25 【澳门3D】第59期，开奖器得知了管理员并不愿意让他开着期奖，所以他沮丧着头在角落里哭泣
2017-06-14 15:58:26 【澳门3D】第59期，开奖器得知了管理员并不愿意让他开着期奖，所以他沮丧着头在角落里哭泣
2017-06-14 15:58:27 【澳门3D】第59期，开奖器得知了管理员并不愿意让他开着期奖，所以他沮丧着头在角落里哭泣
2017-06-14 15:58:28 【澳门3D】第59期，开奖器得知了管理员并不愿意让他开着期奖，所以他沮丧着头在角落里哭泣
2017-06-14 15:58:29 【澳门3D】第59期，开奖器得知了管理员并不愿意让他开着期奖，所以他沮丧着头在角落里哭泣
2017-06-14 15:58:30 【澳门3D】第59期，开奖器得知了管理员并不愿意让他开着期奖，所以他沮丧着头在角落里哭泣
2017-06-14 15:58:31 【澳门3D】第59期，开奖器得知了管理员并不愿意让他开着期奖，所以他沮丧着头在角落里哭泣
2017-06-14 15:58:32 【澳门3D】第59期，开奖器得知了管理员并不愿意让他开着期奖，所以他沮丧着头在角落里哭泣
2017-06-14 15:58:33 【澳门3D】第59期，开奖器得知了管理员并不愿意让他开着期奖，所以他沮丧着头在角落里哭泣
2017-06-14 15:58:34 【澳门3D】第59期，开奖器得知了管理员并不愿意让他开着期奖，所以他沮丧着头在角落里哭泣
2017-06-14 15:58:35 【澳门3D】第59期，开奖器得知了管理员并不愿意让他开着期奖，所以他沮丧着头在角落里哭泣
2017-06-14 15:58:36 【澳门3D】第59期，开奖器得知了管理员并不愿意让他开着期奖，所以他沮丧着头在角落里哭泣
2017-06-14 15:58:37 【澳门3D】第59期，开奖器得知了管理员并不愿意让他开着期奖，所以他沮丧着头在角落里哭泣
2017-06-14 15:58:38 【澳门3D】第59期，开奖器得知了管理员并不愿意让他开着期奖，所以他沮丧着头在角落里哭泣
2017-06-14 15:58:39 【澳门3D】第59期，开奖器得知了管理员并不愿意让他开着期奖，所以他沮丧着头在角落里哭泣
2017-06-14 15:58:40 【澳门3D】第59期，开奖器得知了管理员并不愿意让他开着期奖，所以他沮丧着头在角落里哭泣
2017-06-14 15:58:41 【澳门3D】第59期，开奖器得知了管理员并不愿意让他开着期奖，所以他沮丧着头在角落里哭泣
2017-06-14 15:58:42 【澳门3D】第59期，开奖器得知了管理员并不愿意让他开着期奖，所以他沮丧着头在角落里哭泣
2017-06-14 15:58:43 【澳门3D】第59期，开奖器得知了管理员并不愿意让他开着期奖，所以他沮丧着头在角落里哭泣
2017-06-14 15:58:44 【澳门3D】第59期，开奖器得知了管理员并不愿意让他开着期奖，所以他沮丧着头在角落里哭泣
2017-06-14 15:58:45 【澳门3D】第59期，开奖器得知了管理员并不愿意让他开着期奖，所以他沮丧着头在角落里哭泣
2017-06-14 15:58:46 【澳门3D】第59期，开奖器得知了管理员并不愿意让他开着期奖，所以他沮丧着头在角落里哭泣
2017-06-14 15:58:47 【澳门3D】第59期，开奖器得知了管理员并不愿意让他开着期奖，所以他沮丧着头在角落里哭泣
2017-06-14 15:58:48 【澳门3D】第59期，开奖器得知了管理员并不愿意让他开着期奖，所以他沮丧着头在角落里哭泣
2017-06-14 15:58:49 【澳门3D】第59期，开奖器得知了管理员并不愿意让他开着期奖，所以他沮丧着头在角落里哭泣
2017-06-14 15:58:50 【澳门3D】第59期，开奖器得知了管理员并不愿意让他开着期奖，所以他沮丧着头在角落里哭泣
2017-06-14 15:58:51 【澳门3D】第59期，开奖器得知了管理员并不愿意让他开着期奖，所以他沮丧着头在角落里哭泣
2017-06-14 15:58:52 【澳门3D】第59期，开奖器得知了管理员并不愿意让他开着期奖，所以他沮丧着头在角落里哭泣
2017-06-14 15:58:53 【澳门3D】第59期，开奖器得知了管理员并不愿意让他开着期奖，所以他沮丧着头在角落里哭泣
2017-06-14 15:58:54 【澳门3D】第59期，开奖器得知了管理员并不愿意让他开着期奖，所以他沮丧着头在角落里哭泣
2017-06-14 15:58:55 【澳门3D】第59期，开奖器得知了管理员并不愿意让他开着期奖，所以他沮丧着头在角落里哭泣
2017-06-14 15:58:56 【澳门3D】第59期，开奖器得知了管理员并不愿意让他开着期奖，所以他沮丧着头在角落里哭泣
2017-06-14 15:58:57 【澳门3D】第59期，开奖器得知了管理员并不愿意让他开着期奖，所以他沮丧着头在角落里哭泣
2017-06-14 15:58:58 【澳门3D】第59期，开奖器得知了管理员并不愿意让他开着期奖，所以他沮丧着头在角落里哭泣
2017-06-14 15:58:59 【澳门3D】第59期，开奖器得知了管理员并不愿意让他开着期奖，所以他沮丧着头在角落里哭泣
2017-06-14 15:59:00 【澳门3D】第60期，需要开奖
2017-06-14 15:59:00 {"id":"33405","periods":"60","from_lottery":"22","time":"15:59","timestamp":"57540"}
2017-06-14 15:59:00 {"id":"26101","byid":"2017061460","periods":"60","from_time_id":"33405","from_lottery":"22","day":"2017-06-14 00:00:00","data":"168","state":"0","lottery_time":null,"order_count":"0","send_lottery_count":"0","winning_count":"0","participate_count":"0","betting_money":"0","winning_money":"0","rebate_money":"0","profit_loss":"0","manual_lottery":null}
2017-06-14 15:59:00 【澳门3D】第60期，正在摇奖中
2017-06-14 16:00:00 【澳门3D】第60期，已成功开奖
2017-06-14 16:09:00 【澳门3D】第61期，需要开奖
2017-06-14 16:09:00 {"id":"33406","periods":"61","from_lottery":"22","time":"16:09","timestamp":"58140"}
2017-06-14 16:09:00 {"id":"26100","byid":"2017061461","periods":"61","from_time_id":"33406","from_lottery":"22","day":"2017-06-14 00:00:00","data":"544","state":"0","lottery_time":null,"order_count":"0","send_lottery_count":"0","winning_count":"0","participate_count":"0","betting_money":"0","winning_money":"0","rebate_money":"0","profit_loss":"0","manual_lottery":null}
2017-06-14 16:09:00 【澳门3D】第61期，正在摇奖中
2017-06-14 16:10:00 【澳门3D】第61期，已成功开奖
2017-06-14 16:19:00 【澳门3D】第62期，需要开奖
2017-06-14 00:01:12 {"id":"33407","periods":"62","from_lottery":"22","time":"16:19","timestamp":"58740"}
2017-06-14 00:01:12 {"id":"26099","byid":"2017061462","periods":"62","from_time_id":"33407","from_lottery":"22","day":"2017-06-14 00:00:00","data":"303","state":"0","lottery_time":null,"order_count":"0","send_lottery_count":"0","winning_count":"0","participate_count":"0","betting_money":"0","winning_money":"0","rebate_money":"0","profit_loss":"0","manual_lottery":null}
2017-06-14 00:01:12 【澳门3D】第62期，正在摇奖中
2017-06-14 00:01:13 【澳门3D】第120期，需要开奖
2017-06-14 00:01:13 {"id":"33465","periods":"120","from_lottery":"22","time":"00:01","timestamp":"60"}
2017-06-14 00:01:13 {"id":"26041","byid":"20170614120","periods":"120","from_time_id":"33465","from_lottery":"22","day":"2017-06-14 00:00:00","data":"614","state":"0","lottery_time":null,"order_count":"0","send_lottery_count":"0","winning_count":"0","participate_count":"0","betting_money":"0","winning_money":"0","rebate_money":"0","profit_loss":"0","manual_lottery":null}
2017-06-14 00:01:13 【澳门3D】第120期，正在摇奖中
2017-06-14 00:03:00 【澳门3D】第120期，已成功开奖
2017-06-14 00:05:00 【澳门3D】第1期，需要开奖
2017-06-14 00:05:00 {"id":"33346","periods":"1","from_lottery":"22","time":"00:05","timestamp":"300"}
2017-06-14 00:05:00 {"id":"26160","byid":"201706141","periods":"1","from_time_id":"33346","from_lottery":"22","day":"2017-06-14 00:00:00","data":"967","state":"0","lottery_time":null,"order_count":"0","send_lottery_count":"0","winning_count":"0","participate_count":"0","betting_money":"0","winning_money":"0","rebate_money":"0","profit_loss":"0","manual_lottery":null}
2017-06-14 00:05:00 【澳门3D】第1期，正在摇奖中
2017-06-14 00:07:00 【澳门3D】第1期，已成功开奖
2017-06-14 00:10:00 【澳门3D】第2期，需要开奖
2017-06-14 00:10:00 {"id":"33347","periods":"2","from_lottery":"22","time":"00:10","timestamp":"600"}
2017-06-14 00:10:00 {"id":"26159","byid":"201706142","periods":"2","from_time_id":"33347","from_lottery":"22","day":"2017-06-14 00:00:00","data":"797","state":"0","lottery_time":null,"order_count":"0","send_lottery_count":"0","winning_count":"0","participate_count":"0","betting_money":"0","winning_money":"0","rebate_money":"0","profit_loss":"0","manual_lottery":null}
2017-06-14 00:10:00 【澳门3D】第2期，正在摇奖中
2017-06-14 00:00:43 未发现开奖数据，正在准备号码采集策略
2017-06-14 00:00:44 未发现开奖数据，正在准备号码采集策略
2017-06-14 00:00:45 未发现开奖数据，正在准备号码采集策略
2017-06-14 00:00:46 未发现开奖数据，正在准备号码采集策略
2017-06-14 00:00:47 未发现开奖数据，正在准备号码采集策略
2017-06-14 00:00:48 未发现开奖数据，正在准备号码采集策略
2017-06-14 00:00:49 未发现开奖数据，正在准备号码采集策略
2017-06-14 00:00:50 未发现开奖数据，正在准备号码采集策略
2017-06-14 00:00:51 未发现开奖数据，正在准备号码采集策略
2017-06-14 00:00:52 未发现开奖数据，正在准备号码采集策略
2017-06-14 00:00:53 未发现开奖数据，正在准备号码采集策略
2017-06-14 00:00:54 未发现开奖数据，正在准备号码采集策略
2017-06-14 00:00:55 未发现开奖数据，正在准备号码采集策略
2017-06-14 00:00:56 未发现开奖数据，正在准备号码采集策略
2017-06-14 00:00:57 未发现开奖数据，正在准备号码采集策略
2017-06-14 00:00:58 未发现开奖数据，正在准备号码采集策略
2017-06-14 00:00:59 未发现开奖数据，正在准备号码采集策略
2017-06-14 00:00:13 未发现开奖数据，正在准备号码采集策略
2017-06-14 00:00:14 未发现开奖数据，正在准备号码采集策略
2017-06-14 00:00:15 未发现开奖数据，正在准备号码采集策略
2017-06-14 00:00:16 未发现开奖数据，正在准备号码采集策略
2017-06-14 00:00:17 未发现开奖数据，正在准备号码采集策略
2017-06-14 00:00:18 未发现开奖数据，正在准备号码采集策略
2017-06-14 00:00:19 未发现开奖数据，正在准备号码采集策略
2017-06-14 00:00:20 未发现开奖数据，正在准备号码采集策略
2017-06-14 00:00:21 未发现开奖数据，正在准备号码采集策略
2017-06-14 00:00:22 未发现开奖数据，正在准备号码采集策略
2017-06-14 00:00:23 未发现开奖数据，正在准备号码采集策略
2017-06-14 00:00:24 未发现开奖数据，正在准备号码采集策略
2017-06-14 00:00:26 未发现开奖数据，正在准备号码采集策略
2017-06-14 00:00:27 未发现开奖数据，正在准备号码采集策略
2017-06-14 00:00:28 未发现开奖数据，正在准备号码采集策略
2017-06-14 00:00:29 未发现开奖数据，正在准备号码采集策略
2017-06-14 00:00:30 未发现开奖数据，正在准备号码采集策略
2017-06-14 00:00:31 未发现开奖数据，正在准备号码采集策略
2017-06-14 00:00:32 未发现开奖数据，正在准备号码采集策略
2017-06-14 00:00:33 未发现开奖数据，正在准备号码采集策略
2017-06-14 00:00:34 未发现开奖数据，正在准备号码采集策略
2017-06-14 00:00:35 未发现开奖数据，正在准备号码采集策略
2017-06-14 00:00:36 未发现开奖数据，正在准备号码采集策略
2017-06-14 00:00:37 未发现开奖数据，正在准备号码采集策略
2017-06-14 00:00:38 未发现开奖数据，正在准备号码采集策略
2017-06-14 00:00:39 未发现开奖数据，正在准备号码采集策略
2017-06-14 00:00:40 未发现开奖数据，正在准备号码采集策略
2017-06-14 00:00:41 未发现开奖数据，正在准备号码采集策略
2017-06-14 00:00:42 未发现开奖数据，正在准备号码采集策略
2017-06-14 00:00:43 未发现开奖数据，正在准备号码采集策略
2017-06-14 00:00:44 未发现开奖数据，正在准备号码采集策略
2017-06-14 00:00:45 未发现开奖数据，正在准备号码采集策略
2017-06-14 00:00:46 未发现开奖数据，正在准备号码采集策略
2017-06-14 00:00:47 未发现开奖数据，正在准备号码采集策略
2017-06-14 00:00:48 未发现开奖数据，正在准备号码采集策略
2017-06-14 00:00:49 未发现开奖数据，正在准备号码采集策略
2017-06-14 00:00:50 未发现开奖数据，正在准备号码采集策略
2017-06-14 00:00:51 未发现开奖数据，正在准备号码采集策略
2017-06-14 00:00:52 未发现开奖数据，正在准备号码采集策略
2017-06-14 00:00:53 未发现开奖数据，正在准备号码采集策略
2017-06-14 00:00:54 未发现开奖数据，正在准备号码采集策略
2017-06-14 00:00:55 未发现开奖数据，正在准备号码采集策略
2017-06-14 00:00:56 未发现开奖数据，正在准备号码采集策略
2017-06-14 00:00:57 未发现开奖数据，正在准备号码采集策略
2017-06-14 00:00:58 未发现开奖数据，正在准备号码采集策略
2017-06-14 00:00:59 未发现开奖数据，正在准备号码采集策略
2017-06-14 00:04:14 未发现开奖数据，正在准备号码采集策略
2017-06-14 00:04:15 未发现开奖数据，正在准备号码采集策略
2017-06-14 00:04:16 未发现开奖数据，正在准备号码采集策略
2017-06-14 00:04:17 未发现开奖数据，正在准备号码采集策略
2017-06-14 00:04:18 未发现开奖数据，正在准备号码采集策略
2017-06-14 00:04:19 未发现开奖数据，正在准备号码采集策略
2017-06-14 00:04:20 未发现开奖数据，正在准备号码采集策略
2017-06-14 00:04:21 未发现开奖数据，正在准备号码采集策略
2017-06-14 00:04:22 未发现开奖数据，正在准备号码采集策略
2017-06-14 00:04:23 未发现开奖数据，正在准备号码采集策略
2017-06-14 00:04:24 未发现开奖数据，正在准备号码采集策略
2017-06-14 00:04:25 未发现开奖数据，正在准备号码采集策略
2017-06-14 00:04:26 未发现开奖数据，正在准备号码采集策略
2017-06-14 00:04:27 未发现开奖数据，正在准备号码采集策略
2017-06-14 00:04:28 未发现开奖数据，正在准备号码采集策略
2017-06-14 00:04:29 未发现开奖数据，正在准备号码采集策略
2017-06-14 00:04:30 未发现开奖数据，正在准备号码采集策略
2017-06-14 00:04:31 未发现开奖数据，正在准备号码采集策略
2017-06-14 00:04:32 未发现开奖数据，正在准备号码采集策略
2017-06-14 00:04:33 未发现开奖数据，正在准备号码采集策略
2017-06-14 00:04:34 未发现开奖数据，正在准备号码采集策略
2017-06-14 00:04:35 未发现开奖数据，正在准备号码采集策略
2017-06-14 00:04:36 未发现开奖数据，正在准备号码采集策略
2017-06-14 00:04:37 未发现开奖数据，正在准备号码采集策略
2017-06-14 00:04:38 未发现开奖数据，正在准备号码采集策略
2017-06-14 00:04:39 未发现开奖数据，正在准备号码采集策略
2017-06-14 00:04:40 未发现开奖数据，正在准备号码采集策略
2017-06-14 00:04:41 未发现开奖数据，正在准备号码采集策略
2017-06-14 00:04:42 未发现开奖数据，正在准备号码采集策略
2017-06-14 00:04:43 未发现开奖数据，正在准备号码采集策略
2017-06-14 00:04:44 未发现开奖数据，正在准备号码采集策略
2017-06-14 00:04:45 未发现开奖数据，正在准备号码采集策略
2017-06-14 00:04:46 未发现开奖数据，正在准备号码采集策略
2017-06-14 00:04:47 未发现开奖数据，正在准备号码采集策略
2017-06-14 00:04:48 未发现开奖数据，正在准备号码采集策略
2017-06-14 00:04:49 未发现开奖数据，正在准备号码采集策略
2017-06-14 00:04:50 未发现开奖数据，正在准备号码采集策略
2017-06-14 00:04:51 未发现开奖数据，正在准备号码采集策略
2017-06-14 00:04:52 未发现开奖数据，正在准备号码采集策略
2017-06-14 00:04:53 未发现开奖数据，正在准备号码采集策略
2017-06-14 00:04:54 未发现开奖数据，正在准备号码采集策略
2017-06-14 00:04:55 未发现开奖数据，正在准备号码采集策略
2017-06-14 00:04:56 未发现开奖数据，正在准备号码采集策略
2017-06-14 00:04:57 未发现开奖数据，正在准备号码采集策略
2017-06-14 00:04:58 未发现开奖数据，正在准备号码采集策略
2017-06-14 00:04:59 未发现开奖数据，正在准备号码采集策略
2017-06-14 00:00:22 未发现开奖数据，正在准备号码采集策略
2017-06-14 00:00:23 未发现开奖数据，正在准备号码采集策略
2017-06-14 00:00:24 未发现开奖数据，正在准备号码采集策略
2017-06-14 00:00:25 未发现开奖数据，正在准备号码采集策略
2017-06-14 00:00:26 未发现开奖数据，正在准备号码采集策略
2017-06-14 00:00:27 未发现开奖数据，正在准备号码采集策略
2017-06-14 00:00:28 未发现开奖数据，正在准备号码采集策略
2017-06-14 00:00:29 未发现开奖数据，正在准备号码采集策略
2017-06-14 00:00:30 未发现开奖数据，正在准备号码采集策略
2017-06-14 00:00:31 未发现开奖数据，正在准备号码采集策略
2017-06-14 00:00:32 未发现开奖数据，正在准备号码采集策略
2017-06-14 00:00:33 未发现开奖数据，正在准备号码采集策略
2017-06-14 00:00:34 未发现开奖数据，正在准备号码采集策略
2017-06-14 00:00:35 未发现开奖数据，正在准备号码采集策略
2017-06-14 00:00:36 未发现开奖数据，正在准备号码采集策略
2017-06-14 00:00:37 未发现开奖数据，正在准备号码采集策略
2017-06-14 00:00:38 未发现开奖数据，正在准备号码采集策略
2017-06-14 00:00:39 未发现开奖数据，正在准备号码采集策略
2017-06-14 00:00:40 未发现开奖数据，正在准备号码采集策略
2017-06-14 00:00:41 未发现开奖数据，正在准备号码采集策略
2017-06-14 00:00:42 未发现开奖数据，正在准备号码采集策略
2017-06-14 00:00:43 未发现开奖数据，正在准备号码采集策略
2017-06-14 00:00:44 未发现开奖数据，正在准备号码采集策略
2017-06-14 00:00:45 未发现开奖数据，正在准备号码采集策略
2017-06-14 00:00:46 未发现开奖数据，正在准备号码采集策略
2017-06-14 00:00:47 未发现开奖数据，正在准备号码采集策略
2017-06-14 00:00:48 未发现开奖数据，正在准备号码采集策略
2017-06-14 00:00:49 未发现开奖数据，正在准备号码采集策略
2017-06-14 00:00:50 未发现开奖数据，正在准备号码采集策略
2017-06-14 00:00:51 未发现开奖数据，正在准备号码采集策略
2017-06-14 00:00:52 未发现开奖数据，正在准备号码采集策略
2017-06-14 00:00:53 未发现开奖数据，正在准备号码采集策略
2017-06-14 00:00:54 未发现开奖数据，正在准备号码采集策略
2017-06-14 00:00:55 未发现开奖数据，正在准备号码采集策略
2017-06-14 00:00:56 未发现开奖数据，正在准备号码采集策略
2017-06-14 00:00:57 未发现开奖数据，正在准备号码采集策略
2017-06-14 00:00:58 未发现开奖数据，正在准备号码采集策略
2017-06-14 00:00:59 未发现开奖数据，正在准备号码采集策略
2017-06-14 00:01:00 未发现开奖数据，正在准备号码采集策略
2017-06-14 00:01:01 未发现开奖数据，正在准备号码采集策略
2017-06-14 00:01:02 未发现开奖数据，正在准备号码采集策略
2017-06-14 00:01:03 未发现开奖数据，正在准备号码采集策略
2017-06-14 00:01:04 未发现开奖数据，正在准备号码采集策略
2017-06-14 00:01:05 未发现开奖数据，正在准备号码采集策略
2017-06-14 00:01:06 未发现开奖数据，正在准备号码采集策略
2017-06-14 00:01:07 未发现开奖数据，正在准备号码采集策略
2017-06-14 00:01:08 未发现开奖数据，正在准备号码采集策略
2017-06-14 00:01:09 未发现开奖数据，正在准备号码采集策略
2017-06-14 00:01:10 未发现开奖数据，正在准备号码采集策略
2017-06-14 00:01:11 未发现开奖数据，正在准备号码采集策略
2017-06-14 00:01:12 未发现开奖数据，正在准备号码采集策略
2017-06-14 00:01:13 未发现开奖数据，正在准备号码采集策略
2017-06-14 00:01:15 未发现开奖数据，正在准备号码采集策略
2017-06-14 00:01:16 未发现开奖数据，正在准备号码采集策略
2017-06-14 00:01:17 未发现开奖数据，正在准备号码采集策略
2017-06-14 00:01:18 未发现开奖数据，正在准备号码采集策略
2017-06-14 00:01:19 未发现开奖数据，正在准备号码采集策略
2017-06-14 00:01:20 未发现开奖数据，正在准备号码采集策略
2017-06-14 00:01:21 未发现开奖数据，正在准备号码采集策略
2017-06-14 00:01:22 未发现开奖数据，正在准备号码采集策略
2017-06-14 00:01:23 未发现开奖数据，正在准备号码采集策略
2017-06-14 00:01:24 未发现开奖数据，正在准备号码采集策略
2017-06-14 00:01:25 未发现开奖数据，正在准备号码采集策略
2017-06-14 00:01:26 未发现开奖数据，正在准备号码采集策略
2017-06-14 00:01:27 未发现开奖数据，正在准备号码采集策略
2017-06-14 00:01:28 未发现开奖数据，正在准备号码采集策略
2017-06-14 00:01:29 未发现开奖数据，正在准备号码采集策略
2017-06-14 00:01:30 未发现开奖数据，正在准备号码采集策略
2017-06-14 00:01:31 未发现开奖数据，正在准备号码采集策略
2017-06-14 00:01:32 未发现开奖数据，正在准备号码采集策略
2017-06-14 00:01:33 未发现开奖数据，正在准备号码采集策略
2017-06-14 00:01:34 未发现开奖数据，正在准备号码采集策略
2017-06-14 00:01:35 未发现开奖数据，正在准备号码采集策略
2017-06-14 00:01:36 未发现开奖数据，正在准备号码采集策略
2017-06-14 00:01:37 未发现开奖数据，正在准备号码采集策略
2017-06-14 00:01:38 未发现开奖数据，正在准备号码采集策略
2017-06-14 00:01:39 未发现开奖数据，正在准备号码采集策略
2017-06-14 00:01:40 未发现开奖数据，正在准备号码采集策略
2017-06-14 00:01:41 未发现开奖数据，正在准备号码采集策略
2017-06-14 00:01:42 未发现开奖数据，正在准备号码采集策略
2017-06-14 00:01:43 未发现开奖数据，正在准备号码采集策略
2017-06-14 00:01:44 未发现开奖数据，正在准备号码采集策略
2017-06-14 00:01:45 未发现开奖数据，正在准备号码采集策略
2017-06-14 00:01:46 未发现开奖数据，正在准备号码采集策略
2017-06-14 00:01:47 未发现开奖数据，正在准备号码采集策略
2017-06-14 00:01:48 未发现开奖数据，正在准备号码采集策略
2017-06-14 00:01:49 未发现开奖数据，正在准备号码采集策略
2017-06-14 00:01:50 未发现开奖数据，正在准备号码采集策略
2017-06-14 00:01:51 未发现开奖数据，正在准备号码采集策略
2017-06-14 00:01:52 未发现开奖数据，正在准备号码采集策略
2017-06-14 00:01:53 未发现开奖数据，正在准备号码采集策略
2017-06-14 00:01:54 未发现开奖数据，正在准备号码采集策略
2017-06-14 00:01:55 未发现开奖数据，正在准备号码采集策略
2017-06-14 00:01:56 未发现开奖数据，正在准备号码采集策略
2017-06-14 00:01:57 未发现开奖数据，正在准备号码采集策略
2017-06-14 00:01:58 未发现开奖数据，正在准备号码采集策略
2017-06-14 00:01:59 未发现开奖数据，正在准备号码采集策略
2017-06-14 00:02:00 未发现开奖数据，正在准备号码采集策略
2017-06-14 00:02:01 未发现开奖数据，正在准备号码采集策略
2017-06-14 00:02:02 未发现开奖数据，正在准备号码采集策略
2017-06-14 00:02:03 未发现开奖数据，正在准备号码采集策略
2017-06-14 00:02:04 未发现开奖数据，正在准备号码采集策略
2017-06-14 00:02:05 未发现开奖数据，正在准备号码采集策略
2017-06-14 00:02:06 未发现开奖数据，正在准备号码采集策略
2017-06-14 00:02:07 未发现开奖数据，正在准备号码采集策略
2017-06-14 00:02:08 未发现开奖数据，正在准备号码采集策略
2017-06-14 00:02:09 未发现开奖数据，正在准备号码采集策略
2017-06-14 00:02:10 未发现开奖数据，正在准备号码采集策略
2017-06-14 00:02:11 未发现开奖数据，正在准备号码采集策略
2017-06-14 00:02:12 未发现开奖数据，正在准备号码采集策略
2017-06-14 00:02:13 未发现开奖数据，正在准备号码采集策略
2017-06-14 00:02:14 未发现开奖数据，正在准备号码采集策略
2017-06-14 00:02:15 未发现开奖数据，正在准备号码采集策略
2017-06-14 00:02:16 未发现开奖数据，正在准备号码采集策略
2017-06-14 00:02:17 未发现开奖数据，正在准备号码采集策略
2017-06-14 00:02:18 未发现开奖数据，正在准备号码采集策略
2017-06-14 00:02:19 未发现开奖数据，正在准备号码采集策略
2017-06-14 00:02:20 未发现开奖数据，正在准备号码采集策略
2017-06-14 00:02:21 未发现开奖数据，正在准备号码采集策略
2017-06-14 00:02:22 未发现开奖数据，正在准备号码采集策略
2017-06-14 00:02:23 未发现开奖数据，正在准备号码采集策略
2017-06-14 00:02:24 未发现开奖数据，正在准备号码采集策略
2017-06-14 00:02:25 未发现开奖数据，正在准备号码采集策略
2017-06-14 00:02:26 未发现开奖数据，正在准备号码采集策略
2017-06-14 00:02:27 未发现开奖数据，正在准备号码采集策略
2017-06-14 00:02:28 未发现开奖数据，正在准备号码采集策略
2017-06-14 00:02:29 未发现开奖数据，正在准备号码采集策略
2017-06-14 00:02:30 未发现开奖数据，正在准备号码采集策略
2017-06-14 00:02:31 未发现开奖数据，正在准备号码采集策略
2017-06-14 00:02:32 未发现开奖数据，正在准备号码采集策略
2017-06-14 00:02:33 未发现开奖数据，正在准备号码采集策略
2017-06-14 00:02:34 未发现开奖数据，正在准备号码采集策略
2017-06-14 00:02:35 未发现开奖数据，正在准备号码采集策略
2017-06-14 00:02:36 未发现开奖数据，正在准备号码采集策略
2017-06-14 00:02:37 未发现开奖数据，正在准备号码采集策略
2017-06-14 00:02:38 未发现开奖数据，正在准备号码采集策略
2017-06-14 00:02:39 未发现开奖数据，正在准备号码采集策略
2017-06-14 00:02:40 未发现开奖数据，正在准备号码采集策略
2017-06-14 00:02:41 未发现开奖数据，正在准备号码采集策略
2017-06-14 00:02:42 未发现开奖数据，正在准备号码采集策略
2017-06-14 00:02:43 未发现开奖数据，正在准备号码采集策略
2017-06-14 00:02:44 未发现开奖数据，正在准备号码采集策略
2017-06-14 00:02:45 未发现开奖数据，正在准备号码采集策略
2017-06-14 00:02:46 未发现开奖数据，正在准备号码采集策略
2017-06-14 00:02:47 未发现开奖数据，正在准备号码采集策略
2017-06-14 00:02:48 未发现开奖数据，正在准备号码采集策略
2017-06-14 00:02:49 未发现开奖数据，正在准备号码采集策略
2017-06-14 00:02:50 未发现开奖数据，正在准备号码采集策略
2017-06-14 00:02:51 未发现开奖数据，正在准备号码采集策略
2017-06-14 00:02:52 未发现开奖数据，正在准备号码采集策略
2017-06-14 00:02:53 未发现开奖数据，正在准备号码采集策略
2017-06-14 00:02:54 未发现开奖数据，正在准备号码采集策略
2017-06-14 00:02:55 未发现开奖数据，正在准备号码采集策略
2017-06-14 00:02:56 未发现开奖数据，正在准备号码采集策略
2017-06-14 00:02:57 未发现开奖数据，正在准备号码采集策略
2017-06-14 00:02:58 未发现开奖数据，正在准备号码采集策略
2017-06-14 00:02:59 未发现开奖数据，正在准备号码采集策略
2017-06-14 00:03:00 未发现开奖数据，正在准备号码采集策略
2017-06-14 00:03:01 未发现开奖数据，正在准备号码采集策略
2017-06-14 00:03:02 未发现开奖数据，正在准备号码采集策略
2017-06-14 00:03:03 未发现开奖数据，正在准备号码采集策略
2017-06-14 00:03:04 未发现开奖数据，正在准备号码采集策略
2017-06-14 00:03:05 未发现开奖数据，正在准备号码采集策略
2017-06-14 00:03:06 未发现开奖数据，正在准备号码采集策略
2017-06-14 00:03:07 未发现开奖数据，正在准备号码采集策略
2017-06-14 00:03:08 未发现开奖数据，正在准备号码采集策略
2017-06-14 00:03:09 未发现开奖数据，正在准备号码采集策略
2017-06-14 00:03:10 未发现开奖数据，正在准备号码采集策略
2017-06-14 00:03:11 未发现开奖数据，正在准备号码采集策略
2017-06-14 00:03:12 未发现开奖数据，正在准备号码采集策略
2017-06-14 00:03:13 未发现开奖数据，正在准备号码采集策略
2017-06-14 00:03:14 未发现开奖数据，正在准备号码采集策略
2017-06-14 00:03:15 未发现开奖数据，正在准备号码采集策略
2017-06-14 00:03:16 未发现开奖数据，正在准备号码采集策略
2017-06-14 00:03:17 未发现开奖数据，正在准备号码采集策略
2017-06-14 00:03:18 未发现开奖数据，正在准备号码采集策略
2017-06-14 00:03:19 未发现开奖数据，正在准备号码采集策略
2017-06-14 00:03:20 未发现开奖数据，正在准备号码采集策略
2017-06-14 00:03:21 未发现开奖数据，正在准备号码采集策略
2017-06-14 00:03:22 未发现开奖数据，正在准备号码采集策略
2017-06-14 00:03:23 未发现开奖数据，正在准备号码采集策略
2017-06-14 00:03:24 未发现开奖数据，正在准备号码采集策略
2017-06-14 00:03:25 未发现开奖数据，正在准备号码采集策略
2017-06-14 00:03:26 未发现开奖数据，正在准备号码采集策略
2017-06-14 00:03:27 未发现开奖数据，正在准备号码采集策略
2017-06-14 00:03:28 未发现开奖数据，正在准备号码采集策略
2017-06-14 00:03:29 未发现开奖数据，正在准备号码采集策略
2017-06-14 00:03:30 未发现开奖数据，正在准备号码采集策略
2017-06-14 00:03:31 未发现开奖数据，正在准备号码采集策略
2017-06-14 00:03:32 未发现开奖数据，正在准备号码采集策略
2017-06-14 00:03:33 未发现开奖数据，正在准备号码采集策略
2017-06-14 00:03:34 未发现开奖数据，正在准备号码采集策略
2017-06-14 00:03:35 未发现开奖数据，正在准备号码采集策略
2017-06-14 00:03:36 未发现开奖数据，正在准备号码采集策略
2017-06-14 00:03:37 未发现开奖数据，正在准备号码采集策略
2017-06-14 00:03:38 未发现开奖数据，正在准备号码采集策略
2017-06-14 00:03:39 未发现开奖数据，正在准备号码采集策略
2017-06-14 00:03:40 未发现开奖数据，正在准备号码采集策略
2017-06-14 00:03:41 未发现开奖数据，正在准备号码采集策略
2017-06-14 00:03:42 未发现开奖数据，正在准备号码采集策略
2017-06-14 00:03:43 未发现开奖数据，正在准备号码采集策略
2017-06-14 00:03:44 未发现开奖数据，正在准备号码采集策略
2017-06-14 00:03:45 未发现开奖数据，正在准备号码采集策略
2017-06-14 00:03:46 未发现开奖数据，正在准备号码采集策略
2017-06-14 00:03:47 未发现开奖数据，正在准备号码采集策略
2017-06-14 00:03:48 未发现开奖数据，正在准备号码采集策略
2017-06-14 00:03:49 未发现开奖数据，正在准备号码采集策略
2017-06-14 00:03:50 未发现开奖数据，正在准备号码采集策略
2017-06-14 00:03:51 未发现开奖数据，正在准备号码采集策略
2017-06-14 00:03:52 未发现开奖数据，正在准备号码采集策略
2017-06-14 00:03:53 未发现开奖数据，正在准备号码采集策略
2017-06-14 00:03:54 未发现开奖数据，正在准备号码采集策略
2017-06-14 00:03:55 未发现开奖数据，正在准备号码采集策略
2017-06-14 00:03:56 未发现开奖数据，正在准备号码采集策略
2017-06-14 00:03:57 未发现开奖数据，正在准备号码采集策略
2017-06-14 00:03:58 未发现开奖数据，正在准备号码采集策略
2017-06-14 00:03:59 未发现开奖数据，正在准备号码采集策略
2017-06-14 00:04:00 未发现开奖数据，正在准备号码采集策略
2017-06-14 00:04:01 未发现开奖数据，正在准备号码采集策略
2017-06-14 00:04:02 未发现开奖数据，正在准备号码采集策略
2017-06-14 00:04:03 未发现开奖数据，正在准备号码采集策略
2017-06-14 00:04:04 未发现开奖数据，正在准备号码采集策略
2017-06-14 00:04:05 未发现开奖数据，正在准备号码采集策略
2017-06-14 00:04:06 未发现开奖数据，正在准备号码采集策略
2017-06-14 00:04:07 未发现开奖数据，正在准备号码采集策略
2017-06-14 00:04:08 未发现开奖数据，正在准备号码采集策略
2017-06-14 00:04:09 未发现开奖数据，正在准备号码采集策略
2017-06-14 00:04:10 未发现开奖数据，正在准备号码采集策略
2017-06-14 00:04:11 未发现开奖数据，正在准备号码采集策略
2017-06-14 00:04:12 未发现开奖数据，正在准备号码采集策略
2017-06-14 00:04:13 未发现开奖数据，正在准备号码采集策略
2017-06-14 00:04:14 未发现开奖数据，正在准备号码采集策略
2017-06-14 00:04:15 未发现开奖数据，正在准备号码采集策略
2017-06-14 00:04:16 未发现开奖数据，正在准备号码采集策略
2017-06-14 00:04:17 未发现开奖数据，正在准备号码采集策略
2017-06-14 00:04:18 未发现开奖数据，正在准备号码采集策略
2017-06-14 00:04:19 未发现开奖数据，正在准备号码采集策略
2017-06-14 00:04:20 未发现开奖数据，正在准备号码采集策略
2017-06-14 00:04:21 未发现开奖数据，正在准备号码采集策略
2017-06-14 00:04:22 未发现开奖数据，正在准备号码采集策略
2017-06-14 00:04:23 未发现开奖数据，正在准备号码采集策略
2017-06-14 00:04:24 未发现开奖数据，正在准备号码采集策略
2017-06-14 00:04:25 未发现开奖数据，正在准备号码采集策略
2017-06-14 00:04:26 未发现开奖数据，正在准备号码采集策略
2017-06-14 00:04:27 未发现开奖数据，正在准备号码采集策略
2017-06-14 00:04:28 未发现开奖数据，正在准备号码采集策略
2017-06-14 00:04:29 未发现开奖数据，正在准备号码采集策略
2017-06-14 00:04:30 未发现开奖数据，正在准备号码采集策略
2017-06-14 00:04:31 未发现开奖数据，正在准备号码采集策略
2017-06-14 00:04:32 未发现开奖数据，正在准备号码采集策略
2017-06-14 00:04:33 未发现开奖数据，正在准备号码采集策略
2017-06-14 00:04:34 未发现开奖数据，正在准备号码采集策略
2017-06-14 00:04:35 未发现开奖数据，正在准备号码采集策略
2017-06-14 00:04:36 未发现开奖数据，正在准备号码采集策略
2017-06-14 00:04:37 未发现开奖数据，正在准备号码采集策略
2017-06-14 00:04:38 未发现开奖数据，正在准备号码采集策略
2017-06-14 00:04:39 未发现开奖数据，正在准备号码采集策略
2017-06-14 00:04:40 未发现开奖数据，正在准备号码采集策略
2017-06-14 00:04:41 未发现开奖数据，正在准备号码采集策略
2017-06-14 00:04:42 未发现开奖数据，正在准备号码采集策略
2017-06-14 00:04:43 未发现开奖数据，正在准备号码采集策略
2017-06-14 00:04:44 未发现开奖数据，正在准备号码采集策略
2017-06-14 00:04:45 未发现开奖数据，正在准备号码采集策略
2017-06-14 00:04:46 未发现开奖数据，正在准备号码采集策略
2017-06-14 00:04:47 未发现开奖数据，正在准备号码采集策略
2017-06-14 00:04:48 未发现开奖数据，正在准备号码采集策略
2017-06-14 00:04:49 未发现开奖数据，正在准备号码采集策略
2017-06-14 00:04:50 未发现开奖数据，正在准备号码采集策略
2017-06-14 00:04:51 未发现开奖数据，正在准备号码采集策略
2017-06-14 00:04:52 未发现开奖数据，正在准备号码采集策略
2017-06-14 00:04:53 未发现开奖数据，正在准备号码采集策略
2017-06-14 00:04:54 未发现开奖数据，正在准备号码采集策略
2017-06-14 00:04:55 未发现开奖数据，正在准备号码采集策略
2017-06-14 00:04:56 未发现开奖数据，正在准备号码采集策略
2017-06-14 00:04:57 未发现开奖数据，正在准备号码采集策略
2017-06-14 00:04:58 未发现开奖数据，正在准备号码采集策略
2017-06-14 00:04:59 未发现开奖数据，正在准备号码采集策略
2017-06-14 00:00:34 未发现开奖数据，正在准备号码采集策略
2017-06-14 00:00:35 未发现开奖数据，正在准备号码采集策略
2017-06-14 00:00:36 未发现开奖数据，正在准备号码采集策略
2017-06-14 00:00:37 未发现开奖数据，正在准备号码采集策略
2017-06-14 00:00:38 未发现开奖数据，正在准备号码采集策略
2017-06-14 00:00:39 未发现开奖数据，正在准备号码采集策略
2017-06-14 00:00:40 未发现开奖数据，正在准备号码采集策略
2017-06-14 00:00:41 未发现开奖数据，正在准备号码采集策略
2017-06-14 00:00:42 未发现开奖数据，正在准备号码采集策略
2017-06-14 00:00:43 未发现开奖数据，正在准备号码采集策略
2017-06-14 00:00:44 未发现开奖数据，正在准备号码采集策略
2017-06-14 00:00:45 未发现开奖数据，正在准备号码采集策略
2017-06-14 00:00:46 未发现开奖数据，正在准备号码采集策略
2017-06-14 00:00:47 未发现开奖数据，正在准备号码采集策略
2017-06-14 00:00:48 未发现开奖数据，正在准备号码采集策略
2017-06-14 00:00:49 未发现开奖数据，正在准备号码采集策略
2017-06-14 00:00:50 未发现开奖数据，正在准备号码采集策略
2017-06-14 00:00:51 未发现开奖数据，正在准备号码采集策略
2017-06-14 00:00:52 未发现开奖数据，正在准备号码采集策略
2017-06-14 00:00:53 未发现开奖数据，正在准备号码采集策略
2017-06-14 00:00:54 未发现开奖数据，正在准备号码采集策略
2017-06-14 00:00:55 未发现开奖数据，正在准备号码采集策略
2017-06-14 00:00:56 未发现开奖数据，正在准备号码采集策略
2017-06-14 00:00:57 未发现开奖数据，正在准备号码采集策略
2017-06-14 00:00:58 未发现开奖数据，正在准备号码采集策略
2017-06-14 00:00:59 未发现开奖数据，正在准备号码采集策略
2017-06-14 00:01:00 未发现开奖数据，正在准备号码采集策略
2017-06-14 00:01:01 未发现开奖数据，正在准备号码采集策略
2017-06-14 00:01:02 未发现开奖数据，正在准备号码采集策略
2017-06-14 00:01:03 未发现开奖数据，正在准备号码采集策略
2017-06-14 00:01:04 未发现开奖数据，正在准备号码采集策略
2017-06-14 00:01:05 未发现开奖数据，正在准备号码采集策略
2017-06-14 00:01:06 未发现开奖数据，正在准备号码采集策略
2017-06-14 00:01:07 未发现开奖数据，正在准备号码采集策略
2017-06-14 00:01:08 未发现开奖数据，正在准备号码采集策略
2017-06-14 00:01:09 未发现开奖数据，正在准备号码采集策略
2017-06-14 00:01:10 未发现开奖数据，正在准备号码采集策略
2017-06-14 00:01:11 未发现开奖数据，正在准备号码采集策略
2017-06-14 00:01:12 未发现开奖数据，正在准备号码采集策略
2017-06-14 00:01:13 未发现开奖数据，正在准备号码采集策略
2017-06-14 00:01:14 未发现开奖数据，正在准备号码采集策略
2017-06-14 00:01:15 未发现开奖数据，正在准备号码采集策略
2017-06-14 00:01:16 未发现开奖数据，正在准备号码采集策略
2017-06-14 00:01:17 未发现开奖数据，正在准备号码采集策略
2017-06-14 00:01:18 未发现开奖数据，正在准备号码采集策略
2017-06-14 00:01:19 未发现开奖数据，正在准备号码采集策略
2017-06-14 00:01:20 未发现开奖数据，正在准备号码采集策略
2017-06-14 00:01:22 未发现开奖数据，正在准备号码采集策略
2017-06-14 00:01:23 未发现开奖数据，正在准备号码采集策略
2017-06-14 00:01:24 未发现开奖数据，正在准备号码采集策略
2017-06-14 00:01:25 未发现开奖数据，正在准备号码采集策略
2017-06-14 00:01:26 未发现开奖数据，正在准备号码采集策略
2017-06-14 00:01:27 未发现开奖数据，正在准备号码采集策略
2017-06-14 00:01:28 未发现开奖数据，正在准备号码采集策略
2017-06-14 00:01:29 未发现开奖数据，正在准备号码采集策略
2017-06-14 00:01:30 未发现开奖数据，正在准备号码采集策略
2017-06-14 00:01:31 未发现开奖数据，正在准备号码采集策略
2017-06-14 00:01:32 未发现开奖数据，正在准备号码采集策略
2017-06-14 00:01:33 未发现开奖数据，正在准备号码采集策略
2017-06-14 00:01:34 未发现开奖数据，正在准备号码采集策略
2017-06-14 00:01:35 未发现开奖数据，正在准备号码采集策略
2017-06-14 00:01:36 未发现开奖数据，正在准备号码采集策略
2017-06-14 00:01:37 未发现开奖数据，正在准备号码采集策略
2017-06-14 00:01:38 未发现开奖数据，正在准备号码采集策略
2017-06-14 00:01:39 未发现开奖数据，正在准备号码采集策略
2017-06-14 00:01:40 未发现开奖数据，正在准备号码采集策略
2017-06-14 00:01:41 未发现开奖数据，正在准备号码采集策略
2017-06-14 00:01:42 未发现开奖数据，正在准备号码采集策略
2017-06-14 00:01:43 未发现开奖数据，正在准备号码采集策略
2017-06-14 00:01:44 未发现开奖数据，正在准备号码采集策略
2017-06-14 00:01:45 未发现开奖数据，正在准备号码采集策略
2017-06-14 00:01:46 未发现开奖数据，正在准备号码采集策略
2017-06-14 00:01:47 未发现开奖数据，正在准备号码采集策略
2017-06-14 00:01:48 未发现开奖数据，正在准备号码采集策略
2017-06-14 00:01:49 未发现开奖数据，正在准备号码采集策略
2017-06-14 00:01:50 未发现开奖数据，正在准备号码采集策略
2017-06-14 00:01:51 未发现开奖数据，正在准备号码采集策略
2017-06-14 00:01:52 未发现开奖数据，正在准备号码采集策略
2017-06-14 00:01:53 未发现开奖数据，正在准备号码采集策略
2017-06-14 00:01:54 未发现开奖数据，正在准备号码采集策略
2017-06-14 00:01:55 未发现开奖数据，正在准备号码采集策略
2017-06-14 00:01:56 未发现开奖数据，正在准备号码采集策略
2017-06-14 00:01:57 未发现开奖数据，正在准备号码采集策略
2017-06-14 00:01:58 未发现开奖数据，正在准备号码采集策略
