2017-05-29 00:03:41 未发现开奖数据，正在准备号码采集策略
2017-05-29 00:03:42 未发现开奖数据，正在准备号码采集策略
2017-05-29 00:03:43 未发现开奖数据，正在准备号码采集策略
2017-05-29 00:03:44 未发现开奖数据，正在准备号码采集策略
2017-05-29 00:03:45 未发现开奖数据，正在准备号码采集策略
2017-05-29 00:03:46 未发现开奖数据，正在准备号码采集策略
2017-05-29 00:03:47 未发现开奖数据，正在准备号码采集策略
2017-05-29 00:03:48 未发现开奖数据，正在准备号码采集策略
2017-05-29 00:03:49 未发现开奖数据，正在准备号码采集策略
2017-05-29 00:03:50 未发现开奖数据，正在准备号码采集策略
2017-05-29 00:03:51 未发现开奖数据，正在准备号码采集策略
2017-05-29 00:03:52 未发现开奖数据，正在准备号码采集策略
2017-05-29 00:03:53 未发现开奖数据，正在准备号码采集策略
2017-05-29 00:03:54 未发现开奖数据，正在准备号码采集策略
2017-05-29 00:03:55 未发现开奖数据，正在准备号码采集策略
2017-05-29 00:03:56 未发现开奖数据，正在准备号码采集策略
2017-05-29 00:03:57 未发现开奖数据，正在准备号码采集策略
2017-05-29 00:03:58 未发现开奖数据，正在准备号码采集策略
2017-05-29 00:03:59 未发现开奖数据，正在准备号码采集策略
2017-05-29 00:04:00 未发现开奖数据，正在准备号码采集策略
2017-05-29 00:04:01 未发现开奖数据，正在准备号码采集策略
2017-05-29 00:04:02 未发现开奖数据，正在准备号码采集策略
2017-05-29 00:04:03 未发现开奖数据，正在准备号码采集策略
2017-05-29 00:04:04 未发现开奖数据，正在准备号码采集策略
2017-05-29 00:04:05 未发现开奖数据，正在准备号码采集策略
2017-05-29 00:04:06 未发现开奖数据，正在准备号码采集策略
2017-05-29 00:04:07 未发现开奖数据，正在准备号码采集策略
2017-05-29 00:04:08 未发现开奖数据，正在准备号码采集策略
2017-05-29 00:04:09 未发现开奖数据，正在准备号码采集策略
2017-05-29 00:04:10 未发现开奖数据，正在准备号码采集策略
2017-05-29 00:04:11 未发现开奖数据，正在准备号码采集策略
2017-05-29 00:04:12 未发现开奖数据，正在准备号码采集策略
2017-05-29 00:04:13 未发现开奖数据，正在准备号码采集策略
2017-05-29 00:04:14 未发现开奖数据，正在准备号码采集策略
2017-05-29 00:04:15 未发现开奖数据，正在准备号码采集策略
2017-05-29 00:04:16 未发现开奖数据，正在准备号码采集策略
2017-05-29 00:04:17 未发现开奖数据，正在准备号码采集策略
2017-05-29 00:04:18 未发现开奖数据，正在准备号码采集策略
2017-05-29 00:04:19 未发现开奖数据，正在准备号码采集策略
2017-05-29 00:04:20 未发现开奖数据，正在准备号码采集策略
2017-05-29 00:04:21 未发现开奖数据，正在准备号码采集策略
2017-05-29 00:04:22 未发现开奖数据，正在准备号码采集策略
2017-05-29 00:04:23 未发现开奖数据，正在准备号码采集策略
2017-05-29 00:04:24 未发现开奖数据，正在准备号码采集策略
2017-05-29 00:04:25 未发现开奖数据，正在准备号码采集策略
2017-05-29 00:04:26 未发现开奖数据，正在准备号码采集策略
2017-05-29 00:04:27 未发现开奖数据，正在准备号码采集策略
2017-05-29 00:04:28 未发现开奖数据，正在准备号码采集策略
2017-05-29 00:04:29 未发现开奖数据，正在准备号码采集策略
2017-05-29 00:04:30 未发现开奖数据，正在准备号码采集策略
2017-05-29 00:04:31 未发现开奖数据，正在准备号码采集策略
2017-05-29 00:04:32 未发现开奖数据，正在准备号码采集策略
2017-05-29 00:04:33 未发现开奖数据，正在准备号码采集策略
2017-05-29 00:04:34 未发现开奖数据，正在准备号码采集策略
2017-05-29 00:04:35 未发现开奖数据，正在准备号码采集策略
2017-05-29 00:04:36 未发现开奖数据，正在准备号码采集策略
2017-05-29 00:04:37 未发现开奖数据，正在准备号码采集策略
2017-05-29 00:04:38 未发现开奖数据，正在准备号码采集策略
2017-05-29 00:04:39 未发现开奖数据，正在准备号码采集策略
2017-05-29 00:04:40 未发现开奖数据，正在准备号码采集策略
2017-05-29 00:04:41 未发现开奖数据，正在准备号码采集策略
2017-05-29 00:04:42 未发现开奖数据，正在准备号码采集策略
2017-05-29 00:04:43 未发现开奖数据，正在准备号码采集策略
2017-05-29 00:04:44 未发现开奖数据，正在准备号码采集策略
2017-05-29 00:04:45 未发现开奖数据，正在准备号码采集策略
2017-05-29 00:04:46 未发现开奖数据，正在准备号码采集策略
2017-05-29 00:04:47 未发现开奖数据，正在准备号码采集策略
2017-05-29 00:04:48 未发现开奖数据，正在准备号码采集策略
2017-05-29 00:04:49 未发现开奖数据，正在准备号码采集策略
2017-05-29 00:04:50 未发现开奖数据，正在准备号码采集策略
2017-05-29 00:04:51 未发现开奖数据，正在准备号码采集策略
2017-05-29 00:04:52 未发现开奖数据，正在准备号码采集策略
2017-05-29 00:04:53 未发现开奖数据，正在准备号码采集策略
2017-05-29 00:04:54 未发现开奖数据，正在准备号码采集策略
2017-05-29 00:04:55 未发现开奖数据，正在准备号码采集策略
2017-05-29 00:04:56 未发现开奖数据，正在准备号码采集策略
2017-05-29 00:04:57 未发现开奖数据，正在准备号码采集策略
2017-05-29 00:04:58 未发现开奖数据，正在准备号码采集策略
2017-05-29 00:04:59 未发现开奖数据，正在准备号码采集策略
2017-05-29 00:05:00 【重庆时时彩】第1期，需要开奖
2017-05-29 00:05:00 {"id":"33046","periods":"1","from_lottery":"20","time":"00:05","timestamp":"300"}
2017-05-29 00:05:00 {"id":"20520","byid":"201705291","periods":"1","from_time_id":"33046","from_lottery":"20","day":"2017-05-29 00:00:00","data":"478479","state":"0","lottery_time":null,"order_count":"0","send_lottery_count":"0","winning_count":"0","participate_count":"0","betting_money":"0","winning_money":"0","rebate_money":"0","profit_loss":"0"}
2017-05-29 00:05:01 【重庆时时彩】第1期，正在摇奖中
2017-05-29 00:05:21 【重庆时时彩】第1期，已成功开奖
2017-05-29 00:10:00 【重庆时时彩】第2期，需要开奖
2017-05-29 00:10:00 {"id":"33047","periods":"2","from_lottery":"20","time":"00:10","timestamp":"600"}
2017-05-29 00:10:00 {"id":"20519","byid":"201705292","periods":"2","from_time_id":"33047","from_lottery":"20","day":"2017-05-29 00:00:00","data":"994039","state":"0","lottery_time":null,"order_count":"0","send_lottery_count":"0","winning_count":"0","participate_count":"0","betting_money":"0","winning_money":"0","rebate_money":"0","profit_loss":"0"}
2017-05-29 00:10:00 【重庆时时彩】第2期，正在摇奖中
2017-05-29 00:10:20 【重庆时时彩】第2期，已成功开奖
2017-05-29 00:15:00 【重庆时时彩】第3期，需要开奖
2017-05-29 00:15:00 {"id":"33048","periods":"3","from_lottery":"20","time":"00:15","timestamp":"900"}
2017-05-29 00:15:00 {"id":"20518","byid":"201705293","periods":"3","from_time_id":"33048","from_lottery":"20","day":"2017-05-29 00:00:00","data":"310223","state":"0","lottery_time":null,"order_count":"0","send_lottery_count":"0","winning_count":"0","participate_count":"0","betting_money":"0","winning_money":"0","rebate_money":"0","profit_loss":"0"}
2017-05-29 00:15:00 【重庆时时彩】第3期，正在摇奖中
2017-05-29 00:15:20 【重庆时时彩】第3期，已成功开奖
2017-05-29 00:20:00 【重庆时时彩】第4期，需要开奖
2017-05-29 00:20:00 {"id":"33049","periods":"4","from_lottery":"20","time":"00:20","timestamp":"1200"}
2017-05-29 00:20:00 {"id":"20517","byid":"201705294","periods":"4","from_time_id":"33049","from_lottery":"20","day":"2017-05-29 00:00:00","data":"242410","state":"0","lottery_time":null,"order_count":"0","send_lottery_count":"0","winning_count":"0","participate_count":"0","betting_money":"0","winning_money":"0","rebate_money":"0","profit_loss":"0"}
2017-05-29 00:20:00 【重庆时时彩】第4期，正在摇奖中
2017-05-29 00:20:20 【重庆时时彩】第4期，已成功开奖
2017-05-29 00:25:00 【重庆时时彩】第5期，需要开奖
2017-05-29 00:25:00 {"id":"33050","periods":"5","from_lottery":"20","time":"00:25","timestamp":"1500"}
2017-05-29 00:25:00 {"id":"20516","byid":"201705295","periods":"5","from_time_id":"33050","from_lottery":"20","day":"2017-05-29 00:00:00","data":"656567","state":"0","lottery_time":null,"order_count":"0","send_lottery_count":"0","winning_count":"0","participate_count":"0","betting_money":"0","winning_money":"0","rebate_money":"0","profit_loss":"0"}
2017-05-29 00:25:01 【重庆时时彩】第5期，正在摇奖中
2017-05-29 00:25:20 【重庆时时彩】第5期，已成功开奖
2017-05-29 00:30:00 【重庆时时彩】第6期，需要开奖
2017-05-29 00:30:00 {"id":"33051","periods":"6","from_lottery":"20","time":"00:30","timestamp":"1800"}
2017-05-29 00:30:00 {"id":"20515","byid":"201705296","periods":"6","from_time_id":"33051","from_lottery":"20","day":"2017-05-29 00:00:00","data":"277841","state":"0","lottery_time":null,"order_count":"0","send_lottery_count":"0","winning_count":"0","participate_count":"0","betting_money":"0","winning_money":"0","rebate_money":"0","profit_loss":"0"}
2017-05-29 00:30:00 【重庆时时彩】第6期，正在摇奖中
2017-05-29 00:30:20 【重庆时时彩】第6期，已成功开奖
2017-05-29 00:35:00 【重庆时时彩】第7期，需要开奖
2017-05-29 00:35:00 {"id":"33052","periods":"7","from_lottery":"20","time":"00:35","timestamp":"2100"}
2017-05-29 00:35:00 {"id":"20514","byid":"201705297","periods":"7","from_time_id":"33052","from_lottery":"20","day":"2017-05-29 00:00:00","data":"958526","state":"0","lottery_time":null,"order_count":"0","send_lottery_count":"0","winning_count":"0","participate_count":"0","betting_money":"0","winning_money":"0","rebate_money":"0","profit_loss":"0"}
2017-05-29 00:35:00 【重庆时时彩】第7期，正在摇奖中
2017-05-29 00:35:21 【重庆时时彩】第7期，已成功开奖
2017-05-29 00:40:00 【重庆时时彩】第8期，需要开奖
2017-05-29 00:40:00 {"id":"33053","periods":"8","from_lottery":"20","time":"00:40","timestamp":"2400"}
2017-05-29 00:40:00 {"id":"20513","byid":"201705298","periods":"8","from_time_id":"33053","from_lottery":"20","day":"2017-05-29 00:00:00","data":"442910","state":"0","lottery_time":null,"order_count":"0","send_lottery_count":"0","winning_count":"0","participate_count":"0","betting_money":"0","winning_money":"0","rebate_money":"0","profit_loss":"0"}
2017-05-29 00:40:00 【重庆时时彩】第8期，正在摇奖中
2017-05-29 00:40:20 【重庆时时彩】第8期，已成功开奖
2017-05-29 00:45:00 【重庆时时彩】第9期，需要开奖
2017-05-29 00:45:00 {"id":"33054","periods":"9","from_lottery":"20","time":"00:45","timestamp":"2700"}
2017-05-29 00:45:00 {"id":"20512","byid":"201705299","periods":"9","from_time_id":"33054","from_lottery":"20","day":"2017-05-29 00:00:00","data":"516491","state":"0","lottery_time":null,"order_count":"0","send_lottery_count":"0","winning_count":"0","participate_count":"0","betting_money":"0","winning_money":"0","rebate_money":"0","profit_loss":"0"}
2017-05-29 00:45:00 【重庆时时彩】第9期，正在摇奖中
2017-05-29 00:45:20 【重庆时时彩】第9期，已成功开奖
2017-05-29 00:50:00 【重庆时时彩】第10期，需要开奖
2017-05-29 00:50:00 {"id":"33055","periods":"10","from_lottery":"20","time":"00:50","timestamp":"3000"}
2017-05-29 00:50:00 {"id":"20511","byid":"2017052910","periods":"10","from_time_id":"33055","from_lottery":"20","day":"2017-05-29 00:00:00","data":"277072","state":"0","lottery_time":null,"order_count":"0","send_lottery_count":"0","winning_count":"0","participate_count":"0","betting_money":"0","winning_money":"0","rebate_money":"0","profit_loss":"0"}
2017-05-29 00:50:00 【重庆时时彩】第10期，正在摇奖中
2017-05-29 00:50:20 【重庆时时彩】第10期，已成功开奖
2017-05-29 00:55:00 【重庆时时彩】第11期，需要开奖
2017-05-29 00:55:00 {"id":"33056","periods":"11","from_lottery":"20","time":"00:55","timestamp":"3300"}
2017-05-29 00:55:00 {"id":"20510","byid":"2017052911","periods":"11","from_time_id":"33056","from_lottery":"20","day":"2017-05-29 00:00:00","data":"515228","state":"0","lottery_time":null,"order_count":"0","send_lottery_count":"0","winning_count":"0","participate_count":"0","betting_money":"0","winning_money":"0","rebate_money":"0","profit_loss":"0"}
2017-05-29 00:55:00 【重庆时时彩】第11期，正在摇奖中
2017-05-29 00:55:20 【重庆时时彩】第11期，已成功开奖
2017-05-29 01:00:00 【重庆时时彩】第12期，需要开奖
2017-05-29 01:00:00 {"id":"33057","periods":"12","from_lottery":"20","time":"01:00","timestamp":"3600"}
2017-05-29 01:00:00 {"id":"20509","byid":"2017052912","periods":"12","from_time_id":"33057","from_lottery":"20","day":"2017-05-29 00:00:00","data":"641653","state":"0","lottery_time":null,"order_count":"0","send_lottery_count":"0","winning_count":"0","participate_count":"0","betting_money":"0","winning_money":"0","rebate_money":"0","profit_loss":"0"}
2017-05-29 01:00:01 【重庆时时彩】第12期，正在摇奖中
2017-05-29 01:00:21 【重庆时时彩】第12期，已成功开奖
2017-05-29 01:36:22 脚本开启
2017-05-29 01:36:22 检查【重庆时时彩】是否有近七日数据
2017-05-29 01:36:22 2017-05-28 : yes
2017-05-29 01:36:22 2017-05-29 : yes
2017-05-29 01:36:22 2017-05-30 : yes
2017-05-29 01:36:22 2017-05-31 : yes
2017-05-29 01:36:22 2017-06-01 : yes
2017-05-29 01:36:22 2017-06-02 : yes
2017-05-29 01:36:22 2017-06-03 : yes
2017-05-29 01:40:00 【重庆时时彩】第20期，需要开奖
2017-05-29 01:40:00 {"id":"33065","periods":"20","from_lottery":"20","time":"01:40","timestamp":"6000"}
2017-05-29 01:40:00 {"id":"20501","byid":"2017052920","periods":"20","from_time_id":"33065","from_lottery":"20","day":"2017-05-29 00:00:00","data":"696365","state":"0","lottery_time":null,"order_count":"0","send_lottery_count":"0","winning_count":"0","participate_count":"0","betting_money":"0","winning_money":"0","rebate_money":"0","profit_loss":"0"}
2017-05-29 01:40:00 【重庆时时彩】第20期，正在摇奖中
2017-05-29 01:40:20 【重庆时时彩】第20期，已成功开奖
2017-05-29 01:45:00 【重庆时时彩】第21期，需要开奖
2017-05-29 01:45:00 {"id":"33066","periods":"21","from_lottery":"20","time":"01:45","timestamp":"6300"}
2017-05-29 01:45:00 {"id":"20500","byid":"2017052921","periods":"21","from_time_id":"33066","from_lottery":"20","day":"2017-05-29 00:00:00","data":"943530","state":"0","lottery_time":null,"order_count":"0","send_lottery_count":"0","winning_count":"0","participate_count":"0","betting_money":"0","winning_money":"0","rebate_money":"0","profit_loss":"0"}
2017-05-29 01:45:00 【重庆时时彩】第21期，正在摇奖中
2017-05-29 01:45:20 【重庆时时彩】第21期，已成功开奖
2017-05-29 01:50:00 【重庆时时彩】第22期，需要开奖
2017-05-29 01:50:00 {"id":"33067","periods":"22","from_lottery":"20","time":"01:50","timestamp":"6600"}
2017-05-29 01:50:00 {"id":"20499","byid":"2017052922","periods":"22","from_time_id":"33067","from_lottery":"20","day":"2017-05-29 00:00:00","data":"348593","state":"0","lottery_time":null,"order_count":"0","send_lottery_count":"0","winning_count":"0","participate_count":"0","betting_money":"0","winning_money":"0","rebate_money":"0","profit_loss":"0"}
2017-05-29 01:50:00 【重庆时时彩】第22期，正在摇奖中
2017-05-29 01:50:20 【重庆时时彩】第22期，已成功开奖
2017-05-29 01:55:00 【重庆时时彩】第23期，需要开奖
2017-05-29 01:55:00 {"id":"33068","periods":"23","from_lottery":"20","time":"01:55","timestamp":"6900"}
2017-05-29 01:55:00 {"id":"20498","byid":"2017052923","periods":"23","from_time_id":"33068","from_lottery":"20","day":"2017-05-29 00:00:00","data":"341973","state":"0","lottery_time":null,"order_count":"0","send_lottery_count":"0","winning_count":"0","participate_count":"0","betting_money":"0","winning_money":"0","rebate_money":"0","profit_loss":"0"}
2017-05-29 01:55:00 【重庆时时彩】第23期，正在摇奖中
2017-05-29 01:55:20 【重庆时时彩】第23期，已成功开奖
2017-05-29 02:00:00 【重庆时时彩】第24期，需要开奖
2017-05-29 02:00:00 {"id":"33069","periods":"24","from_lottery":"20","time":"02:00","timestamp":"7200"}
2017-05-29 02:00:00 {"id":"20497","byid":"2017052924","periods":"24","from_time_id":"33069","from_lottery":"20","day":"2017-05-29 00:00:00","data":"158584","state":"0","lottery_time":null,"order_count":"0","send_lottery_count":"0","winning_count":"0","participate_count":"0","betting_money":"0","winning_money":"0","rebate_money":"0","profit_loss":"0"}
2017-05-29 02:00:00 【重庆时时彩】第24期，正在摇奖中
2017-05-29 02:00:20 【重庆时时彩】第24期，已成功开奖
2017-05-29 02:05:00 【重庆时时彩】第25期，需要开奖
2017-05-29 02:05:00 {"id":"33070","periods":"25","from_lottery":"20","time":"02:05","timestamp":"7500"}
2017-05-29 02:05:00 {"id":"20496","byid":"2017052925","periods":"25","from_time_id":"33070","from_lottery":"20","day":"2017-05-29 00:00:00","data":"937048","state":"0","lottery_time":null,"order_count":"0","send_lottery_count":"0","winning_count":"0","participate_count":"0","betting_money":"0","winning_money":"0","rebate_money":"0","profit_loss":"0"}
2017-05-29 02:05:00 【重庆时时彩】第25期，正在摇奖中
2017-05-29 02:05:20 【重庆时时彩】第25期，已成功开奖
2017-05-29 02:10:00 【重庆时时彩】第26期，需要开奖
2017-05-29 02:10:00 {"id":"33071","periods":"26","from_lottery":"20","time":"02:10","timestamp":"7800"}
2017-05-29 02:10:00 {"id":"20495","byid":"2017052926","periods":"26","from_time_id":"33071","from_lottery":"20","day":"2017-05-29 00:00:00","data":"340792","state":"0","lottery_time":null,"order_count":"0","send_lottery_count":"0","winning_count":"0","participate_count":"0","betting_money":"0","winning_money":"0","rebate_money":"0","profit_loss":"0"}
2017-05-29 02:10:00 【重庆时时彩】第26期，正在摇奖中
2017-05-29 02:10:20 【重庆时时彩】第26期，已成功开奖
2017-05-29 02:15:00 【重庆时时彩】第27期，需要开奖
2017-05-29 02:15:00 {"id":"33072","periods":"27","from_lottery":"20","time":"02:15","timestamp":"8100"}
2017-05-29 02:15:00 {"id":"20494","byid":"2017052927","periods":"27","from_time_id":"33072","from_lottery":"20","day":"2017-05-29 00:00:00","data":"988519","state":"0","lottery_time":null,"order_count":"0","send_lottery_count":"0","winning_count":"0","participate_count":"0","betting_money":"0","winning_money":"0","rebate_money":"0","profit_loss":"0"}
2017-05-29 02:15:00 【重庆时时彩】第27期，正在摇奖中
2017-05-29 02:15:20 【重庆时时彩】第27期，已成功开奖
2017-05-29 02:20:00 【重庆时时彩】第28期，需要开奖
2017-05-29 02:20:00 {"id":"33073","periods":"28","from_lottery":"20","time":"02:20","timestamp":"8400"}
2017-05-29 02:20:00 {"id":"20493","byid":"2017052928","periods":"28","from_time_id":"33073","from_lottery":"20","day":"2017-05-29 00:00:00","data":"631546","state":"0","lottery_time":null,"order_count":"0","send_lottery_count":"0","winning_count":"0","participate_count":"0","betting_money":"0","winning_money":"0","rebate_money":"0","profit_loss":"0"}
2017-05-29 02:20:01 【重庆时时彩】第28期，正在摇奖中
2017-05-29 02:20:20 【重庆时时彩】第28期，已成功开奖
2017-05-29 02:25:00 【重庆时时彩】第29期，需要开奖
2017-05-29 02:25:00 {"id":"33074","periods":"29","from_lottery":"20","time":"02:25","timestamp":"8700"}
2017-05-29 02:25:00 {"id":"20492","byid":"2017052929","periods":"29","from_time_id":"33074","from_lottery":"20","day":"2017-05-29 00:00:00","data":"865527","state":"0","lottery_time":null,"order_count":"0","send_lottery_count":"0","winning_count":"0","participate_count":"0","betting_money":"0","winning_money":"0","rebate_money":"0","profit_loss":"0"}
2017-05-29 02:25:00 【重庆时时彩】第29期，正在摇奖中
2017-05-29 02:25:20 【重庆时时彩】第29期，已成功开奖
2017-05-29 02:30:00 【重庆时时彩】第30期，需要开奖
2017-05-29 02:30:00 {"id":"33075","periods":"30","from_lottery":"20","time":"02:30","timestamp":"9000"}
2017-05-29 02:30:00 {"id":"20491","byid":"2017052930","periods":"30","from_time_id":"33075","from_lottery":"20","day":"2017-05-29 00:00:00","data":"514047","state":"0","lottery_time":null,"order_count":"0","send_lottery_count":"0","winning_count":"0","participate_count":"0","betting_money":"0","winning_money":"0","rebate_money":"0","profit_loss":"0"}
2017-05-29 02:30:00 【重庆时时彩】第30期，正在摇奖中
2017-05-29 02:30:20 【重庆时时彩】第30期，已成功开奖
2017-05-29 02:35:00 【重庆时时彩】第31期，需要开奖
2017-05-29 02:35:00 {"id":"33076","periods":"31","from_lottery":"20","time":"02:35","timestamp":"9300"}
2017-05-29 02:35:00 {"id":"20490","byid":"2017052931","periods":"31","from_time_id":"33076","from_lottery":"20","day":"2017-05-29 00:00:00","data":"571588","state":"0","lottery_time":null,"order_count":"0","send_lottery_count":"0","winning_count":"0","participate_count":"0","betting_money":"0","winning_money":"0","rebate_money":"0","profit_loss":"0"}
2017-05-29 02:35:00 【重庆时时彩】第31期，正在摇奖中
2017-05-29 02:35:20 【重庆时时彩】第31期，已成功开奖
2017-05-29 02:40:00 【重庆时时彩】第32期，需要开奖
2017-05-29 02:40:00 {"id":"33077","periods":"32","from_lottery":"20","time":"02:40","timestamp":"9600"}
2017-05-29 02:40:00 {"id":"20489","byid":"2017052932","periods":"32","from_time_id":"33077","from_lottery":"20","day":"2017-05-29 00:00:00","data":"343374","state":"0","lottery_time":null,"order_count":"0","send_lottery_count":"0","winning_count":"0","participate_count":"0","betting_money":"0","winning_money":"0","rebate_money":"0","profit_loss":"0"}
2017-05-29 02:40:00 【重庆时时彩】第32期，正在摇奖中
2017-05-29 02:40:20 【重庆时时彩】第32期，已成功开奖
2017-05-29 02:45:00 【重庆时时彩】第33期，需要开奖
2017-05-29 02:45:00 {"id":"33078","periods":"33","from_lottery":"20","time":"02:45","timestamp":"9900"}
2017-05-29 02:45:00 {"id":"20488","byid":"2017052933","periods":"33","from_time_id":"33078","from_lottery":"20","day":"2017-05-29 00:00:00","data":"869592","state":"0","lottery_time":null,"order_count":"0","send_lottery_count":"0","winning_count":"0","participate_count":"0","betting_money":"0","winning_money":"0","rebate_money":"0","profit_loss":"0"}
2017-05-29 02:45:00 【重庆时时彩】第33期，正在摇奖中
2017-05-29 02:45:20 【重庆时时彩】第33期，已成功开奖
2017-05-29 02:50:00 【重庆时时彩】第34期，需要开奖
2017-05-29 02:50:00 {"id":"33079","periods":"34","from_lottery":"20","time":"02:50","timestamp":"10200"}
2017-05-29 02:50:00 {"id":"20487","byid":"2017052934","periods":"34","from_time_id":"33079","from_lottery":"20","day":"2017-05-29 00:00:00","data":"671481","state":"0","lottery_time":null,"order_count":"0","send_lottery_count":"0","winning_count":"0","participate_count":"0","betting_money":"0","winning_money":"0","rebate_money":"0","profit_loss":"0"}
2017-05-29 02:50:00 【重庆时时彩】第34期，正在摇奖中
2017-05-29 02:50:20 【重庆时时彩】第34期，已成功开奖
2017-05-29 02:55:00 【重庆时时彩】第35期，需要开奖
2017-05-29 02:55:00 {"id":"33080","periods":"35","from_lottery":"20","time":"02:55","timestamp":"10500"}
2017-05-29 02:55:00 {"id":"20486","byid":"2017052935","periods":"35","from_time_id":"33080","from_lottery":"20","day":"2017-05-29 00:00:00","data":"806805","state":"0","lottery_time":null,"order_count":"0","send_lottery_count":"0","winning_count":"0","participate_count":"0","betting_money":"0","winning_money":"0","rebate_money":"0","profit_loss":"0"}
2017-05-29 02:55:00 【重庆时时彩】第35期，正在摇奖中
2017-05-29 02:55:20 【重庆时时彩】第35期，已成功开奖
2017-05-29 03:00:00 【重庆时时彩】第36期，需要开奖
2017-05-29 03:00:00 {"id":"33081","periods":"36","from_lottery":"20","time":"03:00","timestamp":"10800"}
2017-05-29 03:00:00 {"id":"20485","byid":"2017052936","periods":"36","from_time_id":"33081","from_lottery":"20","day":"2017-05-29 00:00:00","data":"672195","state":"0","lottery_time":null,"order_count":"0","send_lottery_count":"0","winning_count":"0","participate_count":"0","betting_money":"0","winning_money":"0","rebate_money":"0","profit_loss":"0"}
2017-05-29 03:00:00 【重庆时时彩】第36期，正在摇奖中
2017-05-29 03:00:20 【重庆时时彩】第36期，已成功开奖
2017-05-29 03:05:00 【重庆时时彩】第37期，需要开奖
2017-05-29 03:05:00 {"id":"33082","periods":"37","from_lottery":"20","time":"03:05","timestamp":"11100"}
2017-05-29 03:05:00 {"id":"20484","byid":"2017052937","periods":"37","from_time_id":"33082","from_lottery":"20","day":"2017-05-29 00:00:00","data":"639868","state":"0","lottery_time":null,"order_count":"0","send_lottery_count":"0","winning_count":"0","participate_count":"0","betting_money":"0","winning_money":"0","rebate_money":"0","profit_loss":"0"}
2017-05-29 03:05:00 【重庆时时彩】第37期，正在摇奖中
2017-05-29 03:05:20 【重庆时时彩】第37期，已成功开奖
2017-05-29 03:10:00 【重庆时时彩】第38期，需要开奖
2017-05-29 03:10:00 {"id":"33083","periods":"38","from_lottery":"20","time":"03:10","timestamp":"11400"}
2017-05-29 03:10:00 {"id":"20483","byid":"2017052938","periods":"38","from_time_id":"33083","from_lottery":"20","day":"2017-05-29 00:00:00","data":"166220","state":"0","lottery_time":null,"order_count":"0","send_lottery_count":"0","winning_count":"0","participate_count":"0","betting_money":"0","winning_money":"0","rebate_money":"0","profit_loss":"0"}
2017-05-29 03:10:00 【重庆时时彩】第38期，正在摇奖中
2017-05-29 03:10:20 【重庆时时彩】第38期，已成功开奖
2017-05-29 03:15:00 【重庆时时彩】第39期，需要开奖
2017-05-29 03:15:00 {"id":"33084","periods":"39","from_lottery":"20","time":"03:15","timestamp":"11700"}
2017-05-29 03:15:00 {"id":"20482","byid":"2017052939","periods":"39","from_time_id":"33084","from_lottery":"20","day":"2017-05-29 00:00:00","data":"259796","state":"0","lottery_time":null,"order_count":"0","send_lottery_count":"0","winning_count":"0","participate_count":"0","betting_money":"0","winning_money":"0","rebate_money":"0","profit_loss":"0"}
2017-05-29 03:15:00 【重庆时时彩】第39期，正在摇奖中
2017-05-29 03:15:20 【重庆时时彩】第39期，已成功开奖
2017-05-29 08:49:40 脚本开启
2017-05-29 08:49:40 检查【重庆时时彩】是否有近七日数据
2017-05-29 08:49:40 2017-05-28 : yes
2017-05-29 08:49:40 2017-05-29 : yes
2017-05-29 08:49:40 2017-05-30 : yes
2017-05-29 08:49:40 2017-05-31 : yes
2017-05-29 08:49:40 2017-06-01 : yes
2017-05-29 08:49:40 2017-06-02 : yes
2017-05-29 08:49:40 2017-06-03 : yes
2017-05-29 08:49:40 【重庆时时彩】第105期，需要开奖
2017-05-29 08:49:40 {"id":"33150","periods":"105","from_lottery":"20","time":"08:45","timestamp":"31500"}
2017-05-29 08:49:40 {"id":"20416","byid":"20170529105","periods":"105","from_time_id":"33150","from_lottery":"20","day":"2017-05-29 00:00:00","data":"930456","state":"0","lottery_time":null,"order_count":"0","send_lottery_count":"0","winning_count":"0","participate_count":"0","betting_money":"0","winning_money":"0","rebate_money":"0","profit_loss":"0"}
2017-05-29 08:49:40 【重庆时时彩】第105期，正在摇奖中
2017-05-29 08:49:41 【重庆时时彩】第105期，已成功开奖
2017-05-29 08:50:00 【重庆时时彩】第106期，需要开奖
2017-05-29 08:50:00 {"id":"33151","periods":"106","from_lottery":"20","time":"08:50","timestamp":"31800"}
2017-05-29 08:50:00 {"id":"20415","byid":"20170529106","periods":"106","from_time_id":"33151","from_lottery":"20","day":"2017-05-29 00:00:00","data":"912521","state":"0","lottery_time":null,"order_count":"0","send_lottery_count":"0","winning_count":"0","participate_count":"0","betting_money":"0","winning_money":"0","rebate_money":"0","profit_loss":"0"}
2017-05-29 08:50:00 【重庆时时彩】第106期，正在摇奖中
2017-05-29 08:50:20 【重庆时时彩】第106期，已成功开奖
2017-05-29 08:55:00 【重庆时时彩】第107期，需要开奖
2017-05-29 08:55:00 {"id":"33152","periods":"107","from_lottery":"20","time":"08:55","timestamp":"32100"}
2017-05-29 08:55:00 {"id":"20414","byid":"20170529107","periods":"107","from_time_id":"33152","from_lottery":"20","day":"2017-05-29 00:00:00","data":"120599","state":"0","lottery_time":null,"order_count":"0","send_lottery_count":"0","winning_count":"0","participate_count":"0","betting_money":"0","winning_money":"0","rebate_money":"0","profit_loss":"0"}
2017-05-29 08:55:00 【重庆时时彩】第107期，正在摇奖中
2017-05-29 08:55:20 【重庆时时彩】第107期，已成功开奖
2017-05-29 09:00:00 【重庆时时彩】第108期，需要开奖
2017-05-29 09:00:00 {"id":"33153","periods":"108","from_lottery":"20","time":"09:00","timestamp":"32400"}
2017-05-29 09:00:00 {"id":"20413","byid":"20170529108","periods":"108","from_time_id":"33153","from_lottery":"20","day":"2017-05-29 00:00:00","data":"609133","state":"0","lottery_time":null,"order_count":"0","send_lottery_count":"0","winning_count":"0","participate_count":"0","betting_money":"0","winning_money":"0","rebate_money":"0","profit_loss":"0"}
2017-05-29 09:00:00 【重庆时时彩】第108期，正在摇奖中
2017-05-29 09:00:20 【重庆时时彩】第108期，已成功开奖
2017-05-29 09:05:00 【重庆时时彩】第109期，需要开奖
2017-05-29 09:05:00 {"id":"33154","periods":"109","from_lottery":"20","time":"09:05","timestamp":"32700"}
2017-05-29 09:05:00 {"id":"20412","byid":"20170529109","periods":"109","from_time_id":"33154","from_lottery":"20","day":"2017-05-29 00:00:00","data":"289404","state":"0","lottery_time":null,"order_count":"0","send_lottery_count":"0","winning_count":"0","participate_count":"0","betting_money":"0","winning_money":"0","rebate_money":"0","profit_loss":"0"}
2017-05-29 09:05:00 【重庆时时彩】第109期，正在摇奖中
2017-05-29 09:05:20 【重庆时时彩】第109期，已成功开奖
2017-05-29 09:10:00 【重庆时时彩】第110期，需要开奖
2017-05-29 09:10:00 {"id":"33155","periods":"110","from_lottery":"20","time":"09:10","timestamp":"33000"}
2017-05-29 09:10:00 {"id":"20411","byid":"20170529110","periods":"110","from_time_id":"33155","from_lottery":"20","day":"2017-05-29 00:00:00","data":"263119","state":"0","lottery_time":null,"order_count":"0","send_lottery_count":"0","winning_count":"0","participate_count":"0","betting_money":"0","winning_money":"0","rebate_money":"0","profit_loss":"0"}
2017-05-29 09:10:00 【重庆时时彩】第110期，正在摇奖中
2017-05-29 09:10:20 【重庆时时彩】第110期，已成功开奖
2017-05-29 09:15:00 【重庆时时彩】第111期，需要开奖
2017-05-29 09:15:00 {"id":"33156","periods":"111","from_lottery":"20","time":"09:15","timestamp":"33300"}
2017-05-29 09:15:00 {"id":"20410","byid":"20170529111","periods":"111","from_time_id":"33156","from_lottery":"20","day":"2017-05-29 00:00:00","data":"315386","state":"0","lottery_time":null,"order_count":"0","send_lottery_count":"0","winning_count":"0","participate_count":"0","betting_money":"0","winning_money":"0","rebate_money":"0","profit_loss":"0"}
2017-05-29 09:15:00 【重庆时时彩】第111期，正在摇奖中
2017-05-29 09:15:20 【重庆时时彩】第111期，已成功开奖
2017-05-29 09:20:00 【重庆时时彩】第112期，需要开奖
2017-05-29 09:20:00 {"id":"33157","periods":"112","from_lottery":"20","time":"09:20","timestamp":"33600"}
2017-05-29 09:20:00 {"id":"20409","byid":"20170529112","periods":"112","from_time_id":"33157","from_lottery":"20","day":"2017-05-29 00:00:00","data":"904556","state":"0","lottery_time":null,"order_count":"0","send_lottery_count":"0","winning_count":"0","participate_count":"0","betting_money":"0","winning_money":"0","rebate_money":"0","profit_loss":"0"}
2017-05-29 09:20:01 【重庆时时彩】第112期，正在摇奖中
2017-05-29 09:20:20 【重庆时时彩】第112期，已成功开奖
2017-05-29 09:25:00 【重庆时时彩】第113期，需要开奖
2017-05-29 09:25:00 {"id":"33158","periods":"113","from_lottery":"20","time":"09:25","timestamp":"33900"}
2017-05-29 09:25:00 {"id":"20408","byid":"20170529113","periods":"113","from_time_id":"33158","from_lottery":"20","day":"2017-05-29 00:00:00","data":"736437","state":"0","lottery_time":null,"order_count":"0","send_lottery_count":"0","winning_count":"0","participate_count":"0","betting_money":"0","winning_money":"0","rebate_money":"0","profit_loss":"0"}
2017-05-29 09:25:00 【重庆时时彩】第113期，正在摇奖中
2017-05-29 09:25:20 【重庆时时彩】第113期，已成功开奖
2017-05-29 09:30:00 【重庆时时彩】第114期，需要开奖
2017-05-29 09:30:00 {"id":"33159","periods":"114","from_lottery":"20","time":"09:30","timestamp":"34200"}
2017-05-29 09:30:00 {"id":"20407","byid":"20170529114","periods":"114","from_time_id":"33159","from_lottery":"20","day":"2017-05-29 00:00:00","data":"160397","state":"0","lottery_time":null,"order_count":"0","send_lottery_count":"0","winning_count":"0","participate_count":"0","betting_money":"0","winning_money":"0","rebate_money":"0","profit_loss":"0"}
2017-05-29 09:30:00 【重庆时时彩】第114期，正在摇奖中
2017-05-29 09:30:20 【重庆时时彩】第114期，已成功开奖
2017-05-29 09:35:00 【重庆时时彩】第115期，需要开奖
2017-05-29 09:35:00 {"id":"33160","periods":"115","from_lottery":"20","time":"09:35","timestamp":"34500"}
2017-05-29 09:35:00 {"id":"20406","byid":"20170529115","periods":"115","from_time_id":"33160","from_lottery":"20","day":"2017-05-29 00:00:00","data":"374822","state":"0","lottery_time":null,"order_count":"0","send_lottery_count":"0","winning_count":"0","participate_count":"0","betting_money":"0","winning_money":"0","rebate_money":"0","profit_loss":"0"}
2017-05-29 09:35:00 【重庆时时彩】第115期，正在摇奖中
2017-05-29 09:35:20 【重庆时时彩】第115期，已成功开奖
2017-05-29 09:40:00 【重庆时时彩】第116期，需要开奖
2017-05-29 09:40:00 {"id":"33161","periods":"116","from_lottery":"20","time":"09:40","timestamp":"34800"}
2017-05-29 09:40:00 {"id":"20405","byid":"20170529116","periods":"116","from_time_id":"33161","from_lottery":"20","day":"2017-05-29 00:00:00","data":"579470","state":"0","lottery_time":null,"order_count":"0","send_lottery_count":"0","winning_count":"0","participate_count":"0","betting_money":"0","winning_money":"0","rebate_money":"0","profit_loss":"0"}
2017-05-29 09:40:00 【重庆时时彩】第116期，正在摇奖中
2017-05-29 09:40:20 【重庆时时彩】第116期，已成功开奖
2017-05-29 09:45:00 【重庆时时彩】第117期，需要开奖
2017-05-29 09:45:00 {"id":"33162","periods":"117","from_lottery":"20","time":"09:45","timestamp":"35100"}
2017-05-29 09:45:00 {"id":"20404","byid":"20170529117","periods":"117","from_time_id":"33162","from_lottery":"20","day":"2017-05-29 00:00:00","data":"162182","state":"0","lottery_time":null,"order_count":"0","send_lottery_count":"0","winning_count":"0","participate_count":"0","betting_money":"0","winning_money":"0","rebate_money":"0","profit_loss":"0"}
2017-05-29 09:45:00 【重庆时时彩】第117期，正在摇奖中
2017-05-29 09:45:20 【重庆时时彩】第117期，已成功开奖
2017-05-29 09:50:00 【重庆时时彩】第118期，需要开奖
2017-05-29 09:50:00 {"id":"33163","periods":"118","from_lottery":"20","time":"09:50","timestamp":"35400"}
2017-05-29 09:50:00 {"id":"20403","byid":"20170529118","periods":"118","from_time_id":"33163","from_lottery":"20","day":"2017-05-29 00:00:00","data":"857479","state":"0","lottery_time":null,"order_count":"0","send_lottery_count":"0","winning_count":"0","participate_count":"0","betting_money":"0","winning_money":"0","rebate_money":"0","profit_loss":"0"}
2017-05-29 09:50:00 【重庆时时彩】第118期，正在摇奖中
2017-05-29 09:50:20 【重庆时时彩】第118期，已成功开奖
2017-05-29 09:51:00 未发现开奖数据，正在准备号码采集策略
2017-05-29 09:51:01 未发现开奖数据，正在准备号码采集策略
2017-05-29 09:51:02 未发现开奖数据，正在准备号码采集策略
2017-05-29 09:51:03 未发现开奖数据，正在准备号码采集策略
2017-05-29 09:51:05 脚本开启
2017-05-29 09:51:05 检查【重庆时时彩】是否有近七日数据
2017-05-29 09:51:05 2017-05-28 : no
2017-05-29 09:51:05 2017-05-29 : no
2017-05-29 09:51:05 2017-05-30 : no
2017-05-29 09:51:06 2017-05-31 : no
2017-05-29 09:51:06 2017-06-01 : no
2017-05-29 09:51:06 2017-06-02 : no
2017-05-29 09:51:06 2017-06-03 : no
2017-05-29 09:51:06 【重庆时时彩】第118期，需要开奖
2017-05-29 09:51:06 {"id":"33163","periods":"118","from_lottery":"20","time":"09:50","timestamp":"35400"}
2017-05-29 09:51:06 {"id":"21483","byid":"20170529-118","periods":"118","from_time_id":"33163","from_lottery":"20","day":"2017-05-29 00:00:00","data":"79147","state":"0","lottery_time":null,"order_count":"0","send_lottery_count":"0","winning_count":"0","participate_count":"0","betting_money":"0","winning_money":"0","rebate_money":"0","profit_loss":"0"}
2017-05-29 09:51:06 【重庆时时彩】第118期，正在摇奖中
2017-05-29 09:51:07 【重庆时时彩】第118期，已成功开奖
2017-05-29 09:53:11 未发现开奖数据，正在准备号码采集策略
2017-05-29 09:53:12 未发现开奖数据，正在准备号码采集策略
2017-05-29 09:53:13 未发现开奖数据，正在准备号码采集策略
2017-05-29 09:53:14 未发现开奖数据，正在准备号码采集策略
2017-05-29 09:53:15 未发现开奖数据，正在准备号码采集策略
2017-05-29 09:53:16 未发现开奖数据，正在准备号码采集策略
2017-05-29 09:53:17 未发现开奖数据，正在准备号码采集策略
2017-05-29 09:53:18 脚本开启
2017-05-29 09:53:18 检查【重庆时时彩】是否有近七日数据
2017-05-29 09:53:18 2017-05-28 : no
2017-05-29 09:53:18 2017-05-29 : no
2017-05-29 09:53:18 2017-05-30 : no
2017-05-29 09:53:18 2017-05-31 : no
2017-05-29 09:53:18 2017-06-01 : no
2017-05-29 09:53:18 2017-06-02 : no
2017-05-29 09:53:18 2017-06-03 : no
2017-05-29 09:53:18 【重庆时时彩】第118期，需要开奖
2017-05-29 09:53:18 {"id":"33163","periods":"118","from_lottery":"20","time":"09:50","timestamp":"35400"}
2017-05-29 09:53:18 {"id":"22323","byid":"20170529118","periods":"118","from_time_id":"33163","from_lottery":"20","day":"2017-05-29 00:00:00","data":"68271","state":"0","lottery_time":null,"order_count":"0","send_lottery_count":"0","winning_count":"0","participate_count":"0","betting_money":"0","winning_money":"0","rebate_money":"0","profit_loss":"0"}
2017-05-29 09:53:18 【重庆时时彩】第118期，正在摇奖中
2017-05-29 09:53:19 【重庆时时彩】第118期，已成功开奖
2017-05-29 09:55:00 【重庆时时彩】第119期，需要开奖
2017-05-29 09:55:00 {"id":"33164","periods":"119","from_lottery":"20","time":"09:55","timestamp":"35700"}
2017-05-29 09:55:00 {"id":"22322","byid":"2147483647","periods":"119","from_time_id":"33164","from_lottery":"20","day":"2017-05-29 00:00:00","data":"94998","state":"0","lottery_time":null,"order_count":"0","send_lottery_count":"0","winning_count":"0","participate_count":"0","betting_money":"0","winning_money":"0","rebate_money":"0","profit_loss":"0"}
2017-05-29 09:55:00 【重庆时时彩】第119期，正在摇奖中
2017-05-29 09:55:20 【重庆时时彩】第119期，已成功开奖
2017-05-29 09:55:46 未发现开奖数据，正在准备号码采集策略
2017-05-29 09:55:47 未发现开奖数据，正在准备号码采集策略
2017-05-29 09:55:48 未发现开奖数据，正在准备号码采集策略
2017-05-29 09:55:49 未发现开奖数据，正在准备号码采集策略
2017-05-29 09:55:50 脚本开启
2017-05-29 09:55:50 检查【重庆时时彩】是否有近七日数据
2017-05-29 09:55:50 2017-05-28 : no
2017-05-29 09:55:50 2017-05-29 : no
2017-05-29 09:55:50 2017-05-30 : no
2017-05-29 09:55:51 2017-05-31 : no
2017-05-29 09:55:51 2017-06-01 : no
2017-05-29 09:55:51 2017-06-02 : no
2017-05-29 09:55:51 2017-06-03 : no
2017-05-29 09:55:51 【重庆时时彩】第119期，需要开奖
2017-05-29 09:55:51 {"id":"33164","periods":"119","from_lottery":"20","time":"09:55","timestamp":"35700"}
2017-05-29 09:55:51 {"id":"23162","byid":"20170529119","periods":"119","from_time_id":"33164","from_lottery":"20","day":"2017-05-29 00:00:00","data":"62833","state":"0","lottery_time":null,"order_count":"0","send_lottery_count":"0","winning_count":"0","participate_count":"0","betting_money":"0","winning_money":"0","rebate_money":"0","profit_loss":"0"}
2017-05-29 09:55:51 【重庆时时彩】第119期，正在摇奖中
2017-05-29 09:55:52 【重庆时时彩】第119期，已成功开奖
2017-05-29 10:00:00 【重庆时时彩】第120期，需要开奖
2017-05-29 10:00:00 {"id":"33165","periods":"120","from_lottery":"20","time":"10:00","timestamp":"36000"}
2017-05-29 10:00:00 {"id":"23161","byid":"20170529120","periods":"120","from_time_id":"33165","from_lottery":"20","day":"2017-05-29 00:00:00","data":"71674","state":"0","lottery_time":null,"order_count":"0","send_lottery_count":"0","winning_count":"0","participate_count":"0","betting_money":"0","winning_money":"0","rebate_money":"0","profit_loss":"0"}
2017-05-29 10:00:00 【重庆时时彩】第120期，正在摇奖中
2017-05-29 10:00:20 【重庆时时彩】第120期，已成功开奖
