2017-06-12 00:29:04 脚本开启
2017-06-12 00:29:05 检查【澳门3D】是否有近七日数据
2017-06-12 00:29:05 2017-06-11 : no
2017-06-12 00:29:05 2017-06-12 : no
2017-06-12 00:29:05 2017-06-13 : no
2017-06-12 00:29:05 2017-06-14 : no
2017-06-12 00:29:05 2017-06-15 : no
2017-06-12 00:29:06 2017-06-16 : no
2017-06-12 00:29:06 2017-06-17 : no
2017-06-12 00:29:06 【澳门3D】第6期，需要开奖
2017-06-12 00:29:06 {"id":"33351","periods":"6","from_lottery":"22","time":"00:29","timestamp":"1740"}
2017-06-12 00:29:06 {"id":"25075","byid":"201706126","periods":"6","from_time_id":"33351","from_lottery":"22","day":"2017-06-12 00:00:00","data":"799","state":"0","lottery_time":null,"order_count":"0","send_lottery_count":"0","winning_count":"0","participate_count":"0","betting_money":"0","winning_money":"0","rebate_money":"0","profit_loss":"0"}
2017-06-12 00:29:06 【澳门3D】第6期，正在摇奖中
2017-06-12 00:30:00 【澳门3D】第6期，已成功开奖
2017-06-12 00:34:00 【澳门3D】第7期，需要开奖
2017-06-12 00:34:00 {"id":"33352","periods":"7","from_lottery":"22","time":"00:34","timestamp":"2040"}
2017-06-12 00:34:00 {"id":"25074","byid":"201706127","periods":"7","from_time_id":"33352","from_lottery":"22","day":"2017-06-12 00:00:00","data":"602","state":"0","lottery_time":null,"order_count":"0","send_lottery_count":"0","winning_count":"0","participate_count":"0","betting_money":"0","winning_money":"0","rebate_money":"0","profit_loss":"0"}
2017-06-12 00:34:00 【澳门3D】第7期，正在摇奖中
2017-06-12 00:35:00 【澳门3D】第7期，已成功开奖
2017-06-12 00:39:00 【澳门3D】第8期，需要开奖
2017-06-12 00:39:00 {"id":"33353","periods":"8","from_lottery":"22","time":"00:39","timestamp":"2340"}
2017-06-12 00:39:00 {"id":"25073","byid":"201706128","periods":"8","from_time_id":"33353","from_lottery":"22","day":"2017-06-12 00:00:00","data":"343","state":"0","lottery_time":null,"order_count":"0","send_lottery_count":"0","winning_count":"0","participate_count":"0","betting_money":"0","winning_money":"0","rebate_money":"0","profit_loss":"0"}
2017-06-12 00:39:00 【澳门3D】第8期，正在摇奖中
2017-06-12 00:40:00 【澳门3D】第8期，已成功开奖
2017-06-12 00:44:00 【澳门3D】第9期，需要开奖
2017-06-12 00:44:00 {"id":"33354","periods":"9","from_lottery":"22","time":"00:44","timestamp":"2640"}
2017-06-12 00:44:00 {"id":"25072","byid":"201706129","periods":"9","from_time_id":"33354","from_lottery":"22","day":"2017-06-12 00:00:00","data":"953","state":"0","lottery_time":null,"order_count":"0","send_lottery_count":"0","winning_count":"0","participate_count":"0","betting_money":"0","winning_money":"0","rebate_money":"0","profit_loss":"0"}
2017-06-12 00:44:00 【澳门3D】第9期，正在摇奖中
2017-06-12 00:45:00 【澳门3D】第9期，已成功开奖
2017-06-12 00:49:00 【澳门3D】第10期，需要开奖
2017-06-12 00:49:00 {"id":"33355","periods":"10","from_lottery":"22","time":"00:49","timestamp":"2940"}
2017-06-12 00:49:00 {"id":"25071","byid":"2017061210","periods":"10","from_time_id":"33355","from_lottery":"22","day":"2017-06-12 00:00:00","data":"474","state":"0","lottery_time":null,"order_count":"0","send_lottery_count":"0","winning_count":"0","participate_count":"0","betting_money":"0","winning_money":"0","rebate_money":"0","profit_loss":"0"}
2017-06-12 00:49:00 【澳门3D】第10期，正在摇奖中
2017-06-12 00:50:00 【澳门3D】第10期，已成功开奖
2017-06-12 00:54:00 【澳门3D】第11期，需要开奖
2017-06-12 00:54:00 {"id":"33356","periods":"11","from_lottery":"22","time":"00:54","timestamp":"3240"}
2017-06-12 00:54:00 {"id":"25070","byid":"2017061211","periods":"11","from_time_id":"33356","from_lottery":"22","day":"2017-06-12 00:00:00","data":"546","state":"0","lottery_time":null,"order_count":"0","send_lottery_count":"0","winning_count":"0","participate_count":"0","betting_money":"0","winning_money":"0","rebate_money":"0","profit_loss":"0"}
2017-06-12 00:54:01 【澳门3D】第11期，正在摇奖中
2017-06-12 00:55:00 【澳门3D】第11期，已成功开奖
2017-06-12 00:59:00 【澳门3D】第12期，需要开奖
2017-06-12 00:59:00 {"id":"33357","periods":"12","from_lottery":"22","time":"00:59","timestamp":"3540"}
2017-06-12 00:59:00 {"id":"25069","byid":"2017061212","periods":"12","from_time_id":"33357","from_lottery":"22","day":"2017-06-12 00:00:00","data":"382","state":"0","lottery_time":null,"order_count":"0","send_lottery_count":"0","winning_count":"0","participate_count":"0","betting_money":"0","winning_money":"0","rebate_money":"0","profit_loss":"0"}
2017-06-12 00:59:00 【澳门3D】第12期，正在摇奖中
2017-06-12 01:00:00 【澳门3D】第12期，已成功开奖
2017-06-12 01:04:00 【澳门3D】第13期，需要开奖
2017-06-12 01:04:00 {"id":"33358","periods":"13","from_lottery":"22","time":"01:04","timestamp":"3840"}
2017-06-12 01:04:00 {"id":"25068","byid":"2017061213","periods":"13","from_time_id":"33358","from_lottery":"22","day":"2017-06-12 00:00:00","data":"161","state":"0","lottery_time":null,"order_count":"0","send_lottery_count":"0","winning_count":"0","participate_count":"0","betting_money":"0","winning_money":"0","rebate_money":"0","profit_loss":"0"}
2017-06-12 01:04:00 【澳门3D】第13期，正在摇奖中
2017-06-12 01:05:00 【澳门3D】第13期，已成功开奖
2017-06-12 01:09:00 【澳门3D】第14期，需要开奖
2017-06-12 01:09:00 {"id":"33359","periods":"14","from_lottery":"22","time":"01:09","timestamp":"4140"}
2017-06-12 01:09:00 {"id":"25067","byid":"2017061214","periods":"14","from_time_id":"33359","from_lottery":"22","day":"2017-06-12 00:00:00","data":"238","state":"0","lottery_time":null,"order_count":"0","send_lottery_count":"0","winning_count":"0","participate_count":"0","betting_money":"0","winning_money":"0","rebate_money":"0","profit_loss":"0"}
2017-06-12 01:09:00 【澳门3D】第14期，正在摇奖中
2017-06-12 01:10:00 【澳门3D】第14期，已成功开奖
2017-06-12 01:14:00 【澳门3D】第15期，需要开奖
2017-06-12 01:14:00 {"id":"33360","periods":"15","from_lottery":"22","time":"01:14","timestamp":"4440"}
2017-06-12 01:14:00 {"id":"25066","byid":"2017061215","periods":"15","from_time_id":"33360","from_lottery":"22","day":"2017-06-12 00:00:00","data":"995","state":"0","lottery_time":null,"order_count":"0","send_lottery_count":"0","winning_count":"0","participate_count":"0","betting_money":"0","winning_money":"0","rebate_money":"0","profit_loss":"0"}
2017-06-12 01:14:00 【澳门3D】第15期，正在摇奖中
2017-06-12 01:15:00 【澳门3D】第15期，已成功开奖
2017-06-12 01:19:00 【澳门3D】第16期，需要开奖
2017-06-12 01:19:00 {"id":"33361","periods":"16","from_lottery":"22","time":"01:19","timestamp":"4740"}
2017-06-12 01:19:00 {"id":"25065","byid":"2017061216","periods":"16","from_time_id":"33361","from_lottery":"22","day":"2017-06-12 00:00:00","data":"525","state":"0","lottery_time":null,"order_count":"0","send_lottery_count":"0","winning_count":"0","participate_count":"0","betting_money":"0","winning_money":"0","rebate_money":"0","profit_loss":"0"}
2017-06-12 01:19:00 【澳门3D】第16期，正在摇奖中
2017-06-12 01:20:00 【澳门3D】第16期，已成功开奖
2017-06-12 01:24:00 【澳门3D】第17期，需要开奖
2017-06-12 01:24:00 {"id":"33362","periods":"17","from_lottery":"22","time":"01:24","timestamp":"5040"}
2017-06-12 01:24:00 {"id":"25064","byid":"2017061217","periods":"17","from_time_id":"33362","from_lottery":"22","day":"2017-06-12 00:00:00","data":"394","state":"0","lottery_time":null,"order_count":"0","send_lottery_count":"0","winning_count":"0","participate_count":"0","betting_money":"0","winning_money":"0","rebate_money":"0","profit_loss":"0"}
2017-06-12 01:24:00 【澳门3D】第17期，正在摇奖中
2017-06-12 01:25:00 【澳门3D】第17期，已成功开奖
2017-06-12 01:29:00 【澳门3D】第18期，需要开奖
2017-06-12 01:29:00 {"id":"33363","periods":"18","from_lottery":"22","time":"01:29","timestamp":"5340"}
2017-06-12 01:29:00 {"id":"25063","byid":"2017061218","periods":"18","from_time_id":"33363","from_lottery":"22","day":"2017-06-12 00:00:00","data":"457","state":"0","lottery_time":null,"order_count":"0","send_lottery_count":"0","winning_count":"0","participate_count":"0","betting_money":"0","winning_money":"0","rebate_money":"0","profit_loss":"0"}
2017-06-12 01:29:00 【澳门3D】第18期，正在摇奖中
2017-06-12 01:30:00 【澳门3D】第18期，已成功开奖
2017-06-12 01:34:00 【澳门3D】第19期，需要开奖
2017-06-12 01:34:00 {"id":"33364","periods":"19","from_lottery":"22","time":"01:34","timestamp":"5640"}
2017-06-12 01:34:00 {"id":"25062","byid":"2017061219","periods":"19","from_time_id":"33364","from_lottery":"22","day":"2017-06-12 00:00:00","data":"176","state":"0","lottery_time":null,"order_count":"0","send_lottery_count":"0","winning_count":"0","participate_count":"0","betting_money":"0","winning_money":"0","rebate_money":"0","profit_loss":"0"}
2017-06-12 01:34:00 【澳门3D】第19期，正在摇奖中
2017-06-12 01:35:00 【澳门3D】第19期，已成功开奖
2017-06-12 01:39:00 【澳门3D】第20期，需要开奖
2017-06-12 01:39:00 {"id":"33365","periods":"20","from_lottery":"22","time":"01:39","timestamp":"5940"}
2017-06-12 01:39:00 {"id":"25061","byid":"2017061220","periods":"20","from_time_id":"33365","from_lottery":"22","day":"2017-06-12 00:00:00","data":"912","state":"0","lottery_time":null,"order_count":"0","send_lottery_count":"0","winning_count":"0","participate_count":"0","betting_money":"0","winning_money":"0","rebate_money":"0","profit_loss":"0"}
2017-06-12 01:39:00 【澳门3D】第20期，正在摇奖中
2017-06-12 01:40:00 【澳门3D】第20期，已成功开奖
