2017-05-24 12:04:03 脚本开启
2017-05-24 12:04:03 检查【重庆时时彩】是否有近七日数据
2017-05-24 12:04:03 2017-05-24 : yes
2017-05-24 12:04:03 2017-05-25 : yes
2017-05-24 12:04:03 2017-05-26 : yes
2017-05-24 12:04:03 2017-05-27 : yes
2017-05-24 12:04:03 2017-05-28 : yes
2017-05-24 12:04:03 2017-05-29 : yes
2017-05-24 12:04:03 2017-05-30 : yes
2017-05-24 12:04:03 成功开奖
2017-05-24 12:04:32 已发现需开奖数据
2017-05-24 12:04:32 {"id":"33066","periods":"21","from_lottery":"20","time":"01:40","timestamp":"6000"}
2017-05-24 12:04:32 {"id":"11500","from_time_id":"33066","from_lottery":"20","day":"2017-05-24 00:00:00","data":"823669","state":"0","lottery_time":null,"order_count":"0","send_lottery_count":"0","winning_count":"0","participate_count":"0","betting_money":"0","winning_money":"0","rebate_money":"0","profit_loss":"0"}
2017-05-24 12:04:32 正在摇奖中
2017-05-24 12:04:33 成功开奖
2017-05-24 12:04:34 已发现需开奖数据
2017-05-24 12:04:34 {"id":"33067","periods":"22","from_lottery":"20","time":"01:50","timestamp":"6600"}
2017-05-24 12:04:34 {"id":"11499","from_time_id":"33067","from_lottery":"20","day":"2017-05-24 00:00:00","data":"814523","state":"0","lottery_time":null,"order_count":"0","send_lottery_count":"0","winning_count":"0","participate_count":"0","betting_money":"0","winning_money":"0","rebate_money":"0","profit_loss":"0"}
2017-05-24 12:04:34 正在摇奖中
2017-05-24 12:04:35 成功开奖
2017-05-24 12:04:41 已发现需开奖数据
2017-05-24 12:04:41 {"id":"33068","periods":"23","from_lottery":"20","time":"01:50","timestamp":"6600"}
2017-05-24 12:04:41 {"id":"11498","from_time_id":"33068","from_lottery":"20","day":"2017-05-24 00:00:00","data":"460296","state":"0","lottery_time":null,"order_count":"0","send_lottery_count":"0","winning_count":"0","participate_count":"0","betting_money":"0","winning_money":"0","rebate_money":"0","profit_loss":"0"}
2017-05-24 12:04:41 正在摇奖中
2017-05-24 12:04:42 成功开奖
2017-05-24 12:04:44 已发现需开奖数据
2017-05-24 12:04:44 {"id":"33069","periods":"24","from_lottery":"20","time":"01:55","timestamp":"6900"}
2017-05-24 12:04:44 {"id":"11497","from_time_id":"33069","from_lottery":"20","day":"2017-05-24 00:00:00","data":"606057","state":"0","lottery_time":null,"order_count":"0","send_lottery_count":"0","winning_count":"0","participate_count":"0","betting_money":"0","winning_money":"0","rebate_money":"0","profit_loss":"0"}
2017-05-24 12:04:44 正在摇奖中
2017-05-24 12:04:45 成功开奖
2017-05-24 12:06:34 脚本开启
2017-05-24 12:06:34 检查【重庆时时彩】是否有近七日数据
2017-05-24 12:06:34 2017-05-24 : yes
2017-05-24 12:06:34 2017-05-25 : yes
2017-05-24 12:06:34 2017-05-26 : yes
2017-05-24 12:06:34 2017-05-27 : yes
2017-05-24 12:06:34 2017-05-28 : yes
2017-05-24 12:06:34 2017-05-29 : yes
2017-05-24 12:06:34 2017-05-30 : yes
2017-05-24 12:06:34 已发现需开奖数据
2017-05-24 12:06:34 {"id":"33090","periods":"45","from_lottery":"20","time":"12:05","timestamp":"43500"}
2017-05-24 12:06:34 {"id":"11476","from_time_id":"33090","from_lottery":"20","day":"2017-05-24 00:00:00","data":"600207","state":"0","lottery_time":null,"order_count":"0","send_lottery_count":"0","winning_count":"0","participate_count":"0","betting_money":"0","winning_money":"0","rebate_money":"0","profit_loss":"0"}
2017-05-24 12:06:34 正在摇奖中
2017-05-24 12:07:00 成功开奖
2017-05-24 12:08:32 脚本开启
2017-05-24 12:08:32 检查【重庆时时彩】是否有近七日数据
2017-05-24 12:08:32 2017-05-24 : yes
2017-05-24 12:08:32 2017-05-25 : yes
2017-05-24 12:08:32 2017-05-26 : yes
2017-05-24 12:08:32 2017-05-27 : yes
2017-05-24 12:08:32 2017-05-28 : yes
2017-05-24 12:08:32 2017-05-29 : yes
2017-05-24 12:08:32 2017-05-30 : yes
2017-05-24 12:11:00 已发现需开奖数据
2017-05-24 12:11:00 {"id":"33091","periods":"46","from_lottery":"20","time":"12:10","timestamp":"43800"}
2017-05-24 12:11:00 {"id":"11475","from_time_id":"33091","from_lottery":"20","day":"2017-05-24 00:00:00","data":"576119","state":"0","lottery_time":null,"order_count":"0","send_lottery_count":"0","winning_count":"0","participate_count":"0","betting_money":"0","winning_money":"0","rebate_money":"0","profit_loss":"0"}
2017-05-24 12:11:01 正在摇奖中
2017-05-24 12:12:00 成功开奖
2017-05-24 14:02:35 脚本开启
2017-05-24 14:02:35 检查【重庆时时彩】是否有近七日数据
2017-05-24 14:02:35 2017-05-24 : yes
2017-05-24 14:02:35 2017-05-25 : yes
2017-05-24 14:02:35 2017-05-26 : yes
2017-05-24 14:02:35 2017-05-27 : yes
2017-05-24 14:02:35 2017-05-28 : yes
2017-05-24 14:02:35 2017-05-29 : yes
2017-05-24 14:02:35 2017-05-30 : yes
2017-05-24 14:04:05 已发现需开奖数据
2017-05-24 14:04:05 {"id":"33092","periods":"47","from_lottery":"20","time":"14:00","timestamp":"50400"}
2017-05-24 14:04:05 {"id":"11474","from_time_id":"33092","from_lottery":"20","day":"2017-05-24 00:00:00","data":"737811","state":"0","lottery_time":null,"order_count":"0","send_lottery_count":"0","winning_count":"0","participate_count":"0","betting_money":"0","winning_money":"0","rebate_money":"0","profit_loss":"0"}
2017-05-24 14:04:05 正在摇奖中
2017-05-24 14:04:07 已发现需开奖数据
2017-05-24 14:04:07 {"id":"33093","periods":"48","from_lottery":"20","time":"14:00","timestamp":"50400"}
2017-05-24 14:04:07 {"id":"11473","from_time_id":"33093","from_lottery":"20","day":"2017-05-24 00:00:00","data":"116287","state":"0","lottery_time":null,"order_count":"0","send_lottery_count":"0","winning_count":"0","participate_count":"0","betting_money":"0","winning_money":"0","rebate_money":"0","profit_loss":"0"}
2017-05-24 14:04:07 正在摇奖中
2017-05-24 14:04:10 已发现需开奖数据
2017-05-24 14:04:10 {"id":"33094","periods":"49","from_lottery":"20","time":"14:00","timestamp":"50400"}
2017-05-24 14:04:10 {"id":"11472","from_time_id":"33094","from_lottery":"20","day":"2017-05-24 00:00:00","data":"855639","state":"0","lottery_time":null,"order_count":"0","send_lottery_count":"0","winning_count":"0","participate_count":"0","betting_money":"0","winning_money":"0","rebate_money":"0","profit_loss":"0"}
2017-05-24 14:04:10 正在摇奖中
2017-05-24 14:04:11 成功开奖
2017-05-24 14:04:17 脚本开启
2017-05-24 14:04:17 检查【重庆时时彩】是否有近七日数据
2017-05-24 14:04:17 2017-05-24 : yes
2017-05-24 14:04:17 2017-05-25 : yes
2017-05-24 14:04:17 2017-05-26 : yes
2017-05-24 14:04:17 2017-05-27 : yes
2017-05-24 14:04:17 2017-05-28 : yes
2017-05-24 14:04:17 2017-05-29 : yes
2017-05-24 14:04:17 2017-05-30 : yes
2017-05-24 14:04:25 【】已发现需开奖数据
2017-05-24 14:04:25 {"id":"33095","periods":"50","from_lottery":"20","time":"14:00","timestamp":"50400"}
2017-05-24 14:04:25 {"id":"11471","from_time_id":"33095","from_lottery":"20","day":"2017-05-24 00:00:00","data":"471640","state":"0","lottery_time":null,"order_count":"0","send_lottery_count":"0","winning_count":"0","participate_count":"0","betting_money":"0","winning_money":"0","rebate_money":"0","profit_loss":"0"}
2017-05-24 14:04:25 正在摇奖中
2017-05-24 14:04:27 【】已发现需开奖数据
2017-05-24 14:04:27 {"id":"33096","periods":"51","from_lottery":"20","time":"14:00","timestamp":"50400"}
2017-05-24 14:04:27 {"id":"11470","from_time_id":"33096","from_lottery":"20","day":"2017-05-24 00:00:00","data":"169708","state":"0","lottery_time":null,"order_count":"0","send_lottery_count":"0","winning_count":"0","participate_count":"0","betting_money":"0","winning_money":"0","rebate_money":"0","profit_loss":"0"}
2017-05-24 14:04:28 正在摇奖中
2017-05-24 14:04:29 【】已成功开奖
2017-05-24 14:04:31 【】已发现需开奖数据
2017-05-24 14:04:31 {"id":"33097","periods":"52","from_lottery":"20","time":"14:00","timestamp":"50400"}
2017-05-24 14:04:31 {"id":"11469","from_time_id":"33097","from_lottery":"20","day":"2017-05-24 00:00:00","data":"759756","state":"0","lottery_time":null,"order_count":"0","send_lottery_count":"0","winning_count":"0","participate_count":"0","betting_money":"0","winning_money":"0","rebate_money":"0","profit_loss":"0"}
2017-05-24 14:04:31 正在摇奖中
2017-05-24 14:04:32 【】已成功开奖
2017-05-24 14:04:36 【】已发现需开奖数据
2017-05-24 14:04:36 {"id":"33098","periods":"53","from_lottery":"20","time":"14:00","timestamp":"50400"}
2017-05-24 14:04:36 {"id":"11468","from_time_id":"33098","from_lottery":"20","day":"2017-05-24 00:00:00","data":"455407","state":"0","lottery_time":null,"order_count":"0","send_lottery_count":"0","winning_count":"0","participate_count":"0","betting_money":"0","winning_money":"0","rebate_money":"0","profit_loss":"0"}
2017-05-24 14:04:36 正在摇奖中
2017-05-24 14:04:37 【】已成功开奖
2017-05-24 14:04:41 【】已发现需开奖数据
2017-05-24 14:04:41 {"id":"33099","periods":"54","from_lottery":"20","time":"14:00","timestamp":"50400"}
2017-05-24 14:04:41 {"id":"11467","from_time_id":"33099","from_lottery":"20","day":"2017-05-24 00:00:00","data":"295089","state":"0","lottery_time":null,"order_count":"0","send_lottery_count":"0","winning_count":"0","participate_count":"0","betting_money":"0","winning_money":"0","rebate_money":"0","profit_loss":"0"}
2017-05-24 14:04:41 正在摇奖中
2017-05-24 14:04:42 【】已成功开奖
2017-05-24 14:04:44 【】已发现需开奖数据
2017-05-24 14:04:44 {"id":"33100","periods":"55","from_lottery":"20","time":"14:00","timestamp":"50400"}
2017-05-24 14:04:44 {"id":"11466","from_time_id":"33100","from_lottery":"20","day":"2017-05-24 00:00:00","data":"872503","state":"0","lottery_time":null,"order_count":"0","send_lottery_count":"0","winning_count":"0","participate_count":"0","betting_money":"0","winning_money":"0","rebate_money":"0","profit_loss":"0"}
2017-05-24 14:04:44 正在摇奖中
2017-05-24 14:04:45 【】已成功开奖
2017-05-24 14:04:48 【】已发现需开奖数据
2017-05-24 14:04:48 {"id":"33101","periods":"56","from_lottery":"20","time":"14:00","timestamp":"50400"}
2017-05-24 14:04:48 {"id":"11465","from_time_id":"33101","from_lottery":"20","day":"2017-05-24 00:00:00","data":"613967","state":"0","lottery_time":null,"order_count":"0","send_lottery_count":"0","winning_count":"0","participate_count":"0","betting_money":"0","winning_money":"0","rebate_money":"0","profit_loss":"0"}
2017-05-24 14:04:48 正在摇奖中
2017-05-24 14:04:50 【】已发现需开奖数据
2017-05-24 14:04:50 {"id":"33102","periods":"57","from_lottery":"20","time":"14:00","timestamp":"50400"}
2017-05-24 14:04:50 {"id":"11464","from_time_id":"33102","from_lottery":"20","day":"2017-05-24 00:00:00","data":"890136","state":"0","lottery_time":null,"order_count":"0","send_lottery_count":"0","winning_count":"0","participate_count":"0","betting_money":"0","winning_money":"0","rebate_money":"0","profit_loss":"0"}
2017-05-24 14:04:50 正在摇奖中
2017-05-24 14:04:59 【】已发现需开奖数据
2017-05-24 14:04:59 {"id":"33104","periods":"59","from_lottery":"20","time":"14:00","timestamp":"50400"}
2017-05-24 14:04:59 {"id":"11462","from_time_id":"33104","from_lottery":"20","day":"2017-05-24 00:00:00","data":"511822","state":"0","lottery_time":null,"order_count":"0","send_lottery_count":"0","winning_count":"0","participate_count":"0","betting_money":"0","winning_money":"0","rebate_money":"0","profit_loss":"0"}
2017-05-24 14:04:59 正在摇奖中
2017-05-24 14:06:00 未发现开奖数据，准备采集开奖策略
2017-05-24 14:06:01 未发现开奖数据，准备采集开奖策略
2017-05-24 14:06:02 未发现开奖数据，准备采集开奖策略
2017-05-24 14:06:04 脚本开启
2017-05-24 14:06:04 检查【重庆时时彩】是否有近七日数据
2017-05-24 14:06:04 2017-05-24 : no
2017-05-24 14:06:04 2017-05-25 : no
2017-05-24 14:06:04 2017-05-26 : no
2017-05-24 14:06:04 2017-05-27 : no
2017-05-24 14:06:04 2017-05-28 : no
2017-05-24 14:06:04 2017-05-29 : no
2017-05-24 14:06:04 2017-05-30 : no
2017-05-24 14:06:04 【】已发现需开奖数据
2017-05-24 14:06:04 {"id":"33094","periods":"49","from_lottery":"20","time":"14:05","timestamp":"50700"}
2017-05-24 14:06:04 {"id":"12312","from_time_id":"33094","from_lottery":"20","day":"2017-05-24 00:00:00","data":"244854","state":"0","lottery_time":null,"order_count":"0","send_lottery_count":"0","winning_count":"0","participate_count":"0","betting_money":"0","winning_money":"0","rebate_money":"0","profit_loss":"0"}
2017-05-24 14:06:04 正在摇奖中
2017-05-24 14:06:27 脚本开启
2017-05-24 14:06:27 检查【重庆时时彩】是否有近七日数据
2017-05-24 14:06:27 2017-05-24 : yes
2017-05-24 14:06:27 2017-05-25 : yes
2017-05-24 14:06:27 2017-05-26 : yes
2017-05-24 14:06:27 2017-05-27 : yes
2017-05-24 14:06:27 2017-05-28 : yes
2017-05-24 14:06:27 2017-05-29 : yes
2017-05-24 14:06:27 2017-05-30 : yes
2017-05-24 14:07:00 【】已成功开奖
2017-05-24 14:07:33 脚本开启
2017-05-24 14:07:33 检查【重庆时时彩】是否有近七日数据
2017-05-24 14:07:33 2017-05-24 : yes
2017-05-24 14:07:33 2017-05-25 : yes
2017-05-24 14:07:33 2017-05-26 : yes
2017-05-24 14:07:33 2017-05-27 : yes
2017-05-24 14:07:33 2017-05-28 : yes
2017-05-24 14:07:33 2017-05-29 : yes
2017-05-24 14:07:33 2017-05-30 : yes
2017-05-24 14:08:26 未发现开奖数据，准备采集开奖策略
2017-05-24 14:08:27 未发现开奖数据，准备采集开奖策略
2017-05-24 14:08:28 未发现开奖数据，准备采集开奖策略
2017-05-24 14:08:30 脚本开启
2017-05-24 14:08:30 检查【重庆时时彩】是否有近七日数据
2017-05-24 14:08:30 2017-05-24 : no
2017-05-24 14:08:30 2017-05-25 : no
2017-05-24 14:08:30 2017-05-26 : no
2017-05-24 14:08:30 2017-05-27 : no
2017-05-24 14:08:30 2017-05-28 : no
2017-05-24 14:08:30 2017-05-29 : no
2017-05-24 14:08:30 2017-05-30 : no
2017-05-24 14:08:30 【重庆时时彩】已发现需开奖数据
2017-05-24 14:08:30 {"id":"33094","periods":"49","from_lottery":"20","time":"14:05","timestamp":"50700"}
2017-05-24 14:08:30 {"id":"13152","from_time_id":"33094","from_lottery":"20","day":"2017-05-24 00:00:00","data":"850585","state":"0","lottery_time":null,"order_count":"0","send_lottery_count":"0","winning_count":"0","participate_count":"0","betting_money":"0","winning_money":"0","rebate_money":"0","profit_loss":"0"}
2017-05-24 14:08:30 【重庆时时彩】第49期，正在摇奖中
2017-05-24 14:08:32 【重庆时时彩】第49期，已成功开奖
2017-05-24 14:10:52 脚本开启
2017-05-24 14:10:52 检查【重庆时时彩】是否有近七日数据
2017-05-24 14:10:52 2017-05-24 : yes
2017-05-24 14:10:52 2017-05-25 : yes
2017-05-24 14:10:52 2017-05-26 : yes
2017-05-24 14:10:52 2017-05-27 : yes
2017-05-24 14:10:52 2017-05-28 : yes
2017-05-24 14:10:52 2017-05-29 : yes
2017-05-24 14:10:52 2017-05-30 : yes
2017-05-24 14:11:00 【重庆时时彩】第48期，已发现需开奖数据
2017-05-24 14:11:00 {"id":"33093","periods":"48","from_lottery":"20","time":"14:10","timestamp":"51000"}
2017-05-24 14:11:00 {"id":"13153","from_time_id":"33093","from_lottery":"20","day":"2017-05-24 00:00:00","data":"352932","state":"0","lottery_time":null,"order_count":"0","send_lottery_count":"0","winning_count":"0","participate_count":"0","betting_money":"0","winning_money":"0","rebate_money":"0","profit_loss":"0"}
2017-05-24 14:11:00 【重庆时时彩】第48期，正在摇奖中
2017-05-24 14:12:22 【重庆时时彩】第48期，已成功开奖
2017-05-24 14:14:13 脚本开启
2017-05-24 14:14:13 检查【重庆时时彩】是否有近七日数据
2017-05-24 14:14:13 2017-05-24 : no
2017-05-24 14:14:13 2017-05-25 : no
2017-05-24 14:14:13 2017-05-26 : no
2017-05-24 14:14:13 2017-05-27 : no
2017-05-24 14:14:13 2017-05-28 : no
2017-05-24 14:14:13 2017-05-29 : no
2017-05-24 14:14:13 2017-05-30 : no
2017-05-24 14:14:13 【重庆时时彩】第48期，已发现需开奖数据
2017-05-24 14:14:13 {"id":"33093","periods":"48","from_lottery":"20","time":"14:10","timestamp":"51000"}
2017-05-24 14:14:13 {"id":"13993","from_time_id":"33093","from_lottery":"20","day":"2017-05-24 00:00:00","data":"629815","state":"0","lottery_time":null,"order_count":"0","send_lottery_count":"0","winning_count":"0","participate_count":"0","betting_money":"0","winning_money":"0","rebate_money":"0","profit_loss":"0"}
2017-05-24 14:14:13 【重庆时时彩】第48期，正在摇奖中
2017-05-24 14:14:14 【重庆时时彩】第48期，已成功开奖
2017-05-24 14:15:43 脚本开启
2017-05-24 14:15:43 检查【重庆时时彩】是否有近七日数据
2017-05-24 14:15:43 2017-05-24 : yes
2017-05-24 14:15:43 2017-05-25 : yes
2017-05-24 14:15:43 2017-05-26 : yes
2017-05-24 14:15:43 2017-05-27 : yes
2017-05-24 14:15:43 2017-05-28 : yes
2017-05-24 14:15:43 2017-05-29 : yes
2017-05-24 14:15:43 2017-05-30 : yes
2017-05-24 14:15:43 【重庆时时彩】第49期，已发现需开奖数据
2017-05-24 14:15:43 {"id":"33094","periods":"49","from_lottery":"20","time":"14:15","timestamp":"51300"}
2017-05-24 14:15:43 {"id":"13992","from_time_id":"33094","from_lottery":"20","day":"2017-05-24 00:00:00","data":"993106","state":"0","lottery_time":null,"order_count":"0","send_lottery_count":"0","winning_count":"0","participate_count":"0","betting_money":"0","winning_money":"0","rebate_money":"0","profit_loss":"0"}
2017-05-24 14:15:43 【重庆时时彩】第49期，正在摇奖中
2017-05-24 14:17:00 【重庆时时彩】第49期，已成功开奖
2017-05-24 14:20:00 【重庆时时彩】第50期，已发现需开奖数据
2017-05-24 14:20:00 {"id":"33095","periods":"50","from_lottery":"20","time":"14:20","timestamp":"51600"}
2017-05-24 14:20:00 {"id":"13991","from_time_id":"33095","from_lottery":"20","day":"2017-05-24 00:00:00","data":"736218","state":"0","lottery_time":null,"order_count":"0","send_lottery_count":"0","winning_count":"0","participate_count":"0","betting_money":"0","winning_money":"0","rebate_money":"0","profit_loss":"0"}
2017-05-24 14:20:00 【重庆时时彩】第50期，正在摇奖中
2017-05-24 14:22:00 【重庆时时彩】第50期，已成功开奖
2017-05-24 14:25:00 【重庆时时彩】第51期，已发现需开奖数据
2017-05-24 14:25:00 {"id":"33096","periods":"51","from_lottery":"20","time":"14:25","timestamp":"51900"}
2017-05-24 14:25:00 {"id":"13990","from_time_id":"33096","from_lottery":"20","day":"2017-05-24 00:00:00","data":"419454","state":"0","lottery_time":null,"order_count":"0","send_lottery_count":"0","winning_count":"0","participate_count":"0","betting_money":"0","winning_money":"0","rebate_money":"0","profit_loss":"0"}
2017-05-24 14:25:00 【重庆时时彩】第51期，正在摇奖中
2017-05-24 14:27:00 【重庆时时彩】第51期，已成功开奖
2017-05-24 14:30:00 【重庆时时彩】第52期，已发现需开奖数据
2017-05-24 14:30:00 {"id":"33097","periods":"52","from_lottery":"20","time":"14:30","timestamp":"52200"}
2017-05-24 14:30:00 {"id":"13989","from_time_id":"33097","from_lottery":"20","day":"2017-05-24 00:00:00","data":"945892","state":"0","lottery_time":null,"order_count":"0","send_lottery_count":"0","winning_count":"0","participate_count":"0","betting_money":"0","winning_money":"0","rebate_money":"0","profit_loss":"0"}
2017-05-24 14:30:00 【重庆时时彩】第52期，正在摇奖中
2017-05-24 14:32:00 【重庆时时彩】第52期，已成功开奖
2017-05-24 14:45:00 【重庆时时彩】第53期，已发现需开奖数据
2017-05-24 14:45:00 {"id":"33098","periods":"53","from_lottery":"20","time":"14:45","timestamp":"53100"}
2017-05-24 14:45:00 {"id":"13988","from_time_id":"33098","from_lottery":"20","day":"2017-05-24 00:00:00","data":"488723","state":"0","lottery_time":null,"order_count":"0","send_lottery_count":"0","winning_count":"0","participate_count":"0","betting_money":"0","winning_money":"0","rebate_money":"0","profit_loss":"0"}
2017-05-24 14:45:00 【重庆时时彩】第53期，正在摇奖中
2017-05-24 14:47:00 【重庆时时彩】第53期，已成功开奖
2017-05-24 14:50:00 【重庆时时彩】第54期，已发现需开奖数据
2017-05-24 14:50:00 {"id":"33099","periods":"54","from_lottery":"20","time":"14:50","timestamp":"53400"}
2017-05-24 14:50:00 {"id":"13987","from_time_id":"33099","from_lottery":"20","day":"2017-05-24 00:00:00","data":"952978","state":"0","lottery_time":null,"order_count":"0","send_lottery_count":"0","winning_count":"0","participate_count":"0","betting_money":"0","winning_money":"0","rebate_money":"0","profit_loss":"0"}
2017-05-24 14:50:00 【重庆时时彩】第54期，正在摇奖中
2017-05-24 14:52:00 【重庆时时彩】第54期，已成功开奖
2017-05-24 14:55:00 【重庆时时彩】第55期，已发现需开奖数据
2017-05-24 14:55:00 {"id":"33100","periods":"55","from_lottery":"20","time":"14:55","timestamp":"53700"}
2017-05-24 14:55:00 {"id":"13986","from_time_id":"33100","from_lottery":"20","day":"2017-05-24 00:00:00","data":"909115","state":"0","lottery_time":null,"order_count":"0","send_lottery_count":"0","winning_count":"0","participate_count":"0","betting_money":"0","winning_money":"0","rebate_money":"0","profit_loss":"0"}
2017-05-24 14:55:00 【重庆时时彩】第55期，正在摇奖中
2017-05-24 14:57:00 【重庆时时彩】第55期，已成功开奖
2017-05-24 15:00:00 【重庆时时彩】第56期，已发现需开奖数据
2017-05-24 15:00:00 {"id":"33101","periods":"56","from_lottery":"20","time":"15:00","timestamp":"54000"}
2017-05-24 15:00:00 {"id":"13985","from_time_id":"33101","from_lottery":"20","day":"2017-05-24 00:00:00","data":"985992","state":"0","lottery_time":null,"order_count":"0","send_lottery_count":"0","winning_count":"0","participate_count":"0","betting_money":"0","winning_money":"0","rebate_money":"0","profit_loss":"0"}
2017-05-24 15:00:00 【重庆时时彩】第56期，正在摇奖中
2017-05-24 15:02:00 【重庆时时彩】第56期，已成功开奖
2017-05-24 15:05:00 【重庆时时彩】第57期，已发现需开奖数据
2017-05-24 15:05:00 {"id":"33102","periods":"57","from_lottery":"20","time":"15:05","timestamp":"54300"}
2017-05-24 15:05:00 {"id":"13984","from_time_id":"33102","from_lottery":"20","day":"2017-05-24 00:00:00","data":"460708","state":"0","lottery_time":null,"order_count":"0","send_lottery_count":"0","winning_count":"0","participate_count":"0","betting_money":"0","winning_money":"0","rebate_money":"0","profit_loss":"0"}
2017-05-24 15:05:00 【重庆时时彩】第57期，正在摇奖中
2017-05-24 15:07:00 【重庆时时彩】第57期，已成功开奖
2017-05-24 15:10:00 【重庆时时彩】第58期，已发现需开奖数据
2017-05-24 15:10:00 {"id":"33103","periods":"58","from_lottery":"20","time":"15:10","timestamp":"54600"}
2017-05-24 15:10:00 {"id":"13983","from_time_id":"33103","from_lottery":"20","day":"2017-05-24 00:00:00","data":"232824","state":"0","lottery_time":null,"order_count":"0","send_lottery_count":"0","winning_count":"0","participate_count":"0","betting_money":"0","winning_money":"0","rebate_money":"0","profit_loss":"0"}
2017-05-24 15:10:00 【重庆时时彩】第58期，正在摇奖中
2017-05-24 15:12:00 【重庆时时彩】第58期，已成功开奖
2017-05-24 15:15:00 【重庆时时彩】第59期，已发现需开奖数据
2017-05-24 15:15:00 {"id":"33104","periods":"59","from_lottery":"20","time":"15:15","timestamp":"54900"}
2017-05-24 15:15:00 {"id":"13982","from_time_id":"33104","from_lottery":"20","day":"2017-05-24 00:00:00","data":"820455","state":"0","lottery_time":null,"order_count":"0","send_lottery_count":"0","winning_count":"0","participate_count":"0","betting_money":"0","winning_money":"0","rebate_money":"0","profit_loss":"0"}
2017-05-24 15:15:00 【重庆时时彩】第59期，正在摇奖中
2017-05-24 15:17:00 【重庆时时彩】第59期，已成功开奖
2017-05-24 15:20:00 【重庆时时彩】第60期，已发现需开奖数据
2017-05-24 15:20:00 {"id":"33105","periods":"60","from_lottery":"20","time":"15:20","timestamp":"55200"}
2017-05-24 15:20:00 {"id":"13981","from_time_id":"33105","from_lottery":"20","day":"2017-05-24 00:00:00","data":"665740","state":"0","lottery_time":null,"order_count":"0","send_lottery_count":"0","winning_count":"0","participate_count":"0","betting_money":"0","winning_money":"0","rebate_money":"0","profit_loss":"0"}
2017-05-24 15:20:00 【重庆时时彩】第60期，正在摇奖中
2017-05-24 15:22:00 【重庆时时彩】第60期，已成功开奖
2017-05-24 16:16:19 检查【重庆时时彩】是否有近七日数据
2017-05-24 16:16:19 2017-05-24 : yes
2017-05-24 16:16:19 2017-05-25 : yes
2017-05-24 16:16:19 2017-05-26 : yes
2017-05-24 16:16:19 2017-05-27 : yes
2017-05-24 16:16:19 2017-05-28 : yes
2017-05-24 16:16:19 2017-05-29 : yes
2017-05-24 16:16:19 2017-05-30 : yes
